TN:
SF:/__w/SIPAI/SIPAI/libs/libsipai/include/ActivationFunctions.h
FN:42,_ZN5sipai16getActivationStrB5cxx11ENS_19EActivationFunctionE
FN:60,_ZNK5sipai7sigmoidMUlRKN2cv3VecIfLi4EEEE_clES4_
FN:67,_ZNK5sipai17sigmoidDerivativeMUlRKN2cv3VecIfLi4EEEE_clES4_
FN:77,_ZNK5sipai8tanhFuncMUlRKN2cv3VecIfLi4EEEE_clES4_
FN:80,_ZZNK5sipai8tanhFuncMUlRKN2cv3VecIfLi4EEEE_clES4_ENKUlfE_clEf
FN:84,_ZNK5sipai14tanhDerivativeMUlRKN2cv3VecIfLi4EEEE_clES4_
FN:99,_ZNK5sipai4reluMUlRKN2cv3VecIfLi4EEEE_clES4_
FN:100,_ZNK5sipai14reluDerivativeMUlRKN2cv3VecIfLi4EEEE_clES4_
FN:103,_ZZNK5sipai14reluDerivativeMUlRKN2cv3VecIfLi4EEEE_clES4_ENKUlfE_clEf
FN:113,_ZNK5sipai9leakyReluMUlRKN2cv3VecIfLi4EEEE_clES4_
FN:117,_ZNK5sipai19leakyReluDerivativeMUlRKN2cv3VecIfLi4EEEE_clES4_
FN:127,_ZNK5sipai14parametricReluMUlRKN2cv3VecIfLi4EEEfE_clES4_f
FN:129,_ZZNK5sipai14parametricReluMUlRKN2cv3VecIfLi4EEEfE_clES4_fENKUlfE_clEf
FN:136,_ZNK5sipai24parametricReluDerivativeMUlRKN2cv3VecIfLi4EEEfE_clES4_f
FN:139,_ZZNK5sipai24parametricReluDerivativeMUlRKN2cv3VecIfLi4EEEfE_clES4_fENKUlfE_clEf
FN:151,_ZNK5sipai3eluMUlRKN2cv3VecIfLi4EEEfE_clES4_f
FN:153,_ZZNK5sipai3eluMUlRKN2cv3VecIfLi4EEEfE_clES4_fENKUlfE_clEf
FN:160,_ZNK5sipai13eluDerivativeMUlRKN2cv3VecIfLi4EEEfE_clES4_f
FN:163,_ZZNK5sipai13eluDerivativeMUlRKN2cv3VecIfLi4EEEfE_clES4_fENKUlfE_clEf
FNDA:2,_ZNK5sipai14parametricReluMUlRKN2cv3VecIfLi4EEEfE_clES4_f
FNDA:8,_ZZNK5sipai13eluDerivativeMUlRKN2cv3VecIfLi4EEEfE_clES4_fENKUlfE_clEf
FNDA:2,_ZNK5sipai17sigmoidDerivativeMUlRKN2cv3VecIfLi4EEEE_clES4_
FNDA:6,_ZNK5sipai8tanhFuncMUlRKN2cv3VecIfLi4EEEE_clES4_
FNDA:24,_ZZNK5sipai8tanhFuncMUlRKN2cv3VecIfLi4EEEE_clES4_ENKUlfE_clEf
FNDA:2,_ZNK5sipai14reluDerivativeMUlRKN2cv3VecIfLi4EEEE_clES4_
FNDA:3,_ZNK5sipai3eluMUlRKN2cv3VecIfLi4EEEfE_clES4_f
FNDA:4,_ZN5sipai16getActivationStrB5cxx11ENS_19EActivationFunctionE
FNDA:12,_ZZNK5sipai3eluMUlRKN2cv3VecIfLi4EEEfE_clES4_fENKUlfE_clEf
FNDA:2,_ZNK5sipai24parametricReluDerivativeMUlRKN2cv3VecIfLi4EEEfE_clES4_f
FNDA:254,_ZNK5sipai19leakyReluDerivativeMUlRKN2cv3VecIfLi4EEEE_clES4_
FNDA:4,_ZNK5sipai7sigmoidMUlRKN2cv3VecIfLi4EEEE_clES4_
FNDA:923,_ZNK5sipai9leakyReluMUlRKN2cv3VecIfLi4EEEE_clES4_
FNDA:8,_ZZNK5sipai14reluDerivativeMUlRKN2cv3VecIfLi4EEEE_clES4_ENKUlfE_clEf
FNDA:2,_ZNK5sipai13eluDerivativeMUlRKN2cv3VecIfLi4EEEfE_clES4_f
FNDA:3,_ZNK5sipai14tanhDerivativeMUlRKN2cv3VecIfLi4EEEE_clES4_
FNDA:8,_ZZNK5sipai24parametricReluDerivativeMUlRKN2cv3VecIfLi4EEEfE_clES4_fENKUlfE_clEf
FNDA:8,_ZZNK5sipai14parametricReluMUlRKN2cv3VecIfLi4EEEfE_clES4_fENKUlfE_clEf
FNDA:2,_ZNK5sipai4reluMUlRKN2cv3VecIfLi4EEEE_clES4_
FNF:19
FNH:19
DA:42,4
DA:43,8
DA:44,8
DA:45,4
DA:48,0
DA:60,4
DA:61,4
DA:62,4
DA:63,4
DA:64,4
DA:67,2
DA:68,2
DA:69,4
DA:77,6
DA:78,6
DA:79,6
DA:80,24
DA:81,6
DA:84,3
DA:85,3
DA:86,6
DA:99,2
DA:100,2
DA:101,2
DA:102,2
DA:103,8
DA:104,2
DA:113,923
DA:114,1846
DA:117,254
DA:118,508
DA:127,2
DA:128,2
DA:129,2
DA:130,8
DA:131,8
DA:133,2
DA:136,2
DA:137,2
DA:138,2
DA:139,8
DA:140,2
DA:151,3
DA:152,3
DA:153,3
DA:154,12
DA:155,12
DA:157,3
DA:160,2
DA:161,2
DA:162,2
DA:163,8
DA:164,2
LF:53
LH:52
end_of_record
TN:
SF:/__w/SIPAI/SIPAI/libs/libsipai/include/Common.h
FN:51,_ZN5sipai6Common19getTrainingPhaseStrB5cxx11ENS_13TrainingPhaseE
FN:62,_ZN5sipai6Common13getRunModeStrB5cxx11ENS_8ERunModeE
FN:77,_ZN5sipai6Common14getFilenameCsvERKNSt7__cxx1112basic_stringIcSt11char_traitsIcESaIcEEE
FN:82,_ZN5sipai6Common11getHMSfromSEm
FN:98,_ZN5sipai6Common11mat_clamp4fERKN2cv3MatERKNS1_3VecIfLi4EEES8_
FN:113,_ZN5sipai6Common7clamp4fERKN2cv3VecIfLi4EEES5_S5_
FNDA:2,_ZN5sipai6Common11mat_clamp4fERKN2cv3MatERKNS1_3VecIfLi4EEES8_
FNDA:5,_ZN5sipai6Common11getHMSfromSEm
FNDA:10,_ZN5sipai6Common14getFilenameCsvERKNSt7__cxx1112basic_stringIcSt11char_traitsIcESaIcEEE
FNDA:20,_ZN5sipai6Common19getTrainingPhaseStrB5cxx11ENS_13TrainingPhaseE
FNDA:2,_ZN5sipai6Common13getRunModeStrB5cxx11ENS_8ERunModeE
FNDA:1816,_ZN5sipai6Common7clamp4fERKN2cv3VecIfLi4EEES5_S5_
FNF:6
FNH:6
DA:51,20
DA:52,20
DA:53,14
DA:54,14
DA:55,6
DA:56,6
DA:57,0
DA:58,0
DA:62,2
DA:63,6
DA:64,6
DA:65,2
DA:68,0
DA:77,10
DA:79,20
DA:82,5
DA:83,5
DA:84,5
DA:85,5
DA:86,5
DA:87,5
DA:88,5
DA:98,2
DA:101,2
DA:102,2
DA:103,2
DA:104,0
DA:113,1816
DA:116,1816
DA:117,9080
DA:118,7264
DA:120,1816
LF:32
LH:28
end_of_record
TN:
SF:/__w/SIPAI/SIPAI/libs/libsipai/include/Image.h
FN:23,_ZN5sipai5Image6resizeEmm
FNDA:207,_ZN5sipai5Image6resizeEmm
FNF:1
FNH:1
DA:23,207
DA:24,207
DA:25,131
DA:27,207
LF:4
LH:4
end_of_record
TN:
SF:/__w/SIPAI/SIPAI/libs/libsipai/include/Layer.h
FN:41,_ZN5sipai5LayerC2ENS_9LayerTypeEmm
FN:53,_ZN5sipai5LayerD0Ev
FN:53,_ZN5sipai5LayerD2Ev
FN:104,_ZNK5sipai5Layer5totalEv
FN:171,_ZNK5sipai5Layer15getLayerTypeStrB5cxx11Ev
FN:181,_ZN5sipai5Layer21setActivationFunctionERKSt8functionIFN2cv3VecIfLi4EEES4_EES8_
FNDA:232,_ZNK5sipai5Layer5totalEv
FNDA:0,_ZN5sipai5LayerD0Ev
FNDA:28,_ZN5sipai5LayerC2ENS_9LayerTypeEmm
FNDA:25,_ZN5sipai5Layer21setActivationFunctionERKSt8functionIFN2cv3VecIfLi4EEES4_EES8_
FNDA:12,_ZNK5sipai5Layer15getLayerTypeStrB5cxx11Ev
FNDA:28,_ZN5sipai5LayerD2Ev
FNF:6
FNH:5
DA:41,28
DA:42,28
DA:43,28
DA:44,90
DA:45,232
DA:46,170
DA:47,170
DA:50,28
DA:51,28
DA:52,28
DA:53,28
DA:104,232
DA:171,12
DA:172,24
DA:173,24
DA:174,12
DA:177,0
DA:181,25
DA:183,25
DA:184,25
DA:185,25
LF:21
LH:20
end_of_record
TN:
SF:/__w/SIPAI/SIPAI/libs/libsipai/include/LayerHidden.h
FN:26,_ZN5sipai11LayerHiddenC2Ev
FN:27,_ZN5sipai11LayerHiddenC2Emm
FNDA:11,_ZN5sipai11LayerHiddenC2Emm
FNDA:1,_ZN5sipai11LayerHiddenC2Ev
FNF:2
FNH:2
DA:26,1
DA:27,11
DA:28,11
LF:3
LH:3
end_of_record
TN:
SF:/__w/SIPAI/SIPAI/libs/libsipai/include/LayerInput.h
FN:24,_ZN5sipai10LayerInputC2Emm
FN:27,_ZN5sipai10LayerInput18forwardPropagationEv
FN:31,_ZN5sipai10LayerInput19backwardPropagationERKfS2_
FN:36,_ZN5sipai10LayerInput13updateWeightsEf
FN:40,_ZN5sipai10LayerInput14setInputValuesERKN2cv3MatE
FNDA:42,_ZN5sipai10LayerInput19backwardPropagationERKfS2_
FNDA:8,_ZN5sipai10LayerInputC2Emm
FNDA:61,_ZN5sipai10LayerInput14setInputValuesERKN2cv3MatE
FNDA:42,_ZN5sipai10LayerInput13updateWeightsEf
FNDA:61,_ZN5sipai10LayerInput18forwardPropagationEv
FNF:5
FNH:5
DA:24,8
DA:25,8
DA:27,61
DA:29,61
DA:31,42
DA:34,42
DA:36,42
DA:38,42
DA:40,61
DA:41,61
DA:42,0
DA:44,61
DA:45,61
LF:13
LH:12
end_of_record
TN:
SF:/__w/SIPAI/SIPAI/libs/libsipai/include/LayerOutput.h
FN:29,_ZN5sipai11LayerOutputC2Emm
FN:34,_ZNK5sipai11LayerOutput15getOutputValuesEv
FNDA:8,_ZN5sipai11LayerOutputC2Emm
FNDA:61,_ZNK5sipai11LayerOutput15getOutputValuesEv
FNF:2
FNH:2
DA:29,8
DA:30,8
DA:34,61
LF:3
LH:3
end_of_record
TN:
SF:/__w/SIPAI/SIPAI/libs/libsipai/include/Manager.h
FN:24,_ZN5sipai7Manager11getInstanceEv
FN:26,_ZZN5sipai7Manager11getInstanceEvENKUlvE_clEv
FN:29,_ZN5sipai7Manager16getConstInstanceEv
FN:34,_ZN5sipai7ManagerD2Ev
FN:88,_ZNK5sipai7Manager16getVersionHeaderB5cxx11Ev
FN:93,_ZN5sipai7ManagerC2Ev
FNDA:279,_ZN5sipai7Manager11getInstanceEv
FNDA:1,_ZZN5sipai7Manager11getInstanceEvENKUlvE_clEv
FNDA:175,_ZN5sipai7Manager16getConstInstanceEv
FNDA:1,_ZN5sipai7ManagerC2Ev
FNDA:2,_ZNK5sipai7Manager16getVersionHeaderB5cxx11Ev
FNDA:1,_ZN5sipai7ManagerD2Ev
FNF:6
FNH:6
DA:24,279
DA:26,280
DA:27,279
DA:29,175
DA:30,175
DA:34,1
DA:88,2
DA:89,4
DA:93,1
LF:9
LH:9
end_of_record
TN:
SF:/__w/SIPAI/SIPAI/libs/libsipai/include/NeuralNetwork.h
FN:29,_ZN5sipai13NeuralNetworkC2Ev
FN:37,_ZN5sipai13NeuralNetworkD2Ev
FNDA:11,_ZN5sipai13NeuralNetworkC2Ev
FNDA:11,_ZN5sipai13NeuralNetworkD2Ev
FNF:2
FNH:2
DA:29,11
DA:37,11
DA:38,39
DA:39,28
DA:40,28
DA:43,11
LF:6
LH:6
end_of_record
TN:
SF:/__w/SIPAI/SIPAI/libs/libsipai/include/NeuralNetworkBuilder.h
FN:30,_ZN5sipai20NeuralNetworkBuilder4withERSt10unique_ptrINS_13NeuralNetworkESt14default_deleteIS2_EE
FN:41,_ZN5sipai20NeuralNetworkBuilder4withERNS_19NeuralNetworkParamsE
FNDA:8,_ZN5sipai20NeuralNetworkBuilder4withERNS_19NeuralNetworkParamsE
FNDA:1,_ZN5sipai20NeuralNetworkBuilder4withERSt10unique_ptrINS_13NeuralNetworkESt14default_deleteIS2_EE
FNF:2
FNH:2
DA:30,1
DA:31,1
DA:32,1
DA:41,8
DA:42,8
DA:43,8
LF:6
LH:6
end_of_record
TN:
SF:/__w/SIPAI/SIPAI/libs/libsipai/include/NeuralNetworkImportExportFacade.h
FN:21,_ZN5sipai31NeuralNetworkImportExportFacadeD0Ev
FN:21,_ZN5sipai31NeuralNetworkImportExportFacadeD2Ev
FNDA:4,_ZN5sipai31NeuralNetworkImportExportFacadeD0Ev
FNDA:6,_ZN5sipai31NeuralNetworkImportExportFacadeD2Ev
FNF:2
FNH:2
DA:21,10
LF:1
LH:1
end_of_record
TN:
SF:/__w/SIPAI/SIPAI/libs/libsipai/include/Neuron.h
FN:32,_ZN5sipai6NeuronC2Ev
FN:59,_ZN5sipai6Neuron11initWeightsEmm
FN:66,_ZNK5sipai6Neuron11toStringCsvB5cxx11Em
FN:87,_ZNK5sipai6Neuron20toNeighborsStringCsvB5cxx11Em
FNDA:60,_ZNK5sipai6Neuron11toStringCsvB5cxx11Em
FNDA:60,_ZNK5sipai6Neuron20toNeighborsStringCsvB5cxx11Em
FNDA:123,_ZN5sipai6Neuron11initWeightsEmm
FNDA:73,_ZN5sipai6NeuronC2Ev
FNF:4
FNH:4
DA:32,73
DA:59,123
DA:60,123
DA:63,123
DA:64,123
DA:66,60
DA:67,60
DA:68,180
DA:69,432
DA:70,1560
DA:71,1248
DA:77,108
DA:78,48
DA:80,60
DA:81,60
DA:82,60
DA:84,120
DA:85,60
DA:87,60
DA:88,60
DA:89,212
DA:90,760
DA:91,608
DA:95,268
DA:96,208
DA:98,60
DA:99,60
DA:100,60
DA:102,120
DA:103,60
LF:30
LH:30
end_of_record
TN:
SF:/__w/SIPAI/SIPAI/libs/libsipai/include/NeuronConnection.h
FN:21,_ZN5sipai16NeuronConnectionC2EPNS_6NeuronEN2cv3VecIfLi4EEE
FNDA:346,_ZN5sipai16NeuronConnectionC2EPNS_6NeuronEN2cv3VecIfLi4EEE
FNF:1
FNH:1
DA:21,346
DA:22,346
LF:2
LH:2
end_of_record
TN:
SF:/__w/SIPAI/SIPAI/libs/libsipai/include/RunnerTrainingVisitor.h
FN:25,_ZN5sipai21RunnerTrainingVisitorD0Ev
FN:25,_ZN5sipai21RunnerTrainingVisitorD2Ev
FNDA:3,_ZN5sipai21RunnerTrainingVisitorD2Ev
FNDA:0,_ZN5sipai21RunnerTrainingVisitorD0Ev
FNF:2
FNH:1
DA:25,3
LF:1
LH:1
end_of_record
TN:
SF:/__w/SIPAI/SIPAI/libs/libsipai/include/RunnerVisitor.h
FN:19,_ZN5sipai13RunnerVisitorD2Ev
FN:19,_ZN5sipai13RunnerVisitorD0Ev
FNDA:0,_ZN5sipai13RunnerVisitorD0Ev
FNDA:6,_ZN5sipai13RunnerVisitorD2Ev
FNF:2
FNH:1
DA:19,6
LF:1
LH:1
end_of_record
TN:
SF:/__w/SIPAI/SIPAI/libs/libsipai/include/SimpleLogger.h
FN:32,_ZN5sipai12SimpleLogger11getInstanceEv
FN:51,_ZNK5sipai12SimpleLogger3logIJRA153_KcEEERKS0_NS_8LogLevelEbDpOT_
FN:51,_ZNK5sipai12SimpleLogger3logIJRA33_KcRPS2_EEERKS0_NS_8LogLevelEbDpOT_
FN:51,_ZNK5sipai12SimpleLogger3logIJRA27_KcRmRA2_S2_S5_RA4_S2_EEERKS0_NS_8LogLevelEbDpOT_
FN:51,_ZNK5sipai12SimpleLogger3logIJRA34_KcRPS2_EEERKS0_NS_8LogLevelEbDpOT_
FN:51,_ZNK5sipai12SimpleLogger3logIJRA51_KcRiEEERKS0_NS_8LogLevelEbDpOT_
FN:51,_ZNK5sipai12SimpleLogger3logIJRA15_KcRKmRA3_S2_S6_S8_S6_RA2_S2_EEERKS0_NS_8LogLevelEbDpOT_
FN:51,_ZNK5sipai12SimpleLogger3logIJRA8_KcRPS2_EEERKS0_NS_8LogLevelEbDpOT_
FN:51,_ZNK5sipai12SimpleLogger3logIJRA53_KcRNSt7__cxx1112basic_stringIcSt11char_traitsIcESaIcEEEEEERKS0_NS_8LogLevelEbDpOT_
FN:51,_ZNK5sipai12SimpleLogger3logIJRA28_KcEEERKS0_NS_8LogLevelEbDpOT_
FN:51,_ZNK5sipai12SimpleLogger3logIJRA54_KcRNSt7__cxx1112basic_stringIcSt11char_traitsIcESaIcEEEEEERKS0_NS_8LogLevelEbDpOT_
FN:51,_ZNK5sipai12SimpleLogger3logIJRA21_KcRmRA2_S2_S5_RA4_S2_EEERKS0_NS_8LogLevelEbDpOT_
FN:51,_ZNK5sipai12SimpleLogger3logIJRA75_KcEEERKS0_NS_8LogLevelEbDpOT_
FN:51,_ZNK5sipai12SimpleLogger3logIJRNSt7__cxx1112basic_stringIcSt11char_traitsIcESaIcEEEEEERKS0_NS_8LogLevelEbDpOT_
FN:51,_ZNK5sipai12SimpleLogger3logIJRA26_KcRmRA2_S2_S5_RA4_S2_EEERKS0_NS_8LogLevelEbDpOT_
FN:51,_ZNK5sipai12SimpleLogger3logIJRA17_KcEEERKS0_NS_8LogLevelEbDpOT_
FN:51,_ZNK5sipai12SimpleLogger3logIJRA21_KcEEERKS0_NS_8LogLevelEbDpOT_
FN:51,_ZNK5sipai12SimpleLogger3logIJRA13_KcRA8_S2_RNSt7__cxx1112basic_stringIcSt11char_traitsIcESaIcEEERA18_S2_RmS6_SF_SG_RA28_S2_SD_RA29_S2_RfRA17_S2_SL_RA26_S2_RPS2_RA35_S2_SR_RA33_S2_SL_RA22_S2_SL_SX_SL_RA20_S2_SG_RA2_S2_SG_RA21_S2_SG_S11_SG_S13_SG_S11_SG_SN_SG_RA30_S2_SD_RA27_S2_SL_S15_SD_S17_SL_RA23_S2_SG_RA16_S2_SL_RA15_S2_SG_RA25_S2_SR_S19_SR_SP_SR_S17_SR_SX_SR_RA24_S2_SR_SX_SR_S1H_SR_EEERKS0_NS_8LogLevelEbDpOT_
FN:51,_ZNK5sipai12SimpleLogger3logIJRA39_KcEEERKS0_NS_8LogLevelEbDpOT_
FN:51,_ZNK5sipai12SimpleLogger3logIJRA39_KcRjRA43_S2_RmRA3_S2_S8_RA2_S2_S8_RA7_S2_EEERKS0_NS_8LogLevelEbDpOT_
FN:51,_ZNK5sipai12SimpleLogger3logIJRA40_KcEEERKS0_NS_8LogLevelEbDpOT_
FN:51,_ZNK5sipai12SimpleLogger3logIJRA13_KcEEERKS0_NS_8LogLevelEbDpOT_
FN:51,_ZNK5sipai12SimpleLogger3logIJRA29_KcRKNSt7__cxx1112basic_stringIcSt11char_traitsIcESaIcEEEEEERKS0_NS_8LogLevelEbDpOT_
FN:51,_ZNK5sipai12SimpleLogger3logIJRA20_KcEEERKS0_NS_8LogLevelEbDpOT_
FN:51,_ZNK5sipai12SimpleLogger3logIJRA22_KcRmRA23_S2_S5_RA24_S2_EEERKS0_NS_8LogLevelEbDpOT_
FN:51,_ZNK5sipai12SimpleLogger3logIJRA19_KcEEERKS0_NS_8LogLevelEbDpOT_
FN:51,_ZNK5sipai12SimpleLogger3logIJRA28_KcRPS2_EEERKS0_NS_8LogLevelEbDpOT_
FN:51,_ZNK5sipai12SimpleLogger3logIJRA14_KcEEERKS0_NS_8LogLevelEbDpOT_
FN:51,_ZNK5sipai12SimpleLogger3logIJRA30_KcEEERKS0_NS_8LogLevelEbDpOT_
FN:51,_ZNK5sipai12SimpleLogger3logIJRA23_KcEEERKS0_NS_8LogLevelEbDpOT_
FN:51,_ZNK5sipai12SimpleLogger3logIJRA31_KcEEERKS0_NS_8LogLevelEbDpOT_
FN:51,_ZNK5sipai12SimpleLogger3logIJRA35_KcRNSt7__cxx1112basic_stringIcSt11char_traitsIcESaIcEEERA4_S2_EEERKS0_NS_8LogLevelEbDpOT_
FN:51,_ZNK5sipai12SimpleLogger3logIJRA39_KcRNSt7__cxx1112basic_stringIcSt11char_traitsIcESaIcEEERA4_S2_EEERKS0_NS_8LogLevelEbDpOT_
FN:51,_ZNK5sipai12SimpleLogger3logIJRA28_KcRiRA4_S2_RPS2_EEERKS0_NS_8LogLevelEbDpOT_
FN:51,_ZNK5sipai12SimpleLogger3logIJRA12_KcRfRA2_S2_EEERKS0_NS_8LogLevelEbDpOT_
FN:51,_ZNK5sipai12SimpleLogger3logIJRA28_KcRKNSt7__cxx1112basic_stringIcSt11char_traitsIcESaIcEEEEEERKS0_NS_8LogLevelEbDpOT_
FN:51,_ZNK5sipai12SimpleLogger3logIJRA66_KcEEERKS0_NS_8LogLevelEbDpOT_
FN:51,_ZNK5sipai12SimpleLogger3logIJRA24_KcRPS2_EEERKS0_NS_8LogLevelEbDpOT_
FN:51,_ZNK5sipai12SimpleLogger3logIJRA18_KcEEERKS0_NS_8LogLevelEbDpOT_
FN:51,_ZNK5sipai12SimpleLogger3logIJRA30_KcRNSt7__cxx1112basic_stringIcSt11char_traitsIcESaIcEEERA6_S2_SB_RA4_S2_EEERKS0_NS_8LogLevelEbDpOT_
FN:51,_ZNK5sipai12SimpleLogger3logIJRA8_KcRmRA3_S2_RNSt7__cxx1112basic_stringIcSt11char_traitsIcESaIcEEES7_RA7_S2_S5_RA2_S2_S5_RA4_S2_EEERKS0_NS_8LogLevelEbDpOT_
FN:51,_ZNK5sipai12SimpleLogger3logIJRA47_KcRNSt7__cxx1112basic_stringIcSt11char_traitsIcESaIcEEEEEERKS0_NS_8LogLevelEbDpOT_
FN:51,_ZNK5sipai12SimpleLogger3logIJRA8_KcRiRA15_S2_RfRA21_S2_S8_RA2_S2_RNSt7__cxx1112basic_stringIcSt11char_traitsIcESaIcEEEEEERKS0_NS_8LogLevelEbDpOT_
FN:51,_ZNK5sipai12SimpleLogger3logIJRA111_KcEEERKS0_NS_8LogLevelEbDpOT_
FN:51,_ZNK5sipai12SimpleLogger3logIJRA25_KcEEERKS0_NS_8LogLevelEbDpOT_
FN:51,_ZNK5sipai12SimpleLogger3logIJRA15_KcRKfRA14_S2_RfEEERKS0_NS_8LogLevelEbDpOT_
FN:51,_ZNK5sipai12SimpleLogger3logIJRA39_KcRjRA43_S2_RmRA3_S2_S8_RA2_S2_S8_RA12_S2_EEERKS0_NS_8LogLevelEbDpOT_
FN:51,_ZNK5sipai12SimpleLogger3logIJRA34_KcEEERKS0_NS_8LogLevelEbDpOT_
FN:51,_ZNK5sipai12SimpleLogger3logIJRA24_KcEEERKS0_NS_8LogLevelEbDpOT_
FN:51,_ZNK5sipai12SimpleLogger3logIJRA125_KcEEERKS0_NS_8LogLevelEbDpOT_
FN:123,_ZNK5sipai12SimpleLogger4infoIJRA66_KcEEERKS0_DpOT_
FN:123,_ZNK5sipai12SimpleLogger4infoIJRA34_KcRPS2_EEERKS0_DpOT_
FN:123,_ZNK5sipai12SimpleLogger4infoIJRA40_KcEEERKS0_DpOT_
FN:123,_ZNK5sipai12SimpleLogger4infoIJRA30_KcRNSt7__cxx1112basic_stringIcSt11char_traitsIcESaIcEEERA6_S2_SB_RA4_S2_EEERKS0_DpOT_
FN:123,_ZNK5sipai12SimpleLogger4infoIJRA39_KcRNSt7__cxx1112basic_stringIcSt11char_traitsIcESaIcEEERA4_S2_EEERKS0_DpOT_
FN:123,_ZNK5sipai12SimpleLogger4infoIJRA18_KcEEERKS0_DpOT_
FN:123,_ZNK5sipai12SimpleLogger4infoIJRA22_KcRmRA23_S2_S5_RA24_S2_EEERKS0_DpOT_
FN:123,_ZNK5sipai12SimpleLogger4infoIJRA14_KcEEERKS0_DpOT_
FN:123,_ZNK5sipai12SimpleLogger4infoIJRA13_KcRA8_S2_RNSt7__cxx1112basic_stringIcSt11char_traitsIcESaIcEEERA18_S2_RmS6_SF_SG_RA28_S2_SD_RA29_S2_RfRA17_S2_SL_RA26_S2_RPS2_RA35_S2_SR_RA33_S2_SL_RA22_S2_SL_SX_SL_RA20_S2_SG_RA2_S2_SG_RA21_S2_SG_S11_SG_S13_SG_S11_SG_SN_SG_RA30_S2_SD_RA27_S2_SL_S15_SD_S17_SL_RA23_S2_SG_RA16_S2_SL_RA15_S2_SG_RA25_S2_SR_S19_SR_SP_SR_S17_SR_SX_SR_RA24_S2_SR_SX_SR_S1H_SR_EEERKS0_DpOT_
FN:123,_ZNK5sipai12SimpleLogger4infoIJRA125_KcEEERKS0_DpOT_
FN:123,_ZNK5sipai12SimpleLogger4infoIJRNSt7__cxx1112basic_stringIcSt11char_traitsIcESaIcEEEEEERKS0_DpOT_
FN:123,_ZNK5sipai12SimpleLogger4infoIJRA28_KcEEERKS0_DpOT_
FN:123,_ZNK5sipai12SimpleLogger4infoIJRA8_KcRmRA3_S2_RNSt7__cxx1112basic_stringIcSt11char_traitsIcESaIcEEES7_RA7_S2_S5_RA2_S2_S5_RA4_S2_EEERKS0_DpOT_
FN:123,_ZNK5sipai12SimpleLogger4infoIJRA39_KcRjRA43_S2_RmRA3_S2_S8_RA2_S2_S8_RA7_S2_EEERKS0_DpOT_
FN:123,_ZNK5sipai12SimpleLogger4infoIJRA15_KcRKfRA14_S2_RfEEERKS0_DpOT_
FN:123,_ZNK5sipai12SimpleLogger4infoIJRA153_KcEEERKS0_DpOT_
FN:123,_ZNK5sipai12SimpleLogger4infoIJRA30_KcEEERKS0_DpOT_
FN:123,_ZNK5sipai12SimpleLogger4infoIJRA24_KcEEERKS0_DpOT_
FN:123,_ZNK5sipai12SimpleLogger4infoIJRA39_KcEEERKS0_DpOT_
FN:123,_ZNK5sipai12SimpleLogger4infoIJRA19_KcEEERKS0_DpOT_
FN:123,_ZNK5sipai12SimpleLogger4infoIJRA15_KcRKmRA3_S2_S6_S8_S6_RA2_S2_EEERKS0_DpOT_
FN:123,_ZNK5sipai12SimpleLogger4infoIJRA20_KcEEERKS0_DpOT_
FN:123,_ZNK5sipai12SimpleLogger4infoIJRA34_KcEEERKS0_DpOT_
FN:123,_ZNK5sipai12SimpleLogger4infoIJRA35_KcRNSt7__cxx1112basic_stringIcSt11char_traitsIcESaIcEEERA4_S2_EEERKS0_DpOT_
FN:123,_ZNK5sipai12SimpleLogger4infoIJRA17_KcEEERKS0_DpOT_
FN:123,_ZNK5sipai12SimpleLogger4infoIJRA31_KcEEERKS0_DpOT_
FN:123,_ZNK5sipai12SimpleLogger4infoIJRA8_KcRiRA15_S2_RfRA21_S2_S8_RA2_S2_RNSt7__cxx1112basic_stringIcSt11char_traitsIcESaIcEEEEEERKS0_DpOT_
FN:123,_ZNK5sipai12SimpleLogger4infoIJRA21_KcEEERKS0_DpOT_
FN:123,_ZNK5sipai12SimpleLogger4infoIJRA47_KcRNSt7__cxx1112basic_stringIcSt11char_traitsIcESaIcEEEEEERKS0_DpOT_
FN:123,_ZNK5sipai12SimpleLogger4infoIJRA75_KcEEERKS0_DpOT_
FN:135,_ZNK5sipai12SimpleLogger4warnIJNSt7__cxx1112basic_stringIcSt11char_traitsIcESaIcEEEEEERKS0_DpOT_
FN:135,_ZNK5sipai12SimpleLogger4warnIJRA14_KcEEERKS0_DpOT_
FN:135,_ZNK5sipai12SimpleLogger4warnIJRA51_KcRiEEERKS0_DpOT_
FN:147,_ZNK5sipai12SimpleLogger5errorIJRA29_KcRKNSt7__cxx1112basic_stringIcSt11char_traitsIcESaIcEEEEEERKS0_DpOT_
FN:147,_ZNK5sipai12SimpleLogger5errorIJRA8_KcRPS2_EEERKS0_DpOT_
FN:147,_ZNK5sipai12SimpleLogger5errorIJRA111_KcEEERKS0_DpOT_
FN:147,_ZNK5sipai12SimpleLogger5errorIJRA33_KcRPS2_EEERKS0_DpOT_
FN:147,_ZNK5sipai12SimpleLogger5errorIJRA39_KcRjRA43_S2_RmRA3_S2_S8_RA2_S2_S8_RA12_S2_EEERKS0_DpOT_
FN:147,_ZNK5sipai12SimpleLogger5errorIJRA14_KcEEERKS0_DpOT_
FN:147,_ZNK5sipai12SimpleLogger5errorIJRA24_KcRPS2_EEERKS0_DpOT_
FN:147,_ZNK5sipai12SimpleLogger5errorIJRA28_KcRiRA4_S2_RPS2_EEERKS0_DpOT_
FN:147,_ZNK5sipai12SimpleLogger5errorIJRA28_KcRPS2_EEERKS0_DpOT_
FN:147,_ZNK5sipai12SimpleLogger5errorIJRA53_KcRNSt7__cxx1112basic_stringIcSt11char_traitsIcESaIcEEEEEERKS0_DpOT_
FN:147,_ZNK5sipai12SimpleLogger5errorIJRA28_KcRKNSt7__cxx1112basic_stringIcSt11char_traitsIcESaIcEEEEEERKS0_DpOT_
FN:147,_ZNK5sipai12SimpleLogger5errorIJRA30_KcEEERKS0_DpOT_
FN:147,_ZNK5sipai12SimpleLogger5errorIJRA25_KcEEERKS0_DpOT_
FN:147,_ZNK5sipai12SimpleLogger5errorIJRA54_KcRNSt7__cxx1112basic_stringIcSt11char_traitsIcESaIcEEEEEERKS0_DpOT_
FN:159,_ZNK5sipai12SimpleLogger5debugIJRA26_KcRmRA2_S2_S5_RA4_S2_EEERKS0_DpOT_
FN:159,_ZNK5sipai12SimpleLogger5debugIJRA20_KcEEERKS0_DpOT_
FN:159,_ZNK5sipai12SimpleLogger5debugIJRA21_KcRmRA2_S2_S5_RA4_S2_EEERKS0_DpOT_
FN:159,_ZNK5sipai12SimpleLogger5debugIJRA12_KcRfRA2_S2_EEERKS0_DpOT_
FN:159,_ZNK5sipai12SimpleLogger5debugIJRA23_KcEEERKS0_DpOT_
FN:159,_ZNK5sipai12SimpleLogger5debugIJRA14_KcEEERKS0_DpOT_
FN:159,_ZNK5sipai12SimpleLogger5debugIJRA27_KcRmRA2_S2_S5_RA4_S2_EEERKS0_DpOT_
FN:181,_ZNK5sipai12SimpleLogger12setStreamOutERSo
FN:193,_ZNK5sipai12SimpleLogger12setStreamErrERSo
FN:205,_ZNK5sipai12SimpleLogger12setPrecisionEl
FN:216,_ZNK5sipai12SimpleLogger12getPrecisionEv
FN:236,_ZN5sipai12SimpleLogger8LOG_INFOIJRA31_KcEEERKS0_DpOT_
FN:236,_ZN5sipai12SimpleLogger8LOG_INFOIJRA14_KcEEERKS0_DpOT_
FN:236,_ZN5sipai12SimpleLogger8LOG_INFOIJRA153_KcEEERKS0_DpOT_
FN:236,_ZN5sipai12SimpleLogger8LOG_INFOIJRA20_KcEEERKS0_DpOT_
FN:236,_ZN5sipai12SimpleLogger8LOG_INFOIJRA125_KcEEERKS0_DpOT_
FN:236,_ZN5sipai12SimpleLogger8LOG_INFOIJRA8_KcmRA3_S2_NSt7__cxx1112basic_stringIcSt11char_traitsIcESaIcEEES6_RA7_S2_RmRA2_S2_mRA4_S2_EEERKS0_DpOT_
FN:236,_ZN5sipai12SimpleLogger8LOG_INFOIJRA40_KcEEERKS0_DpOT_
FN:236,_ZN5sipai12SimpleLogger8LOG_INFOIJRA28_KcEEERKS0_DpOT_
FN:236,_ZN5sipai12SimpleLogger8LOG_INFOIJRA39_KcRjRA43_S2_mRA3_S2_RmRA2_S2_SA_RA7_S2_EEERKS0_DpOT_
FN:236,_ZN5sipai12SimpleLogger8LOG_INFOIJRA8_KciRA15_S2_fRA21_S2_fRA2_S2_NSt7__cxx1112basic_stringIcSt11char_traitsIcESaIcEEEEEERKS0_DpOT_
FN:236,_ZN5sipai12SimpleLogger8LOG_INFOIJRA39_KcEEERKS0_DpOT_
FN:236,_ZN5sipai12SimpleLogger8LOG_INFOIJRA24_KcEEERKS0_DpOT_
FN:236,_ZN5sipai12SimpleLogger8LOG_INFOIJRA35_KcRNSt7__cxx1112basic_stringIcSt11char_traitsIcESaIcEEERA4_S2_EEERKS0_DpOT_
FN:236,_ZN5sipai12SimpleLogger8LOG_INFOIJRA34_KcEEERKS0_DpOT_
FN:236,_ZN5sipai12SimpleLogger8LOG_INFOIJRA75_KcEEERKS0_DpOT_
FN:236,_ZN5sipai12SimpleLogger8LOG_INFOIJRA17_KcEEERKS0_DpOT_
FN:236,_ZN5sipai12SimpleLogger8LOG_INFOIJRA34_KcPS2_EEERKS0_DpOT_
FN:236,_ZN5sipai12SimpleLogger8LOG_INFOIJRA39_KcRNSt7__cxx1112basic_stringIcSt11char_traitsIcESaIcEEERA4_S2_EEERKS0_DpOT_
FN:236,_ZN5sipai12SimpleLogger8LOG_INFOIJRA18_KcEEERKS0_DpOT_
FN:236,_ZN5sipai12SimpleLogger8LOG_INFOIJRA30_KcRNSt7__cxx1112basic_stringIcSt11char_traitsIcESaIcEEERA6_S2_SA_RA4_S2_EEERKS0_DpOT_
FN:236,_ZN5sipai12SimpleLogger8LOG_INFOIJRA19_KcEEERKS0_DpOT_
FN:236,_ZN5sipai12SimpleLogger8LOG_INFOIJNSt7__cxx1112basic_stringIcSt11char_traitsIcESaIcEEEEEERKS0_DpOT_
FN:236,_ZN5sipai12SimpleLogger8LOG_INFOIJRA13_KcRA8_S2_NSt7__cxx1112basic_stringIcSt11char_traitsIcESaIcEEERA18_S2_RmS6_SE_SF_RA28_S2_SC_RA29_S2_RfRA17_S2_SK_RA26_S2_PS2_RA35_S2_SP_RA33_S2_SK_RA22_S2_SK_SV_SK_RA20_S2_SF_RA2_S2_SF_RA21_S2_SF_SZ_SF_S11_SF_SZ_SF_SM_SF_RA30_S2_SC_RA27_S2_SK_S13_SC_S15_SK_RA23_S2_SF_RA16_S2_SK_RA15_S2_SF_RA25_S2_SP_S17_SP_SO_SP_S15_SP_SV_SP_RA24_S2_SP_SV_SP_S1F_SP_EEERKS0_DpOT_
FN:236,_ZN5sipai12SimpleLogger8LOG_INFOIJRA66_KcEEERKS0_DpOT_
FN:236,_ZN5sipai12SimpleLogger8LOG_INFOIJRA15_KcRKmRA3_S2_S6_S8_S6_RA2_S2_EEERKS0_DpOT_
FN:236,_ZN5sipai12SimpleLogger8LOG_INFOIJRA30_KcEEERKS0_DpOT_
FN:236,_ZN5sipai12SimpleLogger8LOG_INFOIJRA21_KcEEERKS0_DpOT_
FN:236,_ZN5sipai12SimpleLogger8LOG_INFOIJRA47_KcRNSt7__cxx1112basic_stringIcSt11char_traitsIcESaIcEEEEEERKS0_DpOT_
FN:236,_ZN5sipai12SimpleLogger8LOG_INFOIJRA22_KcmRA23_S2_mRA24_S2_EEERKS0_DpOT_
FN:247,_ZN5sipai12SimpleLogger8LOG_WARNIJRA51_KcRiEEERKS0_DpOT_
FN:247,_ZN5sipai12SimpleLogger8LOG_WARNIJRA14_KcEEERKS0_DpOT_
FN:247,_ZN5sipai12SimpleLogger8LOG_WARNIJRA51_KciEEERKS0_DpOT_
FN:258,_ZN5sipai12SimpleLogger9LOG_ERRORIJRA24_KcPS2_EEERKS0_DpOT_
FN:258,_ZN5sipai12SimpleLogger9LOG_ERRORIJRA28_KcPS2_EEERKS0_DpOT_
FN:258,_ZN5sipai12SimpleLogger9LOG_ERRORIJRA39_KcRjRA43_S2_mRA3_S2_RmRA2_S2_SA_RA12_S2_EEERKS0_DpOT_
FN:258,_ZN5sipai12SimpleLogger9LOG_ERRORIJRA33_KcPS2_EEERKS0_DpOT_
FN:258,_ZN5sipai12SimpleLogger9LOG_ERRORIJRA28_KcRiRA4_S2_PS2_EEERKS0_DpOT_
FN:258,_ZN5sipai12SimpleLogger9LOG_ERRORIJRA8_KcPS2_EEERKS0_DpOT_
FN:258,_ZN5sipai12SimpleLogger9LOG_ERRORIJRA54_KcNSt7__cxx1112basic_stringIcSt11char_traitsIcESaIcEEEEEERKS0_DpOT_
FN:258,_ZN5sipai12SimpleLogger9LOG_ERRORIJRA53_KcNSt7__cxx1112basic_stringIcSt11char_traitsIcESaIcEEEEEERKS0_DpOT_
FN:258,_ZN5sipai12SimpleLogger9LOG_ERRORIJRA25_KcEEERKS0_DpOT_
FN:258,_ZN5sipai12SimpleLogger9LOG_ERRORIJRA30_KcEEERKS0_DpOT_
FN:258,_ZN5sipai12SimpleLogger9LOG_ERRORIJRA28_KcRKNSt7__cxx1112basic_stringIcSt11char_traitsIcESaIcEEEEEERKS0_DpOT_
FN:258,_ZN5sipai12SimpleLogger9LOG_ERRORIJRA29_KcRKNSt7__cxx1112basic_stringIcSt11char_traitsIcESaIcEEEEEERKS0_DpOT_
FN:258,_ZN5sipai12SimpleLogger9LOG_ERRORIJRA14_KcEEERKS0_DpOT_
FN:258,_ZN5sipai12SimpleLogger9LOG_ERRORIJRA111_KcEEERKS0_DpOT_
FN:269,_ZN5sipai12SimpleLogger9LOG_DEBUGIJRA26_KcmRA2_S2_mRA4_S2_EEERKS0_DpOT_
FN:269,_ZN5sipai12SimpleLogger9LOG_DEBUGIJRA12_KcfRA2_S2_EEERKS0_DpOT_
FN:269,_ZN5sipai12SimpleLogger9LOG_DEBUGIJRA23_KcEEERKS0_DpOT_
FN:269,_ZN5sipai12SimpleLogger9LOG_DEBUGIJRA20_KcEEERKS0_DpOT_
FN:269,_ZN5sipai12SimpleLogger9LOG_DEBUGIJRA27_KcmRA2_S2_mRA4_S2_EEERKS0_DpOT_
FN:269,_ZN5sipai12SimpleLogger9LOG_DEBUGIJRA14_KcEEERKS0_DpOT_
FN:269,_ZN5sipai12SimpleLogger9LOG_DEBUGIJRA21_KcmRA2_S2_mRA4_S2_EEERKS0_DpOT_
FN:274,_ZN5sipai12SimpleLoggerC2Ev
FN:285,_ZNK5sipai12SimpleLogger13get_timestampB5cxx11Ev
FN:300,_ZNK5sipai12SimpleLogger8toStringB5cxx11ENS_8LogLevelE
FNDA:0,_ZNK5sipai12SimpleLogger3logIJRA28_KcRiRA4_S2_RPS2_EEERKS0_NS_8LogLevelEbDpOT_
FNDA:4,_ZN5sipai12SimpleLogger8LOG_INFOIJRA30_KcRNSt7__cxx1112basic_stringIcSt11char_traitsIcESaIcEEERA6_S2_SA_RA4_S2_EEERKS0_DpOT_
FNDA:2,_ZNK5sipai12SimpleLogger12setStreamErrERSo
FNDA:1,_ZNK5sipai12SimpleLogger3logIJRA39_KcRNSt7__cxx1112basic_stringIcSt11char_traitsIcESaIcEEERA4_S2_EEERKS0_NS_8LogLevelEbDpOT_
FNDA:0,_ZN5sipai12SimpleLogger8LOG_INFOIJRA19_KcEEERKS0_DpOT_
FNDA:12,_ZNK5sipai12SimpleLogger3logIJRA12_KcRfRA2_S2_EEERKS0_NS_8LogLevelEbDpOT_
FNDA:0,_ZNK5sipai12SimpleLogger5errorIJRA30_KcEEERKS0_DpOT_
FNDA:0,_ZNK5sipai12SimpleLogger5errorIJRA28_KcRKNSt7__cxx1112basic_stringIcSt11char_traitsIcESaIcEEEEEERKS0_DpOT_
FNDA:3,_ZNK5sipai12SimpleLogger4infoIJRA20_KcEEERKS0_DpOT_
FNDA:1,_ZN5sipai12SimpleLogger9LOG_DEBUGIJRA14_KcEEERKS0_DpOT_
FNDA:1,_ZNK5sipai12SimpleLogger4infoIJRA35_KcRNSt7__cxx1112basic_stringIcSt11char_traitsIcESaIcEEERA4_S2_EEERKS0_DpOT_
FNDA:0,_ZNK5sipai12SimpleLogger3logIJRA28_KcRKNSt7__cxx1112basic_stringIcSt11char_traitsIcESaIcEEEEEERKS0_NS_8LogLevelEbDpOT_
FNDA:0,_ZNK5sipai12SimpleLogger4infoIJRA34_KcEEERKS0_DpOT_
FNDA:0,_ZNK5sipai12SimpleLogger4infoIJRA19_KcEEERKS0_DpOT_
FNDA:7,_ZN5sipai12SimpleLogger8LOG_INFOIJRA17_KcEEERKS0_DpOT_
FNDA:3,_ZNK5sipai12SimpleLogger4infoIJRA15_KcRKmRA3_S2_S6_S8_S6_RA2_S2_EEERKS0_DpOT_
FNDA:0,_ZNK5sipai12SimpleLogger5errorIJRA28_KcRPS2_EEERKS0_DpOT_
FNDA:0,_ZN5sipai12SimpleLogger8LOG_INFOIJRA34_KcPS2_EEERKS0_DpOT_
FNDA:7,_ZNK5sipai12SimpleLogger3logIJRA31_KcEEERKS0_NS_8LogLevelEbDpOT_
FNDA:0,_ZNK5sipai12SimpleLogger5errorIJRA53_KcRNSt7__cxx1112basic_stringIcSt11char_traitsIcESaIcEEEEEERKS0_DpOT_
FNDA:8,_ZN5sipai12SimpleLogger8LOG_INFOIJRA18_KcEEERKS0_DpOT_
FNDA:1,_ZN5sipai12SimpleLogger8LOG_WARNIJRA14_KcEEERKS0_DpOT_
FNDA:1,_ZNK5sipai12SimpleLogger3logIJRA35_KcRNSt7__cxx1112basic_stringIcSt11char_traitsIcESaIcEEERA4_S2_EEERKS0_NS_8LogLevelEbDpOT_
FNDA:1,_ZN5sipai12SimpleLogger8LOG_INFOIJRA39_KcRNSt7__cxx1112basic_stringIcSt11char_traitsIcESaIcEEERA4_S2_EEERKS0_DpOT_
FNDA:0,_ZN5sipai12SimpleLogger9LOG_ERRORIJRA28_KcRKNSt7__cxx1112basic_stringIcSt11char_traitsIcESaIcEEEEEERKS0_DpOT_
FNDA:1,_ZNK5sipai12SimpleLogger3logIJRA23_KcEEERKS0_NS_8LogLevelEbDpOT_
FNDA:0,_ZN5sipai12SimpleLogger9LOG_ERRORIJRA29_KcRKNSt7__cxx1112basic_stringIcSt11char_traitsIcESaIcEEEEEERKS0_DpOT_
FNDA:1,_ZN5sipai12SimpleLogger9LOG_ERRORIJRA14_KcEEERKS0_DpOT_
FNDA:1,_ZNK5sipai12SimpleLogger4infoIJRA24_KcEEERKS0_DpOT_
FNDA:188,_ZNK5sipai12SimpleLogger13get_timestampB5cxx11Ev
FNDA:7,_ZNK5sipai12SimpleLogger4infoIJRA39_KcEEERKS0_DpOT_
FNDA:2,_ZNK5sipai12SimpleLogger12getPrecisionEv
FNDA:0,_ZNK5sipai12SimpleLogger4infoIJRA153_KcEEERKS0_DpOT_
FNDA:14,_ZN5sipai12SimpleLogger9LOG_DEBUGIJRA27_KcmRA2_S2_mRA4_S2_EEERKS0_DpOT_
FNDA:0,_ZNK5sipai12SimpleLogger3logIJRA28_KcRPS2_EEERKS0_NS_8LogLevelEbDpOT_
FNDA:0,_ZN5sipai12SimpleLogger8LOG_INFOIJRA75_KcEEERKS0_DpOT_
FNDA:0,_ZN5sipai12SimpleLogger9LOG_ERRORIJRA30_KcEEERKS0_DpOT_
FNDA:8,_ZNK5sipai12SimpleLogger3logIJRA14_KcEEERKS0_NS_8LogLevelEbDpOT_
FNDA:0,_ZNK5sipai12SimpleLogger3logIJRA30_KcEEERKS0_NS_8LogLevelEbDpOT_
FNDA:0,_ZNK5sipai12SimpleLogger4infoIJRA30_KcEEERKS0_DpOT_
FNDA:0,_ZNK5sipai12SimpleLogger3logIJRA39_KcRjRA43_S2_RmRA3_S2_S8_RA2_S2_S8_RA12_S2_EEERKS0_NS_8LogLevelEbDpOT_
FNDA:0,_ZNK5sipai12SimpleLogger3logIJRA15_KcRKfRA14_S2_RfEEERKS0_NS_8LogLevelEbDpOT_
FNDA:6,_ZNK5sipai12SimpleLogger12setPrecisionEl
FNDA:0,_ZNK5sipai12SimpleLogger4infoIJRA75_KcEEERKS0_DpOT_
FNDA:1,_ZNK5sipai12SimpleLogger3logIJRA24_KcEEERKS0_NS_8LogLevelEbDpOT_
FNDA:0,_ZNK5sipai12SimpleLogger3logIJRA34_KcEEERKS0_NS_8LogLevelEbDpOT_
FNDA:1,_ZN5sipai12SimpleLogger8LOG_INFOIJRA22_KcmRA23_S2_mRA24_S2_EEERKS0_DpOT_
FNDA:0,_ZNK5sipai12SimpleLogger3logIJRA125_KcEEERKS0_NS_8LogLevelEbDpOT_
FNDA:1,_ZNK5sipai12SimpleLogger4infoIJRA47_KcRNSt7__cxx1112basic_stringIcSt11char_traitsIcESaIcEEEEEERKS0_DpOT_
FNDA:190,_ZN5sipai12SimpleLogger11getInstanceEv
FNDA:6,_ZNK5sipai12SimpleLogger3logIJRA8_KcRiRA15_S2_RfRA21_S2_S8_RA2_S2_RNSt7__cxx1112basic_stringIcSt11char_traitsIcESaIcEEEEEERKS0_NS_8LogLevelEbDpOT_
FNDA:14,_ZN5sipai12SimpleLogger9LOG_DEBUGIJRA21_KcmRA2_S2_mRA4_S2_EEERKS0_DpOT_
FNDA:4,_ZN5sipai12SimpleLogger8LOG_INFOIJRA21_KcEEERKS0_DpOT_
FNDA:0,_ZN5sipai12SimpleLogger8LOG_WARNIJRA51_KciEEERKS0_DpOT_
FNDA:0,_ZNK5sipai12SimpleLogger3logIJRA25_KcEEERKS0_NS_8LogLevelEbDpOT_
FNDA:0,_ZNK5sipai12SimpleLogger3logIJRA111_KcEEERKS0_NS_8LogLevelEbDpOT_
FNDA:1,_ZN5sipai12SimpleLogger8LOG_INFOIJRA47_KcRNSt7__cxx1112basic_stringIcSt11char_traitsIcESaIcEEEEEERKS0_DpOT_
FNDA:0,_ZN5sipai12SimpleLogger9LOG_ERRORIJRA111_KcEEERKS0_DpOT_
FNDA:7,_ZNK5sipai12SimpleLogger4infoIJRA31_KcEEERKS0_DpOT_
FNDA:2,_ZN5sipai12SimpleLogger8LOG_INFOIJRA13_KcRA8_S2_NSt7__cxx1112basic_stringIcSt11char_traitsIcESaIcEEERA18_S2_RmS6_SE_SF_RA28_S2_SC_RA29_S2_RfRA17_S2_SK_RA26_S2_PS2_RA35_S2_SP_RA33_S2_SK_RA22_S2_SK_SV_SK_RA20_S2_SF_RA2_S2_SF_RA21_S2_SF_SZ_SF_S11_SF_SZ_SF_SM_SF_RA30_S2_SC_RA27_S2_SK_S13_SC_S15_SK_RA23_S2_SF_RA16_S2_SK_RA15_S2_SF_RA25_S2_SP_S17_SP_SO_SP_S15_SP_SV_SP_RA24_S2_SP_SV_SP_S1F_SP_EEERKS0_DpOT_
FNDA:3,_ZN5sipai12SimpleLogger8LOG_INFOIJRA15_KcRKmRA3_S2_S6_S8_S6_RA2_S2_EEERKS0_DpOT_
FNDA:5,_ZN5sipai12SimpleLogger8LOG_INFOIJRA66_KcEEERKS0_DpOT_
FNDA:6,_ZNK5sipai12SimpleLogger4infoIJRA8_KcRiRA15_S2_RfRA21_S2_S8_RA2_S2_RNSt7__cxx1112basic_stringIcSt11char_traitsIcESaIcEEEEEERKS0_DpOT_
FNDA:0,_ZN5sipai12SimpleLogger8LOG_INFOIJRA30_KcEEERKS0_DpOT_
FNDA:188,_ZNK5sipai12SimpleLogger8toStringB5cxx11ENS_8LogLevelE
FNDA:4,_ZNK5sipai12SimpleLogger4infoIJRA21_KcEEERKS0_DpOT_
FNDA:1,_ZN5sipai12SimpleLoggerC2Ev
FNDA:0,_ZNK5sipai12SimpleLogger5errorIJRA54_KcRNSt7__cxx1112basic_stringIcSt11char_traitsIcESaIcEEEEEERKS0_DpOT_
FNDA:5,_ZNK5sipai12SimpleLogger3logIJRA66_KcEEERKS0_NS_8LogLevelEbDpOT_
FNDA:0,_ZNK5sipai12SimpleLogger3logIJRA24_KcRPS2_EEERKS0_NS_8LogLevelEbDpOT_
FNDA:4,_ZNK5sipai12SimpleLogger3logIJRA30_KcRNSt7__cxx1112basic_stringIcSt11char_traitsIcESaIcEEERA6_S2_SB_RA4_S2_EEERKS0_NS_8LogLevelEbDpOT_
FNDA:0,_ZNK5sipai12SimpleLogger5errorIJRA25_KcEEERKS0_DpOT_
FNDA:8,_ZNK5sipai12SimpleLogger3logIJRA18_KcEEERKS0_NS_8LogLevelEbDpOT_
FNDA:7,_ZNK5sipai12SimpleLogger4infoIJRA17_KcEEERKS0_DpOT_
FNDA:20,_ZNK5sipai12SimpleLogger3logIJRA8_KcRmRA3_S2_RNSt7__cxx1112basic_stringIcSt11char_traitsIcESaIcEEES7_RA7_S2_S5_RA2_S2_S5_RA4_S2_EEERKS0_NS_8LogLevelEbDpOT_
FNDA:2,_ZN5sipai12SimpleLogger8LOG_INFOIJNSt7__cxx1112basic_stringIcSt11char_traitsIcESaIcEEEEEERKS0_DpOT_
FNDA:1,_ZNK5sipai12SimpleLogger3logIJRA47_KcRNSt7__cxx1112basic_stringIcSt11char_traitsIcESaIcEEEEEERKS0_NS_8LogLevelEbDpOT_
FNDA:3,_ZNK5sipai12SimpleLogger3logIJRA15_KcRKmRA3_S2_S6_S8_S6_RA2_S2_EEERKS0_NS_8LogLevelEbDpOT_
FNDA:0,_ZNK5sipai12SimpleLogger3logIJRA51_KcRiEEERKS0_NS_8LogLevelEbDpOT_
FNDA:0,_ZNK5sipai12SimpleLogger3logIJRA28_KcEEERKS0_NS_8LogLevelEbDpOT_
FNDA:0,_ZNK5sipai12SimpleLogger5errorIJRA33_KcRPS2_EEERKS0_DpOT_
FNDA:0,_ZNK5sipai12SimpleLogger3logIJRA53_KcRNSt7__cxx1112basic_stringIcSt11char_traitsIcESaIcEEEEEERKS0_NS_8LogLevelEbDpOT_
FNDA:0,_ZNK5sipai12SimpleLogger3logIJRA8_KcRPS2_EEERKS0_NS_8LogLevelEbDpOT_
FNDA:0,_ZNK5sipai12SimpleLogger5errorIJRA39_KcRjRA43_S2_RmRA3_S2_S8_RA2_S2_S8_RA12_S2_EEERKS0_DpOT_
FNDA:0,_ZNK5sipai12SimpleLogger3logIJRA54_KcRNSt7__cxx1112basic_stringIcSt11char_traitsIcESaIcEEEEEERKS0_NS_8LogLevelEbDpOT_
FNDA:12,_ZN5sipai12SimpleLogger9LOG_DEBUGIJRA12_KcfRA2_S2_EEERKS0_DpOT_
FNDA:1,_ZNK5sipai12SimpleLogger4infoIJRA39_KcRNSt7__cxx1112basic_stringIcSt11char_traitsIcESaIcEEERA4_S2_EEERKS0_DpOT_
FNDA:0,_ZN5sipai12SimpleLogger8LOG_INFOIJRA39_KcRjRA43_S2_mRA3_S2_RmRA2_S2_SA_RA7_S2_EEERKS0_DpOT_
FNDA:0,_ZNK5sipai12SimpleLogger4warnIJNSt7__cxx1112basic_stringIcSt11char_traitsIcESaIcEEEEEERKS0_DpOT_
FNDA:0,_ZN5sipai12SimpleLogger9LOG_ERRORIJRA28_KcRiRA4_S2_PS2_EEERKS0_DpOT_
FNDA:0,_ZNK5sipai12SimpleLogger5errorIJRA8_KcRPS2_EEERKS0_DpOT_
FNDA:14,_ZNK5sipai12SimpleLogger3logIJRA27_KcRmRA2_S2_S5_RA4_S2_EEERKS0_NS_8LogLevelEbDpOT_
FNDA:0,_ZN5sipai12SimpleLogger9LOG_ERRORIJRA33_KcPS2_EEERKS0_DpOT_
FNDA:0,_ZNK5sipai12SimpleLogger3logIJRA34_KcRPS2_EEERKS0_NS_8LogLevelEbDpOT_
FNDA:0,_ZN5sipai12SimpleLogger9LOG_ERRORIJRA8_KcPS2_EEERKS0_DpOT_
FNDA:1,_ZNK5sipai12SimpleLogger4warnIJRA14_KcEEERKS0_DpOT_
FNDA:0,_ZNK5sipai12SimpleLogger5errorIJRA111_KcEEERKS0_DpOT_
FNDA:0,_ZN5sipai12SimpleLogger9LOG_ERRORIJRA54_KcNSt7__cxx1112basic_stringIcSt11char_traitsIcESaIcEEEEEERKS0_DpOT_
FNDA:4,_ZNK5sipai12SimpleLogger4infoIJRA30_KcRNSt7__cxx1112basic_stringIcSt11char_traitsIcESaIcEEERA6_S2_SB_RA4_S2_EEERKS0_DpOT_
FNDA:14,_ZNK5sipai12SimpleLogger5debugIJRA21_KcRmRA2_S2_S5_RA4_S2_EEERKS0_DpOT_
FNDA:20,_ZN5sipai12SimpleLogger8LOG_INFOIJRA8_KcmRA3_S2_NSt7__cxx1112basic_stringIcSt11char_traitsIcESaIcEEES6_RA7_S2_RmRA2_S2_mRA4_S2_EEERKS0_DpOT_
FNDA:12,_ZNK5sipai12SimpleLogger5debugIJRA20_KcEEERKS0_DpOT_
FNDA:0,_ZN5sipai12SimpleLogger8LOG_INFOIJRA125_KcEEERKS0_DpOT_
FNDA:3,_ZN5sipai12SimpleLogger8LOG_INFOIJRA20_KcEEERKS0_DpOT_
FNDA:5,_ZNK5sipai12SimpleLogger4infoIJRA66_KcEEERKS0_DpOT_
FNDA:0,_ZNK5sipai12SimpleLogger4infoIJRA34_KcRPS2_EEERKS0_DpOT_
FNDA:0,_ZNK5sipai12SimpleLogger3logIJRA33_KcRPS2_EEERKS0_NS_8LogLevelEbDpOT_
FNDA:23,_ZN5sipai12SimpleLogger8LOG_INFOIJRA40_KcEEERKS0_DpOT_
FNDA:0,_ZN5sipai12SimpleLogger9LOG_ERRORIJRA39_KcRjRA43_S2_mRA3_S2_RmRA2_S2_SA_RA12_S2_EEERKS0_DpOT_
FNDA:23,_ZNK5sipai12SimpleLogger4infoIJRA40_KcEEERKS0_DpOT_
FNDA:0,_ZN5sipai12SimpleLogger8LOG_INFOIJRA28_KcEEERKS0_DpOT_
FNDA:20,_ZN5sipai12SimpleLogger9LOG_DEBUGIJRA26_KcmRA2_S2_mRA4_S2_EEERKS0_DpOT_
FNDA:7,_ZN5sipai12SimpleLogger8LOG_INFOIJRA31_KcEEERKS0_DpOT_
FNDA:0,_ZNK5sipai12SimpleLogger3logIJRA153_KcEEERKS0_NS_8LogLevelEbDpOT_
FNDA:1,_ZN5sipai12SimpleLogger8LOG_INFOIJRA14_KcEEERKS0_DpOT_
FNDA:0,_ZN5sipai12SimpleLogger9LOG_ERRORIJRA28_KcPS2_EEERKS0_DpOT_
FNDA:0,_ZN5sipai12SimpleLogger8LOG_INFOIJRA153_KcEEERKS0_DpOT_
FNDA:0,_ZN5sipai12SimpleLogger9LOG_ERRORIJRA24_KcPS2_EEERKS0_DpOT_
FNDA:20,_ZNK5sipai12SimpleLogger5debugIJRA26_KcRmRA2_S2_S5_RA4_S2_EEERKS0_DpOT_
FNDA:0,_ZNK5sipai12SimpleLogger5errorIJRA29_KcRKNSt7__cxx1112basic_stringIcSt11char_traitsIcESaIcEEEEEERKS0_DpOT_
FNDA:1,_ZNK5sipai12SimpleLogger5debugIJRA14_KcEEERKS0_DpOT_
FNDA:0,_ZNK5sipai12SimpleLogger4infoIJRA39_KcRjRA43_S2_RmRA3_S2_S8_RA2_S2_S8_RA7_S2_EEERKS0_DpOT_
FNDA:14,_ZNK5sipai12SimpleLogger5debugIJRA27_KcRmRA2_S2_S5_RA4_S2_EEERKS0_DpOT_
FNDA:1,_ZNK5sipai12SimpleLogger3logIJRA13_KcEEERKS0_NS_8LogLevelEbDpOT_
FNDA:0,_ZNK5sipai12SimpleLogger4infoIJRA15_KcRKfRA14_S2_RfEEERKS0_DpOT_
FNDA:0,_ZNK5sipai12SimpleLogger3logIJRA19_KcEEERKS0_NS_8LogLevelEbDpOT_
FNDA:1,_ZNK5sipai12SimpleLogger3logIJRA22_KcRmRA23_S2_S5_RA24_S2_EEERKS0_NS_8LogLevelEbDpOT_
FNDA:15,_ZNK5sipai12SimpleLogger3logIJRA20_KcEEERKS0_NS_8LogLevelEbDpOT_
FNDA:0,_ZNK5sipai12SimpleLogger3logIJRA29_KcRKNSt7__cxx1112basic_stringIcSt11char_traitsIcESaIcEEEEEERKS0_NS_8LogLevelEbDpOT_
FNDA:0,_ZNK5sipai12SimpleLogger3logIJRA39_KcRjRA43_S2_RmRA3_S2_S8_RA2_S2_S8_RA7_S2_EEERKS0_NS_8LogLevelEbDpOT_
FNDA:2,_ZNK5sipai12SimpleLogger4infoIJRNSt7__cxx1112basic_stringIcSt11char_traitsIcESaIcEEEEEERKS0_DpOT_
FNDA:1,_ZN5sipai12SimpleLogger8LOG_INFOIJRA24_KcEEERKS0_DpOT_
FNDA:0,_ZNK5sipai12SimpleLogger4infoIJRA125_KcEEERKS0_DpOT_
FNDA:20,_ZNK5sipai12SimpleLogger4infoIJRA8_KcRmRA3_S2_RNSt7__cxx1112basic_stringIcSt11char_traitsIcESaIcEEES7_RA7_S2_S5_RA2_S2_S5_RA4_S2_EEERKS0_DpOT_
FNDA:1,_ZN5sipai12SimpleLogger8LOG_INFOIJRA35_KcRNSt7__cxx1112basic_stringIcSt11char_traitsIcESaIcEEERA4_S2_EEERKS0_DpOT_
FNDA:0,_ZN5sipai12SimpleLogger8LOG_INFOIJRA34_KcEEERKS0_DpOT_
FNDA:0,_ZNK5sipai12SimpleLogger4infoIJRA28_KcEEERKS0_DpOT_
FNDA:12,_ZN5sipai12SimpleLogger9LOG_DEBUGIJRA20_KcEEERKS0_DpOT_
FNDA:0,_ZN5sipai12SimpleLogger9LOG_ERRORIJRA25_KcEEERKS0_DpOT_
FNDA:23,_ZNK5sipai12SimpleLogger3logIJRA40_KcEEERKS0_NS_8LogLevelEbDpOT_
FNDA:0,_ZNK5sipai12SimpleLogger4warnIJRA51_KcRiEEERKS0_DpOT_
FNDA:0,_ZN5sipai12SimpleLogger9LOG_ERRORIJRA53_KcNSt7__cxx1112basic_stringIcSt11char_traitsIcESaIcEEEEEERKS0_DpOT_
FNDA:0,_ZNK5sipai12SimpleLogger5errorIJRA24_KcRPS2_EEERKS0_DpOT_
FNDA:4,_ZNK5sipai12SimpleLogger3logIJRA21_KcEEERKS0_NS_8LogLevelEbDpOT_
FNDA:7,_ZNK5sipai12SimpleLogger3logIJRA17_KcEEERKS0_NS_8LogLevelEbDpOT_
FNDA:0,_ZNK5sipai12SimpleLogger5errorIJRA28_KcRiRA4_S2_RPS2_EEERKS0_DpOT_
FNDA:2,_ZNK5sipai12SimpleLogger3logIJRA13_KcRA8_S2_RNSt7__cxx1112basic_stringIcSt11char_traitsIcESaIcEEERA18_S2_RmS6_SF_SG_RA28_S2_SD_RA29_S2_RfRA17_S2_SL_RA26_S2_RPS2_RA35_S2_SR_RA33_S2_SL_RA22_S2_SL_SX_SL_RA20_S2_SG_RA2_S2_SG_RA21_S2_SG_S11_SG_S13_SG_S11_SG_SN_SG_RA30_S2_SD_RA27_S2_SL_S15_SD_S17_SL_RA23_S2_SG_RA16_S2_SL_RA15_S2_SG_RA25_S2_SR_S19_SR_SP_SR_S17_SR_SX_SR_RA24_S2_SR_SX_SR_S1H_SR_EEERKS0_NS_8LogLevelEbDpOT_
FNDA:2,_ZNK5sipai12SimpleLogger4infoIJRA13_KcRA8_S2_RNSt7__cxx1112basic_stringIcSt11char_traitsIcESaIcEEERA18_S2_RmS6_SF_SG_RA28_S2_SD_RA29_S2_RfRA17_S2_SL_RA26_S2_RPS2_RA35_S2_SR_RA33_S2_SL_RA22_S2_SL_SX_SL_RA20_S2_SG_RA2_S2_SG_RA21_S2_SG_S11_SG_S13_SG_S11_SG_SN_SG_RA30_S2_SD_RA27_S2_SL_S15_SD_S17_SL_RA23_S2_SG_RA16_S2_SL_RA15_S2_SG_RA25_S2_SR_S19_SR_SP_SR_S17_SR_SX_SR_RA24_S2_SR_SX_SR_S1H_SR_EEERKS0_DpOT_
FNDA:0,_ZN5sipai12SimpleLogger8LOG_WARNIJRA51_KcRiEEERKS0_DpOT_
FNDA:1,_ZNK5sipai12SimpleLogger5debugIJRA23_KcEEERKS0_DpOT_
FNDA:7,_ZN5sipai12SimpleLogger8LOG_INFOIJRA39_KcEEERKS0_DpOT_
FNDA:7,_ZNK5sipai12SimpleLogger3logIJRA39_KcEEERKS0_NS_8LogLevelEbDpOT_
FNDA:1,_ZNK5sipai12SimpleLogger5errorIJRA14_KcEEERKS0_DpOT_
FNDA:8,_ZNK5sipai12SimpleLogger4infoIJRA18_KcEEERKS0_DpOT_
FNDA:0,_ZNK5sipai12SimpleLogger3logIJRA75_KcEEERKS0_NS_8LogLevelEbDpOT_
FNDA:2,_ZNK5sipai12SimpleLogger12setStreamOutERSo
FNDA:14,_ZNK5sipai12SimpleLogger3logIJRA21_KcRmRA2_S2_S5_RA4_S2_EEERKS0_NS_8LogLevelEbDpOT_
FNDA:1,_ZNK5sipai12SimpleLogger4infoIJRA14_KcEEERKS0_DpOT_
FNDA:12,_ZNK5sipai12SimpleLogger5debugIJRA12_KcRfRA2_S2_EEERKS0_DpOT_
FNDA:1,_ZNK5sipai12SimpleLogger4infoIJRA22_KcRmRA23_S2_S5_RA24_S2_EEERKS0_DpOT_
FNDA:2,_ZNK5sipai12SimpleLogger3logIJRNSt7__cxx1112basic_stringIcSt11char_traitsIcESaIcEEEEEERKS0_NS_8LogLevelEbDpOT_
FNDA:6,_ZN5sipai12SimpleLogger8LOG_INFOIJRA8_KciRA15_S2_fRA21_S2_fRA2_S2_NSt7__cxx1112basic_stringIcSt11char_traitsIcESaIcEEEEEERKS0_DpOT_
FNDA:20,_ZNK5sipai12SimpleLogger3logIJRA26_KcRmRA2_S2_S5_RA4_S2_EEERKS0_NS_8LogLevelEbDpOT_
FNDA:1,_ZN5sipai12SimpleLogger9LOG_DEBUGIJRA23_KcEEERKS0_DpOT_
FNF:164
FNH:92
DA:32,190
DA:33,190
DA:34,190
DA:51,188
DA:52,188
DA:53,188
DA:54,188
DA:55,188
DA:56,188
DA:57,188
DA:58,188
DA:59,188
DA:60,188
DA:62,188
DA:63,188
DA:123,107
DA:124,107
DA:135,1
DA:136,1
DA:147,1
DA:148,1
DA:159,74
DA:160,74
DA:181,2
DA:182,2
DA:183,2
DA:184,2
DA:185,2
DA:193,2
DA:194,2
DA:195,2
DA:196,2
DA:197,2
DA:205,6
DA:206,6
DA:207,6
DA:208,6
DA:209,6
DA:216,2
DA:236,107
DA:237,107
DA:247,1
DA:248,1
DA:258,1
DA:259,1
DA:269,74
DA:270,74
DA:274,1
DA:275,1
DA:276,1
DA:277,1
DA:285,188
DA:286,188
DA:287,188
DA:288,188
DA:289,188
DA:294,188
DA:296,188
DA:297,376
DA:298,188
DA:300,188
DA:301,188
DA:302,108
DA:303,108
DA:304,2
DA:305,2
DA:306,2
DA:307,2
DA:308,75
DA:309,75
DA:310,1
DA:311,1
LF:72
LH:72
end_of_record
TN:
SF:/__w/SIPAI/SIPAI/libs/libsipai/include/TrainingDataFactory.h
FN:25,_ZN5sipai19TrainingDataFactory11getInstanceEv
FN:28,_ZZN5sipai19TrainingDataFactory11getInstanceEvENKUlvE_clEv
FN:36,_ZN5sipai19TrainingDataFactoryD2Ev
FN:56,_ZNK5sipai19TrainingDataFactory7getSizeENS_13TrainingPhaseE
FN:85,_ZNK5sipai19TrainingDataFactory8isLoadedEv
FN:106,_ZN5sipai19TrainingDataFactory7shuffleENS_13TrainingPhaseE
FN:121,_ZN5sipai19TrainingDataFactoryC2Ev
FNDA:1,_ZN5sipai19TrainingDataFactoryD2Ev
FNDA:6,_ZN5sipai19TrainingDataFactory7shuffleENS_13TrainingPhaseE
FNDA:7,_ZNK5sipai19TrainingDataFactory8isLoadedEv
FNDA:1,_ZN5sipai19TrainingDataFactoryC2Ev
FNDA:35,_ZNK5sipai19TrainingDataFactory7getSizeENS_13TrainingPhaseE
FNDA:35,_ZN5sipai19TrainingDataFactory11getInstanceEv
FNDA:1,_ZZN5sipai19TrainingDataFactory11getInstanceEvENKUlvE_clEv
FNF:7
FNH:7
DA:25,35
DA:27,35
DA:28,1
DA:29,35
DA:36,1
DA:56,35
DA:57,35
DA:58,23
DA:59,23
DA:60,12
DA:61,12
DA:62,0
DA:63,0
DA:85,7
DA:106,6
DA:107,6
DA:108,6
DA:109,6
DA:110,6
DA:111,6
DA:112,0
DA:113,0
DA:114,0
DA:115,0
DA:116,0
DA:118,6
DA:121,1
LF:27
LH:20
end_of_record
TN:
SF:/__w/SIPAI/SIPAI/libs/libsipai/include/VulkanBuilder.h
FN:23,_ZN5sipai13VulkanBuilder19withCommandPoolSizeEm
FN:33,_ZN5sipai13VulkanBuilder26withMaxNeighboorsPerNeuronEm
FN:43,_ZN5sipai13VulkanBuilder13withDebugInfoEb
FN:54,_ZN5sipai13VulkanBuilder10withVulkanESt10shared_ptrINS_6VulkanEE
FNDA:0,_ZN5sipai13VulkanBuilder10withVulkanESt10shared_ptrINS_6VulkanEE
FNDA:0,_ZN5sipai13VulkanBuilder13withDebugInfoEb
FNDA:0,_ZN5sipai13VulkanBuilder26withMaxNeighboorsPerNeuronEm
FNDA:0,_ZN5sipai13VulkanBuilder19withCommandPoolSizeEm
FNF:4
FNH:0
DA:23,0
DA:24,0
DA:25,0
DA:33,0
DA:34,0
DA:35,0
DA:43,0
DA:44,0
DA:45,0
DA:54,0
DA:55,0
DA:56,0
LF:12
LH:0
end_of_record
TN:
SF:/__w/SIPAI/SIPAI/libs/libsipai/include/VulkanCommon.h
FN:60,_ZN5sipai6Vertex21getBindingDescriptionEv
FN:69,_ZN5sipai6Vertex24getAttributeDescriptionsEv
FNDA:0,_ZN5sipai6Vertex21getBindingDescriptionEv
FNDA:0,_ZN5sipai6Vertex24getAttributeDescriptionsEv
FNF:2
FNH:0
DA:60,0
DA:61,0
DA:62,0
DA:63,0
DA:64,0
DA:65,0
DA:69,0
DA:70,0
DA:71,0
DA:72,0
DA:73,0
DA:74,0
DA:75,0
DA:76,0
DA:77,0
DA:78,0
DA:79,0
LF:17
LH:0
end_of_record
TN:
SF:/__w/SIPAI/SIPAI/libs/libsipai/include/VulkanController.h
FN:24,_ZN5sipai16VulkanController11getInstanceEv
FN:27,_ZZN5sipai16VulkanController11getInstanceEvENKUlvE_clEv
FN:35,_ZN5sipai16VulkanControllerD2Ev
FN:39,_ZN5sipai16VulkanController13IsInitializedEv
FN:69,_ZN5sipai16VulkanController7destroyEv
FN:84,_ZN5sipai16VulkanController9getBufferERKNS_7EBufferE
FN:90,_ZZN5sipai16VulkanController9getBufferERKNS_7EBufferEENKUlRT_E_clINS_6BufferEEEDaS5_
FN:98,_ZN5sipai16VulkanController9getShaderERKNS_7EShaderE
FN:103,_ZZN5sipai16VulkanController9getShaderERKNS_7EShaderEENKUlRT_E_clINS_6ShaderEEEDaS5_
FN:113,_ZN5sipai16VulkanController9getVulkanEv
FN:124,_ZN5sipai16VulkanController17getDataFromBufferIjEET_PKvRj
FN:124,_ZN5sipai16VulkanController17getDataFromBufferIfEET_PKvRj
FN:139,_ZN5sipai16VulkanController12copyToBufferIfEEPhS2_RKT_
FN:139,_ZN5sipai16VulkanController12copyToBufferIjEEPhS2_RKT_
FN:156,_ZN5sipai16VulkanControllerC2Ev
FNDA:0,_ZN5sipai16VulkanController17getDataFromBufferIjEET_PKvRj
FNDA:0,_ZN5sipai16VulkanController12copyToBufferIfEEPhS2_RKT_
FNDA:0,_ZN5sipai16VulkanController11getInstanceEv
FNDA:0,_ZN5sipai16VulkanController9getVulkanEv
FNDA:0,_ZN5sipai16VulkanController7destroyEv
FNDA:0,_ZZN5sipai16VulkanController9getBufferERKNS_7EBufferEENKUlRT_E_clINS_6BufferEEEDaS5_
FNDA:0,_ZN5sipai16VulkanController17getDataFromBufferIfEET_PKvRj
FNDA:0,_ZZN5sipai16VulkanController9getShaderERKNS_7EShaderEENKUlRT_E_clINS_6ShaderEEEDaS5_
FNDA:0,_ZN5sipai16VulkanController9getBufferERKNS_7EBufferE
FNDA:0,_ZN5sipai16VulkanControllerD2Ev
FNDA:0,_ZN5sipai16VulkanController12copyToBufferIjEEPhS2_RKT_
FNDA:0,_ZN5sipai16VulkanControllerC2Ev
FNDA:0,_ZZN5sipai16VulkanController11getInstanceEvENKUlvE_clEv
FNDA:0,_ZN5sipai16VulkanController13IsInitializedEv
FNDA:0,_ZN5sipai16VulkanController9getShaderERKNS_7EShaderE
FNF:15
FNH:0
DA:24,0
DA:26,0
DA:27,0
DA:28,0
DA:35,0
DA:39,0
DA:69,0
DA:84,0
DA:85,0
DA:86,0
DA:88,0
DA:89,0
DA:90,0
DA:91,0
DA:92,0
DA:94,0
DA:98,0
DA:99,0
DA:100,0
DA:102,0
DA:103,0
DA:104,0
DA:106,0
DA:107,0
DA:109,0
DA:113,0
DA:124,0
DA:125,0
DA:126,0
DA:127,0
DA:128,0
DA:139,0
DA:140,0
DA:141,0
DA:156,0
DA:157,0
DA:158,0
DA:159,0
LF:38
LH:0
end_of_record
TN:
SF:/__w/SIPAI/SIPAI/libs/libsipai/include/VulkanHelper.h
FN:17,_ZN5sipai12VulkanHelper9setVulkanESt10shared_ptrINS_6VulkanEE
FNDA:0,_ZN5sipai12VulkanHelper9setVulkanESt10shared_ptrINS_6VulkanEE
FNF:1
FNH:0
DA:17,0
LF:1
LH:0
end_of_record
TN:
SF:/__w/SIPAI/SIPAI/libs/libsipai/include/exception/FileReaderException.h
FN:13,_ZN5sipai19FileReaderExceptionC2ERKNSt7__cxx1112basic_stringIcSt11char_traitsIcESaIcEEE
FN:15,_ZNK5sipai19FileReaderException4whatEv
FNDA:1,_ZNK5sipai19FileReaderException4whatEv
FNDA:1,_ZN5sipai19FileReaderExceptionC2ERKNSt7__cxx1112basic_stringIcSt11char_traitsIcESaIcEEE
FNF:2
FNH:2
DA:13,1
DA:14,1
DA:15,1
LF:3
LH:3
end_of_record
TN:
SF:/__w/SIPAI/SIPAI/libs/libsipai/include/exception/ImageHelperException.h
FN:13,_ZN5sipai20ImageHelperExceptionC2ERKNSt7__cxx1112basic_stringIcSt11char_traitsIcESaIcEEE
FN:15,_ZNK5sipai20ImageHelperException4whatEv
FNDA:1,_ZNK5sipai20ImageHelperException4whatEv
FNDA:1,_ZN5sipai20ImageHelperExceptionC2ERKNSt7__cxx1112basic_stringIcSt11char_traitsIcESaIcEEE
FNF:2
FNH:2
DA:13,1
DA:14,1
DA:15,1
LF:3
LH:3
end_of_record
TN:
SF:/__w/SIPAI/SIPAI/libs/libsipai/include/exception/ImportExportException.h
FN:15,_ZN5sipai21ImportExportExceptionD2Ev
FN:15,_ZN5sipai21ImportExportExceptionD0Ev
FN:16,_ZN5sipai21ImportExportExceptionC2ERKNSt7__cxx1112basic_stringIcSt11char_traitsIcESaIcEEE
FN:18,_ZNK5sipai21ImportExportException4whatEv
FNDA:0,_ZN5sipai21ImportExportExceptionD0Ev
FNDA:2,_ZN5sipai21ImportExportExceptionD2Ev
FNDA:2,_ZN5sipai21ImportExportExceptionC2ERKNSt7__cxx1112basic_stringIcSt11char_traitsIcESaIcEEE
FNDA:2,_ZNK5sipai21ImportExportException4whatEv
FNF:4
FNH:3
DA:15,2
DA:16,2
DA:17,2
DA:18,2
LF:4
LH:4
end_of_record
TN:
SF:/__w/SIPAI/SIPAI/libs/libsipai/include/exception/ManagerException.h
FN:12,_ZN5sipai16ManagerExceptionC2ERKNSt7__cxx1112basic_stringIcSt11char_traitsIcESaIcEEE
FN:13,_ZNK5sipai16ManagerException4whatEv
FNDA:1,_ZNK5sipai16ManagerException4whatEv
FNDA:1,_ZN5sipai16ManagerExceptionC2ERKNSt7__cxx1112basic_stringIcSt11char_traitsIcESaIcEEE
FNF:2
FNH:2
DA:12,1
DA:13,1
LF:2
LH:2
end_of_record
TN:
SF:/__w/SIPAI/SIPAI/libs/libsipai/include/exception/NeuralNetworkException.h
FN:13,_ZN5sipai22NeuralNetworkExceptionC2ERKNSt7__cxx1112basic_stringIcSt11char_traitsIcESaIcEEE
FN:15,_ZNK5sipai22NeuralNetworkException4whatEv
FNDA:2,_ZN5sipai22NeuralNetworkExceptionC2ERKNSt7__cxx1112basic_stringIcSt11char_traitsIcESaIcEEE
FNDA:2,_ZNK5sipai22NeuralNetworkException4whatEv
FNF:2
FNH:2
DA:13,2
DA:14,2
DA:15,2
LF:3
LH:3
end_of_record
TN:
SF:/__w/SIPAI/SIPAI/libs/libsipai/include/exception/RunnerVisitorException.h
FN:12,_ZN5sipai22RunnerVisitorExceptionC2ERKNSt7__cxx1112basic_stringIcSt11char_traitsIcESaIcEEE
FN:14,_ZNK5sipai22RunnerVisitorException4whatEv
FNDA:5,_ZNK5sipai22RunnerVisitorException4whatEv
FNDA:5,_ZN5sipai22RunnerVisitorExceptionC2ERKNSt7__cxx1112basic_stringIcSt11char_traitsIcESaIcEEE
FNF:2
FNH:2
DA:12,5
DA:13,5
DA:14,5
LF:3
LH:3
end_of_record
TN:
SF:/__w/SIPAI/SIPAI/libs/libsipai/include/exception/TrainingDataFactoryException.h
FN:14,_ZN5sipai28TrainingDataFactoryExceptionC2ERKNSt7__cxx1112basic_stringIcSt11char_traitsIcESaIcEEE
FN:16,_ZNK5sipai28TrainingDataFactoryException4whatEv
FNDA:2,_ZN5sipai28TrainingDataFactoryExceptionC2ERKNSt7__cxx1112basic_stringIcSt11char_traitsIcESaIcEEE
FNDA:2,_ZNK5sipai28TrainingDataFactoryException4whatEv
FNF:2
FNH:2
DA:14,2
DA:15,2
DA:16,2
LF:3
LH:3
end_of_record
TN:
SF:/__w/SIPAI/SIPAI/libs/libsipai/include/exception/VulkanBuilderException.h
FN:12,_ZN5sipai22VulkanBuilderExceptionC2ERKNSt7__cxx1112basic_stringIcSt11char_traitsIcESaIcEEE
FN:14,_ZNK5sipai22VulkanBuilderException4whatEv
FNDA:1,_ZNK5sipai22VulkanBuilderException4whatEv
FNDA:1,_ZN5sipai22VulkanBuilderExceptionC2ERKNSt7__cxx1112basic_stringIcSt11char_traitsIcESaIcEEE
FNF:2
FNH:2
DA:12,1
DA:13,1
DA:14,1
LF:3
LH:3
end_of_record
TN:
SF:/__w/SIPAI/SIPAI/libs/libsipai/include/exception/VulkanControllerException.h
FN:12,_ZN5sipai25VulkanControllerExceptionC2ERKNSt7__cxx1112basic_stringIcSt11char_traitsIcESaIcEEE
FN:14,_ZNK5sipai25VulkanControllerException4whatEv
FNDA:1,_ZN5sipai25VulkanControllerExceptionC2ERKNSt7__cxx1112basic_stringIcSt11char_traitsIcESaIcEEE
FNDA:1,_ZNK5sipai25VulkanControllerException4whatEv
FNF:2
FNH:2
DA:12,1
DA:13,1
DA:14,1
LF:3
LH:3
end_of_record
TN:
SF:/__w/SIPAI/SIPAI/libs/libsipai/include/exception/VulkanHelperException.h
FN:12,_ZN5sipai21VulkanHelperExceptionC2ERKNSt7__cxx1112basic_stringIcSt11char_traitsIcESaIcEEE
FN:14,_ZNK5sipai21VulkanHelperException4whatEv
FNDA:1,_ZN5sipai21VulkanHelperExceptionC2ERKNSt7__cxx1112basic_stringIcSt11char_traitsIcESaIcEEE
FNDA:1,_ZNK5sipai21VulkanHelperException4whatEv
FNF:2
FNH:2
DA:12,1
DA:13,1
DA:14,1
LF:3
LH:3
end_of_record
TN:
SF:/__w/SIPAI/SIPAI/libs/libsipai/src/ImageHelper.cpp
FN:16,_ZNK5sipai11ImageHelper9loadImageERKNSt7__cxx1112basic_stringIcSt11char_traitsIcESaIcEEEmbmm
FN:97,_ZNK5sipai11ImageHelper18generateInputImageERKSt6vectorISt10shared_ptrINS_5ImageEESaIS4_EEmmm
FN:130,_ZNK5sipai11ImageHelper10splitImageERKN2cv3MatEmb
FN:180,_ZNK5sipai11ImageHelper9saveImageERKNSt7__cxx1112basic_stringIcSt11char_traitsIcESaIcEEERKSt6vectorISt10shared_ptrINS_5ImageEESaISC_EEmmm
FN:240,_ZNK5sipai11ImageHelper10joinImagesERKSt6vectorISt10shared_ptrINS_5ImageEESaIS4_EEii
FN:269,_ZNK5sipai11ImageHelper11computeLossERKN2cv3MatES4_
FNDA:38,_ZNK5sipai11ImageHelper11computeLossERKN2cv3MatES4_
FNDA:85,_ZNK5sipai11ImageHelper10splitImageERKN2cv3MatEmb
FNDA:41,_ZNK5sipai11ImageHelper18generateInputImageERKSt6vectorISt10shared_ptrINS_5ImageEESaIS4_EEmmm
FNDA:2,_ZNK5sipai11ImageHelper9saveImageERKNSt7__cxx1112basic_stringIcSt11char_traitsIcESaIcEEERKSt6vectorISt10shared_ptrINS_5ImageEESaISC_EEmmm
FNDA:1,_ZNK5sipai11ImageHelper10joinImagesERKSt6vectorISt10shared_ptrINS_5ImageEESaIS4_EEii
FNDA:85,_ZNK5sipai11ImageHelper9loadImageERKNSt7__cxx1112basic_stringIcSt11char_traitsIcESaIcEEEmbmm
FNF:6
FNH:6
DA:16,85
DA:19,85
DA:20,0
DA:23,85
DA:24,0
DA:30,85
DA:32,85
DA:33,0
DA:35,170
DA:36,170
DA:37,85
DA:38,85
DA:41,85
DA:42,0
DA:43,0
DA:44,0
DA:45,85
DA:46,85
DA:47,85
DA:48,0
DA:49,0
DA:50,0
DA:51,0
DA:52,0
DA:53,0
DA:54,0
DA:58,85
DA:59,0
DA:60,0
DA:61,0
DA:62,0
DA:63,0
DA:64,0
DA:67,85
DA:68,85
DA:69,0
DA:75,85
DA:76,170
DA:77,192
DA:79,107
DA:80,107
DA:81,107
DA:82,107
DA:83,107
DA:84,107
DA:85,107
DA:86,107
DA:90,170
DA:91,85
DA:92,0
DA:93,0
DA:94,0
DA:95,0
DA:97,41
DA:101,41
DA:102,90
DA:104,49
DA:105,98
DA:106,98
DA:107,98
DA:108,49
DA:111,49
DA:113,49
DA:115,49
DA:116,49
DA:120,49
DA:123,49
DA:124,49
DA:125,49
DA:127,41
DA:128,0
DA:130,85
DA:133,85
DA:134,0
DA:137,85
DA:139,85
DA:140,81
DA:141,81
DA:145,4
DA:146,4
DA:149,4
DA:150,4
DA:152,4
DA:153,4
DA:156,2
DA:157,2
DA:161,2
DA:162,4
DA:165,14
DA:166,36
DA:167,26
DA:168,26
DA:169,26
DA:170,26
DA:171,26
DA:172,70
DA:173,44
DA:177,4
DA:178,4
DA:180,2
DA:183,3
DA:184,1
DA:185,0
DA:186,0
DA:190,2
DA:191,2
DA:193,2
DA:194,0
DA:197,2
DA:200,2
DA:203,2
DA:204,2
DA:205,0
DA:206,0
DA:207,0
DA:208,2
DA:209,2
DA:210,2
DA:211,0
DA:212,0
DA:213,0
DA:214,0
DA:215,0
DA:218,0
DA:219,0
DA:227,2
DA:228,0
DA:230,2
DA:231,0
DA:232,0
DA:233,0
DA:234,0
DA:235,0
DA:236,0
DA:237,0
DA:238,2
DA:240,1
DA:242,1
DA:243,0
DA:245,1
DA:246,0
DA:248,1
DA:249,3
DA:250,2
DA:251,6
DA:252,4
DA:254,2
DA:255,2
DA:256,2
DA:257,2
DA:258,1
DA:259,1
DA:262,1
DA:263,1
DA:264,1
DA:265,4
DA:266,2
DA:267,1
DA:269,38
DA:271,76
DA:272,38
DA:273,0
DA:274,0
DA:278,38
DA:279,38
DA:280,38
DA:283,38
DA:286,38
DA:289,38
DA:291,190
DA:292,152
DA:293,152
DA:296,38
DA:299,38
DA:300,38
LF:175
LH:124
end_of_record
TN:
SF:/__w/SIPAI/SIPAI/libs/libsipai/src/Layer.cpp
FN:10,_ZN5sipai5Layer18forwardPropagationEv
FN:29,_ZN5sipai5Layer19backwardPropagationERKfS2_
FN:65,_ZN5sipai5Layer13updateWeightsEf
FNDA:84,_ZN5sipai5Layer19backwardPropagationERKfS2_
FNDA:123,_ZN5sipai5Layer18forwardPropagationEv
FNDA:85,_ZN5sipai5Layer13updateWeightsEf
FNF:3
FNH:3
DA:10,123
DA:11,123
DA:12,0
DA:15,430
DA:16,1228
DA:17,921
DA:20,921
DA:22,921
DA:24,921
DA:25,921
DA:29,84
DA:31,84
DA:32,42
DA:35,126
DA:36,336
DA:37,252
DA:38,252
DA:41,1008
DA:42,3024
DA:43,2268
DA:44,2268
DA:45,2268
DA:46,2268
DA:50,840
DA:51,1176
DA:52,1176
DA:56,252
DA:58,252
DA:60,252
DA:65,85
DA:66,85
DA:67,0
DA:70,298
DA:71,852
DA:72,639
DA:76,639
DA:81,639
DA:84,639
DA:87,2259
DA:88,1620
DA:89,1620
DA:90,1620
DA:91,1620
DA:93,639
LF:44
LH:42
end_of_record
TN:
SF:/__w/SIPAI/SIPAI/libs/libsipai/src/LayerOutput.cpp
FN:8,_ZN5sipai11LayerOutput13computeErrorsERKN2cv3MatE
FNDA:42,_ZN5sipai11LayerOutput13computeErrorsERKN2cv3MatE
FNF:1
FNH:1
DA:8,42
DA:9,42
DA:10,0
DA:13,42
DA:14,42
DA:15,42
DA:18,42
DA:19,0
DA:23,168
DA:24,504
DA:25,378
DA:26,378
DA:29,378
DA:30,1386
DA:31,2016
DA:32,2016
DA:36,378
DA:37,378
DA:38,378
DA:39,756
DA:40,378
DA:43,42
LF:22
LH:20
end_of_record
TN:
SF:/__w/SIPAI/SIPAI/libs/libsipai/src/Manager.cpp
FN:18,_ZN5sipai7Manager21createOrImportNetworkEv
FN:31,_ZN5sipai7Manager13exportNetworkEv
FN:41,_ZN5sipai7Manager3runEv
FN:150,_ZN5sipai7Manager14runWithVisitorERKNS_13RunnerVisitorE
FNDA:3,_ZN5sipai7Manager14runWithVisitorERKNS_13RunnerVisitorE
FNDA:8,_ZN5sipai7Manager21createOrImportNetworkEv
FNDA:2,_ZN5sipai7Manager3runEv
FNDA:4,_ZN5sipai7Manager13exportNetworkEv
FNF:4
FNH:4
DA:18,8
DA:19,8
DA:20,8
DA:21,8
DA:22,8
DA:23,8
DA:24,8
DA:25,8
DA:26,8
DA:27,8
DA:28,8
DA:29,8
DA:31,4
DA:32,4
DA:33,4
DA:34,4
DA:35,8
DA:36,4
DA:37,4
DA:38,4
DA:39,4
DA:41,2
DA:42,2
DA:46,2
DA:47,0
DA:48,0
DA:49,0
DA:50,0
DA:53,2
DA:54,2
DA:55,2
DA:56,2
DA:58,2
DA:59,4
DA:60,4
DA:61,4
DA:62,2
DA:63,2
DA:65,2
DA:67,2
DA:69,2
DA:70,2
DA:71,2
DA:72,2
DA:73,2
DA:74,2
DA:75,2
DA:76,2
DA:77,2
DA:78,2
DA:80,2
DA:81,2
DA:83,2
DA:84,2
DA:85,2
DA:86,2
DA:87,2
DA:88,2
DA:89,2
DA:91,2
DA:93,2
DA:94,2
DA:95,2
DA:96,2
DA:97,2
DA:100,2
DA:101,2
DA:102,0
DA:103,0
DA:104,0
DA:107,0
DA:108,0
DA:109,0
DA:110,0
DA:111,0
DA:112,0
DA:113,0
DA:115,0
DA:119,2
DA:120,0
DA:122,0
DA:123,0
DA:124,0
DA:125,0
DA:126,0
DA:127,0
DA:128,0
DA:130,2
DA:135,2
DA:136,2
DA:137,2
DA:138,2
DA:139,0
DA:140,0
DA:141,0
DA:142,0
DA:143,0
DA:145,0
DA:146,0
DA:147,0
DA:150,3
LF:101
LH:70
end_of_record
TN:
SF:/__w/SIPAI/SIPAI/libs/libsipai/src/NetworkImportExportCSV.cpp
FN:18,_ZNK5sipai28NeuralNetworkImportExportCSV20exportNeuronsWeightsERKSt10unique_ptrINS_13NeuralNetworkESt14default_deleteIS2_EERKNS_9AppParamsE
FN:52,_ZNK5sipai28NeuralNetworkImportExportCSV20importNeuronsWeightsERSt10unique_ptrINS_13NeuralNetworkESt14default_deleteIS2_EERKNS_9AppParamsE
FN:55,_ZZNK5sipai28NeuralNetworkImportExportCSV20importNeuronsWeightsERSt10unique_ptrINS_13NeuralNetworkESt14default_deleteIS2_EERKNS_9AppParamsEENKUlRKNSt7__cxx1112basic_stringIcSt11char_traitsIcESaIcEEEcE_clESH_c
FNDA:1,_ZNK5sipai28NeuralNetworkImportExportCSV20importNeuronsWeightsERSt10unique_ptrINS_13NeuralNetworkESt14default_deleteIS2_EERKNS_9AppParamsE
FNDA:4,_ZNK5sipai28NeuralNetworkImportExportCSV20exportNeuronsWeightsERKSt10unique_ptrINS_13NeuralNetworkESt14default_deleteIS2_EERKNS_9AppParamsE
FNDA:30,_ZZNK5sipai28NeuralNetworkImportExportCSV20importNeuronsWeightsERSt10unique_ptrINS_13NeuralNetworkESt14default_deleteIS2_EERKNS_9AppParamsEENKUlRKNSt7__cxx1112basic_stringIcSt11char_traitsIcESaIcEEEcE_clESH_c
FNF:3
FNH:3
DA:18,4
DA:22,4
DA:23,4
DA:26,4
DA:27,16
DA:29,12
DA:30,12
DA:32,4
DA:35,28
DA:36,80
DA:37,60
DA:39,60
DA:40,60
DA:41,60
DA:43,60
DA:44,60
DA:45,60
DA:46,60
DA:50,4
DA:52,1
DA:55,30
DA:56,30
DA:57,30
DA:58,30
DA:59,909
DA:60,1508
DA:61,1508
DA:63,60
DA:64,30
DA:67,1
DA:68,1
DA:69,1
DA:70,0
DA:74,1
DA:75,31
DA:77,30
DA:79,30
DA:80,0
DA:81,0
DA:82,0
DA:85,30
DA:86,30
DA:87,30
DA:88,30
DA:89,30
DA:90,30
DA:92,30
DA:94,15
DA:95,15
DA:96,15
DA:97,90
DA:98,75
DA:100,75
DA:101,75
DA:102,75
DA:103,75
DA:104,75
DA:105,69
DA:106,138
DA:108,75
DA:109,75
DA:110,21
DA:111,21
DA:114,15
DA:115,15
DA:116,15
DA:117,15
DA:118,15
DA:121,15
DA:122,90
DA:123,75
DA:125,75
DA:126,75
DA:127,75
DA:128,75
DA:129,75
DA:130,38
DA:133,15
DA:134,15
DA:135,15
DA:136,15
DA:137,0
DA:138,0
DA:139,0
DA:141,53
DA:142,38
DA:144,15
DA:145,30
DA:146,1
LF:89
LH:82
end_of_record
TN:
SF:/__w/SIPAI/SIPAI/libs/libsipai/src/NetworkImportExportFacade.cpp
FN:9,_ZN5sipai31NeuralNetworkImportExportFacade11importModelERKNS_9AppParamsERNS_19NeuralNetworkParamsE
FN:19,_ZN5sipai31NeuralNetworkImportExportFacade13importWeightsERSt10unique_ptrINS_13NeuralNetworkESt14default_deleteIS2_EERKNS_9AppParamsE
FN:28,_ZNK5sipai31NeuralNetworkImportExportFacade11exportModelERKSt10unique_ptrINS_13NeuralNetworkESt14default_deleteIS2_EERKNS_19NeuralNetworkParamsERKNS_9AppParamsE
FNDA:4,_ZNK5sipai31NeuralNetworkImportExportFacade11exportModelERKSt10unique_ptrINS_13NeuralNetworkESt14default_deleteIS2_EERKNS_19NeuralNetworkParamsERKNS_9AppParamsE
FNDA:1,_ZN5sipai31NeuralNetworkImportExportFacade11importModelERKNS_9AppParamsERNS_19NeuralNetworkParamsE
FNDA:1,_ZN5sipai31NeuralNetworkImportExportFacade13importWeightsERSt10unique_ptrINS_13NeuralNetworkESt14default_deleteIS2_EERKNS_9AppParamsE
FNF:3
FNH:3
DA:9,1
DA:12,1
DA:13,2
DA:14,1
DA:15,0
DA:16,0
DA:19,1
DA:22,1
DA:23,0
DA:24,0
DA:25,0
DA:26,1
DA:28,4
DA:33,4
DA:34,4
DA:35,0
DA:36,0
DA:37,0
DA:38,4
LF:19
LH:11
end_of_record
TN:
SF:/__w/SIPAI/SIPAI/libs/libsipai/src/NetworkImportExportJSON.cpp
FN:17,_ZNK5sipai29NeuralNetworkImportExportJSON11exportModelERKSt10unique_ptrINS_13NeuralNetworkESt14default_deleteIS2_EERKNS_19NeuralNetworkParamsERKNS_9AppParamsE
FN:79,_ZN5sipai29NeuralNetworkImportExportJSON11importModelERKNS_9AppParamsERNS_19NeuralNetworkParamsE
FNDA:1,_ZN5sipai29NeuralNetworkImportExportJSON11importModelERKNS_9AppParamsERNS_19NeuralNetworkParamsE
FNDA:4,_ZNK5sipai29NeuralNetworkImportExportJSON11exportModelERKSt10unique_ptrINS_13NeuralNetworkESt14default_deleteIS2_EERKNS_19NeuralNetworkParamsERKNS_9AppParamsE
FNF:2
FNH:2
DA:17,4
DA:22,4
DA:25,4
DA:28,16
DA:29,12
DA:30,12
DA:31,12
DA:32,156
DA:33,12
DA:34,12
DA:37,4
DA:40,4
DA:41,4
DA:42,4
DA:43,8
DA:44,4
DA:45,8
DA:46,4
DA:47,8
DA:48,4
DA:49,8
DA:50,4
DA:51,8
DA:52,4
DA:53,8
DA:54,4
DA:55,8
DA:56,4
DA:57,8
DA:58,4
DA:59,8
DA:60,4
DA:61,4
DA:62,4
DA:63,8
DA:64,4
DA:65,8
DA:66,4
DA:67,8
DA:68,4
DA:69,8
DA:73,4
DA:74,4
DA:75,4
DA:76,136
DA:79,1
DA:82,1
DA:84,1
DA:85,0
DA:88,1
DA:89,1
DA:90,1
DA:91,1
DA:93,1
DA:94,1
DA:96,1
DA:97,0
DA:100,1
DA:101,0
DA:102,0
DA:104,1
DA:107,1
DA:108,1
DA:110,1
DA:111,1
DA:112,0
DA:113,0
DA:114,0
DA:115,1
DA:118,1
DA:119,1
DA:120,1
DA:121,1
DA:122,1
DA:123,1
DA:124,1
DA:125,1
DA:126,1
DA:127,1
DA:128,1
DA:129,1
DA:130,1
DA:131,1
DA:132,1
DA:133,1
DA:134,1
DA:135,1
DA:136,1
DA:137,1
DA:138,1
DA:139,1
DA:140,1
DA:141,1
DA:143,1
DA:145,4
DA:147,3
DA:148,3
DA:151,3
DA:152,3
DA:153,1
DA:154,0
DA:155,1
DA:156,1
DA:157,1
DA:158,0
DA:159,1
DA:160,1
DA:161,1
DA:162,1
DA:163,1
DA:164,0
DA:165,1
DA:166,1
DA:167,1
DA:168,1
DA:169,0
DA:170,0
DA:174,3
DA:175,3
DA:177,1
DA:178,0
DA:181,1
DA:182,0
DA:184,2
DA:185,1
DA:186,0
DA:187,0
DA:188,1
LF:128
LH:112
end_of_record
TN:
SF:/__w/SIPAI/SIPAI/libs/libsipai/src/NeuralNetwork.cpp
FN:10,_ZN5sipai13NeuralNetwork18forwardPropagationERKN2cv3MatE
FN:24,_ZN5sipai13NeuralNetwork19backwardPropagationERKN2cv3MatERKfS6_
FN:36,_ZN5sipai13NeuralNetwork13updateWeightsEf
FNDA:42,_ZN5sipai13NeuralNetwork19backwardPropagationERKN2cv3MatERKfS6_
FNDA:42,_ZN5sipai13NeuralNetwork13updateWeightsEf
FNDA:61,_ZN5sipai13NeuralNetwork18forwardPropagationERKN2cv3MatE
FNF:3
FNH:3
DA:10,61
DA:11,61
DA:12,0
DA:14,61
DA:15,0
DA:17,61
DA:18,245
DA:19,184
DA:21,61
DA:24,42
DA:27,42
DA:28,0
DA:30,42
DA:31,168
DA:32,126
DA:34,42
DA:36,42
DA:37,168
DA:38,126
DA:40,42
LF:20
LH:17
end_of_record
TN:
SF:/__w/SIPAI/SIPAI/libs/libsipai/src/NeuralNetworkBuilder.cpp
FN:17,_ZN5sipai20NeuralNetworkBuilderC2Ev
FN:21,_ZN5sipai20NeuralNetworkBuilderC2ERNS_9AppParamsERNS_19NeuralNetworkParamsE
FN:25,_ZN5sipai20NeuralNetworkBuilder14createOrImportEv
FN:42,_ZN5sipai20NeuralNetworkBuilder9addLayersEv
FN:81,_ZN5sipai20NeuralNetworkBuilder12addNeighborsEv
FN:124,_ZN5sipai20NeuralNetworkBuilder10bindLayersEv
FN:143,_ZN5sipai20NeuralNetworkBuilder17initializeWeightsEv
FN:180,_ZN5sipai20NeuralNetworkBuilder21setActivationFunctionEv
FN:210,_ZZN5sipai20NeuralNetworkBuilder21setActivationFunctionEvENKUlT_E_clIN2cv3VecIfLi4EEEEEDaS1_
FN:211,_ZZN5sipai20NeuralNetworkBuilder21setActivationFunctionEvENKUlT_E0_clIN2cv3VecIfLi4EEEEEDaS1_
FN:220,_ZZN5sipai20NeuralNetworkBuilder21setActivationFunctionEvENKUlT_E1_clIN2cv3VecIfLi4EEEEEDaS1_
FN:223,_ZZN5sipai20NeuralNetworkBuilder21setActivationFunctionEvENKUlT_E2_clIN2cv3VecIfLi4EEEEEDaS1_
FN:244,_ZN5sipai20NeuralNetworkBuilder5buildEv
FNDA:8,_ZN5sipai20NeuralNetworkBuilder17initializeWeightsEv
FNDA:8,_ZN5sipai20NeuralNetworkBuilder10bindLayersEv
FNDA:8,_ZN5sipai20NeuralNetworkBuilder9addLayersEv
FNDA:9,_ZN5sipai20NeuralNetworkBuilderC2Ev
FNDA:8,_ZN5sipai20NeuralNetworkBuilder12addNeighborsEv
FNDA:15,_ZN5sipai20NeuralNetworkBuilder21setActivationFunctionEv
FNDA:2,_ZZN5sipai20NeuralNetworkBuilder21setActivationFunctionEvENKUlT_E2_clIN2cv3VecIfLi4EEEEEDaS1_
FNDA:0,_ZN5sipai20NeuralNetworkBuilderC2ERNS_9AppParamsERNS_19NeuralNetworkParamsE
FNDA:2,_ZZN5sipai20NeuralNetworkBuilder21setActivationFunctionEvENKUlT_E1_clIN2cv3VecIfLi4EEEEEDaS1_
FNDA:2,_ZZN5sipai20NeuralNetworkBuilder21setActivationFunctionEvENKUlT_E0_clIN2cv3VecIfLi4EEEEEDaS1_
FNDA:8,_ZN5sipai20NeuralNetworkBuilder5buildEv
FNDA:3,_ZZN5sipai20NeuralNetworkBuilder21setActivationFunctionEvENKUlT_E_clIN2cv3VecIfLi4EEEEEDaS1_
FNDA:8,_ZN5sipai20NeuralNetworkBuilder14createOrImportEv
FNF:13
FNH:12
DA:17,9
DA:18,9
DA:19,18
DA:21,0
DA:22,0
DA:23,0
DA:25,8
DA:26,9
DA:27,9
DA:28,1
DA:29,1
DA:30,1
DA:32,1
DA:33,1
DA:34,1
DA:35,7
DA:36,7
DA:37,7
DA:39,8
DA:42,8
DA:43,8
DA:44,1
DA:47,7
DA:48,7
DA:49,0
DA:51,7
DA:52,0
DA:56,7
DA:57,7
DA:58,7
DA:61,17
DA:62,10
DA:63,10
DA:64,10
DA:65,10
DA:66,10
DA:67,10
DA:68,10
DA:72,7
DA:73,7
DA:74,7
DA:75,7
DA:76,7
DA:77,7
DA:78,7
DA:81,8
DA:82,8
DA:83,8
DA:84,0
DA:86,8
DA:87,0
DA:93,8
DA:95,35
DA:96,27
DA:97,8
DA:99,65
DA:100,184
DA:101,138
DA:102,138
DA:103,690
DA:104,552
DA:105,552
DA:107,552
DA:108,403
DA:109,346
DA:112,346
DA:114,346
DA:121,8
DA:122,8
DA:124,8
DA:125,8
DA:126,8
DA:127,0
DA:129,8
DA:130,0
DA:132,35
DA:133,27
DA:134,19
DA:136,27
DA:137,19
DA:140,8
DA:143,8
DA:144,8
DA:145,1
DA:147,1
DA:148,1
DA:150,1
DA:151,1
DA:152,1
DA:154,7
DA:155,7
DA:156,0
DA:158,7
DA:159,0
DA:162,7
DA:163,31
DA:164,24
DA:165,58
DA:166,164
DA:167,123
DA:168,123
DA:169,123
DA:170,123
DA:171,14
DA:177,7
DA:180,15
DA:181,15
DA:182,15
DA:183,0
DA:185,15
DA:186,0
DA:189,15
DA:190,48
DA:192,34
DA:193,8
DA:194,8
DA:195,18
DA:196,18
DA:197,18
DA:198,18
DA:199,8
DA:200,8
DA:201,8
DA:202,8
DA:203,0
DA:204,0
DA:207,26
DA:208,1
DA:209,1
DA:210,5
DA:211,1
DA:212,2
DA:214,1
DA:215,20
DA:216,20
DA:217,20
DA:218,1
DA:219,1
DA:220,2
DA:221,2
DA:223,1
DA:224,2
DA:226,1
DA:227,1
DA:228,1
DA:229,1
DA:230,1
DA:231,1
DA:232,1
DA:233,1
DA:234,1
DA:235,1
DA:236,1
DA:237,1
DA:241,14
DA:244,8
DA:245,8
LF:157
LH:142
end_of_record
TN:
SF:/__w/SIPAI/SIPAI/libs/libsipai/src/RunnerEnhancerOpenCVVisitor.cpp
FN:11,_ZNK5sipai27RunnerEnhancerOpenCVVisitor5visitEv
FNDA:4,_ZNK5sipai27RunnerEnhancerOpenCVVisitor5visitEv
FNF:1
FNH:1
DA:11,4
DA:12,4
DA:13,4
DA:15,4
DA:16,1
DA:19,3
DA:20,1
DA:23,2
DA:24,1
DA:28,1
DA:29,1
DA:33,1
DA:34,1
DA:35,1
DA:38,1
DA:39,2
DA:41,1
DA:43,2
DA:44,2
DA:45,2
DA:46,1
DA:47,1
DA:48,1
DA:51,1
DA:52,1
DA:53,1
DA:54,1
DA:55,1
DA:56,1
DA:58,1
DA:59,1
DA:61,1
DA:62,0
DA:63,0
DA:64,1
LF:35
LH:33
end_of_record
TN:
SF:/__w/SIPAI/SIPAI/libs/libsipai/src/RunnerTrainingOpenCVVisitor.cpp
FN:18,_ZNK5sipai27RunnerTrainingOpenCVVisitor5visitEv
FN:128,_ZNK5sipai27RunnerTrainingOpenCVVisitor8trainingEmNS_13TrainingPhaseE
FN:181,_ZNK5sipai27RunnerTrainingOpenCVVisitor9_trainingEmSt10shared_ptrINS_4DataEENS_13TrainingPhaseEb
FNDA:60,_ZNK5sipai27RunnerTrainingOpenCVVisitor9_trainingEmSt10shared_ptrINS_4DataEENS_13TrainingPhaseEb
FNDA:5,_ZNK5sipai27RunnerTrainingOpenCVVisitor5visitEv
FNDA:12,_ZNK5sipai27RunnerTrainingOpenCVVisitor8trainingEmNS_13TrainingPhaseE
FNF:3
FNH:3
DA:18,5
DA:19,5
DA:22,5
DA:23,5
DA:24,1
DA:27,4
DA:28,4
DA:29,4
DA:31,4
DA:33,4
DA:35,4
DA:36,4
DA:40,4
DA:41,1
DA:43,4
DA:44,6
DA:45,3
DA:46,0
DA:50,3
DA:51,3
DA:54,3
DA:56,3
DA:57,3
DA:58,3
DA:59,3
DA:60,3
DA:61,3
DA:62,3
DA:64,18
DA:65,9
DA:68,6
DA:69,0
DA:73,6
DA:75,6
DA:76,6
DA:78,6
DA:79,6
DA:80,0
DA:83,6
DA:84,6
DA:85,0
DA:88,6
DA:92,6
DA:93,3
DA:94,1
DA:95,2
DA:97,1
DA:101,6
DA:102,6
DA:104,6
DA:107,0
DA:111,3
DA:112,3
DA:113,3
DA:116,3
DA:118,3
DA:119,3
DA:120,3
DA:123,1
DA:124,1
DA:125,1
DA:126,3
DA:128,12
DA:132,12
DA:133,12
DA:134,12
DA:135,12
DA:136,12
DA:137,12
DA:138,12
DA:141,12
DA:142,12
DA:143,24
DA:146,72
DA:147,60
DA:148,0
DA:150,60
DA:151,60
DA:152,20
DA:153,20
DA:154,40
DA:158,60
DA:161,60
DA:162,60
DA:163,0
DA:168,60
DA:169,36
DA:170,36
DA:172,132
DA:175,12
DA:176,0
DA:178,12
DA:181,60
DA:185,60
DA:186,0
DA:187,0
DA:190,60
DA:191,60
DA:192,60
DA:195,60
DA:199,60
DA:202,120
DA:203,60
DA:204,0
DA:208,60
DA:209,60
DA:212,60
DA:213,0
DA:214,20
DA:217,60
DA:219,60
DA:220,0
DA:225,60
DA:226,36
DA:227,12
DA:229,36
DA:230,36
DA:231,12
DA:233,36
DA:234,36
DA:236,60
DA:237,0
DA:242,60
DA:243,42
DA:244,0
DA:245,14
DA:247,42
DA:249,42
DA:250,0
DA:253,42
DA:254,0
DA:255,14
DA:257,42
DA:258,42
DA:259,0
DA:262,60
DA:264,60
DA:265,24
DA:267,36
LF:139
LH:121
end_of_record
TN:
SF:/__w/SIPAI/SIPAI/libs/libsipai/src/RunnerTrainingVisitor.cpp
FN:10,_Z13signalHandleri
FN:27,_ZNK5sipai21RunnerTrainingVisitor22shouldContinueTrainingEimRKNS_9AppParamsE
FN:38,_ZNK5sipai21RunnerTrainingVisitor17adaptLearningRateERfRKfS3_RKb
FN:76,_ZNK5sipai21RunnerTrainingVisitor19logTrainingProgressERKiRKfS4_S4_S4_
FN:93,_ZNK5sipai21RunnerTrainingVisitor11saveNetworkERb
FNDA:0,_Z13signalHandleri
FNDA:3,_ZNK5sipai21RunnerTrainingVisitor11saveNetworkERb
FNDA:9,_ZNK5sipai21RunnerTrainingVisitor22shouldContinueTrainingEimRKNS_9AppParamsE
FNDA:0,_ZNK5sipai21RunnerTrainingVisitor17adaptLearningRateERfRKfS3_RKb
FNDA:6,_ZNK5sipai21RunnerTrainingVisitor19logTrainingProgressERKiRKfS4_S4_S4_
FNF:5
FNH:3
DA:10,0
DA:11,0
DA:12,0
DA:13,0
DA:17,0
DA:19,0
DA:22,0
DA:25,0
DA:27,9
DA:30,9
DA:31,9
DA:32,9
DA:33,9
DA:35,9
DA:38,0
DA:42,0
DA:44,0
DA:45,0
DA:46,0
DA:47,0
DA:48,0
DA:51,0
DA:52,0
DA:54,0
DA:55,0
DA:57,0
DA:58,0
DA:59,0
DA:60,0
DA:62,0
DA:64,0
DA:66,0
DA:67,0
DA:68,0
DA:69,0
DA:70,0
DA:72,0
DA:74,0
DA:76,6
DA:80,6
DA:81,6
DA:82,3
DA:83,3
DA:84,3
DA:85,3
DA:86,3
DA:88,6
DA:89,0
DA:90,6
DA:91,6
DA:93,3
DA:94,3
DA:96,3
DA:97,3
DA:98,3
DA:100,0
DA:101,0
DA:102,0
DA:103,3
LF:59
LH:23
end_of_record
TN:
SF:/__w/SIPAI/SIPAI/libs/libsipai/src/RunnerVisitorFactory.cpp
FN:10,_ZN5sipai20RunnerVisitorFactory18getTrainingVisitorEv
FN:22,_ZN5sipai20RunnerVisitorFactory18getEnhancerVisitorEv
FNDA:0,_ZN5sipai20RunnerVisitorFactory18getEnhancerVisitorEv
FNDA:2,_ZN5sipai20RunnerVisitorFactory18getTrainingVisitorEv
FNF:2
FNH:1
DA:10,2
DA:11,2
DA:12,1
DA:13,1
DA:14,0
DA:16,1
DA:19,2
DA:22,0
DA:23,0
DA:24,0
DA:25,0
DA:26,0
DA:28,0
DA:31,0
LF:14
LH:6
end_of_record
TN:
SF:/__w/SIPAI/SIPAI/libs/libsipai/src/TrainingDataFactory.cpp
FN:15,_ZNK5sipai19TrainingDataFactory12isDataFolderEv
FN:21,_ZN5sipai19TrainingDataFactory8loadDataEv
FN:66,_ZN5sipai19TrainingDataFactory4nextERKNS_13TrainingPhaseE
FN:136,_ZN5sipai19TrainingDataFactory13resetCountersEv
FN:141,_ZN5sipai19TrainingDataFactory5clearEv
FNDA:2,_ZNK5sipai19TrainingDataFactory12isDataFolderEv
FNDA:19,_ZN5sipai19TrainingDataFactory13resetCountersEv
FNDA:4,_ZN5sipai19TrainingDataFactory8loadDataEv
FNDA:7,_ZN5sipai19TrainingDataFactory5clearEv
FNDA:72,_ZN5sipai19TrainingDataFactory4nextERKNS_13TrainingPhaseE
FNF:5
FNH:5
DA:15,2
DA:16,2
DA:17,3
DA:18,3
DA:21,4
DA:22,4
DA:23,0
DA:26,4
DA:27,4
DA:28,1
DA:31,4
DA:33,4
DA:34,1
DA:35,1
DA:36,3
DA:37,2
DA:38,2
DA:40,1
DA:41,2
DA:43,3
DA:44,3
DA:48,3
DA:49,33
DA:50,30
DA:51,21
DA:53,9
DA:57,3
DA:58,3
DA:59,1
DA:60,1
DA:61,2
DA:64,4
DA:66,72
DA:67,72
DA:68,72
DA:69,72
DA:70,72
DA:71,72
DA:72,72
DA:73,48
DA:74,48
DA:75,48
DA:76,48
DA:77,24
DA:78,24
DA:79,24
DA:80,24
DA:81,0
DA:82,0
DA:85,72
DA:87,12
DA:89,60
DA:91,60
DA:92,0
DA:93,0
DA:98,60
DA:99,120
DA:102,60
DA:103,60
DA:104,40
DA:105,40
DA:106,40
DA:107,40
DA:108,40
DA:109,20
DA:110,20
DA:111,20
DA:112,20
DA:113,20
DA:114,0
DA:115,0
DA:118,60
DA:120,60
DA:121,0
DA:122,0
DA:123,0
DA:125,60
DA:126,60
DA:127,60
DA:128,60
DA:131,60
DA:132,60
DA:134,60
DA:136,19
DA:137,19
DA:138,19
DA:139,19
DA:141,7
DA:142,7
DA:143,7
DA:144,7
DA:145,7
DA:146,7
LF:93
LH:83
end_of_record
TN:
SF:/__w/SIPAI/SIPAI/libs/libsipai/src/TrainingDataReader.cpp
FN:17,_ZN5sipai18TrainingDataReader21loadTrainingDataPathsEv
FN:66,_ZN5sipai18TrainingDataReader22loadTrainingDataFolderEv
FNDA:1,_ZN5sipai18TrainingDataReader21loadTrainingDataPathsEv
FNDA:2,_ZN5sipai18TrainingDataReader22loadTrainingDataFolderEv
FNF:2
FNH:2
DA:17,1
DA:19,1
DA:20,1
DA:21,0
DA:26,1
DA:27,1
DA:28,0
DA:31,1
DA:32,1
DA:33,1
DA:34,1
DA:35,1
DA:36,1
DA:37,12
DA:39,11
DA:40,1
DA:42,10
DA:43,10
DA:44,10
DA:45,0
DA:46,0
DA:48,10
DA:49,10
DA:50,10
DA:51,10
DA:52,10
DA:53,10
DA:54,0
DA:55,0
DA:56,0
DA:57,0
DA:59,0
DA:61,0
DA:63,2
DA:64,1
DA:66,2
DA:68,2
DA:69,2
DA:70,0
DA:73,2
DA:75,2
DA:76,42
DA:77,20
DA:79,20
DA:80,20
DA:83,20
DA:84,20
DA:85,20
DA:86,20
DA:87,20
DA:88,20
DA:89,2
DA:90,2
DA:91,0
LF:54
LH:42
end_of_record
