TN:
SF:/__w/SIPAI/SIPAI/libs/libsipai/include/ActivationFunctions.h
FN:42,_ZN5sipai16getActivationStrB5cxx11ENS_19EActivationFunctionE
FN:60,_ZNK5sipai7sigmoidMUlRKN2cv3VecIfLi4EEEE_clES4_
FN:67,_ZNK5sipai17sigmoidDerivativeMUlRKN2cv3VecIfLi4EEEE_clES4_
FN:77,_ZNK5sipai8tanhFuncMUlRKN2cv3VecIfLi4EEEE_clES4_
FN:80,_ZZNK5sipai8tanhFuncMUlRKN2cv3VecIfLi4EEEE_clES4_ENKUlfE_clEf
FN:84,_ZNK5sipai14tanhDerivativeMUlRKN2cv3VecIfLi4EEEE_clES4_
FN:99,_ZNK5sipai4reluMUlRKN2cv3VecIfLi4EEEE_clES4_
FN:100,_ZNK5sipai14reluDerivativeMUlRKN2cv3VecIfLi4EEEE_clES4_
FN:103,_ZZNK5sipai14reluDerivativeMUlRKN2cv3VecIfLi4EEEE_clES4_ENKUlfE_clEf
FN:113,_ZNK5sipai9leakyReluMUlRKN2cv3VecIfLi4EEEE_clES4_
FN:117,_ZNK5sipai19leakyReluDerivativeMUlRKN2cv3VecIfLi4EEEE_clES4_
FN:127,_ZNK5sipai14parametricReluMUlRKN2cv3VecIfLi4EEEfE_clES4_f
FN:129,_ZZNK5sipai14parametricReluMUlRKN2cv3VecIfLi4EEEfE_clES4_fENKUlfE_clEf
FN:136,_ZNK5sipai24parametricReluDerivativeMUlRKN2cv3VecIfLi4EEEfE_clES4_f
FN:139,_ZZNK5sipai24parametricReluDerivativeMUlRKN2cv3VecIfLi4EEEfE_clES4_fENKUlfE_clEf
FN:151,_ZNK5sipai3eluMUlRKN2cv3VecIfLi4EEEfE_clES4_f
FN:153,_ZZNK5sipai3eluMUlRKN2cv3VecIfLi4EEEfE_clES4_fENKUlfE_clEf
FN:160,_ZNK5sipai13eluDerivativeMUlRKN2cv3VecIfLi4EEEfE_clES4_f
FN:163,_ZZNK5sipai13eluDerivativeMUlRKN2cv3VecIfLi4EEEfE_clES4_fENKUlfE_clEf
FNDA:2,_ZNK5sipai24parametricReluDerivativeMUlRKN2cv3VecIfLi4EEEfE_clES4_f
FNDA:4,_ZNK5sipai7sigmoidMUlRKN2cv3VecIfLi4EEEE_clES4_
FNDA:6,_ZNK5sipai8tanhFuncMUlRKN2cv3VecIfLi4EEEE_clES4_
FNDA:8,_ZZNK5sipai13eluDerivativeMUlRKN2cv3VecIfLi4EEEfE_clES4_fENKUlfE_clEf
FNDA:623,_ZNK5sipai9leakyReluMUlRKN2cv3VecIfLi4EEEE_clES4_
FNDA:2,_ZNK5sipai14reluDerivativeMUlRKN2cv3VecIfLi4EEEE_clES4_
FNDA:24,_ZZNK5sipai8tanhFuncMUlRKN2cv3VecIfLi4EEEE_clES4_ENKUlfE_clEf
FNDA:2,_ZNK5sipai17sigmoidDerivativeMUlRKN2cv3VecIfLi4EEEE_clES4_
FNDA:2,_ZNK5sipai13eluDerivativeMUlRKN2cv3VecIfLi4EEEfE_clES4_f
FNDA:8,_ZZNK5sipai14reluDerivativeMUlRKN2cv3VecIfLi4EEEE_clES4_ENKUlfE_clEf
FNDA:8,_ZZNK5sipai14parametricReluMUlRKN2cv3VecIfLi4EEEfE_clES4_fENKUlfE_clEf
FNDA:2,_ZNK5sipai4reluMUlRKN2cv3VecIfLi4EEEE_clES4_
FNDA:12,_ZZNK5sipai3eluMUlRKN2cv3VecIfLi4EEEfE_clES4_fENKUlfE_clEf
FNDA:8,_ZZNK5sipai24parametricReluDerivativeMUlRKN2cv3VecIfLi4EEEfE_clES4_fENKUlfE_clEf
FNDA:206,_ZNK5sipai19leakyReluDerivativeMUlRKN2cv3VecIfLi4EEEE_clES4_
FNDA:4,_ZN5sipai16getActivationStrB5cxx11ENS_19EActivationFunctionE
FNDA:2,_ZNK5sipai14parametricReluMUlRKN2cv3VecIfLi4EEEfE_clES4_f
FNDA:3,_ZNK5sipai14tanhDerivativeMUlRKN2cv3VecIfLi4EEEE_clES4_
FNDA:3,_ZNK5sipai3eluMUlRKN2cv3VecIfLi4EEEfE_clES4_f
FNF:19
FNH:19
DA:42,4
DA:43,8
DA:44,8
DA:45,4
DA:48,0
DA:60,4
DA:61,4
DA:62,4
DA:63,4
DA:64,4
DA:67,2
DA:68,2
DA:69,4
DA:77,6
DA:78,6
DA:79,6
DA:80,24
DA:81,6
DA:84,3
DA:85,3
DA:86,6
DA:99,2
DA:100,2
DA:101,2
DA:102,2
DA:103,8
DA:104,2
DA:113,623
DA:114,1246
DA:117,206
DA:118,412
DA:127,2
DA:128,2
DA:129,2
DA:130,8
DA:131,8
DA:133,2
DA:136,2
DA:137,2
DA:138,2
DA:139,8
DA:140,2
DA:151,3
DA:152,3
DA:153,3
DA:154,12
DA:155,12
DA:157,3
DA:160,2
DA:161,2
DA:162,2
DA:163,8
DA:164,2
LF:53
LH:52
end_of_record
TN:
SF:/__w/SIPAI/SIPAI/libs/libsipai/include/Common.h
FN:47,_ZN5sipai13getRunModeStrB5cxx11ENS_8ERunModeE
FN:63,_ZN5sipai11mat_clamp4fERKN2cv3MatERKNS0_3VecIfLi4EEES7_
FN:78,_ZN5sipai7clamp4fERKN2cv3VecIfLi4EEES4_S4_
FN:99,_ZN5sipai14getFilenameCsvERKNSt7__cxx1112basic_stringIcSt11char_traitsIcESaIcEEE
FN:104,_ZN5sipai11getHMSfromSEm
FNDA:2,_ZN5sipai13getRunModeStrB5cxx11ENS_8ERunModeE
FNDA:1348,_ZN5sipai7clamp4fERKN2cv3VecIfLi4EEES4_S4_
FNDA:2,_ZN5sipai11mat_clamp4fERKN2cv3MatERKNS0_3VecIfLi4EEES7_
FNDA:4,_ZN5sipai11getHMSfromSEm
FNDA:8,_ZN5sipai14getFilenameCsvERKNSt7__cxx1112basic_stringIcSt11char_traitsIcESaIcEEE
FNF:5
FNH:5
DA:47,2
DA:48,8
DA:49,8
DA:50,2
DA:53,0
DA:63,2
DA:66,2
DA:67,2
DA:68,2
DA:69,0
DA:78,1348
DA:81,1348
DA:82,6740
DA:83,5392
DA:85,1348
DA:99,8
DA:101,16
DA:104,4
DA:105,4
DA:106,4
DA:107,4
DA:108,4
DA:109,4
DA:110,4
LF:24
LH:22
end_of_record
TN:
SF:/__w/SIPAI/SIPAI/libs/libsipai/include/Image.h
FN:23,_ZN5sipai5Image6resizeEmm
FNDA:147,_ZN5sipai5Image6resizeEmm
FNF:1
FNH:1
DA:23,147
DA:24,147
DA:25,91
DA:27,147
LF:4
LH:4
end_of_record
TN:
SF:/__w/SIPAI/SIPAI/libs/libsipai/include/Layer.h
FN:41,_ZN5sipai5LayerC2ENS_9LayerTypeEmm
FN:53,_ZN5sipai5LayerD0Ev
FN:53,_ZN5sipai5LayerD2Ev
FN:104,_ZNK5sipai5Layer5totalEv
FN:172,_ZNK5sipai5Layer15getLayerTypeStrB5cxx11Ev
FN:182,_ZN5sipai5Layer21setActivationFunctionERKSt8functionIFN2cv3VecIfLi4EEES4_EES8_
FNDA:9,_ZNK5sipai5Layer15getLayerTypeStrB5cxx11Ev
FNDA:189,_ZNK5sipai5Layer5totalEv
FNDA:25,_ZN5sipai5LayerC2ENS_9LayerTypeEmm
FNDA:23,_ZN5sipai5Layer21setActivationFunctionERKSt8functionIFN2cv3VecIfLi4EEES4_EES8_
FNDA:25,_ZN5sipai5LayerD2Ev
FNDA:0,_ZN5sipai5LayerD0Ev
FNF:6
FNH:5
DA:41,25
DA:42,25
DA:43,25
DA:44,80
DA:45,206
DA:46,151
DA:47,151
DA:50,25
DA:51,25
DA:52,25
DA:53,25
DA:104,189
DA:172,9
DA:173,18
DA:174,18
DA:175,9
DA:178,0
DA:182,23
DA:184,23
DA:185,23
DA:186,23
LF:21
LH:20
end_of_record
TN:
SF:/__w/SIPAI/SIPAI/libs/libsipai/include/LayerHidden.h
FN:26,_ZN5sipai11LayerHiddenC2Ev
FN:27,_ZN5sipai11LayerHiddenC2Emm
FNDA:10,_ZN5sipai11LayerHiddenC2Emm
FNDA:1,_ZN5sipai11LayerHiddenC2Ev
FNF:2
FNH:2
DA:26,1
DA:27,10
DA:28,10
LF:3
LH:3
end_of_record
TN:
SF:/__w/SIPAI/SIPAI/libs/libsipai/include/LayerInput.h
FN:24,_ZN5sipai10LayerInputC2Emm
FN:27,_ZN5sipai10LayerInput18forwardPropagationERKb
FN:31,_ZN5sipai10LayerInput19backwardPropagationERKbRKfS4_
FN:37,_ZN5sipai10LayerInput13updateWeightsEf
FN:41,_ZN5sipai10LayerInput14setInputValuesERKN2cv3MatE
FNDA:41,_ZN5sipai10LayerInput14setInputValuesERKN2cv3MatE
FNDA:34,_ZN5sipai10LayerInput19backwardPropagationERKbRKfS4_
FNDA:34,_ZN5sipai10LayerInput13updateWeightsEf
FNDA:7,_ZN5sipai10LayerInputC2Emm
FNDA:41,_ZN5sipai10LayerInput18forwardPropagationERKb
FNF:5
FNH:5
DA:24,7
DA:25,7
DA:27,41
DA:29,41
DA:31,34
DA:35,34
DA:37,34
DA:39,34
DA:41,41
DA:42,41
DA:43,0
DA:45,41
DA:46,41
LF:13
LH:12
end_of_record
TN:
SF:/__w/SIPAI/SIPAI/libs/libsipai/include/LayerOutput.h
FN:29,_ZN5sipai11LayerOutputC2Emm
FN:34,_ZNK5sipai11LayerOutput15getOutputValuesEv
FNDA:41,_ZNK5sipai11LayerOutput15getOutputValuesEv
FNDA:7,_ZN5sipai11LayerOutputC2Emm
FNF:2
FNH:2
DA:29,7
DA:30,7
DA:34,41
LF:3
LH:3
end_of_record
TN:
SF:/__w/SIPAI/SIPAI/libs/libsipai/include/Manager.h
FN:24,_ZN5sipai7Manager11getInstanceEv
FN:26,_ZZN5sipai7Manager11getInstanceEvENKUlvE_clEv
FN:29,_ZN5sipai7Manager16getConstInstanceEv
FN:34,_ZN5sipai7ManagerD2Ev
FN:88,_ZNK5sipai7Manager16getVersionHeaderB5cxx11Ev
FN:93,_ZN5sipai7ManagerC2Ev
FNDA:1,_ZZN5sipai7Manager11getInstanceEvENKUlvE_clEv
FNDA:310,_ZN5sipai7Manager16getConstInstanceEv
FNDA:384,_ZN5sipai7Manager11getInstanceEv
FNDA:2,_ZNK5sipai7Manager16getVersionHeaderB5cxx11Ev
FNDA:1,_ZN5sipai7ManagerD2Ev
FNDA:1,_ZN5sipai7ManagerC2Ev
FNF:6
FNH:6
DA:24,384
DA:26,385
DA:27,384
DA:29,310
DA:30,310
DA:34,1
DA:88,2
DA:89,4
DA:93,1
LF:9
LH:9
end_of_record
TN:
SF:/__w/SIPAI/SIPAI/libs/libsipai/include/NeuralNetwork.h
FN:29,_ZN5sipai13NeuralNetworkC2Ev
FN:37,_ZN5sipai13NeuralNetworkD2Ev
FNDA:9,_ZN5sipai13NeuralNetworkD2Ev
FNDA:9,_ZN5sipai13NeuralNetworkC2Ev
FNF:2
FNH:2
DA:29,9
DA:37,9
DA:38,34
DA:39,25
DA:40,25
DA:43,9
LF:6
LH:6
end_of_record
TN:
SF:/__w/SIPAI/SIPAI/libs/libsipai/include/NeuralNetworkBuilder.h
FN:30,_ZN5sipai20NeuralNetworkBuilder4withERSt10unique_ptrINS_13NeuralNetworkESt14default_deleteIS2_EE
FN:41,_ZN5sipai20NeuralNetworkBuilder4withERNS_19NeuralNetworkParamsE
FNDA:1,_ZN5sipai20NeuralNetworkBuilder4withERSt10unique_ptrINS_13NeuralNetworkESt14default_deleteIS2_EE
FNDA:8,_ZN5sipai20NeuralNetworkBuilder4withERNS_19NeuralNetworkParamsE
FNF:2
FNH:2
DA:30,1
DA:31,1
DA:32,1
DA:41,8
DA:42,8
DA:43,8
LF:6
LH:6
end_of_record
TN:
SF:/__w/SIPAI/SIPAI/libs/libsipai/include/NeuralNetworkImportExportFacade.h
FN:21,_ZN5sipai31NeuralNetworkImportExportFacadeD0Ev
FN:21,_ZN5sipai31NeuralNetworkImportExportFacadeD2Ev
FNDA:5,_ZN5sipai31NeuralNetworkImportExportFacadeD2Ev
FNDA:3,_ZN5sipai31NeuralNetworkImportExportFacadeD0Ev
FNF:2
FNH:2
DA:21,8
LF:1
LH:1
end_of_record
TN:
SF:/__w/SIPAI/SIPAI/libs/libsipai/include/Neuron.h
FN:32,_ZN5sipai6NeuronC2Ev
FN:59,_ZN5sipai6Neuron11initWeightsEmm
FN:66,_ZNK5sipai6Neuron11toStringCsvB5cxx11Em
FN:87,_ZNK5sipai6Neuron20toNeighborsStringCsvB5cxx11Em
FNDA:65,_ZN5sipai6NeuronC2Ev
FNDA:45,_ZNK5sipai6Neuron20toNeighborsStringCsvB5cxx11Em
FNDA:45,_ZNK5sipai6Neuron11toStringCsvB5cxx11Em
FNDA:108,_ZN5sipai6Neuron11initWeightsEmm
FNF:4
FNH:4
DA:32,65
DA:59,108
DA:60,108
DA:63,108
DA:64,108
DA:66,45
DA:67,45
DA:68,162
DA:69,351
DA:70,1170
DA:71,936
DA:77,81
DA:78,36
DA:80,45
DA:81,45
DA:82,45
DA:84,90
DA:85,45
DA:87,45
DA:88,45
DA:89,159
DA:90,570
DA:91,456
DA:95,201
DA:96,156
DA:98,45
DA:99,45
DA:100,45
DA:102,90
DA:103,45
LF:30
LH:30
end_of_record
TN:
SF:/__w/SIPAI/SIPAI/libs/libsipai/include/NeuronConnection.h
FN:21,_ZN5sipai16NeuronConnectionC2EPNS_6NeuronEN2cv3VecIfLi4EEE
FNDA:308,_ZN5sipai16NeuronConnectionC2EPNS_6NeuronEN2cv3VecIfLi4EEE
FNF:1
FNH:1
DA:21,308
DA:22,308
LF:2
LH:2
end_of_record
TN:
SF:/__w/SIPAI/SIPAI/libs/libsipai/include/RunnerVisitor.h
FN:19,_ZN5sipai13RunnerVisitorD0Ev
FN:19,_ZN5sipai13RunnerVisitorD2Ev
FNDA:0,_ZN5sipai13RunnerVisitorD0Ev
FNDA:4,_ZN5sipai13RunnerVisitorD2Ev
FNF:2
FNH:1
DA:19,4
LF:1
LH:1
end_of_record
TN:
SF:/__w/SIPAI/SIPAI/libs/libsipai/include/RunnerVisitorFactory.h
FN:18,_ZN5sipai20RunnerVisitorFactory27getTrainingMonitoredVisitorEv
FN:26,_ZN5sipai20RunnerVisitorFactory18getEnhancerVisitorEv
FNDA:0,_ZN5sipai20RunnerVisitorFactory18getEnhancerVisitorEv
FNDA:2,_ZN5sipai20RunnerVisitorFactory27getTrainingMonitoredVisitorEv
FNF:2
FNH:1
DA:18,2
DA:19,2
DA:21,1
DA:23,2
DA:26,0
DA:27,0
DA:28,0
DA:30,0
LF:8
LH:4
end_of_record
TN:
SF:/__w/SIPAI/SIPAI/libs/libsipai/include/SimpleLogger.h
FN:32,_ZN5sipai12SimpleLogger11getInstanceEv
FN:55,_ZNK5sipai12SimpleLogger3logIJRNSt7__cxx1112basic_stringIcSt11char_traitsIcESaIcEEEEEERKS0_NS_8LogLevelEbDpOT_
FN:55,_ZNK5sipai12SimpleLogger3logIJRA40_KcEEERKS0_NS_8LogLevelEbDpOT_
FN:55,_ZNK5sipai12SimpleLogger3logIJRA31_KcEEERKS0_NS_8LogLevelEbDpOT_
FN:55,_ZNK5sipai12SimpleLogger3logIJRA30_KcRNSt7__cxx1112basic_stringIcSt11char_traitsIcESaIcEEERA6_S2_SB_RA4_S2_EEERKS0_NS_8LogLevelEbDpOT_
FN:55,_ZNK5sipai12SimpleLogger3logIJRA34_KcEEERKS0_NS_8LogLevelEbDpOT_
FN:55,_ZNK5sipai12SimpleLogger3logIJRA18_KcEEERKS0_NS_8LogLevelEbDpOT_
FN:55,_ZNK5sipai12SimpleLogger3logIJRA23_KcEEERKS0_NS_8LogLevelEbDpOT_
FN:55,_ZNK5sipai12SimpleLogger3logIJRA24_KcEEERKS0_NS_8LogLevelEbDpOT_
FN:55,_ZNK5sipai12SimpleLogger3logIJRA24_KcRPS2_EEERKS0_NS_8LogLevelEbDpOT_
FN:55,_ZNK5sipai12SimpleLogger3logIJRA27_KcRmRA2_S2_S5_RA4_S2_EEERKS0_NS_8LogLevelEbDpOT_
FN:55,_ZNK5sipai12SimpleLogger3logIJRA17_KcEEERKS0_NS_8LogLevelEbDpOT_
FN:55,_ZNK5sipai12SimpleLogger3logIJRA47_KcRNSt7__cxx1112basic_stringIcSt11char_traitsIcESaIcEEEEEERKS0_NS_8LogLevelEbDpOT_
FN:55,_ZNK5sipai12SimpleLogger3logIJRA35_KcRNSt7__cxx1112basic_stringIcSt11char_traitsIcESaIcEEERA4_S2_EEERKS0_NS_8LogLevelEbDpOT_
FN:55,_ZNK5sipai12SimpleLogger3logIJRA66_KcEEERKS0_NS_8LogLevelEbDpOT_
FN:55,_ZNK5sipai12SimpleLogger3logIJRA12_KcRfRA2_S2_EEERKS0_NS_8LogLevelEbDpOT_
FN:55,_ZNK5sipai12SimpleLogger3logIJRA153_KcEEERKS0_NS_8LogLevelEbDpOT_
FN:55,_ZNK5sipai12SimpleLogger3logIJRA21_KcEEERKS0_NS_8LogLevelEbDpOT_
FN:55,_ZNK5sipai12SimpleLogger3logIJRA37_KcEEERKS0_NS_8LogLevelEbDpOT_
FN:55,_ZNK5sipai12SimpleLogger3logIJRA15_KcRKfRA14_S2_RfEEERKS0_NS_8LogLevelEbDpOT_
FN:55,_ZNK5sipai12SimpleLogger3logIJRA51_KcRiEEERKS0_NS_8LogLevelEbDpOT_
FN:55,_ZNK5sipai12SimpleLogger3logIJRA8_KcRiRA15_S2_RfRA21_S2_S8_RA2_S2_RNSt7__cxx1112basic_stringIcSt11char_traitsIcESaIcEEEEEERKS0_NS_8LogLevelEbDpOT_
FN:55,_ZNK5sipai12SimpleLogger3logIJRA39_KcRNSt7__cxx1112basic_stringIcSt11char_traitsIcESaIcEEERA4_S2_EEERKS0_NS_8LogLevelEbDpOT_
FN:55,_ZNK5sipai12SimpleLogger3logIJRA28_KcRiRA4_S2_RPS2_EEERKS0_NS_8LogLevelEbDpOT_
FN:55,_ZNK5sipai12SimpleLogger3logIJRA26_KcRmRA2_S2_S5_RA4_S2_EEERKS0_NS_8LogLevelEbDpOT_
FN:55,_ZNK5sipai12SimpleLogger3logIJRA33_KcRPS2_EEERKS0_NS_8LogLevelEbDpOT_
FN:55,_ZNK5sipai12SimpleLogger3logIJRA17_KcRPS2_EEERKS0_NS_8LogLevelEbDpOT_
FN:55,_ZNK5sipai12SimpleLogger3logIJRA8_KcRmRPS2_RA7_S2_S5_RA2_S2_S5_RA4_S2_EEERKS0_NS_8LogLevelEbDpOT_
FN:55,_ZNK5sipai12SimpleLogger3logIJRA19_KcEEERKS0_NS_8LogLevelEbDpOT_
FN:55,_ZNK5sipai12SimpleLogger3logIJRA13_KcRA8_S2_RNSt7__cxx1112basic_stringIcSt11char_traitsIcESaIcEEERA18_S2_RmS6_SF_SG_RA28_S2_SD_RA29_S2_RfRA17_S2_SL_RA26_S2_RPS2_RA35_S2_SR_RA33_S2_SL_RA22_S2_SL_SX_SL_RA20_S2_SG_RA2_S2_SG_RA21_S2_SG_S11_SG_S13_SG_S11_SG_SN_SG_RA30_S2_SD_RA27_S2_SL_S15_SD_S17_SL_RA23_S2_SG_RA16_S2_SL_RA15_S2_SG_RA25_S2_SR_S19_SR_SP_SR_S17_SR_SX_SR_RA24_S2_SR_SX_SR_EEERKS0_NS_8LogLevelEbDpOT_
FN:55,_ZNK5sipai12SimpleLogger3logIJRA21_KcRmRA2_S2_S5_RA4_S2_EEERKS0_NS_8LogLevelEbDpOT_
FN:55,_ZNK5sipai12SimpleLogger3logIJRA28_KcEEERKS0_NS_8LogLevelEbDpOT_
FN:55,_ZNK5sipai12SimpleLogger3logIJRA34_KcRPS2_EEERKS0_NS_8LogLevelEbDpOT_
FN:55,_ZNK5sipai12SimpleLogger3logIJRA22_KcRmRA23_S2_S5_RA24_S2_EEERKS0_NS_8LogLevelEbDpOT_
FN:55,_ZNK5sipai12SimpleLogger3logIJRA15_KcRKmRA3_S2_S6_S8_S6_RA2_S2_EEERKS0_NS_8LogLevelEbDpOT_
FN:55,_ZNK5sipai12SimpleLogger3logIJRA20_KcEEERKS0_NS_8LogLevelEbDpOT_
FN:55,_ZNK5sipai12SimpleLogger3logIJRA39_KcEEERKS0_NS_8LogLevelEbDpOT_
FN:55,_ZNK5sipai12SimpleLogger3logIJRA125_KcEEERKS0_NS_8LogLevelEbDpOT_
FN:180,_ZNK5sipai12SimpleLogger4infoIJRA66_KcEEERKS0_DpOT_
FN:180,_ZNK5sipai12SimpleLogger4infoIJRA28_KcEEERKS0_DpOT_
FN:180,_ZNK5sipai12SimpleLogger4infoIJRA39_KcRNSt7__cxx1112basic_stringIcSt11char_traitsIcESaIcEEERA4_S2_EEERKS0_DpOT_
FN:180,_ZNK5sipai12SimpleLogger4infoIJRA19_KcEEERKS0_DpOT_
FN:180,_ZNK5sipai12SimpleLogger4infoIJRA34_KcEEERKS0_DpOT_
FN:180,_ZNK5sipai12SimpleLogger4infoIJRA31_KcEEERKS0_DpOT_
FN:180,_ZNK5sipai12SimpleLogger4infoIJRA15_KcRKmRA3_S2_S6_S8_S6_RA2_S2_EEERKS0_DpOT_
FN:180,_ZNK5sipai12SimpleLogger4infoIJRA8_KcRiRA15_S2_RfRA21_S2_S8_RA2_S2_RNSt7__cxx1112basic_stringIcSt11char_traitsIcESaIcEEEEEERKS0_DpOT_
FN:180,_ZNK5sipai12SimpleLogger4infoIJRA15_KcRKfRA14_S2_RfEEERKS0_DpOT_
FN:180,_ZNK5sipai12SimpleLogger4infoIJRNSt7__cxx1112basic_stringIcSt11char_traitsIcESaIcEEEEEERKS0_DpOT_
FN:180,_ZNK5sipai12SimpleLogger4infoIJRA125_KcEEERKS0_DpOT_
FN:180,_ZNK5sipai12SimpleLogger4infoIJRA24_KcEEERKS0_DpOT_
FN:180,_ZNK5sipai12SimpleLogger4infoIJRA40_KcEEERKS0_DpOT_
FN:180,_ZNK5sipai12SimpleLogger4infoIJRA8_KcRmRPS2_RA7_S2_S5_RA2_S2_S5_RA4_S2_EEERKS0_DpOT_
FN:180,_ZNK5sipai12SimpleLogger4infoIJRA35_KcRNSt7__cxx1112basic_stringIcSt11char_traitsIcESaIcEEERA4_S2_EEERKS0_DpOT_
FN:180,_ZNK5sipai12SimpleLogger4infoIJRA34_KcRPS2_EEERKS0_DpOT_
FN:180,_ZNK5sipai12SimpleLogger4infoIJRA20_KcEEERKS0_DpOT_
FN:180,_ZNK5sipai12SimpleLogger4infoIJRA13_KcRA8_S2_RNSt7__cxx1112basic_stringIcSt11char_traitsIcESaIcEEERA18_S2_RmS6_SF_SG_RA28_S2_SD_RA29_S2_RfRA17_S2_SL_RA26_S2_RPS2_RA35_S2_SR_RA33_S2_SL_RA22_S2_SL_SX_SL_RA20_S2_SG_RA2_S2_SG_RA21_S2_SG_S11_SG_S13_SG_S11_SG_SN_SG_RA30_S2_SD_RA27_S2_SL_S15_SD_S17_SL_RA23_S2_SG_RA16_S2_SL_RA15_S2_SG_RA25_S2_SR_S19_SR_SP_SR_S17_SR_SX_SR_RA24_S2_SR_SX_SR_EEERKS0_DpOT_
FN:180,_ZNK5sipai12SimpleLogger4infoIJRA18_KcEEERKS0_DpOT_
FN:180,_ZNK5sipai12SimpleLogger4infoIJRA153_KcEEERKS0_DpOT_
FN:180,_ZNK5sipai12SimpleLogger4infoIJRA39_KcEEERKS0_DpOT_
FN:180,_ZNK5sipai12SimpleLogger4infoIJRA30_KcRNSt7__cxx1112basic_stringIcSt11char_traitsIcESaIcEEERA6_S2_SB_RA4_S2_EEERKS0_DpOT_
FN:180,_ZNK5sipai12SimpleLogger4infoIJRA21_KcEEERKS0_DpOT_
FN:180,_ZNK5sipai12SimpleLogger4infoIJRA22_KcRmRA23_S2_S5_RA24_S2_EEERKS0_DpOT_
FN:180,_ZNK5sipai12SimpleLogger4infoIJRA47_KcRNSt7__cxx1112basic_stringIcSt11char_traitsIcESaIcEEEEEERKS0_DpOT_
FN:180,_ZNK5sipai12SimpleLogger4infoIJRA17_KcEEERKS0_DpOT_
FN:196,_ZNK5sipai12SimpleLogger4warnIJRA51_KcRiEEERKS0_DpOT_
FN:196,_ZNK5sipai12SimpleLogger4warnIJNSt7__cxx1112basic_stringIcSt11char_traitsIcESaIcEEEEEERKS0_DpOT_
FN:212,_ZNK5sipai12SimpleLogger5errorIJRA24_KcRPS2_EEERKS0_DpOT_
FN:212,_ZNK5sipai12SimpleLogger5errorIJRA28_KcRiRA4_S2_RPS2_EEERKS0_DpOT_
FN:212,_ZNK5sipai12SimpleLogger5errorIJRA34_KcEEERKS0_DpOT_
FN:212,_ZNK5sipai12SimpleLogger5errorIJRA17_KcRPS2_EEERKS0_DpOT_
FN:212,_ZNK5sipai12SimpleLogger5errorIJRA33_KcRPS2_EEERKS0_DpOT_
FN:228,_ZNK5sipai12SimpleLogger5debugIJRA27_KcRmRA2_S2_S5_RA4_S2_EEERKS0_DpOT_
FN:228,_ZNK5sipai12SimpleLogger5debugIJRA12_KcRfRA2_S2_EEERKS0_DpOT_
FN:228,_ZNK5sipai12SimpleLogger5debugIJRA26_KcRmRA2_S2_S5_RA4_S2_EEERKS0_DpOT_
FN:228,_ZNK5sipai12SimpleLogger5debugIJRA23_KcEEERKS0_DpOT_
FN:228,_ZNK5sipai12SimpleLogger5debugIJRA37_KcEEERKS0_DpOT_
FN:228,_ZNK5sipai12SimpleLogger5debugIJRA21_KcRmRA2_S2_S5_RA4_S2_EEERKS0_DpOT_
FN:228,_ZNK5sipai12SimpleLogger5debugIJRA20_KcEEERKS0_DpOT_
FN:263,_ZNK5sipai12SimpleLogger12getPrecisionEv
FN:271,_ZNK5sipai12SimpleLogger12setPrecisionEl
FN:294,_ZN5sipai12SimpleLogger8LOG_INFOIJRA35_KcRNSt7__cxx1112basic_stringIcSt11char_traitsIcESaIcEEERA4_S2_EEERKS0_DpOT_
FN:294,_ZN5sipai12SimpleLogger8LOG_INFOIJRA39_KcEEERKS0_DpOT_
FN:294,_ZN5sipai12SimpleLogger8LOG_INFOIJRA34_KcPS2_EEERKS0_DpOT_
FN:294,_ZN5sipai12SimpleLogger8LOG_INFOIJRA21_KcEEERKS0_DpOT_
FN:294,_ZN5sipai12SimpleLogger8LOG_INFOIJRA15_KcRKmRA3_S2_S6_S8_S6_RA2_S2_EEERKS0_DpOT_
FN:294,_ZN5sipai12SimpleLogger8LOG_INFOIJRA125_KcEEERKS0_DpOT_
FN:294,_ZN5sipai12SimpleLogger8LOG_INFOIJRA24_KcEEERKS0_DpOT_
FN:294,_ZN5sipai12SimpleLogger8LOG_INFOIJRA22_KcmRA23_S2_mRA24_S2_EEERKS0_DpOT_
FN:294,_ZN5sipai12SimpleLogger8LOG_INFOIJRA66_KcEEERKS0_DpOT_
FN:294,_ZN5sipai12SimpleLogger8LOG_INFOIJNSt7__cxx1112basic_stringIcSt11char_traitsIcESaIcEEEEEERKS0_DpOT_
FN:294,_ZN5sipai12SimpleLogger8LOG_INFOIJRA30_KcRNSt7__cxx1112basic_stringIcSt11char_traitsIcESaIcEEERA6_S2_SA_RA4_S2_EEERKS0_DpOT_
FN:294,_ZN5sipai12SimpleLogger8LOG_INFOIJRA19_KcEEERKS0_DpOT_
FN:294,_ZN5sipai12SimpleLogger8LOG_INFOIJRA8_KciRA15_S2_fRA21_S2_fRA2_S2_NSt7__cxx1112basic_stringIcSt11char_traitsIcESaIcEEEEEERKS0_DpOT_
FN:294,_ZN5sipai12SimpleLogger8LOG_INFOIJRA31_KcEEERKS0_DpOT_
FN:294,_ZN5sipai12SimpleLogger8LOG_INFOIJRA13_KcRA8_S2_NSt7__cxx1112basic_stringIcSt11char_traitsIcESaIcEEERA18_S2_RmS6_SE_SF_RA28_S2_SC_RA29_S2_RfRA17_S2_SK_RA26_S2_PS2_RA35_S2_SP_RA33_S2_SK_RA22_S2_SK_SV_SK_RA20_S2_SF_RA2_S2_SF_RA21_S2_SF_SZ_SF_S11_SF_SZ_SF_SM_SF_RA30_S2_SC_RA27_S2_SK_S13_SC_S15_SK_RA23_S2_SF_RA16_S2_SK_RA15_S2_SF_RA25_S2_SP_S17_SP_SO_SP_S15_SP_SV_SP_RA24_S2_SP_SV_SP_EEERKS0_DpOT_
FN:294,_ZN5sipai12SimpleLogger8LOG_INFOIJRA20_KcEEERKS0_DpOT_
FN:294,_ZN5sipai12SimpleLogger8LOG_INFOIJRA47_KcRNSt7__cxx1112basic_stringIcSt11char_traitsIcESaIcEEEEEERKS0_DpOT_
FN:294,_ZN5sipai12SimpleLogger8LOG_INFOIJRA17_KcEEERKS0_DpOT_
FN:294,_ZN5sipai12SimpleLogger8LOG_INFOIJRA39_KcRNSt7__cxx1112basic_stringIcSt11char_traitsIcESaIcEEERA4_S2_EEERKS0_DpOT_
FN:294,_ZN5sipai12SimpleLogger8LOG_INFOIJRA28_KcEEERKS0_DpOT_
FN:294,_ZN5sipai12SimpleLogger8LOG_INFOIJRA40_KcEEERKS0_DpOT_
FN:294,_ZN5sipai12SimpleLogger8LOG_INFOIJRA18_KcEEERKS0_DpOT_
FN:294,_ZN5sipai12SimpleLogger8LOG_INFOIJRA153_KcEEERKS0_DpOT_
FN:294,_ZN5sipai12SimpleLogger8LOG_INFOIJRA34_KcEEERKS0_DpOT_
FN:294,_ZN5sipai12SimpleLogger8LOG_INFOIJRA8_KcmPS2_RA7_S2_RmRA2_S2_mRA4_S2_EEERKS0_DpOT_
FN:308,_ZN5sipai12SimpleLogger8LOG_WARNIJRA51_KcRiEEERKS0_DpOT_
FN:308,_ZN5sipai12SimpleLogger8LOG_WARNIJRA51_KciEEERKS0_DpOT_
FN:322,_ZN5sipai12SimpleLogger9LOG_ERRORIJRA34_KcEEERKS0_DpOT_
FN:322,_ZN5sipai12SimpleLogger9LOG_ERRORIJRA28_KcRiRA4_S2_PS2_EEERKS0_DpOT_
FN:322,_ZN5sipai12SimpleLogger9LOG_ERRORIJRA17_KcPS2_EEERKS0_DpOT_
FN:322,_ZN5sipai12SimpleLogger9LOG_ERRORIJRA24_KcPS2_EEERKS0_DpOT_
FN:322,_ZN5sipai12SimpleLogger9LOG_ERRORIJRA33_KcPS2_EEERKS0_DpOT_
FN:336,_ZN5sipai12SimpleLogger9LOG_DEBUGIJRA27_KcmRA2_S2_mRA4_S2_EEERKS0_DpOT_
FN:336,_ZN5sipai12SimpleLogger9LOG_DEBUGIJRA26_KcmRA2_S2_mRA4_S2_EEERKS0_DpOT_
FN:336,_ZN5sipai12SimpleLogger9LOG_DEBUGIJRA21_KcmRA2_S2_mRA4_S2_EEERKS0_DpOT_
FN:336,_ZN5sipai12SimpleLogger9LOG_DEBUGIJRA12_KcfRA2_S2_EEERKS0_DpOT_
FN:336,_ZN5sipai12SimpleLogger9LOG_DEBUGIJRA20_KcEEERKS0_DpOT_
FN:336,_ZN5sipai12SimpleLogger9LOG_DEBUGIJRA23_KcEEERKS0_DpOT_
FN:336,_ZN5sipai12SimpleLogger9LOG_DEBUGIJRA37_KcEEERKS0_DpOT_
FN:343,_ZN5sipai12SimpleLoggerC2Ev
FN:348,_ZNK5sipai12SimpleLogger13get_timestampB5cxx11Ev
FNDA:2,_ZNK5sipai12SimpleLogger3logIJRA13_KcRA8_S2_RNSt7__cxx1112basic_stringIcSt11char_traitsIcESaIcEEERA18_S2_RmS6_SF_SG_RA28_S2_SD_RA29_S2_RfRA17_S2_SL_RA26_S2_RPS2_RA35_S2_SR_RA33_S2_SL_RA22_S2_SL_SX_SL_RA20_S2_SG_RA2_S2_SG_RA21_S2_SG_S11_SG_S13_SG_S11_SG_SN_SG_RA30_S2_SD_RA27_S2_SL_S15_SD_S17_SL_RA23_S2_SG_RA16_S2_SL_RA15_S2_SG_RA25_S2_SR_S19_SR_SP_SR_S17_SR_SX_SR_RA24_S2_SR_SX_SR_EEERKS0_NS_8LogLevelEbDpOT_
FNDA:6,_ZNK5sipai12SimpleLogger4infoIJRA39_KcEEERKS0_DpOT_
FNDA:0,_ZNK5sipai12SimpleLogger5errorIJRA34_KcEEERKS0_DpOT_
FNDA:0,_ZNK5sipai12SimpleLogger3logIJRA19_KcEEERKS0_NS_8LogLevelEbDpOT_
FNDA:0,_ZNK5sipai12SimpleLogger4infoIJRA153_KcEEERKS0_DpOT_
FNDA:73,_ZN5sipai12SimpleLogger11getInstanceEv
FNDA:1,_ZN5sipai12SimpleLoggerC2Ev
FNDA:0,_ZNK5sipai12SimpleLogger3logIJRA8_KcRmRPS2_RA7_S2_S5_RA2_S2_S5_RA4_S2_EEERKS0_NS_8LogLevelEbDpOT_
FNDA:0,_ZN5sipai12SimpleLogger8LOG_INFOIJRA28_KcEEERKS0_DpOT_
FNDA:3,_ZNK5sipai12SimpleLogger4infoIJRA30_KcRNSt7__cxx1112basic_stringIcSt11char_traitsIcESaIcEEERA6_S2_SB_RA4_S2_EEERKS0_DpOT_
FNDA:0,_ZNK5sipai12SimpleLogger5errorIJRA17_KcRPS2_EEERKS0_DpOT_
FNDA:21,_ZN5sipai12SimpleLogger8LOG_INFOIJRA40_KcEEERKS0_DpOT_
FNDA:0,_ZNK5sipai12SimpleLogger3logIJRA21_KcRmRA2_S2_S5_RA4_S2_EEERKS0_NS_8LogLevelEbDpOT_
FNDA:4,_ZNK5sipai12SimpleLogger4infoIJRA21_KcEEERKS0_DpOT_
FNDA:1,_ZN5sipai12SimpleLogger8LOG_INFOIJRA39_KcRNSt7__cxx1112basic_stringIcSt11char_traitsIcESaIcEEERA4_S2_EEERKS0_DpOT_
FNDA:0,_ZN5sipai12SimpleLogger8LOG_WARNIJRA51_KcRiEEERKS0_DpOT_
FNDA:0,_ZN5sipai12SimpleLogger9LOG_DEBUGIJRA37_KcEEERKS0_DpOT_
FNDA:0,_ZNK5sipai12SimpleLogger5debugIJRA20_KcEEERKS0_DpOT_
FNDA:1,_ZNK5sipai12SimpleLogger4infoIJRA47_KcRNSt7__cxx1112basic_stringIcSt11char_traitsIcESaIcEEEEEERKS0_DpOT_
FNDA:0,_ZN5sipai12SimpleLogger8LOG_WARNIJRA51_KciEEERKS0_DpOT_
FNDA:2,_ZNK5sipai12SimpleLogger3logIJRA15_KcRKmRA3_S2_S6_S8_S6_RA2_S2_EEERKS0_NS_8LogLevelEbDpOT_
FNDA:0,_ZNK5sipai12SimpleLogger4warnIJNSt7__cxx1112basic_stringIcSt11char_traitsIcESaIcEEEEEERKS0_DpOT_
FNDA:0,_ZN5sipai12SimpleLogger8LOG_INFOIJRA153_KcEEERKS0_DpOT_
FNDA:0,_ZNK5sipai12SimpleLogger4infoIJRA22_KcRmRA23_S2_S5_RA24_S2_EEERKS0_DpOT_
FNDA:7,_ZN5sipai12SimpleLogger8LOG_INFOIJRA18_KcEEERKS0_DpOT_
FNDA:0,_ZNK5sipai12SimpleLogger3logIJRA34_KcRPS2_EEERKS0_NS_8LogLevelEbDpOT_
FNDA:0,_ZNK5sipai12SimpleLogger3logIJRA22_KcRmRA23_S2_S5_RA24_S2_EEERKS0_NS_8LogLevelEbDpOT_
FNDA:0,_ZNK5sipai12SimpleLogger5errorIJRA33_KcRPS2_EEERKS0_DpOT_
FNDA:0,_ZNK5sipai12SimpleLogger3logIJRA28_KcEEERKS0_NS_8LogLevelEbDpOT_
FNDA:0,_ZNK5sipai12SimpleLogger3logIJRA125_KcEEERKS0_NS_8LogLevelEbDpOT_
FNDA:0,_ZN5sipai12SimpleLogger8LOG_INFOIJRA8_KcmPS2_RA7_S2_RmRA2_S2_mRA4_S2_EEERKS0_DpOT_
FNDA:6,_ZNK5sipai12SimpleLogger3logIJRA39_KcEEERKS0_NS_8LogLevelEbDpOT_
FNDA:2,_ZNK5sipai12SimpleLogger3logIJRA20_KcEEERKS0_NS_8LogLevelEbDpOT_
FNDA:6,_ZNK5sipai12SimpleLogger4infoIJRA17_KcEEERKS0_DpOT_
FNDA:0,_ZN5sipai12SimpleLogger8LOG_INFOIJRA34_KcEEERKS0_DpOT_
FNDA:4,_ZNK5sipai12SimpleLogger3logIJRA8_KcRiRA15_S2_RfRA21_S2_S8_RA2_S2_RNSt7__cxx1112basic_stringIcSt11char_traitsIcESaIcEEEEEERKS0_NS_8LogLevelEbDpOT_
FNDA:0,_ZN5sipai12SimpleLogger8LOG_INFOIJRA19_KcEEERKS0_DpOT_
FNDA:0,_ZNK5sipai12SimpleLogger5debugIJRA23_KcEEERKS0_DpOT_
FNDA:0,_ZNK5sipai12SimpleLogger3logIJRA51_KcRiEEERKS0_NS_8LogLevelEbDpOT_
FNDA:0,_ZNK5sipai12SimpleLogger4infoIJRA24_KcEEERKS0_DpOT_
FNDA:0,_ZNK5sipai12SimpleLogger12getPrecisionEv
FNDA:0,_ZN5sipai12SimpleLogger9LOG_ERRORIJRA17_KcPS2_EEERKS0_DpOT_
FNDA:0,_ZNK5sipai12SimpleLogger3logIJRA15_KcRKfRA14_S2_RfEEERKS0_NS_8LogLevelEbDpOT_
FNDA:0,_ZN5sipai12SimpleLogger9LOG_DEBUGIJRA23_KcEEERKS0_DpOT_
FNDA:6,_ZN5sipai12SimpleLogger8LOG_INFOIJRA31_KcEEERKS0_DpOT_
FNDA:4,_ZN5sipai12SimpleLogger8LOG_INFOIJRA8_KciRA15_S2_fRA21_S2_fRA2_S2_NSt7__cxx1112basic_stringIcSt11char_traitsIcESaIcEEEEEERKS0_DpOT_
FNDA:0,_ZNK5sipai12SimpleLogger3logIJRA28_KcRiRA4_S2_RPS2_EEERKS0_NS_8LogLevelEbDpOT_
FNDA:0,_ZNK5sipai12SimpleLogger4infoIJRA8_KcRmRPS2_RA7_S2_S5_RA2_S2_S5_RA4_S2_EEERKS0_DpOT_
FNDA:21,_ZNK5sipai12SimpleLogger4infoIJRA40_KcEEERKS0_DpOT_
FNDA:1,_ZNK5sipai12SimpleLogger3logIJRA39_KcRNSt7__cxx1112basic_stringIcSt11char_traitsIcESaIcEEERA4_S2_EEERKS0_NS_8LogLevelEbDpOT_
FNDA:1,_ZN5sipai12SimpleLogger8LOG_INFOIJRA47_KcRNSt7__cxx1112basic_stringIcSt11char_traitsIcESaIcEEEEEERKS0_DpOT_
FNDA:0,_ZNK5sipai12SimpleLogger4infoIJRA34_KcRPS2_EEERKS0_DpOT_
FNDA:2,_ZN5sipai12SimpleLogger8LOG_INFOIJRA20_KcEEERKS0_DpOT_
FNDA:2,_ZN5sipai12SimpleLogger8LOG_INFOIJRA13_KcRA8_S2_NSt7__cxx1112basic_stringIcSt11char_traitsIcESaIcEEERA18_S2_RmS6_SE_SF_RA28_S2_SC_RA29_S2_RfRA17_S2_SK_RA26_S2_PS2_RA35_S2_SP_RA33_S2_SK_RA22_S2_SK_SV_SK_RA20_S2_SF_RA2_S2_SF_RA21_S2_SF_SZ_SF_S11_SF_SZ_SF_SM_SF_RA30_S2_SC_RA27_S2_SK_S13_SC_S15_SK_RA23_S2_SF_RA16_S2_SK_RA15_S2_SF_RA25_S2_SP_S17_SP_SO_SP_S15_SP_SV_SP_RA24_S2_SP_SV_SP_EEERKS0_DpOT_
FNDA:0,_ZNK5sipai12SimpleLogger3logIJRA26_KcRmRA2_S2_S5_RA4_S2_EEERKS0_NS_8LogLevelEbDpOT_
FNDA:1,_ZNK5sipai12SimpleLogger4infoIJRA35_KcRNSt7__cxx1112basic_stringIcSt11char_traitsIcESaIcEEERA4_S2_EEERKS0_DpOT_
FNDA:0,_ZN5sipai12SimpleLogger9LOG_ERRORIJRA24_KcPS2_EEERKS0_DpOT_
FNDA:7,_ZNK5sipai12SimpleLogger4infoIJRA18_KcEEERKS0_DpOT_
FNDA:6,_ZN5sipai12SimpleLogger8LOG_INFOIJRA17_KcEEERKS0_DpOT_
FNDA:0,_ZNK5sipai12SimpleLogger5debugIJRA37_KcEEERKS0_DpOT_
FNDA:0,_ZNK5sipai12SimpleLogger4warnIJRA51_KcRiEEERKS0_DpOT_
FNDA:0,_ZNK5sipai12SimpleLogger5debugIJRA21_KcRmRA2_S2_S5_RA4_S2_EEERKS0_DpOT_
FNDA:0,_ZNK5sipai12SimpleLogger3logIJRA17_KcRPS2_EEERKS0_NS_8LogLevelEbDpOT_
FNDA:2,_ZNK5sipai12SimpleLogger4infoIJRA20_KcEEERKS0_DpOT_
FNDA:0,_ZN5sipai12SimpleLogger9LOG_ERRORIJRA33_KcPS2_EEERKS0_DpOT_
FNDA:2,_ZNK5sipai12SimpleLogger4infoIJRA13_KcRA8_S2_RNSt7__cxx1112basic_stringIcSt11char_traitsIcESaIcEEERA18_S2_RmS6_SF_SG_RA28_S2_SD_RA29_S2_RfRA17_S2_SL_RA26_S2_RPS2_RA35_S2_SR_RA33_S2_SL_RA22_S2_SL_SX_SL_RA20_S2_SG_RA2_S2_SG_RA21_S2_SG_S11_SG_S13_SG_S11_SG_SN_SG_RA30_S2_SD_RA27_S2_SL_S15_SD_S17_SL_RA23_S2_SG_RA16_S2_SL_RA15_S2_SG_RA25_S2_SR_S19_SR_SP_SR_S17_SR_SX_SR_RA24_S2_SR_SX_SR_EEERKS0_DpOT_
FNDA:0,_ZNK5sipai12SimpleLogger3logIJRA33_KcRPS2_EEERKS0_NS_8LogLevelEbDpOT_
FNDA:2,_ZN5sipai12SimpleLogger8LOG_INFOIJRA66_KcEEERKS0_DpOT_
FNDA:0,_ZNK5sipai12SimpleLogger3logIJRA27_KcRmRA2_S2_S5_RA4_S2_EEERKS0_NS_8LogLevelEbDpOT_
FNDA:1,_ZNK5sipai12SimpleLogger3logIJRA47_KcRNSt7__cxx1112basic_stringIcSt11char_traitsIcESaIcEEEEEERKS0_NS_8LogLevelEbDpOT_
FNDA:6,_ZNK5sipai12SimpleLogger3logIJRA17_KcEEERKS0_NS_8LogLevelEbDpOT_
FNDA:0,_ZNK5sipai12SimpleLogger3logIJRA24_KcRPS2_EEERKS0_NS_8LogLevelEbDpOT_
FNDA:0,_ZN5sipai12SimpleLogger9LOG_DEBUGIJRA12_KcfRA2_S2_EEERKS0_DpOT_
FNDA:0,_ZN5sipai12SimpleLogger9LOG_ERRORIJRA28_KcRiRA4_S2_PS2_EEERKS0_DpOT_
FNDA:0,_ZN5sipai12SimpleLogger9LOG_DEBUGIJRA21_KcmRA2_S2_mRA4_S2_EEERKS0_DpOT_
FNDA:0,_ZN5sipai12SimpleLogger8LOG_INFOIJRA22_KcmRA23_S2_mRA24_S2_EEERKS0_DpOT_
FNDA:0,_ZNK5sipai12SimpleLogger3logIJRA23_KcEEERKS0_NS_8LogLevelEbDpOT_
FNDA:0,_ZN5sipai12SimpleLogger9LOG_ERRORIJRA34_KcEEERKS0_DpOT_
FNDA:7,_ZNK5sipai12SimpleLogger3logIJRA18_KcEEERKS0_NS_8LogLevelEbDpOT_
FNDA:0,_ZNK5sipai12SimpleLogger3logIJRA24_KcEEERKS0_NS_8LogLevelEbDpOT_
FNDA:6,_ZNK5sipai12SimpleLogger4infoIJRA31_KcEEERKS0_DpOT_
FNDA:2,_ZNK5sipai12SimpleLogger3logIJRA66_KcEEERKS0_NS_8LogLevelEbDpOT_
FNDA:3,_ZN5sipai12SimpleLogger8LOG_INFOIJRA30_KcRNSt7__cxx1112basic_stringIcSt11char_traitsIcESaIcEEERA6_S2_SA_RA4_S2_EEERKS0_DpOT_
FNDA:1,_ZNK5sipai12SimpleLogger3logIJRA35_KcRNSt7__cxx1112basic_stringIcSt11char_traitsIcESaIcEEERA4_S2_EEERKS0_NS_8LogLevelEbDpOT_
FNDA:2,_ZN5sipai12SimpleLogger8LOG_INFOIJNSt7__cxx1112basic_stringIcSt11char_traitsIcESaIcEEEEEERKS0_DpOT_
FNDA:2,_ZNK5sipai12SimpleLogger4infoIJRA15_KcRKmRA3_S2_S6_S8_S6_RA2_S2_EEERKS0_DpOT_
FNDA:4,_ZNK5sipai12SimpleLogger4infoIJRA8_KcRiRA15_S2_RfRA21_S2_S8_RA2_S2_RNSt7__cxx1112basic_stringIcSt11char_traitsIcESaIcEEEEEERKS0_DpOT_
FNDA:0,_ZNK5sipai12SimpleLogger3logIJRA153_KcEEERKS0_NS_8LogLevelEbDpOT_
FNDA:0,_ZNK5sipai12SimpleLogger3logIJRA12_KcRfRA2_S2_EEERKS0_NS_8LogLevelEbDpOT_
FNDA:2,_ZNK5sipai12SimpleLogger4infoIJRNSt7__cxx1112basic_stringIcSt11char_traitsIcESaIcEEEEEERKS0_DpOT_
FNDA:0,_ZNK5sipai12SimpleLogger4infoIJRA15_KcRKfRA14_S2_RfEEERKS0_DpOT_
FNDA:0,_ZNK5sipai12SimpleLogger4infoIJRA125_KcEEERKS0_DpOT_
FNDA:0,_ZNK5sipai12SimpleLogger3logIJRA37_KcEEERKS0_NS_8LogLevelEbDpOT_
FNDA:0,_ZN5sipai12SimpleLogger9LOG_DEBUGIJRA20_KcEEERKS0_DpOT_
FNDA:4,_ZNK5sipai12SimpleLogger3logIJRA21_KcEEERKS0_NS_8LogLevelEbDpOT_
FNDA:2,_ZNK5sipai12SimpleLogger4infoIJRA66_KcEEERKS0_DpOT_
FNDA:6,_ZNK5sipai12SimpleLogger3logIJRA31_KcEEERKS0_NS_8LogLevelEbDpOT_
FNDA:4,_ZN5sipai12SimpleLogger8LOG_INFOIJRA21_KcEEERKS0_DpOT_
FNDA:0,_ZN5sipai12SimpleLogger8LOG_INFOIJRA34_KcPS2_EEERKS0_DpOT_
FNDA:0,_ZNK5sipai12SimpleLogger5debugIJRA27_KcRmRA2_S2_S5_RA4_S2_EEERKS0_DpOT_
FNDA:1,_ZN5sipai12SimpleLogger8LOG_INFOIJRA35_KcRNSt7__cxx1112basic_stringIcSt11char_traitsIcESaIcEEERA4_S2_EEERKS0_DpOT_
FNDA:6,_ZN5sipai12SimpleLogger8LOG_INFOIJRA39_KcEEERKS0_DpOT_
FNDA:0,_ZNK5sipai12SimpleLogger5errorIJRA24_KcRPS2_EEERKS0_DpOT_
FNDA:21,_ZNK5sipai12SimpleLogger3logIJRA40_KcEEERKS0_NS_8LogLevelEbDpOT_
FNDA:2,_ZNK5sipai12SimpleLogger3logIJRNSt7__cxx1112basic_stringIcSt11char_traitsIcESaIcEEEEEERKS0_NS_8LogLevelEbDpOT_
FNDA:0,_ZNK5sipai12SimpleLogger5debugIJRA12_KcRfRA2_S2_EEERKS0_DpOT_
FNDA:2,_ZN5sipai12SimpleLogger8LOG_INFOIJRA15_KcRKmRA3_S2_S6_S8_S6_RA2_S2_EEERKS0_DpOT_
FNDA:0,_ZN5sipai12SimpleLogger9LOG_DEBUGIJRA26_KcmRA2_S2_mRA4_S2_EEERKS0_DpOT_
FNDA:0,_ZNK5sipai12SimpleLogger4infoIJRA28_KcEEERKS0_DpOT_
FNDA:3,_ZNK5sipai12SimpleLogger3logIJRA30_KcRNSt7__cxx1112basic_stringIcSt11char_traitsIcESaIcEEERA6_S2_SB_RA4_S2_EEERKS0_NS_8LogLevelEbDpOT_
FNDA:0,_ZN5sipai12SimpleLogger9LOG_DEBUGIJRA27_KcmRA2_S2_mRA4_S2_EEERKS0_DpOT_
FNDA:0,_ZNK5sipai12SimpleLogger4infoIJRA34_KcEEERKS0_DpOT_
FNDA:0,_ZNK5sipai12SimpleLogger3logIJRA34_KcEEERKS0_NS_8LogLevelEbDpOT_
FNDA:0,_ZNK5sipai12SimpleLogger4infoIJRA19_KcEEERKS0_DpOT_
FNDA:0,_ZNK5sipai12SimpleLogger5debugIJRA26_KcRmRA2_S2_S5_RA4_S2_EEERKS0_DpOT_
FNDA:0,_ZN5sipai12SimpleLogger8LOG_INFOIJRA125_KcEEERKS0_DpOT_
FNDA:70,_ZNK5sipai12SimpleLogger13get_timestampB5cxx11Ev
FNDA:1,_ZNK5sipai12SimpleLogger4infoIJRA39_KcRNSt7__cxx1112basic_stringIcSt11char_traitsIcESaIcEEERA4_S2_EEERKS0_DpOT_
FNDA:0,_ZNK5sipai12SimpleLogger5errorIJRA28_KcRiRA4_S2_RPS2_EEERKS0_DpOT_
FNDA:2,_ZNK5sipai12SimpleLogger12setPrecisionEl
FNDA:0,_ZN5sipai12SimpleLogger8LOG_INFOIJRA24_KcEEERKS0_DpOT_
FNF:121
FNH:52
DA:32,73
DA:33,73
DA:34,73
DA:55,70
DA:57,70
DA:58,70
DA:59,70
DA:60,70
DA:61,0
DA:62,0
DA:63,0
DA:64,0
DA:65,0
DA:66,0
DA:67,0
DA:68,0
DA:69,0
DA:70,0
DA:71,0
DA:72,0
DA:75,70
DA:76,70
DA:77,70
DA:78,70
DA:79,70
DA:80,70
DA:83,0
DA:84,0
DA:85,0
DA:86,0
DA:87,0
DA:91,70
DA:180,70
DA:181,70
DA:196,0
DA:197,0
DA:212,0
DA:213,0
DA:228,0
DA:229,0
DA:263,0
DA:271,2
DA:272,2
DA:273,2
DA:294,70
DA:295,70
DA:296,70
DA:297,140
DA:298,70
DA:308,0
DA:309,0
DA:310,0
DA:311,0
DA:312,0
DA:322,0
DA:323,0
DA:324,0
DA:325,0
DA:326,0
DA:336,0
DA:337,0
DA:338,0
DA:339,0
DA:340,0
DA:343,1
DA:348,70
DA:349,70
DA:350,70
DA:351,70
DA:352,70
DA:357,70
DA:359,70
DA:360,140
DA:361,70
LF:74
LH:35
end_of_record
TN:
SF:/__w/SIPAI/SIPAI/libs/libsipai/include/TrainingDataFactory.h
FN:22,_ZN5sipai19TrainingDataFactory11getInstanceEv
FN:25,_ZZN5sipai19TrainingDataFactory11getInstanceEvENKUlvE_clEv
FN:33,_ZN5sipai19TrainingDataFactoryD2Ev
FN:103,_ZNK5sipai19TrainingDataFactory8isLoadedEv
FN:120,_ZN5sipai19TrainingDataFactoryC2Ev
FNDA:20,_ZN5sipai19TrainingDataFactory11getInstanceEv
FNDA:1,_ZZN5sipai19TrainingDataFactory11getInstanceEvENKUlvE_clEv
FNDA:1,_ZN5sipai19TrainingDataFactoryC2Ev
FNDA:6,_ZNK5sipai19TrainingDataFactory8isLoadedEv
FNDA:1,_ZN5sipai19TrainingDataFactoryD2Ev
FNF:5
FNH:5
DA:22,20
DA:24,20
DA:25,1
DA:26,20
DA:33,1
DA:103,6
DA:120,1
LF:7
LH:7
end_of_record
TN:
SF:/__w/SIPAI/SIPAI/libs/libsipai/include/VulkanController.h
FN:27,_ZN5sipai16VulkanController11getInstanceEv
FN:30,_ZZN5sipai16VulkanController11getInstanceEvENKUlvE_clEv
FN:38,_ZN5sipai16VulkanControllerD2Ev
FN:99,_ZN5sipai16VulkanController13IsInitializedEv
FN:128,_ZN5sipai16VulkanController9getDeviceEv
FN:130,_ZN5sipai16VulkanController9getBufferERKNS0_7EBufferE
FN:131,_ZZN5sipai16VulkanController9getBufferERKNS0_7EBufferEENKUlRT_E_clINS0_6BufferEEEDaS5_
FN:143,_ZN5sipai16VulkanControllerC2Ev
FNDA:0,_ZZN5sipai16VulkanController9getBufferERKNS0_7EBufferEENKUlRT_E_clINS0_6BufferEEEDaS5_
FNDA:0,_ZN5sipai16VulkanController11getInstanceEv
FNDA:0,_ZN5sipai16VulkanControllerD2Ev
FNDA:0,_ZZN5sipai16VulkanController11getInstanceEvENKUlvE_clEv
FNDA:0,_ZN5sipai16VulkanController13IsInitializedEv
FNDA:0,_ZN5sipai16VulkanController9getDeviceEv
FNDA:0,_ZN5sipai16VulkanController9getBufferERKNS0_7EBufferE
FNDA:0,_ZN5sipai16VulkanControllerC2Ev
FNF:8
FNH:0
DA:27,0
DA:29,0
DA:30,0
DA:31,0
DA:38,0
DA:55,0
DA:56,0
DA:57,0
DA:58,0
DA:59,0
DA:60,0
DA:61,0
DA:62,0
DA:63,0
DA:99,0
DA:128,0
DA:130,0
DA:131,0
DA:132,0
DA:134,0
DA:135,0
DA:138,0
DA:143,0
LF:23
LH:0
end_of_record
TN:
SF:/__w/SIPAI/SIPAI/libs/libsipai/include/exception/FileReaderException.h
FN:13,_ZN5sipai19FileReaderExceptionC2ERKNSt7__cxx1112basic_stringIcSt11char_traitsIcESaIcEEE
FN:15,_ZNK5sipai19FileReaderException4whatEv
FNDA:1,_ZN5sipai19FileReaderExceptionC2ERKNSt7__cxx1112basic_stringIcSt11char_traitsIcESaIcEEE
FNDA:1,_ZNK5sipai19FileReaderException4whatEv
FNF:2
FNH:2
DA:13,1
DA:14,1
DA:15,1
LF:3
LH:3
end_of_record
TN:
SF:/__w/SIPAI/SIPAI/libs/libsipai/include/exception/ImageHelperException.h
FN:13,_ZN5sipai20ImageHelperExceptionC2ERKNSt7__cxx1112basic_stringIcSt11char_traitsIcESaIcEEE
FN:15,_ZNK5sipai20ImageHelperException4whatEv
FNDA:1,_ZNK5sipai20ImageHelperException4whatEv
FNDA:1,_ZN5sipai20ImageHelperExceptionC2ERKNSt7__cxx1112basic_stringIcSt11char_traitsIcESaIcEEE
FNF:2
FNH:2
DA:13,1
DA:14,1
DA:15,1
LF:3
LH:3
end_of_record
TN:
SF:/__w/SIPAI/SIPAI/libs/libsipai/include/exception/ImportExportException.h
FN:15,_ZN5sipai21ImportExportExceptionD2Ev
FN:15,_ZN5sipai21ImportExportExceptionD0Ev
FN:16,_ZN5sipai21ImportExportExceptionC2ERKNSt7__cxx1112basic_stringIcSt11char_traitsIcESaIcEEE
FN:18,_ZNK5sipai21ImportExportException4whatEv
FNDA:2,_ZN5sipai21ImportExportExceptionC2ERKNSt7__cxx1112basic_stringIcSt11char_traitsIcESaIcEEE
FNDA:2,_ZN5sipai21ImportExportExceptionD2Ev
FNDA:2,_ZNK5sipai21ImportExportException4whatEv
FNDA:0,_ZN5sipai21ImportExportExceptionD0Ev
FNF:4
FNH:3
DA:15,2
DA:16,2
DA:17,2
DA:18,2
LF:4
LH:4
end_of_record
TN:
SF:/__w/SIPAI/SIPAI/libs/libsipai/include/exception/ManagerException.h
FN:12,_ZN5sipai16ManagerExceptionC2ERKNSt7__cxx1112basic_stringIcSt11char_traitsIcESaIcEEE
FN:13,_ZNK5sipai16ManagerException4whatEv
FNDA:1,_ZNK5sipai16ManagerException4whatEv
FNDA:1,_ZN5sipai16ManagerExceptionC2ERKNSt7__cxx1112basic_stringIcSt11char_traitsIcESaIcEEE
FNF:2
FNH:2
DA:12,1
DA:13,1
LF:2
LH:2
end_of_record
TN:
SF:/__w/SIPAI/SIPAI/libs/libsipai/include/exception/NeuralNetworkException.h
FN:13,_ZN5sipai22NeuralNetworkExceptionC2ERKNSt7__cxx1112basic_stringIcSt11char_traitsIcESaIcEEE
FN:15,_ZNK5sipai22NeuralNetworkException4whatEv
FNDA:2,_ZN5sipai22NeuralNetworkExceptionC2ERKNSt7__cxx1112basic_stringIcSt11char_traitsIcESaIcEEE
FNDA:2,_ZNK5sipai22NeuralNetworkException4whatEv
FNF:2
FNH:2
DA:13,2
DA:14,2
DA:15,2
LF:3
LH:3
end_of_record
TN:
SF:/__w/SIPAI/SIPAI/libs/libsipai/include/exception/RunnerVisitorException.h
FN:12,_ZN5sipai22RunnerVisitorExceptionC2ERKNSt7__cxx1112basic_stringIcSt11char_traitsIcESaIcEEE
FN:14,_ZNK5sipai22RunnerVisitorException4whatEv
FNDA:3,_ZNK5sipai22RunnerVisitorException4whatEv
FNDA:3,_ZN5sipai22RunnerVisitorExceptionC2ERKNSt7__cxx1112basic_stringIcSt11char_traitsIcESaIcEEE
FNF:2
FNH:2
DA:12,3
DA:13,3
DA:14,3
LF:3
LH:3
end_of_record
TN:
SF:/__w/SIPAI/SIPAI/libs/libsipai/include/exception/TrainingDataFactoryException.h
FN:15,_ZN5sipai28TrainingDataFactoryExceptionC2ERKNSt7__cxx1112basic_stringIcSt11char_traitsIcESaIcEEE
FN:17,_ZNK5sipai28TrainingDataFactoryException4whatEv
FNDA:1,_ZNK5sipai28TrainingDataFactoryException4whatEv
FNDA:1,_ZN5sipai28TrainingDataFactoryExceptionC2ERKNSt7__cxx1112basic_stringIcSt11char_traitsIcESaIcEEE
FNF:2
FNH:2
DA:15,1
DA:16,1
DA:17,1
LF:3
LH:3
end_of_record
TN:
SF:/__w/SIPAI/SIPAI/libs/libsipai/include/exception/VulkanControllerException.h
FN:12,_ZN5sipai25VulkanControllerExceptionC2ERKNSt7__cxx1112basic_stringIcSt11char_traitsIcESaIcEEE
FN:14,_ZNK5sipai25VulkanControllerException4whatEv
FNDA:1,_ZNK5sipai25VulkanControllerException4whatEv
FNDA:1,_ZN5sipai25VulkanControllerExceptionC2ERKNSt7__cxx1112basic_stringIcSt11char_traitsIcESaIcEEE
FNF:2
FNH:2
DA:12,1
DA:13,1
DA:14,1
LF:3
LH:3
end_of_record
TN:
SF:/__w/SIPAI/SIPAI/libs/libsipai/src/ImageHelper.cpp
FN:15,_ZNK5sipai11ImageHelper9loadImageERKNSt7__cxx1112basic_stringIcSt11char_traitsIcESaIcEEEmbmm
FN:96,_ZNK5sipai11ImageHelper18generateInputImageERKSt6vectorISt10unique_ptrINS_5ImageESt14default_deleteIS3_EESaIS6_EEmmm
FN:129,_ZNK5sipai11ImageHelper10splitImageERKN2cv3MatEmb
FN:179,_ZNK5sipai11ImageHelper9saveImageERKNSt7__cxx1112basic_stringIcSt11char_traitsIcESaIcEEERKSt6vectorISt10unique_ptrINS_5ImageESt14default_deleteISB_EESaISE_EEmmm
FN:238,_ZNK5sipai11ImageHelper10joinImagesERKSt6vectorISt10unique_ptrINS_5ImageESt14default_deleteIS3_EESaIS6_EEii
FN:267,_ZNK5sipai11ImageHelper11computeLossERKN2cv3MatES4_
FNDA:1,_ZNK5sipai11ImageHelper10joinImagesERKSt6vectorISt10unique_ptrINS_5ImageESt14default_deleteIS3_EESaIS6_EEii
FNDA:2,_ZNK5sipai11ImageHelper9saveImageERKNSt7__cxx1112basic_stringIcSt11char_traitsIcESaIcEEERKSt6vectorISt10unique_ptrINS_5ImageESt14default_deleteISB_EESaISE_EEmmm
FNDA:21,_ZNK5sipai11ImageHelper18generateInputImageERKSt6vectorISt10unique_ptrINS_5ImageESt14default_deleteIS3_EESaIS6_EEmmm
FNDA:65,_ZNK5sipai11ImageHelper9loadImageERKNSt7__cxx1112basic_stringIcSt11char_traitsIcESaIcEEEmbmm
FNDA:20,_ZNK5sipai11ImageHelper11computeLossERKN2cv3MatES4_
FNDA:65,_ZNK5sipai11ImageHelper10splitImageERKN2cv3MatEmb
FNF:6
FNH:6
DA:15,65
DA:18,65
DA:19,0
DA:22,65
DA:23,0
DA:29,65
DA:31,65
DA:32,0
DA:34,130
DA:35,130
DA:36,65
DA:37,65
DA:40,65
DA:41,0
DA:42,0
DA:43,0
DA:44,65
DA:45,65
DA:46,65
DA:47,0
DA:48,0
DA:49,0
DA:50,0
DA:51,0
DA:52,0
DA:53,0
DA:57,65
DA:58,0
DA:59,0
DA:60,0
DA:61,0
DA:62,0
DA:63,0
DA:66,65
DA:67,65
DA:68,0
DA:74,65
DA:75,130
DA:76,152
DA:78,87
DA:79,87
DA:80,87
DA:81,87
DA:82,87
DA:83,87
DA:84,87
DA:85,87
DA:89,130
DA:90,65
DA:91,0
DA:92,0
DA:93,0
DA:94,0
DA:96,21
DA:100,21
DA:101,50
DA:103,29
DA:104,58
DA:105,58
DA:106,58
DA:107,29
DA:110,29
DA:112,29
DA:114,29
DA:115,29
DA:119,29
DA:122,29
DA:123,29
DA:124,29
DA:126,21
DA:127,0
DA:129,65
DA:132,65
DA:133,0
DA:136,65
DA:138,65
DA:139,61
DA:140,61
DA:144,4
DA:145,4
DA:148,4
DA:149,4
DA:151,4
DA:152,4
DA:155,2
DA:156,2
DA:160,2
DA:161,4
DA:164,14
DA:165,36
DA:166,26
DA:167,26
DA:168,26
DA:169,26
DA:170,26
DA:171,70
DA:172,44
DA:176,4
DA:177,4
DA:179,2
DA:182,3
DA:183,1
DA:184,0
DA:185,0
DA:189,2
DA:190,2
DA:192,2
DA:193,0
DA:196,2
DA:199,2
DA:202,2
DA:203,2
DA:204,0
DA:205,0
DA:206,0
DA:207,2
DA:208,2
DA:209,2
DA:210,0
DA:211,0
DA:212,0
DA:213,0
DA:214,0
DA:216,0
DA:217,0
DA:225,2
DA:226,0
DA:228,2
DA:229,0
DA:230,0
DA:231,0
DA:232,0
DA:233,0
DA:234,0
DA:235,0
DA:236,2
DA:238,1
DA:240,1
DA:241,0
DA:243,1
DA:244,0
DA:246,1
DA:247,3
DA:248,2
DA:249,6
DA:250,4
DA:252,2
DA:253,2
DA:254,2
DA:255,2
DA:256,1
DA:257,1
DA:260,1
DA:261,1
DA:262,1
DA:263,4
DA:264,2
DA:265,1
DA:267,20
DA:269,40
DA:270,20
DA:271,0
DA:272,0
DA:276,20
DA:277,20
DA:278,20
DA:281,20
DA:284,20
DA:287,20
DA:289,20
DA:290,20
LF:171
LH:120
end_of_record
TN:
SF:/__w/SIPAI/SIPAI/libs/libsipai/src/Layer.cpp
FN:10,_ZN5sipai5Layer18forwardPropagationERKb
FN:34,_ZN5sipai5Layer19backwardPropagationERKbRKfS4_
FN:78,_ZN5sipai5Layer13updateWeightsEf
FNDA:83,_ZN5sipai5Layer18forwardPropagationERKb
FNDA:69,_ZN5sipai5Layer13updateWeightsEf
FNDA:68,_ZN5sipai5Layer19backwardPropagationERKbRKfS4_
FNF:3
FNH:3
DA:10,83
DA:11,83
DA:12,0
DA:15,83
DA:16,0
DA:17,0
DA:20,290
DA:21,828
DA:22,621
DA:25,621
DA:27,621
DA:29,621
DA:30,621
DA:34,68
DA:37,68
DA:38,34
DA:42,34
DA:43,0
DA:44,0
DA:47,102
DA:48,272
DA:49,204
DA:50,204
DA:51,204
DA:54,816
DA:55,2448
DA:57,1836
DA:58,1836
DA:59,1836
DA:63,680
DA:64,952
DA:65,952
DA:69,204
DA:71,204
DA:73,204
DA:74,204
DA:78,69
DA:79,69
DA:80,0
DA:83,242
DA:84,692
DA:85,519
DA:89,519
DA:94,519
DA:97,519
DA:100,1835
DA:101,1316
DA:102,1316
DA:103,1316
DA:105,519
LF:50
LH:44
end_of_record
TN:
SF:/__w/SIPAI/SIPAI/libs/libsipai/src/LayerOutput.cpp
FN:8,_ZN5sipai11LayerOutput13computeErrorsERKN2cv3MatE
FNDA:34,_ZN5sipai11LayerOutput13computeErrorsERKN2cv3MatE
FNF:1
FNH:1
DA:8,34
DA:9,34
DA:10,0
DA:13,34
DA:14,34
DA:15,34
DA:17,34
DA:18,34
DA:21,34
DA:22,0
DA:26,136
DA:27,408
DA:28,306
DA:29,306
DA:32,306
DA:33,1122
DA:34,1632
DA:35,1632
DA:39,306
DA:40,306
DA:41,306
DA:42,612
DA:43,306
DA:46,34
LF:24
LH:22
end_of_record
TN:
SF:/__w/SIPAI/SIPAI/libs/libsipai/src/Manager.cpp
FN:18,_ZN5sipai7Manager21createOrImportNetworkEv
FN:31,_ZN5sipai7Manager13exportNetworkEv
FN:41,_ZN5sipai7Manager3runEv
FN:133,_ZN5sipai7Manager14runWithVisitorERKNS_13RunnerVisitorE
FNDA:3,_ZN5sipai7Manager13exportNetworkEv
FNDA:2,_ZN5sipai7Manager3runEv
FNDA:7,_ZN5sipai7Manager21createOrImportNetworkEv
FNDA:3,_ZN5sipai7Manager14runWithVisitorERKNS_13RunnerVisitorE
FNF:4
FNH:4
DA:18,7
DA:19,7
DA:20,7
DA:21,7
DA:22,7
DA:23,7
DA:24,7
DA:25,7
DA:26,7
DA:27,7
DA:28,7
DA:29,7
DA:31,3
DA:32,3
DA:33,3
DA:34,3
DA:35,6
DA:36,3
DA:37,3
DA:38,3
DA:39,3
DA:41,2
DA:42,2
DA:45,2
DA:48,2
DA:49,2
DA:50,2
DA:51,2
DA:53,2
DA:54,4
DA:55,4
DA:56,4
DA:57,2
DA:58,2
DA:60,2
DA:62,2
DA:64,2
DA:65,2
DA:66,2
DA:67,2
DA:68,2
DA:69,2
DA:70,2
DA:71,2
DA:72,2
DA:73,2
DA:75,2
DA:76,2
DA:78,2
DA:79,2
DA:80,2
DA:81,2
DA:82,2
DA:83,2
DA:84,2
DA:86,2
DA:88,2
DA:89,2
DA:90,2
DA:91,2
DA:94,2
DA:95,0
DA:97,0
DA:98,0
DA:99,0
DA:100,0
DA:101,0
DA:102,0
DA:103,0
DA:105,2
DA:109,2
DA:110,0
DA:112,0
DA:113,0
DA:114,0
DA:115,0
DA:116,0
DA:117,0
DA:121,2
DA:122,2
DA:123,2
DA:124,2
DA:125,0
DA:126,0
DA:127,0
DA:128,0
DA:129,0
DA:131,2
DA:133,3
LF:89
LH:69
end_of_record
TN:
SF:/__w/SIPAI/SIPAI/libs/libsipai/src/NetworkImportExportCSV.cpp
FN:18,_ZNK5sipai28NeuralNetworkImportExportCSV20exportNeuronsWeightsERKSt10unique_ptrINS_13NeuralNetworkESt14default_deleteIS2_EERKNS_9AppParamsE
FN:52,_ZNK5sipai28NeuralNetworkImportExportCSV20importNeuronsWeightsERSt10unique_ptrINS_13NeuralNetworkESt14default_deleteIS2_EERKNS_9AppParamsE
FN:55,_ZZNK5sipai28NeuralNetworkImportExportCSV20importNeuronsWeightsERSt10unique_ptrINS_13NeuralNetworkESt14default_deleteIS2_EERKNS_9AppParamsEENKUlRKNSt7__cxx1112basic_stringIcSt11char_traitsIcESaIcEEEcE_clESH_c
FNDA:1,_ZNK5sipai28NeuralNetworkImportExportCSV20importNeuronsWeightsERSt10unique_ptrINS_13NeuralNetworkESt14default_deleteIS2_EERKNS_9AppParamsE
FNDA:3,_ZNK5sipai28NeuralNetworkImportExportCSV20exportNeuronsWeightsERKSt10unique_ptrINS_13NeuralNetworkESt14default_deleteIS2_EERKNS_9AppParamsE
FNDA:30,_ZZNK5sipai28NeuralNetworkImportExportCSV20importNeuronsWeightsERSt10unique_ptrINS_13NeuralNetworkESt14default_deleteIS2_EERKNS_9AppParamsEENKUlRKNSt7__cxx1112basic_stringIcSt11char_traitsIcESaIcEEEcE_clESH_c
FNF:3
FNH:3
DA:18,3
DA:22,3
DA:23,3
DA:26,3
DA:27,12
DA:29,9
DA:30,9
DA:32,3
DA:35,21
DA:36,60
DA:37,45
DA:39,45
DA:40,45
DA:41,45
DA:43,45
DA:44,45
DA:45,45
DA:46,45
DA:50,3
DA:52,1
DA:55,30
DA:56,30
DA:57,30
DA:58,30
DA:59,909
DA:60,1508
DA:61,1508
DA:63,60
DA:64,30
DA:67,1
DA:68,1
DA:69,1
DA:70,0
DA:74,1
DA:75,31
DA:77,30
DA:79,30
DA:80,0
DA:81,0
DA:82,0
DA:85,30
DA:86,30
DA:87,30
DA:88,30
DA:89,30
DA:90,30
DA:92,30
DA:94,15
DA:95,15
DA:96,15
DA:97,90
DA:98,75
DA:100,75
DA:101,75
DA:102,75
DA:103,75
DA:104,75
DA:105,69
DA:107,75
DA:108,75
DA:109,30
DA:110,30
DA:113,15
DA:114,15
DA:115,15
DA:116,15
DA:117,15
DA:120,15
DA:121,90
DA:122,75
DA:124,75
DA:125,75
DA:126,75
DA:127,75
DA:128,75
DA:129,38
DA:132,15
DA:133,15
DA:134,15
DA:135,15
DA:136,15
DA:137,0
DA:138,0
DA:139,0
DA:141,53
DA:142,38
DA:144,15
DA:145,30
DA:146,1
LF:89
LH:82
end_of_record
TN:
SF:/__w/SIPAI/SIPAI/libs/libsipai/src/NetworkImportExportFacade.cpp
FN:9,_ZN5sipai31NeuralNetworkImportExportFacade11importModelERKNS_9AppParamsERNS_19NeuralNetworkParamsE
FN:19,_ZN5sipai31NeuralNetworkImportExportFacade13importWeightsERSt10unique_ptrINS_13NeuralNetworkESt14default_deleteIS2_EERKNS_9AppParamsE
FN:28,_ZNK5sipai31NeuralNetworkImportExportFacade11exportModelERKSt10unique_ptrINS_13NeuralNetworkESt14default_deleteIS2_EERKNS_19NeuralNetworkParamsERKNS_9AppParamsE
FNDA:1,_ZN5sipai31NeuralNetworkImportExportFacade11importModelERKNS_9AppParamsERNS_19NeuralNetworkParamsE
FNDA:3,_ZNK5sipai31NeuralNetworkImportExportFacade11exportModelERKSt10unique_ptrINS_13NeuralNetworkESt14default_deleteIS2_EERKNS_19NeuralNetworkParamsERKNS_9AppParamsE
FNDA:1,_ZN5sipai31NeuralNetworkImportExportFacade13importWeightsERSt10unique_ptrINS_13NeuralNetworkESt14default_deleteIS2_EERKNS_9AppParamsE
FNF:3
FNH:3
DA:9,1
DA:12,1
DA:13,2
DA:14,1
DA:15,0
DA:16,0
DA:19,1
DA:22,1
DA:23,0
DA:24,0
DA:25,0
DA:26,1
DA:28,3
DA:33,3
DA:34,3
DA:35,0
DA:36,0
DA:37,0
DA:38,3
LF:19
LH:11
end_of_record
TN:
SF:/__w/SIPAI/SIPAI/libs/libsipai/src/NetworkImportExportJSON.cpp
FN:17,_ZNK5sipai29NeuralNetworkImportExportJSON11exportModelERKSt10unique_ptrINS_13NeuralNetworkESt14default_deleteIS2_EERKNS_19NeuralNetworkParamsERKNS_9AppParamsE
FN:79,_ZN5sipai29NeuralNetworkImportExportJSON11importModelERKNS_9AppParamsERNS_19NeuralNetworkParamsE
FNDA:1,_ZN5sipai29NeuralNetworkImportExportJSON11importModelERKNS_9AppParamsERNS_19NeuralNetworkParamsE
FNDA:3,_ZNK5sipai29NeuralNetworkImportExportJSON11exportModelERKSt10unique_ptrINS_13NeuralNetworkESt14default_deleteIS2_EERKNS_19NeuralNetworkParamsERKNS_9AppParamsE
FNF:2
FNH:2
DA:17,3
DA:22,3
DA:25,3
DA:28,12
DA:29,9
DA:30,9
DA:31,9
DA:32,117
DA:33,9
DA:34,9
DA:37,3
DA:40,3
DA:41,3
DA:42,3
DA:43,6
DA:44,3
DA:45,6
DA:46,3
DA:47,6
DA:48,3
DA:49,6
DA:50,3
DA:51,6
DA:52,3
DA:53,6
DA:54,3
DA:55,6
DA:56,3
DA:57,6
DA:58,3
DA:59,6
DA:60,3
DA:61,3
DA:62,3
DA:63,6
DA:64,3
DA:65,6
DA:66,3
DA:67,6
DA:68,3
DA:69,6
DA:73,3
DA:74,3
DA:75,3
DA:76,102
DA:79,1
DA:82,1
DA:84,1
DA:85,0
DA:88,1
DA:89,1
DA:90,1
DA:91,1
DA:93,1
DA:94,1
DA:96,1
DA:97,0
DA:100,1
DA:101,0
DA:102,0
DA:104,1
DA:107,1
DA:108,1
DA:110,1
DA:111,1
DA:112,0
DA:113,0
DA:114,0
DA:115,1
DA:118,1
DA:119,1
DA:120,1
DA:121,1
DA:122,1
DA:123,1
DA:124,1
DA:125,1
DA:126,1
DA:127,1
DA:128,1
DA:129,1
DA:130,1
DA:131,1
DA:132,1
DA:133,1
DA:134,1
DA:135,1
DA:136,1
DA:137,1
DA:138,1
DA:139,1
DA:140,1
DA:141,1
DA:143,1
DA:145,4
DA:147,3
DA:148,3
DA:151,3
DA:152,3
DA:153,1
DA:154,0
DA:155,1
DA:156,1
DA:157,1
DA:158,0
DA:159,1
DA:160,1
DA:161,1
DA:162,1
DA:163,1
DA:164,0
DA:165,1
DA:166,1
DA:167,1
DA:168,1
DA:169,0
DA:170,0
DA:174,3
DA:175,3
DA:177,1
DA:178,0
DA:181,1
DA:182,0
DA:184,2
DA:185,1
DA:186,0
DA:187,0
DA:188,1
LF:128
LH:112
end_of_record
TN:
SF:/__w/SIPAI/SIPAI/libs/libsipai/src/NeuralNetwork.cpp
FN:10,_ZN5sipai13NeuralNetwork18forwardPropagationERKN2cv3MatERKb
FN:25,_ZN5sipai13NeuralNetwork19backwardPropagationERKN2cv3MatERKbRKfS8_
FN:38,_ZN5sipai13NeuralNetwork13updateWeightsEf
FNDA:34,_ZN5sipai13NeuralNetwork19backwardPropagationERKN2cv3MatERKbRKfS8_
FNDA:34,_ZN5sipai13NeuralNetwork13updateWeightsEf
FNDA:41,_ZN5sipai13NeuralNetwork18forwardPropagationERKN2cv3MatERKb
FNF:3
FNH:3
DA:10,41
DA:12,41
DA:13,0
DA:15,41
DA:16,0
DA:18,41
DA:19,165
DA:20,124
DA:22,41
DA:25,34
DA:29,34
DA:30,0
DA:32,34
DA:33,136
DA:34,102
DA:36,34
DA:38,34
DA:39,136
DA:40,102
DA:42,34
LF:20
LH:17
end_of_record
TN:
SF:/__w/SIPAI/SIPAI/libs/libsipai/src/NeuralNetworkBuilder.cpp
FN:17,_ZN5sipai20NeuralNetworkBuilderC2Ev
FN:21,_ZN5sipai20NeuralNetworkBuilderC2ERNS_9AppParamsERNS_19NeuralNetworkParamsE
FN:25,_ZN5sipai20NeuralNetworkBuilder14createOrImportEv
FN:42,_ZN5sipai20NeuralNetworkBuilder9addLayersEv
FN:81,_ZN5sipai20NeuralNetworkBuilder12addNeighborsEv
FN:124,_ZN5sipai20NeuralNetworkBuilder10bindLayersEv
FN:143,_ZN5sipai20NeuralNetworkBuilder17initializeWeightsEv
FN:179,_ZN5sipai20NeuralNetworkBuilder21setActivationFunctionEv
FN:209,_ZZN5sipai20NeuralNetworkBuilder21setActivationFunctionEvENKUlT_E_clIN2cv3VecIfLi4EEEEEDaS1_
FN:210,_ZZN5sipai20NeuralNetworkBuilder21setActivationFunctionEvENKUlT_E0_clIN2cv3VecIfLi4EEEEEDaS1_
FN:219,_ZZN5sipai20NeuralNetworkBuilder21setActivationFunctionEvENKUlT_E1_clIN2cv3VecIfLi4EEEEEDaS1_
FN:222,_ZZN5sipai20NeuralNetworkBuilder21setActivationFunctionEvENKUlT_E2_clIN2cv3VecIfLi4EEEEEDaS1_
FN:243,_ZN5sipai20NeuralNetworkBuilder5buildEv
FNDA:8,_ZN5sipai20NeuralNetworkBuilderC2Ev
FNDA:0,_ZN5sipai20NeuralNetworkBuilderC2ERNS_9AppParamsERNS_19NeuralNetworkParamsE
FNDA:2,_ZZN5sipai20NeuralNetworkBuilder21setActivationFunctionEvENKUlT_E1_clIN2cv3VecIfLi4EEEEEDaS1_
FNDA:14,_ZN5sipai20NeuralNetworkBuilder21setActivationFunctionEv
FNDA:7,_ZN5sipai20NeuralNetworkBuilder12addNeighborsEv
FNDA:7,_ZN5sipai20NeuralNetworkBuilder17initializeWeightsEv
FNDA:7,_ZN5sipai20NeuralNetworkBuilder10bindLayersEv
FNDA:2,_ZZN5sipai20NeuralNetworkBuilder21setActivationFunctionEvENKUlT_E0_clIN2cv3VecIfLi4EEEEEDaS1_
FNDA:3,_ZZN5sipai20NeuralNetworkBuilder21setActivationFunctionEvENKUlT_E_clIN2cv3VecIfLi4EEEEEDaS1_
FNDA:2,_ZZN5sipai20NeuralNetworkBuilder21setActivationFunctionEvENKUlT_E2_clIN2cv3VecIfLi4EEEEEDaS1_
FNDA:7,_ZN5sipai20NeuralNetworkBuilder5buildEv
FNDA:7,_ZN5sipai20NeuralNetworkBuilder14createOrImportEv
FNDA:7,_ZN5sipai20NeuralNetworkBuilder9addLayersEv
FNF:13
FNH:12
DA:17,8
DA:18,8
DA:19,16
DA:21,0
DA:22,0
DA:23,0
DA:25,7
DA:26,8
DA:27,8
DA:28,1
DA:29,1
DA:30,1
DA:32,1
DA:33,1
DA:34,1
DA:35,6
DA:36,6
DA:37,6
DA:39,7
DA:42,7
DA:43,7
DA:44,1
DA:47,6
DA:48,6
DA:49,0
DA:51,6
DA:52,0
DA:56,6
DA:57,6
DA:58,6
DA:61,15
DA:62,9
DA:63,9
DA:64,9
DA:65,9
DA:66,9
DA:67,9
DA:68,9
DA:72,6
DA:73,6
DA:74,6
DA:75,6
DA:76,6
DA:77,6
DA:78,6
DA:81,7
DA:82,7
DA:83,7
DA:84,0
DA:86,7
DA:87,0
DA:93,7
DA:95,31
DA:96,24
DA:97,7
DA:99,58
DA:100,164
DA:101,123
DA:102,123
DA:103,615
DA:104,492
DA:105,492
DA:107,492
DA:108,359
DA:109,308
DA:112,308
DA:114,308
DA:121,7
DA:122,7
DA:124,7
DA:125,7
DA:126,7
DA:127,0
DA:129,7
DA:130,0
DA:132,31
DA:133,24
DA:134,17
DA:136,24
DA:137,17
DA:140,7
DA:143,7
DA:144,7
DA:145,1
DA:146,1
DA:147,1
DA:149,1
DA:150,1
DA:151,1
DA:153,6
DA:154,6
DA:155,0
DA:157,6
DA:158,0
DA:161,6
DA:162,27
DA:163,21
DA:164,51
DA:165,144
DA:166,108
DA:167,108
DA:168,108
DA:169,108
DA:170,12
DA:176,6
DA:179,14
DA:180,14
DA:181,14
DA:182,0
DA:184,14
DA:185,0
DA:188,14
DA:189,44
DA:191,31
DA:192,7
DA:193,7
DA:194,17
DA:195,17
DA:196,17
DA:197,17
DA:198,7
DA:199,7
DA:200,7
DA:201,7
DA:202,0
DA:203,0
DA:206,24
DA:207,1
DA:208,1
DA:209,5
DA:210,1
DA:211,2
DA:213,1
DA:214,18
DA:215,18
DA:216,18
DA:217,1
DA:218,1
DA:219,2
DA:220,2
DA:222,1
DA:223,2
DA:225,1
DA:226,1
DA:227,1
DA:228,1
DA:229,1
DA:230,1
DA:231,1
DA:232,1
DA:233,1
DA:234,1
DA:235,1
DA:236,1
DA:240,13
DA:243,7
DA:244,7
LF:157
LH:142
end_of_record
TN:
SF:/__w/SIPAI/SIPAI/libs/libsipai/src/RunnerEnhancerVisitor.cpp
FN:11,_ZNK5sipai21RunnerEnhancerVisitor5visitEv
FNDA:4,_ZNK5sipai21RunnerEnhancerVisitor5visitEv
FNF:1
FNH:1
DA:11,4
DA:12,4
DA:13,4
DA:15,4
DA:16,1
DA:19,3
DA:20,1
DA:23,2
DA:24,1
DA:28,1
DA:29,1
DA:33,1
DA:34,1
DA:35,1
DA:38,1
DA:39,2
DA:41,1
DA:43,2
DA:44,2
DA:45,2
DA:46,1
DA:47,1
DA:48,1
DA:51,1
DA:52,1
DA:53,1
DA:54,1
DA:55,1
DA:56,1
DA:58,1
DA:59,1
DA:61,1
DA:62,0
DA:63,0
DA:64,1
LF:35
LH:33
end_of_record
TN:
SF:/__w/SIPAI/SIPAI/libs/libsipai/src/RunnerTrainingMonitoredVisitor.cpp
FN:22,_Z13signalHandleri
FN:39,_ZNK5sipai30RunnerTrainingMonitoredVisitor5visitEv
FN:138,_ZNK5sipai30RunnerTrainingMonitoredVisitor22shouldContinueTrainingEimRKNS_9AppParamsE
FN:149,_ZNK5sipai30RunnerTrainingMonitoredVisitor19logTrainingProgressERKiRKfS4_S4_S4_
FN:166,_ZNK5sipai30RunnerTrainingMonitoredVisitor17adaptLearningRateERfRKfS3_RKb
FN:204,_ZNK5sipai30RunnerTrainingMonitoredVisitor11saveNetworkERb
FN:217,_ZNK5sipai30RunnerTrainingMonitoredVisitor11computeLossEmRKSt6vectorISt10unique_ptrINS_5ImageESt14default_deleteIS3_EESaIS6_EESA_bb
FN:307,_ZNK5sipai30RunnerTrainingMonitoredVisitor11computeLossEmb
FNDA:2,_ZNK5sipai30RunnerTrainingMonitoredVisitor11saveNetworkERb
FNDA:8,_ZNK5sipai30RunnerTrainingMonitoredVisitor11computeLossEmb
FNDA:2,_ZNK5sipai30RunnerTrainingMonitoredVisitor17adaptLearningRateERfRKfS3_RKb
FNDA:2,_ZNK5sipai30RunnerTrainingMonitoredVisitor5visitEv
FNDA:40,_ZNK5sipai30RunnerTrainingMonitoredVisitor11computeLossEmRKSt6vectorISt10unique_ptrINS_5ImageESt14default_deleteIS3_EESaIS6_EESA_bb
FNDA:4,_ZNK5sipai30RunnerTrainingMonitoredVisitor19logTrainingProgressERKiRKfS4_S4_S4_
FNDA:6,_ZNK5sipai30RunnerTrainingMonitoredVisitor22shouldContinueTrainingEimRKNS_9AppParamsE
FNDA:0,_Z13signalHandleri
FNF:8
FNH:7
DA:22,0
DA:23,0
DA:24,0
DA:25,0
DA:29,0
DA:31,0
DA:34,0
DA:37,0
DA:39,2
DA:40,2
DA:43,2
DA:44,2
DA:45,2
DA:46,2
DA:48,2
DA:50,2
DA:52,2
DA:53,2
DA:56,2
DA:57,0
DA:59,2
DA:60,4
DA:61,2
DA:62,0
DA:63,0
DA:68,2
DA:69,2
DA:72,2
DA:74,2
DA:75,2
DA:76,2
DA:77,2
DA:78,2
DA:79,12
DA:80,6
DA:81,4
DA:82,4
DA:83,0
DA:86,4
DA:87,4
DA:88,0
DA:91,4
DA:94,4
DA:95,4
DA:98,4
DA:99,2
DA:104,4
DA:105,1
DA:106,4
DA:108,0
DA:111,4
DA:112,4
DA:114,4
DA:117,0
DA:121,2
DA:122,2
DA:123,2
DA:126,2
DA:128,2
DA:129,2
DA:130,2
DA:133,0
DA:134,0
DA:135,0
DA:138,6
DA:141,6
DA:142,6
DA:143,6
DA:144,6
DA:146,6
DA:149,4
DA:153,4
DA:154,4
DA:155,2
DA:156,2
DA:157,2
DA:158,2
DA:159,2
DA:161,4
DA:162,0
DA:163,4
DA:164,4
DA:166,2
DA:170,2
DA:172,2
DA:173,2
DA:174,2
DA:175,2
DA:176,2
DA:179,2
DA:180,2
DA:182,2
DA:183,1
DA:185,1
DA:186,1
DA:187,0
DA:188,0
DA:190,0
DA:192,2
DA:194,2
DA:195,0
DA:196,0
DA:197,0
DA:198,0
DA:200,0
DA:202,2
DA:204,2
DA:206,2
DA:208,2
DA:209,2
DA:210,2
DA:212,0
DA:213,0
DA:214,0
DA:215,2
DA:217,40
DA:222,40
DA:223,0
DA:224,0
DA:227,40
DA:228,40
DA:229,40
DA:232,40
DA:236,40
DA:239,80
DA:240,40
DA:241,0
DA:245,40
DA:246,40
DA:249,40
DA:250,0
DA:251,0
DA:254,40
DA:256,40
DA:257,0
DA:262,40
DA:263,18
DA:264,0
DA:266,18
DA:267,18
DA:268,0
DA:270,18
DA:271,18
DA:273,40
DA:274,0
DA:279,40
DA:280,34
DA:281,0
DA:282,0
DA:284,34
DA:286,34
DA:287,0
DA:290,34
DA:291,0
DA:292,0
DA:294,34
DA:295,34
DA:296,0
DA:299,40
DA:301,40
DA:302,22
DA:304,18
DA:307,8
DA:311,8
DA:312,8
DA:313,8
DA:314,8
DA:315,8
DA:316,8
DA:317,8
DA:321,8
DA:322,4
DA:323,4
DA:324,16
DA:328,48
DA:329,48
DA:330,40
DA:331,0
DA:333,40
DA:334,40
DA:335,0
DA:336,0
DA:338,0
DA:339,0
DA:344,40
DA:347,40
DA:348,40
DA:350,40
DA:351,0
DA:356,40
DA:357,18
DA:358,18
DA:360,40
DA:363,8
DA:364,2
DA:366,6
LF:196
LH:145
end_of_record
TN:
SF:/__w/SIPAI/SIPAI/libs/libsipai/src/TrainingDataFactory.cpp
FN:14,_ZNK5sipai19TrainingDataFactory12isDataFolderEv
FN:22,_ZN5sipai19TrainingDataFactory5_nextERSt6vectorISt10unique_ptrISt4pairINSt7__cxx1112basic_stringIcSt11char_traitsIcESaIcEEES9_ESt14default_deleteISA_EESaISD_EERS1_IS2_IS3_IS1_IS2_INS_5ImageESB_ISH_EESaISJ_EESL_ESB_ISM_EESaISO_EERS1_IS9_SaIS9_EERm
FN:79,_ZN5sipai19TrainingDataFactory12nextTrainingEv
FN:84,_ZN5sipai19TrainingDataFactory14nextValidationEv
FN:89,_ZN5sipai19TrainingDataFactory12trainingSizeEv
FN:93,_ZN5sipai19TrainingDataFactory14validationSizeEv
FN:98,_ZN5sipai19TrainingDataFactory8loadDataEv
FN:122,_ZN5sipai19TrainingDataFactory14_loadDataPathsEv
FN:132,_ZN5sipai19TrainingDataFactory15_loadDataFolderEv
FN:157,_ZN5sipai19TrainingDataFactory13resetCountersEv
FN:161,_ZN5sipai19TrainingDataFactory13resetTrainingEv
FN:162,_ZN5sipai19TrainingDataFactory15resetValidationEv
FN:164,_ZN5sipai19TrainingDataFactory19_splitDataPairPathsERSt6vectorISt10unique_ptrISt4pairINSt7__cxx1112basic_stringIcSt11char_traitsIcESaIcEEES9_ESt14default_deleteISA_EESaISD_EEfb
FN:198,_ZN5sipai19TrainingDataFactory21_splitDataTargetPathsERSt6vectorINSt7__cxx1112basic_stringIcSt11char_traitsIcESaIcEEESaIS7_EEfb
FN:227,_ZN5sipai19TrainingDataFactory5clearEv
FNDA:4,_ZN5sipai19TrainingDataFactory14validationSizeEv
FNDA:180,_ZNK5sipai19TrainingDataFactory12isDataFolderEv
FNDA:10,_ZN5sipai19TrainingDataFactory14nextValidationEv
FNDA:12,_ZN5sipai19TrainingDataFactory13resetCountersEv
FNDA:12,_ZN5sipai19TrainingDataFactory13resetTrainingEv
FNDA:2,_ZN5sipai19TrainingDataFactory8loadDataEv
FNDA:48,_ZN5sipai19TrainingDataFactory5_nextERSt6vectorISt10unique_ptrISt4pairINSt7__cxx1112basic_stringIcSt11char_traitsIcESaIcEEES9_ESt14default_deleteISA_EESaISD_EERS1_IS2_IS3_IS1_IS2_INS_5ImageESB_ISH_EESaISJ_EESL_ESB_ISM_EESaISO_EERS1_IS9_SaIS9_EERm
FNDA:1,_ZN5sipai19TrainingDataFactory15_loadDataFolderEv
FNDA:1,_ZN5sipai19TrainingDataFactory14_loadDataPathsEv
FNDA:1,_ZN5sipai19TrainingDataFactory19_splitDataPairPathsERSt6vectorISt10unique_ptrISt4pairINSt7__cxx1112basic_stringIcSt11char_traitsIcESaIcEEES9_ESt14default_deleteISA_EESaISD_EEfb
FNDA:12,_ZN5sipai19TrainingDataFactory15resetValidationEv
FNDA:6,_ZN5sipai19TrainingDataFactory12trainingSizeEv
FNDA:4,_ZN5sipai19TrainingDataFactory5clearEv
FNDA:38,_ZN5sipai19TrainingDataFactory12nextTrainingEv
FNDA:1,_ZN5sipai19TrainingDataFactory21_splitDataTargetPathsERSt6vectorINSt7__cxx1112basic_stringIcSt11char_traitsIcESaIcEEESaIS7_EEfb
FNF:15
FNH:15
DA:14,180
DA:15,180
DA:16,270
DA:17,270
DA:22,48
DA:27,48
DA:28,48
DA:29,48
DA:31,48
DA:32,48
DA:34,8
DA:38,40
DA:39,40
DA:40,60
DA:41,20
DA:43,40
DA:45,0
DA:51,40
DA:52,40
DA:57,40
DA:58,40
DA:59,20
DA:60,20
DA:62,20
DA:63,40
DA:65,80
DA:66,80
DA:69,40
DA:70,40
DA:71,0
DA:72,0
DA:74,40
DA:76,40
DA:77,40
DA:79,38
DA:80,76
DA:81,38
DA:84,10
DA:85,20
DA:86,10
DA:89,6
DA:90,6
DA:91,6
DA:93,4
DA:94,4
DA:95,4
DA:98,2
DA:99,2
DA:100,0
DA:103,2
DA:104,2
DA:105,0
DA:107,2
DA:108,1
DA:109,1
DA:110,1
DA:112,0
DA:113,0
DA:115,2
DA:116,0
DA:117,0
DA:122,1
DA:123,1
DA:125,1
DA:126,1
DA:127,1
DA:129,1
DA:130,1
DA:132,1
DA:133,1
DA:134,1
DA:136,1
DA:139,21
DA:140,10
DA:141,10
DA:143,10
DA:146,10
DA:147,10
DA:149,10
DA:150,1
DA:152,1
DA:153,1
DA:154,1
DA:155,1
DA:157,12
DA:158,12
DA:159,12
DA:160,12
DA:161,12
DA:162,12
DA:164,1
DA:167,1
DA:168,1
DA:170,1
DA:171,0
DA:174,1
DA:175,1
DA:176,1
DA:177,1
DA:178,1
DA:181,1
DA:184,11
DA:185,10
DA:186,10
DA:187,10
DA:189,0
DA:190,0
DA:192,10
DA:195,1
DA:198,1
DA:201,1
DA:202,1
DA:204,1
DA:205,0
DA:208,1
DA:209,1
DA:210,1
DA:211,1
DA:212,1
DA:215,1
DA:218,11
DA:219,10
DA:220,7
DA:222,3
DA:227,4
DA:228,4
DA:229,4
DA:230,4
DA:231,4
DA:232,4
DA:233,4
DA:234,4
DA:235,4
DA:236,4
LF:134
LH:121
end_of_record
TN:
SF:/__w/SIPAI/SIPAI/libs/libsipai/src/TrainingDataFileReaderCSV.cpp
FN:14,_ZN5sipai25TrainingDataFileReaderCSV21loadTrainingDataPathsB5cxx11Ev
FNDA:1,_ZN5sipai25TrainingDataFileReaderCSV21loadTrainingDataPathsB5cxx11Ev
FNF:1
FNH:1
DA:14,1
DA:16,1
DA:17,1
DA:18,0
DA:23,1
DA:24,1
DA:25,0
DA:28,1
DA:29,1
DA:30,1
DA:31,1
DA:32,1
DA:33,1
DA:34,1
DA:35,12
DA:37,11
DA:38,1
DA:40,10
DA:41,10
DA:42,10
DA:43,0
DA:44,0
DA:47,10
DA:48,10
DA:49,10
DA:50,10
DA:51,10
DA:52,10
DA:53,0
DA:54,0
DA:55,0
DA:56,0
DA:58,0
DA:60,0
DA:63,2
DA:64,1
LF:36
LH:26
end_of_record
