TN:
SF:/home/runner/work/SIPAI/SIPAI/libs/libsipai/include/ActivationFunctions.h
FN:33,_ZN5sipai16getActivationStrB5cxx11ENS_19EActivationFunctionE
FN:51,_ZNK5sipai7sigmoidMUlRKNS_4RGBAEE_clES2_
FN:52,_ZZNK5sipai7sigmoidMUlRKNS_4RGBAEE_clES2_ENKUlfE_clEf
FN:58,_ZNK5sipai17sigmoidDerivativeMUlRKNS_4RGBAEE_clES2_
FN:60,_ZZNK5sipai17sigmoidDerivativeMUlRKNS_4RGBAEE_clES2_ENKUlfE_clEf
FN:68,_ZNK5sipai8tanhFuncMUlRKNS_4RGBAEE_clES2_
FN:69,_ZZNK5sipai8tanhFuncMUlRKNS_4RGBAEE_clES2_ENKUlfE_clEf
FN:74,_ZNK5sipai14tanhDerivativeMUlRKNS_4RGBAEE_clES2_
FN:76,_ZZNK5sipai14tanhDerivativeMUlRKNS_4RGBAEE_clES2_ENKUlfE_clEf
FN:89,_ZNK5sipai4reluMUlRKNS_4RGBAEE_clES2_
FN:90,_ZZNK5sipai4reluMUlRKNS_4RGBAEE_clES2_ENKUlfE_clEf
FN:92,_ZNK5sipai14reluDerivativeMUlRKNS_4RGBAEE_clES2_
FN:93,_ZZNK5sipai14reluDerivativeMUlRKNS_4RGBAEE_clES2_ENKUlfE_clEf
FN:102,_ZNK5sipai9leakyReluMUlRKNS_4RGBAEE_clES2_
FN:104,_ZZNK5sipai9leakyReluMUlRKNS_4RGBAEE_clES2_ENKUlfE_clEf
FN:107,_ZNK5sipai19leakyReluDerivativeMUlRKNS_4RGBAEE_clES2_
FN:108,_ZZNK5sipai19leakyReluDerivativeMUlRKNS_4RGBAEE_clES2_ENKUlfE_clEf
FN:117,_ZNK5sipai14parametricReluMUlRKNS_4RGBAEfE_clES2_f
FN:119,_ZZNK5sipai14parametricReluMUlRKNS_4RGBAEfE_clES2_fENKUlffE_clEff
FN:127,_ZNK5sipai24parametricReluDerivativeMUlRKNS_4RGBAEfE_clES2_f
FN:128,_ZZNK5sipai24parametricReluDerivativeMUlRKNS_4RGBAEfE_clES2_fENKUlffE_clEff
FN:140,_ZNK5sipai3eluMUlRKNS_4RGBAEfE_clES2_f
FN:142,_ZZNK5sipai3eluMUlRKNS_4RGBAEfE_clES2_fENKUlffE_clEff
FN:149,_ZNK5sipai13eluDerivativeMUlRKNS_4RGBAEfE_clES2_f
FN:151,_ZZNK5sipai13eluDerivativeMUlRKNS_4RGBAEfE_clES2_fENKUlffE_clEff
FNDA:88,_ZNK5sipai19leakyReluDerivativeMUlRKNS_4RGBAEE_clES2_
FNDA:16,_ZZNK5sipai13eluDerivativeMUlRKNS_4RGBAEfE_clES2_fENKUlffE_clEff
FNDA:325,_ZNK5sipai9leakyReluMUlRKNS_4RGBAEE_clES2_
FNDA:4,_ZNK5sipai4reluMUlRKNS_4RGBAEE_clES2_
FNDA:16,_ZZNK5sipai14parametricReluMUlRKNS_4RGBAEfE_clES2_fENKUlffE_clEff
FNDA:4,_ZNK5sipai14reluDerivativeMUlRKNS_4RGBAEE_clES2_
FNDA:8,_ZNK5sipai7sigmoidMUlRKNS_4RGBAEE_clES2_
FNDA:4,_ZNK5sipai14parametricReluMUlRKNS_4RGBAEfE_clES2_f
FNDA:24,_ZZNK5sipai3eluMUlRKNS_4RGBAEfE_clES2_fENKUlffE_clEff
FNDA:48,_ZZNK5sipai8tanhFuncMUlRKNS_4RGBAEE_clES2_ENKUlfE_clEf
FNDA:32,_ZZNK5sipai7sigmoidMUlRKNS_4RGBAEE_clES2_ENKUlfE_clEf
FNDA:1300,_ZZNK5sipai9leakyReluMUlRKNS_4RGBAEE_clES2_ENKUlfE_clEf
FNDA:6,_ZNK5sipai14tanhDerivativeMUlRKNS_4RGBAEE_clES2_
FNDA:16,_ZZNK5sipai24parametricReluDerivativeMUlRKNS_4RGBAEfE_clES2_fENKUlffE_clEff
FNDA:4,_ZNK5sipai24parametricReluDerivativeMUlRKNS_4RGBAEfE_clES2_f
FNDA:16,_ZZNK5sipai17sigmoidDerivativeMUlRKNS_4RGBAEE_clES2_ENKUlfE_clEf
FNDA:6,_ZNK5sipai3eluMUlRKNS_4RGBAEfE_clES2_f
FNDA:12,_ZNK5sipai8tanhFuncMUlRKNS_4RGBAEE_clES2_
FNDA:16,_ZZNK5sipai4reluMUlRKNS_4RGBAEE_clES2_ENKUlfE_clEf
FNDA:352,_ZZNK5sipai19leakyReluDerivativeMUlRKNS_4RGBAEE_clES2_ENKUlfE_clEf
FNDA:4,_ZNK5sipai17sigmoidDerivativeMUlRKNS_4RGBAEE_clES2_
FNDA:2,_ZN5sipai16getActivationStrB5cxx11ENS_19EActivationFunctionE
FNDA:16,_ZZNK5sipai14reluDerivativeMUlRKNS_4RGBAEE_clES2_ENKUlfE_clEf
FNDA:24,_ZZNK5sipai14tanhDerivativeMUlRKNS_4RGBAEE_clES2_ENKUlfE_clEf
FNDA:4,_ZNK5sipai13eluDerivativeMUlRKNS_4RGBAEfE_clES2_f
FNF:25
FNH:25
DA:33,2
DA:34,4
DA:35,4
DA:36,2
DA:39,0
DA:51,8
DA:52,16
DA:54,32
DA:55,32
DA:56,16
DA:58,4
DA:59,4
DA:60,20
DA:68,12
DA:69,24
DA:71,48
DA:72,24
DA:74,6
DA:75,6
DA:76,30
DA:89,4
DA:90,20
DA:92,4
DA:93,20
DA:102,325
DA:103,650
DA:104,1950
DA:107,88
DA:108,440
DA:117,4
DA:118,8
DA:119,4
DA:121,16
DA:122,16
DA:124,8
DA:127,4
DA:128,24
DA:129,8
DA:140,6
DA:141,12
DA:142,6
DA:143,24
DA:144,24
DA:146,12
DA:149,4
DA:150,8
DA:151,20
DA:152,8
LF:48
LH:47
end_of_record
TN:
SF:/home/runner/work/SIPAI/SIPAI/libs/libsipai/include/Common.h
FN:45,_ZN5sipai13getRunModeStrB5cxx11ENS_8ERunModeE
FN:65,_ZN5sipai14getFilenameCsvERKNSt7__cxx1112basic_stringIcSt11char_traitsIcESaIcEEE
FNDA:6,_ZN5sipai14getFilenameCsvERKNSt7__cxx1112basic_stringIcSt11char_traitsIcESaIcEEE
FNDA:1,_ZN5sipai13getRunModeStrB5cxx11ENS_8ERunModeE
FNF:2
FNH:2
DA:45,1
DA:46,4
DA:47,4
DA:48,1
DA:51,0
DA:65,6
DA:67,12
LF:7
LH:6
end_of_record
TN:
SF:/home/runner/work/SIPAI/SIPAI/libs/libsipai/include/Image.h
FN:23,_ZN5sipai5ImageC2ERKSt6vectorINS_4RGBAESaIS2_EEmm
FN:26,_ZN5sipai5ImageC2ERKSt6vectorINS_4RGBAESaIS2_EEmmmm
FN:31,_ZNK5sipai5Image4sizeEv
FNDA:36,_ZNK5sipai5Image4sizeEv
FNDA:76,_ZN5sipai5ImageC2ERKSt6vectorINS_4RGBAESaIS2_EEmmmm
FNDA:1,_ZN5sipai5ImageC2ERKSt6vectorINS_4RGBAESaIS2_EEmm
FNF:3
FNH:3
DA:23,1
DA:24,1
DA:25,1
DA:26,76
DA:28,76
DA:29,76
DA:31,36
LF:7
LH:7
end_of_record
TN:
SF:/home/runner/work/SIPAI/SIPAI/libs/libsipai/include/Layer.h
FN:34,_ZN5sipai5LayerC2ENS_9LayerTypeEmm
FN:36,_ZN5sipai5LayerD2Ev
FN:36,_ZN5sipai5LayerD0Ev
FN:51,_ZN5sipai5Layer18forwardPropagationEb
FN:56,_ZZN5sipai5Layer18forwardPropagationEbENKUlRNS_6NeuronEPS0_E_clES2_S3_
FN:71,_ZZN5sipai5Layer18forwardPropagationEbENKUlvE0_clEv
FN:96,_ZN5sipai5Layer19backwardPropagationEb
FN:103,_ZZN5sipai5Layer19backwardPropagationEbENKUlRNS_6NeuronERKmPS0_RKfS7_E_clES2_S4_S5_S7_S7_
FN:125,_ZZN5sipai5Layer19backwardPropagationEbENKUlvE0_clEv
FN:154,_ZN5sipai5Layer13updateWeightsEfb
FN:159,_ZZN5sipai5Layer13updateWeightsEfbENKUlRNS_6NeuronEPS0_RKfE_clES2_S3_S5_
FN:179,_ZZN5sipai5Layer13updateWeightsEfbENKUlvE0_clEv
FN:200,_ZNK5sipai5Layer15getLayerTypeStrB5cxx11Ev
FN:209,_ZN5sipai5Layer21setActivationFunctionERKSt8functionIFNS_4RGBAES2_EES6_
FNDA:84,_ZZN5sipai5Layer19backwardPropagationEbENKUlRNS_6NeuronERKmPS0_RKfS7_E_clES2_S4_S5_S7_S7_
FNDA:30,_ZN5sipai5Layer13updateWeightsEfb
FNDA:22,_ZN5sipai5LayerD2Ev
FNDA:22,_ZN5sipai5LayerC2ENS_9LayerTypeEmm
FNDA:0,_ZZN5sipai5Layer18forwardPropagationEbENKUlvE0_clEv
FNDA:228,_ZZN5sipai5Layer13updateWeightsEfbENKUlRNS_6NeuronEPS0_RKfE_clES2_S3_S5_
FNDA:0,_ZZN5sipai5Layer19backwardPropagationEbENKUlvE0_clEv
FNDA:43,_ZN5sipai5Layer18forwardPropagationEb
FNDA:6,_ZNK5sipai5Layer15getLayerTypeStrB5cxx11Ev
FNDA:321,_ZZN5sipai5Layer18forwardPropagationEbENKUlRNS_6NeuronEPS0_E_clES2_S3_
FNDA:21,_ZN5sipai5Layer21setActivationFunctionERKSt8functionIFNS_4RGBAES2_EES6_
FNDA:4,_ZZN5sipai5Layer13updateWeightsEfbENKUlvE0_clEv
FNDA:28,_ZN5sipai5Layer19backwardPropagationEb
FNDA:0,_ZN5sipai5LayerD0Ev
FNF:14
FNH:11
DA:34,22
DA:35,22
DA:36,22
DA:51,43
DA:52,43
DA:53,0
DA:56,321
DA:57,321
DA:58,1995
DA:59,1674
DA:62,321
DA:63,321
DA:65,43
DA:66,0
DA:68,0
DA:69,0
DA:70,0
DA:71,0
DA:73,0
DA:74,0
DA:75,0
DA:77,0
DA:78,0
DA:79,0
DA:81,0
DA:82,0
DA:85,0
DA:86,364
DA:87,321
DA:96,28
DA:97,28
DA:98,14
DA:100,14
DA:101,14
DA:103,84
DA:105,84
DA:106,840
DA:107,756
DA:110,280
DA:111,196
DA:114,84
DA:115,84
DA:116,84
DA:118,14
DA:119,0
DA:121,0
DA:122,0
DA:123,0
DA:124,0
DA:125,0
DA:127,0
DA:128,0
DA:129,0
DA:131,0
DA:132,0
DA:133,0
DA:134,0
DA:136,0
DA:137,0
DA:140,0
DA:141,98
DA:142,84
DA:154,30
DA:155,30
DA:156,0
DA:159,228
DA:161,228
DA:163,1428
DA:164,1200
DA:167,808
DA:168,580
DA:170,228
DA:172,30
DA:173,1
DA:175,1
DA:176,1
DA:177,5
DA:178,4
DA:179,8
DA:181,13
DA:182,13
DA:183,4
DA:185,9
DA:186,9
DA:187,4
DA:189,5
DA:190,4
DA:193,1
DA:194,248
DA:195,219
DA:200,6
DA:201,12
DA:202,12
DA:203,6
DA:206,0
DA:209,21
DA:211,141
DA:212,120
DA:213,120
DA:215,21
LF:100
LH:67
end_of_record
TN:
SF:/home/runner/work/SIPAI/SIPAI/libs/libsipai/include/LayerHidden.h
FN:26,_ZN5sipai11LayerHiddenC2Ev
FN:27,_ZN5sipai11LayerHiddenC2Emm
FNDA:2,_ZN5sipai11LayerHiddenC2Ev
FNDA:8,_ZN5sipai11LayerHiddenC2Emm
FNF:2
FNH:2
DA:26,2
DA:27,8
DA:28,8
LF:3
LH:3
end_of_record
TN:
SF:/home/runner/work/SIPAI/SIPAI/libs/libsipai/include/LayerInput.h
FN:23,_ZN5sipai10LayerInputC2Ev
FN:24,_ZN5sipai10LayerInputC2Emm
FN:27,_ZN5sipai10LayerInput18forwardPropagationEb
FN:31,_ZN5sipai10LayerInput19backwardPropagationEb
FN:35,_ZN5sipai10LayerInput13updateWeightsEfb
FN:40,_ZN5sipai10LayerInput14setInputValuesERKSt6vectorINS_4RGBAESaIS2_EE
FNDA:21,_ZN5sipai10LayerInput18forwardPropagationEb
FNDA:14,_ZN5sipai10LayerInput13updateWeightsEfb
FNDA:5,_ZN5sipai10LayerInputC2Emm
FNDA:14,_ZN5sipai10LayerInput19backwardPropagationEb
FNDA:1,_ZN5sipai10LayerInputC2Ev
FNDA:21,_ZN5sipai10LayerInput14setInputValuesERKSt6vectorINS_4RGBAESaIS2_EE
FNF:6
FNH:6
DA:23,1
DA:24,5
DA:25,5
DA:27,21
DA:29,21
DA:31,14
DA:33,14
DA:35,14
DA:38,14
DA:40,21
DA:41,21
DA:42,0
DA:44,105
DA:45,84
DA:47,21
LF:15
LH:14
end_of_record
TN:
SF:/home/runner/work/SIPAI/SIPAI/libs/libsipai/include/LayerOutput.h
FN:29,_ZN5sipai11LayerOutputC2Ev
FN:30,_ZN5sipai11LayerOutputC2Emm
FN:33,_ZN5sipai11LayerOutput13computeErrorsERKSt6vectorINS_4RGBAESaIS2_EE
FN:55,_ZN5sipai11LayerOutput15getOutputValuesEv
FN:57,_ZZN5sipai11LayerOutput15getOutputValuesEvENKUlRKNS_6NeuronEE_clES3_
FNDA:14,_ZN5sipai11LayerOutput13computeErrorsERKSt6vectorINS_4RGBAESaIS2_EE
FNDA:21,_ZN5sipai11LayerOutput15getOutputValuesEv
FNDA:5,_ZN5sipai11LayerOutputC2Emm
FNDA:1,_ZN5sipai11LayerOutputC2Ev
FNDA:189,_ZZN5sipai11LayerOutput15getOutputValuesEvENKUlRKNS_6NeuronEE_clES3_
FNF:5
FNH:5
DA:29,1
DA:30,5
DA:31,5
DA:33,14
DA:34,14
DA:35,0
DA:38,14
DA:39,14
DA:40,14
DA:42,140
DA:44,126
DA:45,462
DA:46,336
DA:48,126
DA:49,126
DA:50,378
DA:51,126
DA:53,14
DA:55,21
DA:57,210
DA:58,21
LF:21
LH:20
end_of_record
TN:
SF:/home/runner/work/SIPAI/SIPAI/libs/libsipai/include/Manager.h
FN:25,_ZN5sipai7Manager11getInstanceEv
FN:27,_ZZN5sipai7Manager11getInstanceEvENKUlvE_clEv
FN:30,_ZN5sipai7Manager16getConstInstanceEv
FN:35,_ZN5sipai7ManagerD2Ev
FN:89,_ZNK5sipai7Manager16getVersionHeaderB5cxx11Ev
FN:94,_ZN5sipai7ManagerC2Ev
FNDA:1,_ZN5sipai7ManagerC2Ev
FNDA:1,_ZN5sipai7ManagerD2Ev
FNDA:79,_ZN5sipai7Manager11getInstanceEv
FNDA:1,_ZZN5sipai7Manager11getInstanceEvENKUlvE_clEv
FNDA:30,_ZN5sipai7Manager16getConstInstanceEv
FNDA:1,_ZNK5sipai7Manager16getVersionHeaderB5cxx11Ev
FNF:6
FNH:6
DA:25,79
DA:27,80
DA:28,79
DA:30,30
DA:31,30
DA:35,1
DA:89,1
DA:90,2
DA:94,1
LF:9
LH:9
end_of_record
TN:
SF:/home/runner/work/SIPAI/SIPAI/libs/libsipai/include/NeuralNetwork.h
FN:28,_ZN5sipai13NeuralNetworkC2Ev
FN:36,_ZN5sipai13NeuralNetworkD2Ev
FNDA:8,_ZN5sipai13NeuralNetworkC2Ev
FNDA:8,_ZN5sipai13NeuralNetworkD2Ev
FNF:2
FNH:2
DA:28,8
DA:36,8
DA:37,30
DA:38,22
DA:39,22
DA:42,8
LF:6
LH:6
end_of_record
TN:
SF:/home/runner/work/SIPAI/SIPAI/libs/libsipai/include/NeuralNetworkBuilder.h
FN:30,_ZN5sipai20NeuralNetworkBuilder4withERSt10unique_ptrINS_13NeuralNetworkESt14default_deleteIS2_EE
FN:41,_ZN5sipai20NeuralNetworkBuilder4withERNS_19NeuralNetworkParamsE
FNDA:1,_ZN5sipai20NeuralNetworkBuilder4withERSt10unique_ptrINS_13NeuralNetworkESt14default_deleteIS2_EE
FNDA:8,_ZN5sipai20NeuralNetworkBuilder4withERNS_19NeuralNetworkParamsE
FNF:2
FNH:2
DA:30,1
DA:31,1
DA:32,1
DA:41,8
DA:42,8
DA:43,8
LF:6
LH:6
end_of_record
TN:
SF:/home/runner/work/SIPAI/SIPAI/libs/libsipai/include/NeuralNetworkImportExportFacade.h
FN:19,_ZN5sipai31NeuralNetworkImportExportFacadeD0Ev
FN:19,_ZN5sipai31NeuralNetworkImportExportFacadeD2Ev
FNDA:4,_ZN5sipai31NeuralNetworkImportExportFacadeD2Ev
FNDA:2,_ZN5sipai31NeuralNetworkImportExportFacadeD0Ev
FNF:2
FNH:2
DA:19,6
LF:1
LH:1
end_of_record
TN:
SF:/home/runner/work/SIPAI/SIPAI/libs/libsipai/include/Neuron.h
FN:31,_ZN5sipai6NeuronC2Ev
FN:57,_ZN5sipai6Neuron11initWeightsEm
FN:67,_ZNK5sipai6Neuron11toStringCsvB5cxx11Em
FN:83,_ZNK5sipai6Neuron20toNeighborsStringCsvB5cxx11Em
FNDA:93,_ZN5sipai6Neuron11initWeightsEm
FNDA:134,_ZN5sipai6NeuronC2Ev
FNDA:30,_ZNK5sipai6Neuron20toNeighborsStringCsvB5cxx11Em
FNDA:30,_ZNK5sipai6Neuron11toStringCsvB5cxx11Em
FNF:4
FNH:4
DA:31,134
DA:57,93
DA:58,93
DA:61,93
DA:62,591
DA:63,498
DA:65,93
DA:67,30
DA:68,30
DA:69,186
DA:70,156
DA:73,54
DA:74,24
DA:76,30
DA:77,30
DA:78,30
DA:80,60
DA:81,30
DA:83,30
DA:84,30
DA:85,106
DA:86,76
DA:89,134
DA:90,104
DA:92,30
DA:93,30
DA:94,30
DA:96,60
DA:97,30
LF:29
LH:29
end_of_record
TN:
SF:/home/runner/work/SIPAI/SIPAI/libs/libsipai/include/NeuronConnection.h
FN:20,_ZN5sipai16NeuronConnectionC2EPNS_6NeuronENS_4RGBAE
FNDA:270,_ZN5sipai16NeuronConnectionC2EPNS_6NeuronENS_4RGBAE
FNF:1
FNH:1
DA:20,270
DA:21,270
LF:2
LH:2
end_of_record
TN:
SF:/home/runner/work/SIPAI/SIPAI/libs/libsipai/include/RGBA.h
FN:28,_ZN5sipai4RGBAC2Ev
FN:31,_ZN5sipai4RGBAC2Effff
FN:34,_ZN5sipai4RGBAC2ERKN2cv3VecIhLi4EEEb
FN:43,_ZNK5sipai4RGBA3sumEv
FN:54,_ZNK5sipai4RGBA5clampERKfS2_
FN:58,_ZZNK5sipai4RGBA5clampERKfS2_ENKUlS2_E_clES2_
FN:68,_ZNK5sipai4RGBA3powEf
FN:70,_ZZNK5sipai4RGBA3powEfENKUlfE_clEf
FN:85,_ZNK5sipai4RGBA6randomERKf
FN:91,_ZZNK5sipai4RGBA6randomERKfENKUlRfE_clES3_
FN:103,_ZNK5sipai4RGBA12isOutOfRangeERKfS2_
FN:105,_ZZNK5sipai4RGBA12isOutOfRangeERKfS2_ENKUlfE_clEf
FN:113,_ZNK5sipai4RGBA11toStringCsvB5cxx11Ev
FN:129,_ZNK5sipai4RGBA7toVec4bEv
FN:135,_ZNK5sipai4RGBA5applyERKSt8functionIFffEE
FN:143,_ZNK5sipai4RGBA5applyERKSt8functionIFfffEEf
FN:147,_ZZNK5sipai4RGBA5applyERKSt8functionIFfffEEfENKUlfE_clEf
FN:152,_ZNK5sipai4RGBA15applyToElementsISt10multipliesIvEEEDaT_RKS0_
FN:152,_ZNK5sipai4RGBA15applyToElementsISt4plusIvEEEDaT_RKS0_
FN:152,_ZNK5sipai4RGBA15applyToElementsISt5minusIvEEEDaT_RKS0_
FN:159,_ZN5sipai4RGBApLERKS0_
FN:165,_ZN5sipai4RGBAmIERKS0_
FN:177,_ZNK5sipai4RGBAeqERKS0_
FN:185,_ZNK5sipai4RGBAmlERKS0_
FN:189,_ZNK5sipai4RGBAplERKS0_
FN:193,_ZNK5sipai4RGBAmiERKS0_
FN:197,_ZN5sipaimlEfRKNS_4RGBAE
FN:200,_ZZN5sipaimlEfRKNS_4RGBAEENKUlfE_clEf
FNDA:2962,_ZN5sipai4RGBApLERKS0_
FNDA:732,_ZNK5sipai4RGBA6randomERKf
FNDA:434673,_ZNK5sipai4RGBA7toVec4bEv
FNDA:1920,_ZZN5sipaimlEfRKNS_4RGBAEENKUlfE_clEf
FNDA:1780,_ZN5sipai4RGBAmIERKS0_
FNDA:451,_ZNK5sipai4RGBA5applyERKSt8functionIFffEE
FNDA:1281,_ZN5sipai4RGBAC2Effff
FNDA:47783,_ZNK5sipai4RGBA12isOutOfRangeERKfS2_
FNDA:3,_ZNK5sipai4RGBAeqERKS0_
FNDA:128,_ZNK5sipai4RGBA3sumEv
FNDA:254,_ZNK5sipai4RGBAmiERKS0_
FNDA:18,_ZNK5sipai4RGBA5applyERKSt8functionIFfffEEf
FNDA:513848,_ZN5sipai4RGBAC2Ev
FNDA:254,_ZNK5sipai4RGBA15applyToElementsISt5minusIvEEEDaT_RKS0_
FNDA:2928,_ZZNK5sipai4RGBA6randomERKfENKUlRfE_clES3_
FNDA:126,_ZNK5sipai4RGBA15applyToElementsISt4plusIvEEEDaT_RKS0_
FNDA:128,_ZNK5sipai4RGBA3powEf
FNDA:4826,_ZNK5sipai4RGBAmlERKS0_
FNDA:942,_ZNK5sipai4RGBA5clampERKfS2_
FNDA:0,_ZZNK5sipai4RGBA3powEfENKUlfE_clEf
FNDA:480,_ZN5sipaimlEfRKNS_4RGBAE
FNDA:505209,_ZN5sipai4RGBAC2ERKN2cv3VecIhLi4EEEb
FNDA:3768,_ZZNK5sipai4RGBA5clampERKfS2_ENKUlS2_E_clES2_
FNDA:4826,_ZNK5sipai4RGBA15applyToElementsISt10multipliesIvEEEDaT_RKS0_
FNDA:72,_ZZNK5sipai4RGBA5applyERKSt8functionIFfffEEfENKUlfE_clEf
FNDA:233,_ZNK5sipai4RGBA11toStringCsvB5cxx11Ev
FNDA:126,_ZNK5sipai4RGBAplERKS0_
FNDA:191132,_ZZNK5sipai4RGBA12isOutOfRangeERKfS2_ENKUlfE_clEf
FNF:28
FNH:27
DA:28,513848
DA:31,1281
DA:34,505209
DA:35,505209
DA:36,505209
DA:43,128
DA:44,128
DA:54,1674
DA:55,942
DA:56,942
DA:58,3768
DA:59,942
DA:68,128
DA:69,128
DA:70,0
DA:71,0
DA:72,0
DA:74,256
DA:75,384
DA:85,732
DA:86,732
DA:87,732
DA:88,732
DA:89,732
DA:91,2928
DA:92,1464
DA:103,95566
DA:104,47783
DA:105,238915
DA:113,233
DA:114,233
DA:115,233
DA:116,1165
DA:117,932
DA:119,233
DA:120,233
DA:121,466
DA:122,233
DA:129,434673
DA:130,1738692
DA:131,434673
DA:135,451
DA:136,451
DA:137,451
DA:138,451
DA:143,18
DA:145,18
DA:146,18
DA:147,72
DA:148,18
DA:152,5206
DA:153,5206
DA:154,5206
DA:156,5206
DA:159,2962
DA:160,2962
DA:162,2962
DA:165,1780
DA:166,1780
DA:168,1780
DA:177,3
DA:178,6
DA:179,3
DA:180,3
DA:185,4826
DA:186,4826
DA:189,126
DA:190,126
DA:193,254
DA:194,254
DA:197,480
DA:198,480
DA:199,480
DA:200,1920
DA:201,480
LF:75
LH:72
end_of_record
TN:
SF:/home/runner/work/SIPAI/SIPAI/libs/libsipai/include/RandomFactory.h
FN:18,_ZN5sipai13RandomFactory11getInstanceEv
FN:21,_ZZN5sipai13RandomFactory11getInstanceEvENKUlvE_clEv
FN:26,_ZN5sipai13RandomFactoryD2Ev
FN:35,_ZN5sipai13RandomFactory9getRandomEff
FN:48,_ZN5sipai13RandomFactory4RandEff
FN:53,_ZN5sipai13RandomFactoryC2Ev
FNDA:2928,_ZN5sipai13RandomFactory11getInstanceEv
FNDA:2928,_ZN5sipai13RandomFactory4RandEff
FNDA:1,_ZN5sipai13RandomFactoryD2Ev
FNDA:2928,_ZN5sipai13RandomFactory9getRandomEff
FNDA:1,_ZZN5sipai13RandomFactory11getInstanceEvENKUlvE_clEv
FNDA:1,_ZN5sipai13RandomFactoryC2Ev
FNF:6
FNH:6
DA:18,2928
DA:20,2928
DA:21,1
DA:22,2928
DA:26,1
DA:35,2928
DA:36,2928
DA:37,5856
DA:48,2928
DA:49,2928
DA:53,1
LF:11
LH:11
end_of_record
TN:
SF:/home/runner/work/SIPAI/SIPAI/libs/libsipai/include/RunnerVisitor.h
FN:19,_ZN5sipai13RunnerVisitorD2Ev
FN:19,_ZN5sipai13RunnerVisitorD0Ev
FNDA:0,_ZN5sipai13RunnerVisitorD0Ev
FNDA:4,_ZN5sipai13RunnerVisitorD2Ev
FNF:2
FNH:1
DA:19,4
LF:1
LH:1
end_of_record
TN:
SF:/home/runner/work/SIPAI/SIPAI/libs/libsipai/include/RunnerVisitorFactory.h
FN:18,_ZN5sipai20RunnerVisitorFactory27getTrainingMonitoredVisitorEv
FN:26,_ZN5sipai20RunnerVisitorFactory18getEnhancerVisitorEv
FNDA:0,_ZN5sipai20RunnerVisitorFactory18getEnhancerVisitorEv
FNDA:1,_ZN5sipai20RunnerVisitorFactory27getTrainingMonitoredVisitorEv
FNF:2
FNH:1
DA:18,1
DA:19,1
DA:21,1
DA:23,1
DA:26,0
DA:27,0
DA:28,0
DA:30,0
LF:8
LH:4
end_of_record
TN:
SF:/home/runner/work/SIPAI/SIPAI/libs/libsipai/include/SimpleLogger.h
FN:32,_ZN5sipai12SimpleLogger11getInstanceEv
FN:55,_ZNK5sipai12SimpleLogger3logIJRA66_KcEEERKS0_NS_8LogLevelEbDpOT_
FN:55,_ZNK5sipai12SimpleLogger3logIJRA97_KcEEERKS0_NS_8LogLevelEbDpOT_
FN:55,_ZNK5sipai12SimpleLogger3logIJRA31_KcEEERKS0_NS_8LogLevelEbDpOT_
FN:55,_ZNK5sipai12SimpleLogger3logIJRA8_KcRiRA15_S2_RfRA21_S2_S8_RA2_S2_EEERKS0_NS_8LogLevelEbDpOT_
FN:55,_ZNK5sipai12SimpleLogger3logIJRA8_KcRmRPS2_RA7_S2_S5_RA2_S2_S5_RA4_S2_EEERKS0_NS_8LogLevelEbDpOT_
FN:55,_ZNK5sipai12SimpleLogger3logIJRA153_KcEEERKS0_NS_8LogLevelEbDpOT_
FN:55,_ZNK5sipai12SimpleLogger3logIJRA15_KcRdRA2_S2_EEERKS0_NS_8LogLevelEbDpOT_
FN:55,_ZNK5sipai12SimpleLogger3logIJRA39_KcRNSt7__cxx1112basic_stringIcSt11char_traitsIcESaIcEEERA4_S2_EEERKS0_NS_8LogLevelEbDpOT_
FN:55,_ZNK5sipai12SimpleLogger3logIJRA40_KcEEERKS0_NS_8LogLevelEbDpOT_
FN:55,_ZNK5sipai12SimpleLogger3logIJRA34_KcRPS2_EEERKS0_NS_8LogLevelEbDpOT_
FN:55,_ZNK5sipai12SimpleLogger3logIJRA21_KcEEERKS0_NS_8LogLevelEbDpOT_
FN:55,_ZNK5sipai12SimpleLogger3logIJRA20_KcEEERKS0_NS_8LogLevelEbDpOT_
FN:55,_ZNK5sipai12SimpleLogger3logIJRA47_KcRNSt7__cxx1112basic_stringIcSt11char_traitsIcESaIcEEEEEERKS0_NS_8LogLevelEbDpOT_
FN:55,_ZNK5sipai12SimpleLogger3logIJRNSt7__cxx1112basic_stringIcSt11char_traitsIcESaIcEEEEEERKS0_NS_8LogLevelEbDpOT_
FN:55,_ZNK5sipai12SimpleLogger3logIJRA13_KcRA8_S2_RNSt7__cxx1112basic_stringIcSt11char_traitsIcESaIcEEERA18_S2_RmS6_SF_SG_RA28_S2_SD_RA29_S2_RfRA17_S2_SL_RA20_S2_SG_RA2_S2_SG_RA21_S2_SG_SR_SG_ST_SG_SR_SG_SN_SG_RA30_S2_SD_RA27_S2_SL_SV_SD_SX_SL_RA15_S2_SG_RA23_S2_SG_RA16_S2_SL_RA25_S2_RPS2_S11_S17_RA19_S2_S17_S11_S17_RA24_S2_S17_EEERKS0_NS_8LogLevelEbDpOT_
FN:55,_ZNK5sipai12SimpleLogger3logIJRA28_KcRiRA4_S2_RPS2_EEERKS0_NS_8LogLevelEbDpOT_
FN:55,_ZNK5sipai12SimpleLogger3logIJRA17_KcRPS2_EEERKS0_NS_8LogLevelEbDpOT_
FN:55,_ZNK5sipai12SimpleLogger3logIJRA35_KcRNSt7__cxx1112basic_stringIcSt11char_traitsIcESaIcEEERA4_S2_EEERKS0_NS_8LogLevelEbDpOT_
FN:55,_ZNK5sipai12SimpleLogger3logIJRA34_KcEEERKS0_NS_8LogLevelEbDpOT_
FN:55,_ZNK5sipai12SimpleLogger3logIJRA24_KcEEERKS0_NS_8LogLevelEbDpOT_
FN:55,_ZNK5sipai12SimpleLogger3logIJRA17_KcEEERKS0_NS_8LogLevelEbDpOT_
FN:55,_ZNK5sipai12SimpleLogger3logIJRA39_KcEEERKS0_NS_8LogLevelEbDpOT_
FN:55,_ZNK5sipai12SimpleLogger3logIJRA22_KcRmRA23_S2_S5_RA24_S2_EEERKS0_NS_8LogLevelEbDpOT_
FN:55,_ZNK5sipai12SimpleLogger3logIJRA18_KcEEERKS0_NS_8LogLevelEbDpOT_
FN:55,_ZNK5sipai12SimpleLogger3logIJRA30_KcRNSt7__cxx1112basic_stringIcSt11char_traitsIcESaIcEEERA6_S2_SB_RA4_S2_EEERKS0_NS_8LogLevelEbDpOT_
FN:180,_ZNK5sipai12SimpleLogger4infoIJRA35_KcRNSt7__cxx1112basic_stringIcSt11char_traitsIcESaIcEEERA4_S2_EEERKS0_DpOT_
FN:180,_ZNK5sipai12SimpleLogger4infoIJRA30_KcRNSt7__cxx1112basic_stringIcSt11char_traitsIcESaIcEEERA6_S2_SB_RA4_S2_EEERKS0_DpOT_
FN:180,_ZNK5sipai12SimpleLogger4infoIJRA39_KcEEERKS0_DpOT_
FN:180,_ZNK5sipai12SimpleLogger4infoIJRA8_KcRiRA15_S2_RfRA21_S2_S8_RA2_S2_EEERKS0_DpOT_
FN:180,_ZNK5sipai12SimpleLogger4infoIJRA18_KcEEERKS0_DpOT_
FN:180,_ZNK5sipai12SimpleLogger4infoIJRA15_KcRdRA2_S2_EEERKS0_DpOT_
FN:180,_ZNK5sipai12SimpleLogger4infoIJRA8_KcRmRPS2_RA7_S2_S5_RA2_S2_S5_RA4_S2_EEERKS0_DpOT_
FN:180,_ZNK5sipai12SimpleLogger4infoIJRA153_KcEEERKS0_DpOT_
FN:180,_ZNK5sipai12SimpleLogger4infoIJRA66_KcEEERKS0_DpOT_
FN:180,_ZNK5sipai12SimpleLogger4infoIJRA21_KcEEERKS0_DpOT_
FN:180,_ZNK5sipai12SimpleLogger4infoIJRA39_KcRNSt7__cxx1112basic_stringIcSt11char_traitsIcESaIcEEERA4_S2_EEERKS0_DpOT_
FN:180,_ZNK5sipai12SimpleLogger4infoIJRA17_KcEEERKS0_DpOT_
FN:180,_ZNK5sipai12SimpleLogger4infoIJRA20_KcEEERKS0_DpOT_
FN:180,_ZNK5sipai12SimpleLogger4infoIJRA40_KcEEERKS0_DpOT_
FN:180,_ZNK5sipai12SimpleLogger4infoIJRA22_KcRmRA23_S2_S5_RA24_S2_EEERKS0_DpOT_
FN:180,_ZNK5sipai12SimpleLogger4infoIJRA24_KcEEERKS0_DpOT_
FN:180,_ZNK5sipai12SimpleLogger4infoIJRA34_KcRPS2_EEERKS0_DpOT_
FN:180,_ZNK5sipai12SimpleLogger4infoIJRA13_KcRA8_S2_RNSt7__cxx1112basic_stringIcSt11char_traitsIcESaIcEEERA18_S2_RmS6_SF_SG_RA28_S2_SD_RA29_S2_RfRA17_S2_SL_RA20_S2_SG_RA2_S2_SG_RA21_S2_SG_SR_SG_ST_SG_SR_SG_SN_SG_RA30_S2_SD_RA27_S2_SL_SV_SD_SX_SL_RA15_S2_SG_RA23_S2_SG_RA16_S2_SL_RA25_S2_RPS2_S11_S17_RA19_S2_S17_S11_S17_RA24_S2_S17_EEERKS0_DpOT_
FN:180,_ZNK5sipai12SimpleLogger4infoIJRNSt7__cxx1112basic_stringIcSt11char_traitsIcESaIcEEEEEERKS0_DpOT_
FN:180,_ZNK5sipai12SimpleLogger4infoIJRA47_KcRNSt7__cxx1112basic_stringIcSt11char_traitsIcESaIcEEEEEERKS0_DpOT_
FN:180,_ZNK5sipai12SimpleLogger4infoIJRA31_KcEEERKS0_DpOT_
FN:180,_ZNK5sipai12SimpleLogger4infoIJRA97_KcEEERKS0_DpOT_
FN:196,_ZNK5sipai12SimpleLogger4warnIJNSt7__cxx1112basic_stringIcSt11char_traitsIcESaIcEEEEEERKS0_DpOT_
FN:212,_ZNK5sipai12SimpleLogger5errorIJRA17_KcRPS2_EEERKS0_DpOT_
FN:212,_ZNK5sipai12SimpleLogger5errorIJRA28_KcRiRA4_S2_RPS2_EEERKS0_DpOT_
FN:212,_ZNK5sipai12SimpleLogger5errorIJRA34_KcEEERKS0_DpOT_
FN:264,_ZNK5sipai12SimpleLogger12setPrecisionEl
FN:287,_ZN5sipai12SimpleLogger8LOG_INFOIJRA39_KcEEERKS0_DpOT_
FN:287,_ZN5sipai12SimpleLogger8LOG_INFOIJRA34_KcPS2_EEERKS0_DpOT_
FN:287,_ZN5sipai12SimpleLogger8LOG_INFOIJRA153_KcEEERKS0_DpOT_
FN:287,_ZN5sipai12SimpleLogger8LOG_INFOIJRA20_KcEEERKS0_DpOT_
FN:287,_ZN5sipai12SimpleLogger8LOG_INFOIJRA66_KcEEERKS0_DpOT_
FN:287,_ZN5sipai12SimpleLogger8LOG_INFOIJRA39_KcRNSt7__cxx1112basic_stringIcSt11char_traitsIcESaIcEEERA4_S2_EEERKS0_DpOT_
FN:287,_ZN5sipai12SimpleLogger8LOG_INFOIJRA8_KciRA15_S2_fRA21_S2_fRA2_S2_EEERKS0_DpOT_
FN:287,_ZN5sipai12SimpleLogger8LOG_INFOIJRA15_KcdRA2_S2_EEERKS0_DpOT_
FN:287,_ZN5sipai12SimpleLogger8LOG_INFOIJRA8_KcmPS2_RA7_S2_RmRA2_S2_mRA4_S2_EEERKS0_DpOT_
FN:287,_ZN5sipai12SimpleLogger8LOG_INFOIJRA22_KcmRA23_S2_mRA24_S2_EEERKS0_DpOT_
FN:287,_ZN5sipai12SimpleLogger8LOG_INFOIJRA40_KcEEERKS0_DpOT_
FN:287,_ZN5sipai12SimpleLogger8LOG_INFOIJRA35_KcRNSt7__cxx1112basic_stringIcSt11char_traitsIcESaIcEEERA4_S2_EEERKS0_DpOT_
FN:287,_ZN5sipai12SimpleLogger8LOG_INFOIJNSt7__cxx1112basic_stringIcSt11char_traitsIcESaIcEEEEEERKS0_DpOT_
FN:287,_ZN5sipai12SimpleLogger8LOG_INFOIJRA24_KcEEERKS0_DpOT_
FN:287,_ZN5sipai12SimpleLogger8LOG_INFOIJRA97_KcEEERKS0_DpOT_
FN:287,_ZN5sipai12SimpleLogger8LOG_INFOIJRA31_KcEEERKS0_DpOT_
FN:287,_ZN5sipai12SimpleLogger8LOG_INFOIJRA17_KcEEERKS0_DpOT_
FN:287,_ZN5sipai12SimpleLogger8LOG_INFOIJRA30_KcRNSt7__cxx1112basic_stringIcSt11char_traitsIcESaIcEEERA6_S2_SA_RA4_S2_EEERKS0_DpOT_
FN:287,_ZN5sipai12SimpleLogger8LOG_INFOIJRA21_KcEEERKS0_DpOT_
FN:287,_ZN5sipai12SimpleLogger8LOG_INFOIJRA18_KcEEERKS0_DpOT_
FN:287,_ZN5sipai12SimpleLogger8LOG_INFOIJRA13_KcRA8_S2_NSt7__cxx1112basic_stringIcSt11char_traitsIcESaIcEEERA18_S2_RmS6_SE_SF_RA28_S2_SC_RA29_S2_RfRA17_S2_SK_RA20_S2_SF_RA2_S2_SF_RA21_S2_SF_SQ_SF_SS_SF_SQ_SF_SM_SF_RA30_S2_SC_RA27_S2_SK_SU_SC_SW_SK_RA15_S2_SF_RA23_S2_SF_RA16_S2_SK_RA25_S2_PS2_S10_S15_RA19_S2_S15_S10_S15_RA24_S2_S15_EEERKS0_DpOT_
FN:287,_ZN5sipai12SimpleLogger8LOG_INFOIJRA47_KcRNSt7__cxx1112basic_stringIcSt11char_traitsIcESaIcEEEEEERKS0_DpOT_
FN:315,_ZN5sipai12SimpleLogger9LOG_ERRORIJRA17_KcPS2_EEERKS0_DpOT_
FN:315,_ZN5sipai12SimpleLogger9LOG_ERRORIJRA28_KcRiRA4_S2_PS2_EEERKS0_DpOT_
FN:315,_ZN5sipai12SimpleLogger9LOG_ERRORIJRA34_KcEEERKS0_DpOT_
FN:336,_ZN5sipai12SimpleLoggerC2Ev
FN:341,_ZNK5sipai12SimpleLogger13get_timestampB5cxx11Ev
FNDA:2,_ZN5sipai12SimpleLogger8LOG_INFOIJRA8_KciRA15_S2_fRA21_S2_fRA2_S2_EEERKS0_DpOT_
FNDA:56,_ZNK5sipai12SimpleLogger13get_timestampB5cxx11Ev
FNDA:5,_ZNK5sipai12SimpleLogger4infoIJRA39_KcEEERKS0_DpOT_
FNDA:1,_ZN5sipai12SimpleLogger8LOG_INFOIJRA39_KcRNSt7__cxx1112basic_stringIcSt11char_traitsIcESaIcEEERA4_S2_EEERKS0_DpOT_
FNDA:1,_ZN5sipai12SimpleLogger8LOG_INFOIJRA66_KcEEERKS0_DpOT_
FNDA:2,_ZNK5sipai12SimpleLogger3logIJRA8_KcRiRA15_S2_RfRA21_S2_S8_RA2_S2_EEERKS0_NS_8LogLevelEbDpOT_
FNDA:0,_ZNK5sipai12SimpleLogger3logIJRA8_KcRmRPS2_RA7_S2_S5_RA2_S2_S5_RA4_S2_EEERKS0_NS_8LogLevelEbDpOT_
FNDA:5,_ZNK5sipai12SimpleLogger3logIJRA31_KcEEERKS0_NS_8LogLevelEbDpOT_
FNDA:2,_ZNK5sipai12SimpleLogger4infoIJRA30_KcRNSt7__cxx1112basic_stringIcSt11char_traitsIcESaIcEEERA6_S2_SB_RA4_S2_EEERKS0_DpOT_
FNDA:0,_ZNK5sipai12SimpleLogger3logIJRA97_KcEEERKS0_NS_8LogLevelEbDpOT_
FNDA:0,_ZN5sipai12SimpleLogger8LOG_INFOIJRA153_KcEEERKS0_DpOT_
FNDA:1,_ZNK5sipai12SimpleLogger4infoIJRA35_KcRNSt7__cxx1112basic_stringIcSt11char_traitsIcESaIcEEERA4_S2_EEERKS0_DpOT_
FNDA:0,_ZN5sipai12SimpleLogger8LOG_INFOIJRA34_KcPS2_EEERKS0_DpOT_
FNDA:1,_ZN5sipai12SimpleLogger8LOG_INFOIJRA20_KcEEERKS0_DpOT_
FNDA:1,_ZNK5sipai12SimpleLogger3logIJRA66_KcEEERKS0_NS_8LogLevelEbDpOT_
FNDA:5,_ZN5sipai12SimpleLogger8LOG_INFOIJRA39_KcEEERKS0_DpOT_
FNDA:19,_ZN5sipai12SimpleLogger8LOG_INFOIJRA40_KcEEERKS0_DpOT_
FNDA:19,_ZNK5sipai12SimpleLogger3logIJRA40_KcEEERKS0_NS_8LogLevelEbDpOT_
FNDA:0,_ZNK5sipai12SimpleLogger4infoIJRA153_KcEEERKS0_DpOT_
FNDA:0,_ZNK5sipai12SimpleLogger3logIJRA34_KcRPS2_EEERKS0_NS_8LogLevelEbDpOT_
FNDA:1,_ZNK5sipai12SimpleLogger4infoIJRA66_KcEEERKS0_DpOT_
FNDA:0,_ZN5sipai12SimpleLogger9LOG_ERRORIJRA17_KcPS2_EEERKS0_DpOT_
FNDA:0,_ZNK5sipai12SimpleLogger4infoIJRA8_KcRmRPS2_RA7_S2_S5_RA2_S2_S5_RA4_S2_EEERKS0_DpOT_
FNDA:1,_ZNK5sipai12SimpleLogger4infoIJRA15_KcRdRA2_S2_EEERKS0_DpOT_
FNDA:6,_ZNK5sipai12SimpleLogger4infoIJRA18_KcEEERKS0_DpOT_
FNDA:1,_ZNK5sipai12SimpleLogger3logIJRA15_KcRdRA2_S2_EEERKS0_NS_8LogLevelEbDpOT_
FNDA:2,_ZNK5sipai12SimpleLogger4infoIJRA8_KcRiRA15_S2_RfRA21_S2_S8_RA2_S2_EEERKS0_DpOT_
FNDA:1,_ZN5sipai12SimpleLoggerC2Ev
FNDA:1,_ZNK5sipai12SimpleLogger3logIJRA39_KcRNSt7__cxx1112basic_stringIcSt11char_traitsIcESaIcEEERA4_S2_EEERKS0_NS_8LogLevelEbDpOT_
FNDA:0,_ZN5sipai12SimpleLogger8LOG_INFOIJRA22_KcmRA23_S2_mRA24_S2_EEERKS0_DpOT_
FNDA:0,_ZNK5sipai12SimpleLogger3logIJRA153_KcEEERKS0_NS_8LogLevelEbDpOT_
FNDA:1,_ZN5sipai12SimpleLogger8LOG_INFOIJRA15_KcdRA2_S2_EEERKS0_DpOT_
FNDA:0,_ZN5sipai12SimpleLogger8LOG_INFOIJRA8_KcmPS2_RA7_S2_RmRA2_S2_mRA4_S2_EEERKS0_DpOT_
FNDA:5,_ZN5sipai12SimpleLogger8LOG_INFOIJRA31_KcEEERKS0_DpOT_
FNDA:0,_ZNK5sipai12SimpleLogger3logIJRA34_KcEEERKS0_NS_8LogLevelEbDpOT_
FNDA:0,_ZN5sipai12SimpleLogger8LOG_INFOIJRA97_KcEEERKS0_DpOT_
FNDA:1,_ZNK5sipai12SimpleLogger3logIJRNSt7__cxx1112basic_stringIcSt11char_traitsIcESaIcEEEEEERKS0_NS_8LogLevelEbDpOT_
FNDA:1,_ZNK5sipai12SimpleLogger3logIJRA13_KcRA8_S2_RNSt7__cxx1112basic_stringIcSt11char_traitsIcESaIcEEERA18_S2_RmS6_SF_SG_RA28_S2_SD_RA29_S2_RfRA17_S2_SL_RA20_S2_SG_RA2_S2_SG_RA21_S2_SG_SR_SG_ST_SG_SR_SG_SN_SG_RA30_S2_SD_RA27_S2_SL_SV_SD_SX_SL_RA15_S2_SG_RA23_S2_SG_RA16_S2_SL_RA25_S2_RPS2_S11_S17_RA19_S2_S17_S11_S17_RA24_S2_S17_EEERKS0_NS_8LogLevelEbDpOT_
FNDA:0,_ZN5sipai12SimpleLogger8LOG_INFOIJRA24_KcEEERKS0_DpOT_
FNDA:1,_ZNK5sipai12SimpleLogger12setPrecisionEl
FNDA:19,_ZNK5sipai12SimpleLogger4infoIJRA40_KcEEERKS0_DpOT_
FNDA:0,_ZNK5sipai12SimpleLogger5errorIJRA28_KcRiRA4_S2_RPS2_EEERKS0_DpOT_
FNDA:1,_ZNK5sipai12SimpleLogger3logIJRA35_KcRNSt7__cxx1112basic_stringIcSt11char_traitsIcESaIcEEERA4_S2_EEERKS0_NS_8LogLevelEbDpOT_
FNDA:0,_ZNK5sipai12SimpleLogger3logIJRA28_KcRiRA4_S2_RPS2_EEERKS0_NS_8LogLevelEbDpOT_
FNDA:0,_ZNK5sipai12SimpleLogger3logIJRA17_KcRPS2_EEERKS0_NS_8LogLevelEbDpOT_
FNDA:0,_ZNK5sipai12SimpleLogger4infoIJRA22_KcRmRA23_S2_S5_RA24_S2_EEERKS0_DpOT_
FNDA:1,_ZNK5sipai12SimpleLogger3logIJRA20_KcEEERKS0_NS_8LogLevelEbDpOT_
FNDA:5,_ZNK5sipai12SimpleLogger4infoIJRA17_KcEEERKS0_DpOT_
FNDA:1,_ZNK5sipai12SimpleLogger3logIJRA47_KcRNSt7__cxx1112basic_stringIcSt11char_traitsIcESaIcEEEEEERKS0_NS_8LogLevelEbDpOT_
FNDA:1,_ZNK5sipai12SimpleLogger4infoIJRA20_KcEEERKS0_DpOT_
FNDA:0,_ZN5sipai12SimpleLogger9LOG_ERRORIJRA28_KcRiRA4_S2_PS2_EEERKS0_DpOT_
FNDA:4,_ZNK5sipai12SimpleLogger3logIJRA21_KcEEERKS0_NS_8LogLevelEbDpOT_
FNDA:4,_ZNK5sipai12SimpleLogger4infoIJRA21_KcEEERKS0_DpOT_
FNDA:1,_ZN5sipai12SimpleLogger8LOG_INFOIJRA35_KcRNSt7__cxx1112basic_stringIcSt11char_traitsIcESaIcEEERA4_S2_EEERKS0_DpOT_
FNDA:0,_ZNK5sipai12SimpleLogger5errorIJRA17_KcRPS2_EEERKS0_DpOT_
FNDA:1,_ZNK5sipai12SimpleLogger4infoIJRA39_KcRNSt7__cxx1112basic_stringIcSt11char_traitsIcESaIcEEERA4_S2_EEERKS0_DpOT_
FNDA:1,_ZN5sipai12SimpleLogger8LOG_INFOIJNSt7__cxx1112basic_stringIcSt11char_traitsIcESaIcEEEEEERKS0_DpOT_
FNDA:1,_ZNK5sipai12SimpleLogger4infoIJRA47_KcRNSt7__cxx1112basic_stringIcSt11char_traitsIcESaIcEEEEEERKS0_DpOT_
FNDA:1,_ZN5sipai12SimpleLogger8LOG_INFOIJRA47_KcRNSt7__cxx1112basic_stringIcSt11char_traitsIcESaIcEEEEEERKS0_DpOT_
FNDA:5,_ZNK5sipai12SimpleLogger4infoIJRA31_KcEEERKS0_DpOT_
FNDA:0,_ZNK5sipai12SimpleLogger4infoIJRA97_KcEEERKS0_DpOT_
FNDA:0,_ZNK5sipai12SimpleLogger3logIJRA22_KcRmRA23_S2_S5_RA24_S2_EEERKS0_NS_8LogLevelEbDpOT_
FNDA:1,_ZNK5sipai12SimpleLogger4infoIJRNSt7__cxx1112basic_stringIcSt11char_traitsIcESaIcEEEEEERKS0_DpOT_
FNDA:6,_ZNK5sipai12SimpleLogger3logIJRA18_KcEEERKS0_NS_8LogLevelEbDpOT_
FNDA:6,_ZN5sipai12SimpleLogger8LOG_INFOIJRA18_KcEEERKS0_DpOT_
FNDA:58,_ZN5sipai12SimpleLogger11getInstanceEv
FNDA:1,_ZN5sipai12SimpleLogger8LOG_INFOIJRA13_KcRA8_S2_NSt7__cxx1112basic_stringIcSt11char_traitsIcESaIcEEERA18_S2_RmS6_SE_SF_RA28_S2_SC_RA29_S2_RfRA17_S2_SK_RA20_S2_SF_RA2_S2_SF_RA21_S2_SF_SQ_SF_SS_SF_SQ_SF_SM_SF_RA30_S2_SC_RA27_S2_SK_SU_SC_SW_SK_RA15_S2_SF_RA23_S2_SF_RA16_S2_SK_RA25_S2_PS2_S10_S15_RA19_S2_S15_S10_S15_RA24_S2_S15_EEERKS0_DpOT_
FNDA:2,_ZNK5sipai12SimpleLogger3logIJRA30_KcRNSt7__cxx1112basic_stringIcSt11char_traitsIcESaIcEEERA6_S2_SB_RA4_S2_EEERKS0_NS_8LogLevelEbDpOT_
FNDA:0,_ZNK5sipai12SimpleLogger4infoIJRA34_KcRPS2_EEERKS0_DpOT_
FNDA:4,_ZN5sipai12SimpleLogger8LOG_INFOIJRA21_KcEEERKS0_DpOT_
FNDA:0,_ZNK5sipai12SimpleLogger4warnIJNSt7__cxx1112basic_stringIcSt11char_traitsIcESaIcEEEEEERKS0_DpOT_
FNDA:0,_ZNK5sipai12SimpleLogger5errorIJRA34_KcEEERKS0_DpOT_
FNDA:1,_ZNK5sipai12SimpleLogger4infoIJRA13_KcRA8_S2_RNSt7__cxx1112basic_stringIcSt11char_traitsIcESaIcEEERA18_S2_RmS6_SF_SG_RA28_S2_SD_RA29_S2_RfRA17_S2_SL_RA20_S2_SG_RA2_S2_SG_RA21_S2_SG_SR_SG_ST_SG_SR_SG_SN_SG_RA30_S2_SD_RA27_S2_SL_SV_SD_SX_SL_RA15_S2_SG_RA23_S2_SG_RA16_S2_SL_RA25_S2_RPS2_S11_S17_RA19_S2_S17_S11_S17_RA24_S2_S17_EEERKS0_DpOT_
FNDA:5,_ZNK5sipai12SimpleLogger3logIJRA39_KcEEERKS0_NS_8LogLevelEbDpOT_
FNDA:5,_ZN5sipai12SimpleLogger8LOG_INFOIJRA17_KcEEERKS0_DpOT_
FNDA:0,_ZN5sipai12SimpleLogger9LOG_ERRORIJRA34_KcEEERKS0_DpOT_
FNDA:0,_ZNK5sipai12SimpleLogger4infoIJRA24_KcEEERKS0_DpOT_
FNDA:2,_ZN5sipai12SimpleLogger8LOG_INFOIJRA30_KcRNSt7__cxx1112basic_stringIcSt11char_traitsIcESaIcEEERA6_S2_SA_RA4_S2_EEERKS0_DpOT_
FNDA:0,_ZNK5sipai12SimpleLogger3logIJRA24_KcEEERKS0_NS_8LogLevelEbDpOT_
FNDA:5,_ZNK5sipai12SimpleLogger3logIJRA17_KcEEERKS0_NS_8LogLevelEbDpOT_
FNF:80
FNH:52
DA:32,58
DA:33,58
DA:34,58
DA:55,56
DA:57,56
DA:58,56
DA:59,56
DA:60,56
DA:61,0
DA:62,0
DA:63,0
DA:64,0
DA:65,0
DA:66,0
DA:67,0
DA:68,0
DA:69,0
DA:70,0
DA:71,0
DA:72,0
DA:75,56
DA:76,56
DA:77,56
DA:78,56
DA:79,56
DA:80,56
DA:83,0
DA:84,0
DA:85,0
DA:86,0
DA:87,0
DA:91,56
DA:180,56
DA:181,56
DA:196,0
DA:197,0
DA:212,0
DA:213,0
DA:264,1
DA:265,1
DA:266,1
DA:287,56
DA:288,56
DA:289,56
DA:290,112
DA:291,56
DA:315,0
DA:316,0
DA:317,0
DA:318,0
DA:319,0
DA:336,1
DA:341,56
DA:342,56
DA:343,56
DA:344,56
DA:345,56
DA:350,56
DA:352,56
DA:353,112
DA:354,56
LF:61
LH:35
end_of_record
TN:
SF:/home/runner/work/SIPAI/SIPAI/libs/libsipai/include/TrainingDataFactory.h
FN:21,_ZN5sipai19TrainingDataFactory11getInstanceEv
FN:24,_ZZN5sipai19TrainingDataFactory11getInstanceEvENKUlvE_clEv
FN:32,_ZN5sipai19TrainingDataFactoryD2Ev
FN:102,_ZNK5sipai19TrainingDataFactory8isLoadedEv
FN:105,_ZN5sipai19TrainingDataFactoryC2Ev
FNDA:1,_ZZN5sipai19TrainingDataFactory11getInstanceEvENKUlvE_clEv
FNDA:1,_ZN5sipai19TrainingDataFactoryD2Ev
FNDA:1,_ZNK5sipai19TrainingDataFactory8isLoadedEv
FNDA:1,_ZN5sipai19TrainingDataFactoryC2Ev
FNDA:5,_ZN5sipai19TrainingDataFactory11getInstanceEv
FNF:5
FNH:5
DA:21,5
DA:23,5
DA:24,1
DA:25,5
DA:32,1
DA:102,1
DA:105,1
LF:7
LH:7
end_of_record
TN:
SF:/home/runner/work/SIPAI/SIPAI/libs/libsipai/include/exception/FileReaderException.h
FN:13,_ZN5sipai19FileReaderExceptionC2ERKNSt7__cxx1112basic_stringIcSt11char_traitsIcESaIcEEE
FN:15,_ZNK5sipai19FileReaderException4whatEv
FNDA:1,_ZNK5sipai19FileReaderException4whatEv
FNDA:1,_ZN5sipai19FileReaderExceptionC2ERKNSt7__cxx1112basic_stringIcSt11char_traitsIcESaIcEEE
FNF:2
FNH:2
DA:13,1
DA:14,1
DA:15,1
LF:3
LH:3
end_of_record
TN:
SF:/home/runner/work/SIPAI/SIPAI/libs/libsipai/include/exception/ImageHelperException.h
FN:13,_ZN5sipai20ImageHelperExceptionC2ERKNSt7__cxx1112basic_stringIcSt11char_traitsIcESaIcEEE
FN:15,_ZNK5sipai20ImageHelperException4whatEv
FNDA:1,_ZN5sipai20ImageHelperExceptionC2ERKNSt7__cxx1112basic_stringIcSt11char_traitsIcESaIcEEE
FNDA:1,_ZNK5sipai20ImageHelperException4whatEv
FNF:2
FNH:2
DA:13,1
DA:14,1
DA:15,1
LF:3
LH:3
end_of_record
TN:
SF:/home/runner/work/SIPAI/SIPAI/libs/libsipai/include/exception/ImportExportException.h
FN:15,_ZN5sipai21ImportExportExceptionD0Ev
FN:15,_ZN5sipai21ImportExportExceptionD2Ev
FN:16,_ZN5sipai21ImportExportExceptionC2ERKNSt7__cxx1112basic_stringIcSt11char_traitsIcESaIcEEE
FN:18,_ZNK5sipai21ImportExportException4whatEv
FNDA:2,_ZN5sipai21ImportExportExceptionD2Ev
FNDA:2,_ZNK5sipai21ImportExportException4whatEv
FNDA:2,_ZN5sipai21ImportExportExceptionC2ERKNSt7__cxx1112basic_stringIcSt11char_traitsIcESaIcEEE
FNDA:0,_ZN5sipai21ImportExportExceptionD0Ev
FNF:4
FNH:3
DA:15,2
DA:16,2
DA:17,2
DA:18,2
LF:4
LH:4
end_of_record
TN:
SF:/home/runner/work/SIPAI/SIPAI/libs/libsipai/include/exception/ManagerException.h
FN:12,_ZN5sipai16ManagerExceptionC2ERKNSt7__cxx1112basic_stringIcSt11char_traitsIcESaIcEEE
FN:13,_ZNK5sipai16ManagerException4whatEv
FNDA:1,_ZN5sipai16ManagerExceptionC2ERKNSt7__cxx1112basic_stringIcSt11char_traitsIcESaIcEEE
FNDA:1,_ZNK5sipai16ManagerException4whatEv
FNF:2
FNH:2
DA:12,1
DA:13,1
LF:2
LH:2
end_of_record
TN:
SF:/home/runner/work/SIPAI/SIPAI/libs/libsipai/include/exception/NeuralNetworkException.h
FN:13,_ZN5sipai22NeuralNetworkExceptionC2ERKNSt7__cxx1112basic_stringIcSt11char_traitsIcESaIcEEE
FN:15,_ZNK5sipai22NeuralNetworkException4whatEv
FNDA:2,_ZN5sipai22NeuralNetworkExceptionC2ERKNSt7__cxx1112basic_stringIcSt11char_traitsIcESaIcEEE
FNDA:2,_ZNK5sipai22NeuralNetworkException4whatEv
FNF:2
FNH:2
DA:13,2
DA:14,2
DA:15,2
LF:3
LH:3
end_of_record
TN:
SF:/home/runner/work/SIPAI/SIPAI/libs/libsipai/include/exception/RunnerVisitorException.h
FN:12,_ZN5sipai22RunnerVisitorExceptionC2ERKNSt7__cxx1112basic_stringIcSt11char_traitsIcESaIcEEE
FN:14,_ZNK5sipai22RunnerVisitorException4whatEv
FNDA:3,_ZN5sipai22RunnerVisitorExceptionC2ERKNSt7__cxx1112basic_stringIcSt11char_traitsIcESaIcEEE
FNDA:3,_ZNK5sipai22RunnerVisitorException4whatEv
FNF:2
FNH:2
DA:12,3
DA:13,3
DA:14,3
LF:3
LH:3
end_of_record
TN:
SF:/home/runner/work/SIPAI/SIPAI/libs/libsipai/include/exception/TrainingDataFactoryException.h
FN:15,_ZN5sipai28TrainingDataFactoryExceptionC2ERKNSt7__cxx1112basic_stringIcSt11char_traitsIcESaIcEEE
FN:17,_ZNK5sipai28TrainingDataFactoryException4whatEv
FNDA:0,_ZNK5sipai28TrainingDataFactoryException4whatEv
FNDA:0,_ZN5sipai28TrainingDataFactoryExceptionC2ERKNSt7__cxx1112basic_stringIcSt11char_traitsIcESaIcEEE
FNF:2
FNH:0
DA:15,0
DA:16,0
DA:17,0
LF:3
LH:0
end_of_record
TN:
SF:/home/runner/work/SIPAI/SIPAI/libs/libsipai/src/ImageHelper.cpp
FN:7,_ZNK5sipai11ImageHelper9loadImageERKNSt7__cxx1112basic_stringIcSt11char_traitsIcESaIcEEEmbmm
FN:42,_ZNK5sipai11ImageHelper18generateInputImageERKSt6vectorISt10unique_ptrINS_5ImageESt14default_deleteIS3_EESaIS6_EEmmm
FN:78,_ZNK5sipai11ImageHelper10splitImageERKN2cv3MatEmb
FN:122,_ZNK5sipai11ImageHelper9saveImageERKNSt7__cxx1112basic_stringIcSt11char_traitsIcESaIcEEERKSt6vectorISt10unique_ptrINS_5ImageESt14default_deleteISB_EESaISE_EEmmm
FN:131,_ZZNK5sipai11ImageHelper9saveImageERKNSt7__cxx1112basic_stringIcSt11char_traitsIcESaIcEEERKSt6vectorISt10unique_ptrINS_5ImageESt14default_deleteISB_EESaISE_EEmmmENKUlRKSE_E_clESK_
FN:145,_ZNK5sipai11ImageHelper10joinImagesERKSt6vectorIN2cv3MatESaIS3_EEii
FN:165,_ZNK5sipai11ImageHelper19convertToRGBAVectorERKN2cv3MatE
FN:175,_ZZNK5sipai11ImageHelper19convertToRGBAVectorERKN2cv3MatEENKUlRKNS1_3VecIhLi4EEEE_clES8_
FN:182,_ZNK5sipai11ImageHelper12convertToMatERKNS_5ImageE
FN:187,_ZZNK5sipai11ImageHelper12convertToMatERKNS_5ImageEENKUlRKNS_4RGBAEE_clES6_
FN:192,_ZNK5sipai11ImageHelper11computeLossERKSt6vectorINS_4RGBAESaIS2_EES6_
FN:200,_ZZNK5sipai11ImageHelper11computeLossERKSt6vectorINS_4RGBAESaIS2_EES6_ENKUlRKS2_S8_E_clES8_S8_
FNDA:505209,_ZZNK5sipai11ImageHelper19convertToRGBAVectorERKN2cv3MatEENKUlRKNS1_3VecIhLi4EEEE_clES8_
FNDA:2,_ZNK5sipai11ImageHelper10joinImagesERKSt6vectorIN2cv3MatESaIS3_EEii
FNDA:45,_ZNK5sipai11ImageHelper10splitImageERKN2cv3MatEmb
FNDA:434673,_ZZNK5sipai11ImageHelper12convertToMatERKNS_5ImageEENKUlRKNS_4RGBAEE_clES6_
FNDA:5,_ZZNK5sipai11ImageHelper9saveImageERKNSt7__cxx1112basic_stringIcSt11char_traitsIcESaIcEEERKSt6vectorISt10unique_ptrINS_5ImageESt14default_deleteISB_EESaISE_EEmmmENKUlRKSE_E_clESK_
FNDA:76,_ZNK5sipai11ImageHelper19convertToRGBAVectorERKN2cv3MatE
FNDA:14,_ZNK5sipai11ImageHelper11computeLossERKSt6vectorINS_4RGBAESaIS2_EES6_
FNDA:128,_ZZNK5sipai11ImageHelper11computeLossERKSt6vectorINS_4RGBAESaIS2_EES6_ENKUlRKS2_S8_E_clES8_S8_
FNDA:14,_ZNK5sipai11ImageHelper12convertToMatERKNS_5ImageE
FNDA:45,_ZNK5sipai11ImageHelper9loadImageERKNSt7__cxx1112basic_stringIcSt11char_traitsIcESaIcEEEmbmm
FNDA:2,_ZNK5sipai11ImageHelper9saveImageERKNSt7__cxx1112basic_stringIcSt11char_traitsIcESaIcEEERKSt6vectorISt10unique_ptrINS_5ImageESt14default_deleteISB_EESaISE_EEmmm
FNDA:1,_ZNK5sipai11ImageHelper18generateInputImageERKSt6vectorISt10unique_ptrINS_5ImageESt14default_deleteIS3_EESaIS6_EEmmm
FNF:12
FNH:12
DA:7,45
DA:10,45
DA:11,0
DA:13,45
DA:14,45
DA:15,0
DA:16,0
DA:19,45
DA:20,45
DA:21,112
DA:22,67
DA:24,67
DA:25,63
DA:27,4
DA:28,4
DA:31,67
DA:33,67
DA:34,67
DA:35,67
DA:39,90
DA:40,45
DA:42,1
DA:46,1
DA:47,10
DA:48,9
DA:51,9
DA:52,9
DA:53,9
DA:54,9
DA:55,9
DA:58,9
DA:61,9
DA:62,8
DA:64,1
DA:65,1
DA:69,9
DA:71,9
DA:72,9
DA:73,9
DA:75,1
DA:76,0
DA:78,45
DA:81,45
DA:82,0
DA:84,45
DA:87,45
DA:88,45
DA:91,45
DA:92,45
DA:94,45
DA:95,45
DA:98,2
DA:99,2
DA:103,2
DA:104,4
DA:107,96
DA:108,118
DA:109,67
DA:110,67
DA:111,67
DA:112,67
DA:113,67
DA:114,193
DA:115,126
DA:119,90
DA:120,45
DA:122,2
DA:125,2
DA:126,0
DA:129,2
DA:130,2
DA:131,5
DA:132,5
DA:134,2
DA:136,2
DA:137,1
DA:139,2
DA:140,2
DA:141,0
DA:142,0
DA:143,2
DA:145,2
DA:147,2
DA:148,0
DA:150,2
DA:151,5
DA:152,3
DA:153,8
DA:154,5
DA:156,3
DA:157,3
DA:158,3
DA:159,3
DA:160,2
DA:161,2
DA:162,4
DA:163,2
DA:165,76
DA:166,76
DA:167,76
DA:168,76
DA:169,76
DA:171,76
DA:172,76
DA:174,76
DA:175,505209
DA:176,505209
DA:179,152
DA:180,0
DA:182,14
DA:183,14
DA:184,14
DA:186,14
DA:187,434673
DA:189,28
DA:190,0
DA:192,14
DA:194,28
DA:195,14
DA:196,0
DA:197,0
DA:200,128
DA:201,128
DA:204,14
DA:208,14
LF:125
LH:112
end_of_record
TN:
SF:/home/runner/work/SIPAI/SIPAI/libs/libsipai/src/Manager.cpp
FN:19,_ZN5sipai7Manager21createOrImportNetworkEv
FN:32,_ZN5sipai7Manager13exportNetworkEv
FN:42,_ZN5sipai7Manager3runEv
FN:94,_ZN5sipai7Manager14runWithVisitorERKNS_13RunnerVisitorE
FNDA:1,_ZN5sipai7Manager3runEv
FNDA:6,_ZN5sipai7Manager21createOrImportNetworkEv
FNDA:2,_ZN5sipai7Manager14runWithVisitorERKNS_13RunnerVisitorE
FNDA:2,_ZN5sipai7Manager13exportNetworkEv
FNF:4
FNH:4
DA:19,6
DA:20,6
DA:21,6
DA:22,6
DA:23,6
DA:24,6
DA:25,6
DA:26,6
DA:27,6
DA:28,6
DA:29,6
DA:30,6
DA:32,2
DA:33,2
DA:34,2
DA:35,2
DA:36,4
DA:37,2
DA:38,2
DA:39,2
DA:40,2
DA:42,1
DA:43,1
DA:46,1
DA:48,1
DA:49,1
DA:50,1
DA:51,1
DA:53,1
DA:54,2
DA:55,2
DA:56,2
DA:57,1
DA:58,1
DA:59,1
DA:60,1
DA:61,1
DA:62,1
DA:63,1
DA:64,1
DA:65,1
DA:67,1
DA:68,1
DA:70,1
DA:71,1
DA:72,1
DA:73,1
DA:74,1
DA:75,1
DA:76,1
DA:77,1
DA:78,1
DA:79,1
DA:82,1
DA:83,1
DA:84,1
DA:85,1
DA:86,0
DA:87,0
DA:88,0
DA:89,0
DA:90,0
DA:92,1
DA:94,2
LF:64
LH:59
end_of_record
TN:
SF:/home/runner/work/SIPAI/SIPAI/libs/libsipai/src/NetworkImportExportCSV.cpp
FN:17,_ZNK5sipai28NeuralNetworkImportExportCSV20importNeuronsWeightsERSt10unique_ptrINS_13NeuralNetworkESt14default_deleteIS2_EERKNS_9AppParamsE
FN:20,_ZZNK5sipai28NeuralNetworkImportExportCSV20importNeuronsWeightsERSt10unique_ptrINS_13NeuralNetworkESt14default_deleteIS2_EERKNS_9AppParamsEENKUlRKNSt7__cxx1112basic_stringIcSt11char_traitsIcESaIcEEEcE_clESH_c
FN:81,_ZZNK5sipai28NeuralNetworkImportExportCSV20importNeuronsWeightsERSt10unique_ptrINS_13NeuralNetworkESt14default_deleteIS2_EERKNS_9AppParamsEENKUlRNS_16NeuronConnectionERKNS_4RGBAEE0_clESB_SE_
FN:89,_ZNK5sipai28NeuralNetworkImportExportCSV20exportNeuronsWeightsERKSt10unique_ptrINS_13NeuralNetworkESt14default_deleteIS2_EERKNS_9AppParamsE
FNDA:2,_ZNK5sipai28NeuralNetworkImportExportCSV20exportNeuronsWeightsERKSt10unique_ptrINS_13NeuralNetworkESt14default_deleteIS2_EERKNS_9AppParamsE
FNDA:38,_ZZNK5sipai28NeuralNetworkImportExportCSV20importNeuronsWeightsERSt10unique_ptrINS_13NeuralNetworkESt14default_deleteIS2_EERKNS_9AppParamsEENKUlRNS_16NeuronConnectionERKNS_4RGBAEE0_clESB_SE_
FNDA:30,_ZZNK5sipai28NeuralNetworkImportExportCSV20importNeuronsWeightsERSt10unique_ptrINS_13NeuralNetworkESt14default_deleteIS2_EERKNS_9AppParamsEENKUlRKNSt7__cxx1112basic_stringIcSt11char_traitsIcESaIcEEEcE_clESH_c
FNDA:1,_ZNK5sipai28NeuralNetworkImportExportCSV20importNeuronsWeightsERSt10unique_ptrINS_13NeuralNetworkESt14default_deleteIS2_EERKNS_9AppParamsE
FNF:4
FNH:4
DA:17,1
DA:20,30
DA:21,30
DA:22,30
DA:23,30
DA:24,819
DA:25,1328
DA:26,1328
DA:28,60
DA:29,30
DA:32,1
DA:33,1
DA:34,1
DA:35,0
DA:39,1
DA:40,31
DA:42,30
DA:44,30
DA:45,0
DA:46,0
DA:47,0
DA:50,30
DA:51,30
DA:52,30
DA:54,30
DA:55,189
DA:56,159
DA:57,159
DA:58,159
DA:59,159
DA:60,159
DA:61,116
DA:65,30
DA:67,15
DA:68,15
DA:69,15
DA:70,15
DA:73,15
DA:74,15
DA:75,0
DA:76,0
DA:77,0
DA:79,15
DA:81,38
DA:82,38
DA:83,38
DA:86,30
DA:87,1
DA:89,2
DA:93,2
DA:94,2
DA:97,2
DA:98,8
DA:100,6
DA:101,6
DA:103,2
DA:105,34
DA:107,30
DA:109,30
DA:110,30
DA:112,30
DA:113,30
DA:114,30
DA:117,2
LF:64
LH:57
end_of_record
TN:
SF:/home/runner/work/SIPAI/SIPAI/libs/libsipai/src/NetworkImportExportFacade.cpp
FN:9,_ZN5sipai31NeuralNetworkImportExportFacade11importModelERKNS_9AppParamsERNS_19NeuralNetworkParamsE
FN:19,_ZN5sipai31NeuralNetworkImportExportFacade13importWeightsERSt10unique_ptrINS_13NeuralNetworkESt14default_deleteIS2_EERKNS_9AppParamsE
FN:28,_ZNK5sipai31NeuralNetworkImportExportFacade11exportModelERKSt10unique_ptrINS_13NeuralNetworkESt14default_deleteIS2_EERKNS_19NeuralNetworkParamsERKNS_9AppParamsE
FNDA:2,_ZNK5sipai31NeuralNetworkImportExportFacade11exportModelERKSt10unique_ptrINS_13NeuralNetworkESt14default_deleteIS2_EERKNS_19NeuralNetworkParamsERKNS_9AppParamsE
FNDA:1,_ZN5sipai31NeuralNetworkImportExportFacade13importWeightsERSt10unique_ptrINS_13NeuralNetworkESt14default_deleteIS2_EERKNS_9AppParamsE
FNDA:1,_ZN5sipai31NeuralNetworkImportExportFacade11importModelERKNS_9AppParamsERNS_19NeuralNetworkParamsE
FNF:3
FNH:3
DA:9,1
DA:12,1
DA:13,2
DA:14,1
DA:15,0
DA:16,0
DA:19,1
DA:22,1
DA:23,0
DA:24,0
DA:25,0
DA:26,1
DA:28,2
DA:33,2
DA:34,2
DA:35,0
DA:36,0
DA:37,0
DA:38,2
LF:19
LH:11
end_of_record
TN:
SF:/home/runner/work/SIPAI/SIPAI/libs/libsipai/src/NetworkImportExportJSON.cpp
FN:18,_ZN5sipai29NeuralNetworkImportExportJSON11importModelERKNS_9AppParamsERNS_19NeuralNetworkParamsE
FN:119,_ZNK5sipai29NeuralNetworkImportExportJSON11exportModelERKSt10unique_ptrINS_13NeuralNetworkESt14default_deleteIS2_EERKNS_19NeuralNetworkParamsERKNS_9AppParamsE
FNDA:1,_ZN5sipai29NeuralNetworkImportExportJSON11importModelERKNS_9AppParamsERNS_19NeuralNetworkParamsE
FNDA:2,_ZNK5sipai29NeuralNetworkImportExportJSON11exportModelERKSt10unique_ptrINS_13NeuralNetworkESt14default_deleteIS2_EERKNS_19NeuralNetworkParamsERKNS_9AppParamsE
FNF:2
FNH:2
DA:18,1
DA:21,1
DA:23,1
DA:24,0
DA:27,1
DA:28,1
DA:29,1
DA:30,1
DA:32,1
DA:33,1
DA:35,1
DA:36,0
DA:39,1
DA:40,0
DA:41,0
DA:43,1
DA:46,1
DA:47,1
DA:49,1
DA:50,1
DA:51,0
DA:52,0
DA:53,0
DA:54,1
DA:57,1
DA:58,1
DA:59,1
DA:60,1
DA:61,1
DA:62,1
DA:63,1
DA:64,1
DA:65,1
DA:66,1
DA:67,1
DA:68,1
DA:69,1
DA:70,1
DA:71,1
DA:72,1
DA:74,1
DA:76,4
DA:78,3
DA:79,3
DA:82,3
DA:83,3
DA:84,1
DA:85,1
DA:86,1
DA:87,1
DA:88,1
DA:89,1
DA:90,1
DA:91,1
DA:92,1
DA:93,0
DA:94,0
DA:96,3
DA:97,3
DA:100,3
DA:103,3
DA:104,3
DA:106,1
DA:107,0
DA:110,1
DA:111,0
DA:113,2
DA:114,1
DA:115,0
DA:116,0
DA:117,1
DA:119,2
DA:124,2
DA:127,2
DA:130,8
DA:131,6
DA:132,6
DA:133,6
DA:134,78
DA:135,6
DA:136,6
DA:139,2
DA:142,2
DA:143,2
DA:144,2
DA:145,4
DA:146,2
DA:147,4
DA:148,2
DA:149,4
DA:150,2
DA:151,4
DA:152,2
DA:153,4
DA:154,2
DA:155,4
DA:156,2
DA:157,4
DA:158,2
DA:159,4
DA:160,2
DA:161,4
DA:162,2
DA:163,4
DA:167,2
DA:168,2
DA:169,2
DA:170,68
LF:108
LH:95
end_of_record
TN:
SF:/home/runner/work/SIPAI/SIPAI/libs/libsipai/src/NeuralNetwork.cpp
FN:11,_ZN5sipai13NeuralNetwork18forwardPropagationERKSt6vectorINS_4RGBAESaIS2_EEb
FN:26,_ZN5sipai13NeuralNetwork19backwardPropagationERKSt6vectorINS_4RGBAESaIS2_EEb
FN:37,_ZN5sipai13NeuralNetwork13updateWeightsEfb
FNDA:14,_ZN5sipai13NeuralNetwork13updateWeightsEfb
FNDA:14,_ZN5sipai13NeuralNetwork19backwardPropagationERKSt6vectorINS_4RGBAESaIS2_EEb
FNDA:21,_ZN5sipai13NeuralNetwork18forwardPropagationERKSt6vectorINS_4RGBAESaIS2_EEb
FNF:3
FNH:3
DA:11,21
DA:13,21
DA:14,0
DA:16,21
DA:17,0
DA:19,21
DA:20,85
DA:21,64
DA:23,21
DA:26,14
DA:28,14
DA:29,0
DA:31,14
DA:32,56
DA:33,42
DA:35,14
DA:37,14
DA:38,56
DA:39,42
DA:41,14
LF:20
LH:17
end_of_record
TN:
SF:/home/runner/work/SIPAI/SIPAI/libs/libsipai/src/NeuralNetworkBuilder.cpp
FN:17,_ZN5sipai20NeuralNetworkBuilderC2Ev
FN:21,_ZN5sipai20NeuralNetworkBuilderC2ERNS_9AppParamsERNS_19NeuralNetworkParamsE
FN:25,_ZN5sipai20NeuralNetworkBuilder14createOrImportEv
FN:42,_ZN5sipai20NeuralNetworkBuilder9addLayersEv
FN:77,_ZN5sipai20NeuralNetworkBuilder12addNeighborsEv
FN:123,_ZN5sipai20NeuralNetworkBuilder10bindLayersEv
FN:142,_ZN5sipai20NeuralNetworkBuilder17initializeWeightsEv
FN:174,_ZN5sipai20NeuralNetworkBuilder21setActivationFunctionEv
FN:204,_ZZN5sipai20NeuralNetworkBuilder21setActivationFunctionEvENKUlT_E_clINS_4RGBAEEEDaS1_
FN:205,_ZZN5sipai20NeuralNetworkBuilder21setActivationFunctionEvENKUlT_E0_clINS_4RGBAEEEDaS1_
FN:214,_ZZN5sipai20NeuralNetworkBuilder21setActivationFunctionEvENKUlT_E1_clINS_4RGBAEEEDaS1_
FN:217,_ZZN5sipai20NeuralNetworkBuilder21setActivationFunctionEvENKUlT_E2_clINS_4RGBAEEEDaS1_
FN:238,_ZN5sipai20NeuralNetworkBuilder5buildEv
FNDA:6,_ZN5sipai20NeuralNetworkBuilder5buildEv
FNDA:6,_ZZN5sipai20NeuralNetworkBuilder21setActivationFunctionEvENKUlT_E_clINS_4RGBAEEEDaS1_
FNDA:13,_ZN5sipai20NeuralNetworkBuilder21setActivationFunctionEv
FNDA:0,_ZN5sipai20NeuralNetworkBuilderC2ERNS_9AppParamsERNS_19NeuralNetworkParamsE
FNDA:7,_ZN5sipai20NeuralNetworkBuilderC2Ev
FNDA:4,_ZZN5sipai20NeuralNetworkBuilder21setActivationFunctionEvENKUlT_E0_clINS_4RGBAEEEDaS1_
FNDA:4,_ZZN5sipai20NeuralNetworkBuilder21setActivationFunctionEvENKUlT_E1_clINS_4RGBAEEEDaS1_
FNDA:6,_ZN5sipai20NeuralNetworkBuilder14createOrImportEv
FNDA:4,_ZZN5sipai20NeuralNetworkBuilder21setActivationFunctionEvENKUlT_E2_clINS_4RGBAEEEDaS1_
FNDA:6,_ZN5sipai20NeuralNetworkBuilder9addLayersEv
FNDA:6,_ZN5sipai20NeuralNetworkBuilder10bindLayersEv
FNDA:6,_ZN5sipai20NeuralNetworkBuilder17initializeWeightsEv
FNDA:6,_ZN5sipai20NeuralNetworkBuilder12addNeighborsEv
FNF:13
FNH:12
DA:17,7
DA:18,7
DA:19,14
DA:21,0
DA:22,0
DA:23,0
DA:25,6
DA:26,7
DA:27,7
DA:28,1
DA:29,1
DA:30,1
DA:32,1
DA:33,1
DA:34,1
DA:35,5
DA:36,5
DA:37,5
DA:39,6
DA:42,6
DA:43,6
DA:44,1
DA:47,5
DA:48,5
DA:49,0
DA:51,5
DA:52,0
DA:56,5
DA:57,5
DA:58,5
DA:59,5
DA:62,13
DA:63,8
DA:64,8
DA:65,8
DA:66,8
DA:70,5
DA:71,5
DA:72,5
DA:73,5
DA:74,5
DA:77,6
DA:78,6
DA:79,6
DA:80,0
DA:82,6
DA:83,0
DA:89,6
DA:91,27
DA:92,21
DA:93,6
DA:95,123
DA:96,108
DA:98,108
DA:99,108
DA:104,108
DA:105,540
DA:106,432
DA:107,432
DA:108,432
DA:109,315
DA:110,270
DA:111,270
DA:113,270
DA:114,270
DA:120,6
DA:121,6
DA:123,6
DA:124,6
DA:125,6
DA:126,0
DA:128,6
DA:129,0
DA:131,27
DA:132,21
DA:133,15
DA:135,21
DA:136,15
DA:139,6
DA:142,6
DA:143,6
DA:144,1
DA:145,1
DA:146,1
DA:148,1
DA:149,1
DA:150,1
DA:152,5
DA:153,5
DA:154,0
DA:156,5
DA:157,0
DA:159,5
DA:160,23
DA:161,18
DA:162,106
DA:163,93
DA:164,93
DA:165,93
DA:166,10
DA:171,5
DA:174,13
DA:175,13
DA:176,13
DA:177,0
DA:179,13
DA:180,0
DA:183,13
DA:184,40
DA:186,28
DA:187,6
DA:188,6
DA:189,16
DA:190,16
DA:191,16
DA:192,16
DA:193,6
DA:194,6
DA:195,6
DA:196,6
DA:197,0
DA:198,0
DA:201,22
DA:202,1
DA:203,1
DA:204,8
DA:205,1
DA:206,4
DA:208,1
DA:209,16
DA:210,16
DA:211,16
DA:212,1
DA:213,1
DA:214,2
DA:215,4
DA:217,1
DA:218,4
DA:220,1
DA:221,1
DA:222,1
DA:223,1
DA:224,1
DA:225,1
DA:226,1
DA:227,1
DA:228,1
DA:229,1
DA:230,1
DA:231,1
DA:235,12
DA:238,6
DA:239,6
LF:153
LH:138
end_of_record
TN:
SF:/home/runner/work/SIPAI/SIPAI/libs/libsipai/src/RunnerEnhancerVisitor.cpp
FN:11,_ZNK5sipai21RunnerEnhancerVisitor5visitEv
FN:50,_ZZNK5sipai21RunnerEnhancerVisitor5visitEvENKUlmRKSt10unique_ptrINS_5ImageESt14default_deleteIS2_EEE_clEmS7_
FN:55,_ZZNK5sipai21RunnerEnhancerVisitor5visitEvENKUlmRKSt10unique_ptrINS_5ImageESt14default_deleteIS2_EEE0_clEmS7_
FNDA:1,_ZZNK5sipai21RunnerEnhancerVisitor5visitEvENKUlmRKSt10unique_ptrINS_5ImageESt14default_deleteIS2_EEE0_clEmS7_
FNDA:4,_ZNK5sipai21RunnerEnhancerVisitor5visitEv
FNDA:1,_ZZNK5sipai21RunnerEnhancerVisitor5visitEvENKUlmRKSt10unique_ptrINS_5ImageESt14default_deleteIS2_EEE_clEmS7_
FNF:3
FNH:3
DA:11,4
DA:12,4
DA:13,4
DA:15,4
DA:16,1
DA:19,3
DA:20,1
DA:23,2
DA:24,1
DA:28,1
DA:29,1
DA:33,1
DA:34,1
DA:35,1
DA:38,1
DA:39,2
DA:41,1
DA:42,1
DA:43,1
DA:44,1
DA:45,1
DA:49,1
DA:50,1
DA:51,1
DA:52,1
DA:54,1
DA:55,1
DA:56,1
DA:57,1
DA:58,1
DA:59,1
DA:60,1
DA:61,1
DA:63,1
DA:64,1
DA:66,1
DA:67,0
DA:68,0
DA:69,1
LF:39
LH:37
end_of_record
TN:
SF:/home/runner/work/SIPAI/SIPAI/libs/libsipai/src/RunnerTrainingMonitoredVisitor.cpp
FN:20,_Z13signalHandleri
FN:37,_ZNK5sipai30RunnerTrainingMonitoredVisitor5visitEv
FN:105,_ZNK5sipai30RunnerTrainingMonitoredVisitor22shouldContinueTrainingEimRKNS_9AppParamsE
FN:116,_ZNK5sipai30RunnerTrainingMonitoredVisitor19logTrainingProgressEiff
FN:123,_ZNK5sipai30RunnerTrainingMonitoredVisitor11saveNetworkERb
FN:135,_ZNK5sipai30RunnerTrainingMonitoredVisitor11computeLossEmRKSt6vectorISt10unique_ptrINS_5ImageESt14default_deleteIS3_EESaIS6_EESA_bb
FN:186,_ZNK5sipai30RunnerTrainingMonitoredVisitor11computeLossEmb
FNDA:20,_ZNK5sipai30RunnerTrainingMonitoredVisitor11computeLossEmRKSt6vectorISt10unique_ptrINS_5ImageESt14default_deleteIS3_EESaIS6_EESA_bb
FNDA:3,_ZNK5sipai30RunnerTrainingMonitoredVisitor22shouldContinueTrainingEimRKNS_9AppParamsE
FNDA:4,_ZNK5sipai30RunnerTrainingMonitoredVisitor11computeLossEmb
FNDA:2,_ZNK5sipai30RunnerTrainingMonitoredVisitor19logTrainingProgressEiff
FNDA:1,_ZNK5sipai30RunnerTrainingMonitoredVisitor5visitEv
FNDA:0,_Z13signalHandleri
FNDA:1,_ZNK5sipai30RunnerTrainingMonitoredVisitor11saveNetworkERb
FNF:7
FNH:6
DA:20,0
DA:21,0
DA:22,0
DA:23,0
DA:27,0
DA:29,0
DA:32,0
DA:35,0
DA:37,1
DA:38,1
DA:41,1
DA:42,1
DA:44,1
DA:46,1
DA:47,1
DA:50,1
DA:51,2
DA:52,1
DA:53,0
DA:54,0
DA:59,1
DA:62,1
DA:64,1
DA:65,1
DA:66,1
DA:67,1
DA:68,1
DA:69,6
DA:70,3
DA:71,2
DA:72,2
DA:74,2
DA:76,2
DA:77,2
DA:79,2
DA:81,2
DA:83,0
DA:86,2
DA:87,2
DA:89,2
DA:90,0
DA:94,1
DA:95,1
DA:96,1
DA:97,1
DA:98,1
DA:100,0
DA:101,0
DA:102,0
DA:105,3
DA:108,3
DA:109,3
DA:110,3
DA:111,3
DA:113,3
DA:116,2
DA:118,0
DA:119,0
DA:120,2
DA:121,2
DA:123,1
DA:126,1
DA:127,1
DA:128,1
DA:130,0
DA:131,0
DA:132,0
DA:133,1
DA:135,20
DA:140,20
DA:141,20
DA:142,0
DA:143,0
DA:147,20
DA:151,20
DA:154,40
DA:156,20
DA:157,20
DA:161,20
DA:165,20
DA:166,12
DA:167,12
DA:172,20
DA:173,28
DA:174,14
DA:175,14
DA:176,14
DA:178,20
DA:180,20
DA:181,8
DA:183,12
DA:186,4
DA:190,4
DA:191,4
DA:192,4
DA:193,4
DA:194,4
DA:195,4
DA:196,4
DA:200,4
DA:201,2
DA:202,2
DA:203,8
DA:207,24
DA:208,24
DA:209,20
DA:210,20
DA:211,0
DA:212,0
DA:214,0
DA:215,0
DA:220,20
DA:223,20
DA:224,20
DA:229,20
DA:230,12
DA:231,12
DA:233,20
DA:236,4
DA:237,0
DA:239,4
LF:121
LH:94
end_of_record
TN:
SF:/home/runner/work/SIPAI/SIPAI/libs/libsipai/src/TrainingDataFactory.cpp
FN:16,_ZN5sipai19TrainingDataFactory4nextERSt6vectorISt10unique_ptrISt4pairINSt7__cxx1112basic_stringIcSt11char_traitsIcESaIcEEES9_ESt14default_deleteISA_EESaISD_EERS1_IS2_IS3_IS1_IS2_INS_5ImageESB_ISH_EESaISJ_EESL_ESB_ISM_EESaISO_EERS1_IS9_SaIS9_EERm
FN:73,_ZN5sipai19TrainingDataFactory12nextTrainingEv
FN:78,_ZN5sipai19TrainingDataFactory14nextValidationEv
FN:83,_ZN5sipai19TrainingDataFactory12trainingSizeEv
FN:87,_ZN5sipai19TrainingDataFactory14validationSizeEv
FN:92,_ZN5sipai19TrainingDataFactory8loadDataEv
FN:116,_ZN5sipai19TrainingDataFactory13loadDataPathsEv
FN:127,_ZN5sipai19TrainingDataFactory14loadDataFolderEv
FN:154,_ZN5sipai19TrainingDataFactory13resetCountersEv
FN:158,_ZN5sipai19TrainingDataFactory13resetTrainingEv
FN:159,_ZN5sipai19TrainingDataFactory15resetValidationEv
FN:161,_ZN5sipai19TrainingDataFactory18splitDataPairPathsERSt6vectorISt10unique_ptrISt4pairINSt7__cxx1112basic_stringIcSt11char_traitsIcESaIcEEES9_ESt14default_deleteISA_EESaISD_EEfb
FN:193,_ZN5sipai19TrainingDataFactory20splitDataTargetPathsERSt6vectorINSt7__cxx1112basic_stringIcSt11char_traitsIcESaIcEEESaIS7_EEfb
FNDA:1,_ZN5sipai19TrainingDataFactory18splitDataPairPathsERSt6vectorISt10unique_ptrISt4pairINSt7__cxx1112basic_stringIcSt11char_traitsIcESaIcEEES9_ESt14default_deleteISA_EESaISD_EEfb
FNDA:8,_ZN5sipai19TrainingDataFactory14nextValidationEv
FNDA:0,_ZN5sipai19TrainingDataFactory14loadDataFolderEv
FNDA:0,_ZN5sipai19TrainingDataFactory20splitDataTargetPathsERSt6vectorINSt7__cxx1112basic_stringIcSt11char_traitsIcESaIcEEESaIS7_EEfb
FNDA:4,_ZN5sipai19TrainingDataFactory13resetCountersEv
FNDA:4,_ZN5sipai19TrainingDataFactory15resetValidationEv
FNDA:1,_ZN5sipai19TrainingDataFactory13loadDataPathsEv
FNDA:16,_ZN5sipai19TrainingDataFactory12nextTrainingEv
FNDA:24,_ZN5sipai19TrainingDataFactory4nextERSt6vectorISt10unique_ptrISt4pairINSt7__cxx1112basic_stringIcSt11char_traitsIcESaIcEEES9_ESt14default_deleteISA_EESaISD_EERS1_IS2_IS3_IS1_IS2_INS_5ImageESB_ISH_EESaISJ_EESL_ESB_ISM_EESaISO_EERS1_IS9_SaIS9_EERm
FNDA:4,_ZN5sipai19TrainingDataFactory13resetTrainingEv
FNDA:2,_ZN5sipai19TrainingDataFactory14validationSizeEv
FNDA:3,_ZN5sipai19TrainingDataFactory12trainingSizeEv
FNDA:1,_ZN5sipai19TrainingDataFactory8loadDataEv
FNF:13
FNH:11
DA:16,24
DA:21,24
DA:22,24
DA:23,24
DA:25,24
DA:26,24
DA:28,4
DA:32,20
DA:33,20
DA:34,40
DA:35,20
DA:37,20
DA:39,0
DA:45,20
DA:46,20
DA:51,20
DA:52,20
DA:53,0
DA:54,0
DA:56,20
DA:57,20
DA:59,40
DA:60,40
DA:63,20
DA:64,20
DA:65,0
DA:66,0
DA:68,20
DA:70,20
DA:71,20
DA:73,16
DA:74,32
DA:75,16
DA:78,8
DA:79,16
DA:80,8
DA:83,3
DA:84,3
DA:85,3
DA:87,2
DA:88,2
DA:89,2
DA:92,1
DA:93,1
DA:94,0
DA:97,1
DA:98,1
DA:99,0
DA:101,1
DA:102,1
DA:103,0
DA:104,0
DA:106,0
DA:107,0
DA:109,1
DA:110,0
DA:111,0
DA:116,1
DA:117,1
DA:119,1
DA:120,1
DA:121,1
DA:123,1
DA:124,1
DA:125,1
DA:127,0
DA:128,0
DA:129,0
DA:131,0
DA:134,0
DA:135,0
DA:136,0
DA:138,0
DA:141,0
DA:142,0
DA:144,0
DA:145,0
DA:147,0
DA:148,0
DA:150,0
DA:151,0
DA:152,0
DA:154,4
DA:155,4
DA:156,4
DA:157,4
DA:158,4
DA:159,4
DA:161,1
DA:164,1
DA:165,1
DA:167,1
DA:168,0
DA:171,1
DA:172,0
DA:173,0
DA:174,0
DA:175,0
DA:178,1
DA:181,11
DA:182,10
DA:183,7
DA:185,3
DA:190,1
DA:193,0
DA:196,0
DA:197,0
DA:199,0
DA:200,0
DA:203,0
DA:204,0
DA:205,0
DA:206,0
DA:207,0
DA:210,0
DA:213,0
DA:214,0
DA:215,0
DA:217,0
LF:119
LH:69
end_of_record
TN:
SF:/home/runner/work/SIPAI/SIPAI/libs/libsipai/src/TrainingDataFileReaderCSV.cpp
FN:14,_ZN5sipai25TrainingDataFileReaderCSV21loadTrainingDataPathsB5cxx11Ev
FNDA:1,_ZN5sipai25TrainingDataFileReaderCSV21loadTrainingDataPathsB5cxx11Ev
FNF:1
FNH:1
DA:14,1
DA:16,1
DA:17,1
DA:18,0
DA:23,1
DA:24,1
DA:25,0
DA:28,1
DA:29,1
DA:30,1
DA:31,1
DA:32,1
DA:33,1
DA:34,1
DA:35,12
DA:37,11
DA:38,1
DA:40,10
DA:41,10
DA:42,10
DA:43,0
DA:44,0
DA:47,10
DA:48,10
DA:49,10
DA:50,10
DA:51,10
DA:52,10
DA:53,0
DA:54,0
DA:55,0
DA:56,0
DA:58,0
DA:60,0
DA:63,2
DA:64,1
LF:36
LH:26
end_of_record
