TN:
SF:/home/runner/work/SIPAI/SIPAI/libs/libsipai/include/ActivationFunctions.h
FN:40,_ZNK5sipai7sigmoidMUlT_E_clIfEEDaS0_
FN:41,_ZNK5sipai17sigmoidDerivativeMUlT_E_clIfEEDaS0_
FN:51,_ZNK5sipai8tanhFuncMUlT_E_clIfEEDaS0_
FN:52,_ZNK5sipai14tanhDerivativeMUlT_E_clIfEEDaS0_
FN:65,_ZNK5sipai4reluMUlT_E_clIfEEDaS0_
FN:66,_ZNK5sipai14reluDerivativeMUlT_E_clIfEEDaS0_
FN:73,_ZNK5sipai9leakyReluMUlT_E_clIfEEDaS0_
FN:74,_ZNK5sipai19leakyReluDerivativeMUlT_E_clIfEEDaS0_
FN:82,_ZNK5sipai14parametricReluMUlT_T0_E_clIffEEDaS0_S1_
FN:85,_ZNK5sipai24parametricReluDerivativeMUlT_T0_E_clIffEEDaS0_S1_
FN:97,_ZNK5sipai3eluMUlT_T0_E_clIffEEDaS0_S1_
FN:100,_ZNK5sipai13eluDerivativeMUlT_T0_E_clIffEEDaS0_S1_
FNDA:0,_ZNK5sipai4reluMUlT_E_clIfEEDaS0_
FNDA:0,_ZNK5sipai14parametricReluMUlT_T0_E_clIffEEDaS0_S1_
FNDA:0,_ZNK5sipai3eluMUlT_T0_E_clIffEEDaS0_S1_
FNDA:0,_ZNK5sipai19leakyReluDerivativeMUlT_E_clIfEEDaS0_
FNDA:0,_ZNK5sipai9leakyReluMUlT_E_clIfEEDaS0_
FNDA:0,_ZNK5sipai17sigmoidDerivativeMUlT_E_clIfEEDaS0_
FNDA:0,_ZNK5sipai14tanhDerivativeMUlT_E_clIfEEDaS0_
FNDA:0,_ZNK5sipai14reluDerivativeMUlT_E_clIfEEDaS0_
FNDA:0,_ZNK5sipai13eluDerivativeMUlT_T0_E_clIffEEDaS0_S1_
FNDA:0,_ZNK5sipai8tanhFuncMUlT_E_clIfEEDaS0_
FNDA:0,_ZNK5sipai7sigmoidMUlT_E_clIfEEDaS0_
FNDA:0,_ZNK5sipai24parametricReluDerivativeMUlT_T0_E_clIffEEDaS0_S1_
FNF:12
FNH:0
DA:40,0
DA:41,0
DA:42,0
DA:43,0
DA:51,0
DA:52,0
DA:53,0
DA:54,0
DA:65,0
DA:66,0
DA:73,0
DA:74,0
DA:82,0
DA:83,0
DA:85,0
DA:86,0
DA:97,0
DA:98,0
DA:100,0
DA:101,0
LF:20
LH:0
end_of_record
TN:
SF:/home/runner/work/SIPAI/SIPAI/libs/libsipai/include/Connexion.h
FN:20,_ZN5sipai10ConnectionC2EPNS_6NeuronENS_4RGBAE
FNDA:244,_ZN5sipai10ConnectionC2EPNS_6NeuronENS_4RGBAE
FNF:1
FNH:1
DA:20,244
LF:1
LH:1
end_of_record
TN:
SF:/home/runner/work/SIPAI/SIPAI/libs/libsipai/include/HiddenLayer.h
FN:23,_ZN5sipai11HiddenLayerC2Ev
FN:25,_ZN5sipai11HiddenLayer18forwardPropagationEv
FN:46,_ZN5sipai11HiddenLayer19backwardPropagationEv
FN:70,_ZN5sipai11HiddenLayer13updateWeightsEf
FNDA:0,_ZN5sipai11HiddenLayer13updateWeightsEf
FNDA:0,_ZN5sipai11HiddenLayer19backwardPropagationEv
FNDA:5,_ZN5sipai11HiddenLayerC2Ev
FNDA:0,_ZN5sipai11HiddenLayer18forwardPropagationEv
FNF:4
FNH:1
DA:23,5
DA:25,0
DA:26,0
DA:27,0
DA:30,0
DA:31,0
DA:32,0
DA:33,0
DA:36,0
DA:37,0
DA:40,0
DA:41,0
DA:46,0
DA:47,0
DA:48,0
DA:52,0
DA:53,0
DA:54,0
DA:55,0
DA:58,0
DA:59,0
DA:63,0
DA:64,0
DA:65,0
DA:70,0
DA:71,0
DA:72,0
DA:74,0
DA:75,0
DA:76,0
DA:77,0
DA:80,0
DA:81,0
DA:82,0
LF:34
LH:1
end_of_record
TN:
SF:/home/runner/work/SIPAI/SIPAI/libs/libsipai/include/ImageHelper.h
FN:30,_ZN5sipai11ImageHelper9loadImageERKNSt7__cxx1112basic_stringIcSt11char_traitsIcESaIcEEE
FN:45,_ZN5sipai11ImageHelper9saveImageERKNSt7__cxx1112basic_stringIcSt11char_traitsIcESaIcEEERN2cv3MatE
FN:59,_ZN5sipai11ImageHelper19convertToRGBAVectorERKN2cv3MatE
FN:73,_ZZN5sipai11ImageHelper19convertToRGBAVectorERKN2cv3MatEENKUlRKNS1_3VecIhLi4EEEE_clES8_
FN:90,_ZN5sipai11ImageHelper12convertToMatERKSt6vectorINS_4RGBAESaIS2_EEmm
FN:95,_ZZN5sipai11ImageHelper12convertToMatERKSt6vectorINS_4RGBAESaIS2_EEmmENKUlRKS2_E_clES8_
FNDA:900,_ZZN5sipai11ImageHelper12convertToMatERKSt6vectorINS_4RGBAESaIS2_EEmmENKUlRKS2_E_clES8_
FNDA:1,_ZN5sipai11ImageHelper12convertToMatERKSt6vectorINS_4RGBAESaIS2_EEmm
FNDA:3,_ZN5sipai11ImageHelper9loadImageERKNSt7__cxx1112basic_stringIcSt11char_traitsIcESaIcEEE
FNDA:2700,_ZZN5sipai11ImageHelper19convertToRGBAVectorERKN2cv3MatEENKUlRKNS1_3VecIhLi4EEEE_clES8_
FNDA:1,_ZN5sipai11ImageHelper9saveImageERKNSt7__cxx1112basic_stringIcSt11char_traitsIcESaIcEEERN2cv3MatE
FNDA:3,_ZN5sipai11ImageHelper19convertToRGBAVectorERKN2cv3MatE
FNF:6
FNH:6
DA:30,3
DA:31,3
DA:32,3
DA:33,0
DA:34,0
DA:36,3
DA:37,0
DA:45,1
DA:47,1
DA:48,0
DA:49,0
DA:50,0
DA:51,1
DA:59,3
DA:60,3
DA:61,3
DA:62,3
DA:63,3
DA:65,3
DA:70,3
DA:71,6
DA:72,3
DA:73,2700
DA:74,2700
DA:77,6
DA:78,0
DA:90,1
DA:92,1
DA:93,1
DA:94,1
DA:95,900
DA:96,2
DA:97,0
LF:33
LH:25
end_of_record
TN:
SF:/home/runner/work/SIPAI/SIPAI/libs/libsipai/include/InputLayer.h
FN:22,_ZN5sipai10InputLayerC2Ev
FN:24,_ZN5sipai10InputLayer18forwardPropagationEv
FN:28,_ZN5sipai10InputLayer19backwardPropagationEv
FN:32,_ZN5sipai10InputLayer13updateWeightsEf
FN:36,_ZN5sipai10InputLayer14setInputValuesERKSt6vectorINS_4RGBAESaIS2_EE
FNDA:4,_ZN5sipai10InputLayerC2Ev
FNDA:0,_ZN5sipai10InputLayer13updateWeightsEf
FNDA:0,_ZN5sipai10InputLayer19backwardPropagationEv
FNDA:0,_ZN5sipai10InputLayer18forwardPropagationEv
FNDA:0,_ZN5sipai10InputLayer14setInputValuesERKSt6vectorINS_4RGBAESaIS2_EE
FNF:5
FNH:1
DA:22,4
DA:24,0
DA:26,0
DA:28,0
DA:30,0
DA:32,0
DA:34,0
DA:36,0
DA:37,0
DA:38,0
DA:40,0
DA:41,0
DA:43,0
LF:13
LH:1
end_of_record
TN:
SF:/home/runner/work/SIPAI/SIPAI/libs/libsipai/include/Layer.h
FN:29,_ZN5sipai5LayerC2ENS_9LayerTypeE
FN:39,_ZN5sipai5LayerD2Ev
FN:39,_ZN5sipai5LayerD0Ev
FN:61,_ZNK5sipai5Layer15getLayerTypeStrB5cxx11Ev
FN:70,_ZN5sipai5Layer21setActivationFunctionERKSt8functionIFffEES5_
FNDA:13,_ZN5sipai5LayerD2Ev
FNDA:13,_ZN5sipai5LayerC2ENS_9LayerTypeE
FNDA:9,_ZN5sipai5Layer21setActivationFunctionERKSt8functionIFffEES5_
FNDA:3,_ZNK5sipai5Layer15getLayerTypeStrB5cxx11Ev
FNDA:0,_ZN5sipai5LayerD0Ev
FNF:5
FNH:4
DA:29,13
DA:39,13
DA:61,3
DA:62,6
DA:63,6
DA:64,3
DA:67,0
DA:70,9
DA:72,75
DA:73,66
DA:74,66
DA:76,9
LF:12
LH:11
end_of_record
TN:
SF:/home/runner/work/SIPAI/SIPAI/libs/libsipai/include/Manager.h
FN:24,_ZN5sipai7Manager11getInstanceEv
FN:185,_ZN5sipai7ManagerC2Ev
FNDA:27,_ZN5sipai7Manager11getInstanceEv
FNDA:1,_ZN5sipai7ManagerC2Ev
FNF:2
FNH:2
DA:24,27
DA:25,27
DA:26,27
DA:185,1
LF:4
LH:4
end_of_record
TN:
SF:/home/runner/work/SIPAI/SIPAI/libs/libsipai/include/NeuralNetwork.h
FN:24,_ZN5sipai13NeuralNetworkC2Ev
FN:32,_ZN5sipai13NeuralNetworkD2Ev
FNDA:3,_ZN5sipai13NeuralNetworkD2Ev
FNDA:3,_ZN5sipai13NeuralNetworkC2Ev
FNF:2
FNH:2
DA:24,3
DA:32,3
DA:33,16
DA:34,13
DA:36,3
LF:5
LH:5
end_of_record
TN:
SF:/home/runner/work/SIPAI/SIPAI/libs/libsipai/include/NeuralNetworkImportExport.h
FN:17,_ZN5sipai25NeuralNetworkImportExportD2Ev
FN:17,_ZN5sipai25NeuralNetworkImportExportD0Ev
FNDA:2,_ZN5sipai25NeuralNetworkImportExportD2Ev
FNDA:0,_ZN5sipai25NeuralNetworkImportExportD0Ev
FNF:2
FNH:1
DA:17,2
LF:1
LH:1
end_of_record
TN:
SF:/home/runner/work/SIPAI/SIPAI/libs/libsipai/include/Neuron.h
FN:29,_ZN5sipai6NeuronC2Ev
FN:55,_ZN5sipai6Neuron11initWeightsEm
FN:63,_ZZN5sipai6Neuron11initWeightsEmENKUlRfE_clES1_
FNDA:70,_ZN5sipai6Neuron11initWeightsEm
FNDA:1536,_ZZN5sipai6Neuron11initWeightsEmENKUlRfE_clES1_
FNDA:82,_ZN5sipai6NeuronC2Ev
FNF:3
FNH:3
DA:29,82
DA:55,70
DA:56,70
DA:59,70
DA:60,454
DA:61,384
DA:62,384
DA:63,384
DA:64,1536
DA:65,1536
DA:66,1536
DA:68,70
LF:12
LH:12
end_of_record
TN:
SF:/home/runner/work/SIPAI/SIPAI/libs/libsipai/include/OutputLayer.h
FN:27,_ZN5sipai11OutputLayerC2Ev
FN:29,_ZN5sipai11OutputLayer18forwardPropagationEv
FN:50,_ZN5sipai11OutputLayer19backwardPropagationEv
FN:54,_ZN5sipai11OutputLayer13updateWeightsEf
FN:72,_ZN5sipai11OutputLayer13computeErrorsERKSt6vectorINS_4RGBAESaIS2_EE
FN:98,_ZN5sipai11OutputLayer15getOutputValuesEv
FN:99,_ZZN5sipai11OutputLayer15getOutputValuesEvENKUlRKNS_6NeuronEE_clES3_
FNDA:0,_ZN5sipai11OutputLayer13computeErrorsERKSt6vectorINS_4RGBAESaIS2_EE
FNDA:0,_ZZN5sipai11OutputLayer15getOutputValuesEvENKUlRKNS_6NeuronEE_clES3_
FNDA:0,_ZN5sipai11OutputLayer19backwardPropagationEv
FNDA:4,_ZN5sipai11OutputLayerC2Ev
FNDA:0,_ZN5sipai11OutputLayer13updateWeightsEf
FNDA:0,_ZN5sipai11OutputLayer15getOutputValuesEv
FNDA:0,_ZN5sipai11OutputLayer18forwardPropagationEv
FNF:7
FNH:1
DA:27,4
DA:29,0
DA:30,0
DA:31,0
DA:34,0
DA:35,0
DA:36,0
DA:37,0
DA:40,0
DA:41,0
DA:44,0
DA:45,0
DA:50,0
DA:52,0
DA:54,0
DA:55,0
DA:56,0
DA:58,0
DA:60,0
DA:61,0
DA:62,0
DA:65,0
DA:66,0
DA:67,0
DA:72,0
DA:73,0
DA:74,0
DA:76,0
DA:77,0
DA:79,0
DA:80,0
DA:81,0
DA:82,0
DA:83,0
DA:85,0
DA:86,0
DA:87,0
DA:93,0
DA:94,0
DA:96,0
DA:98,0
DA:99,0
DA:100,0
DA:101,0
LF:44
LH:1
end_of_record
TN:
SF:/home/runner/work/SIPAI/SIPAI/libs/libsipai/include/RGBA.h
FN:23,_ZN5sipai4RGBAC2Ev
FN:26,_ZN5sipai4RGBAC2Effff
FN:29,_ZN5sipai4RGBAC2ERKN2cv3VecIhLi4EEEb
FN:33,_ZNK5sipai4RGBA11toStringCsvB5cxx11Ev
FN:44,_ZNK5sipai4RGBA7toVec4bEv
FN:50,_ZNK5sipai4RGBA15applyToElementsISt5minusIvEEEDaT_RKS0_
FN:50,_ZNK5sipai4RGBA15applyToElementsISt10multipliesIvEEEDaT_RKS0_
FN:57,_ZN5sipai4RGBApLERKS0_
FN:63,_ZN5sipai4RGBAmIERKS0_
FN:69,_ZNK5sipai4RGBAmlERKS0_
FN:77,_ZNK5sipai4RGBAmiERKS0_
FN:81,_ZN5sipaimlEfRKNS_4RGBAE
FN:84,_ZZN5sipaimlEfRKNS_4RGBAEENKUlfE_clEf
FNDA:0,_ZN5sipaimlEfRKNS_4RGBAE
FNDA:900,_ZNK5sipai4RGBA7toVec4bEv
FNDA:0,_ZNK5sipai4RGBAmlERKS0_
FNDA:0,_ZNK5sipai4RGBAmiERKS0_
FNDA:0,_ZN5sipai4RGBApLERKS0_
FNDA:2700,_ZN5sipai4RGBAC2ERKN2cv3VecIhLi4EEEb
FNDA:0,_ZNK5sipai4RGBA15applyToElementsISt10multipliesIvEEEDaT_RKS0_
FNDA:4423,_ZN5sipai4RGBAC2Ev
FNDA:124,_ZNK5sipai4RGBA11toStringCsvB5cxx11Ev
FNDA:0,_ZZN5sipaimlEfRKNS_4RGBAEENKUlfE_clEf
FNDA:0,_ZN5sipai4RGBAmIERKS0_
FNDA:447,_ZN5sipai4RGBAC2Effff
FNDA:0,_ZNK5sipai4RGBA15applyToElementsISt5minusIvEEEDaT_RKS0_
FNF:13
FNH:5
DA:23,4423
DA:26,447
DA:29,2700
DA:30,2700
DA:31,2700
DA:33,124
DA:34,124
DA:35,124
DA:36,620
DA:37,496
DA:39,124
DA:40,248
DA:41,124
DA:44,900
DA:45,3600
DA:46,900
DA:50,0
DA:51,0
DA:52,0
DA:54,0
DA:57,0
DA:58,0
DA:60,0
DA:63,0
DA:64,0
DA:66,0
DA:69,0
DA:70,0
DA:77,0
DA:78,0
DA:81,0
DA:82,0
DA:83,0
DA:84,0
DA:85,0
LF:35
LH:16
end_of_record
TN:
SF:/home/runner/work/SIPAI/SIPAI/libs/libsipai/include/SimpleLogger.h
FN:32,_ZN5sipai12SimpleLogger11getInstanceEv
FN:55,_ZNK5sipai12SimpleLogger3logIJRA28_KcRiRA4_S2_RPS2_EEERKS0_NS_8LogLevelEbDpOT_
FN:55,_ZNK5sipai12SimpleLogger3logIJRA34_KcRPS2_EEERKS0_NS_8LogLevelEbDpOT_
FN:55,_ZNK5sipai12SimpleLogger3logIJRNSt7__cxx1112basic_stringIcSt11char_traitsIcESaIcEEEEEERKS0_NS_8LogLevelEbDpOT_
FN:55,_ZNK5sipai12SimpleLogger3logIJRA80_KcEEERKS0_NS_8LogLevelEbDpOT_
FN:55,_ZNK5sipai12SimpleLogger3logIJRA47_KcEEERKS0_NS_8LogLevelEbDpOT_
FN:55,_ZNK5sipai12SimpleLogger3logIJRA8_KcRiRA15_S2_RfRA20_S2_S8_EEERKS0_NS_8LogLevelEbDpOT_
FN:183,_ZNK5sipai12SimpleLogger4infoIJRA34_KcRPS2_EEERKS0_DpOT_
FN:183,_ZNK5sipai12SimpleLogger4infoIJRA8_KcRiRA15_S2_RfRA20_S2_S8_EEERKS0_DpOT_
FN:183,_ZNK5sipai12SimpleLogger4infoIJRA80_KcEEERKS0_DpOT_
FN:183,_ZNK5sipai12SimpleLogger4infoIJRA47_KcEEERKS0_DpOT_
FN:199,_ZNK5sipai12SimpleLogger4warnIJNSt7__cxx1112basic_stringIcSt11char_traitsIcESaIcEEEEEERKS0_DpOT_
FN:215,_ZNK5sipai12SimpleLogger5errorIJRA28_KcRiRA4_S2_RPS2_EEERKS0_DpOT_
FN:290,_ZN5sipai12SimpleLogger8LOG_INFOIJRA34_KcPS2_EEERKS0_DpOT_
FN:290,_ZN5sipai12SimpleLogger8LOG_INFOIJRA80_KcEEERKS0_DpOT_
FN:290,_ZN5sipai12SimpleLogger8LOG_INFOIJRA47_KcEEERKS0_DpOT_
FN:290,_ZN5sipai12SimpleLogger8LOG_INFOIJRA8_KcRiRA15_S2_RfRA20_S2_S8_EEERKS0_DpOT_
FN:318,_ZN5sipai12SimpleLogger9LOG_ERRORIJRA28_KcRiRA4_S2_PS2_EEERKS0_DpOT_
FN:339,_ZN5sipai12SimpleLoggerC2Ev
FNDA:0,_ZNK5sipai12SimpleLogger4infoIJRA8_KcRiRA15_S2_RfRA20_S2_S8_EEERKS0_DpOT_
FNDA:0,_ZNK5sipai12SimpleLogger3logIJRA34_KcRPS2_EEERKS0_NS_8LogLevelEbDpOT_
FNDA:0,_ZNK5sipai12SimpleLogger3logIJRA80_KcEEERKS0_NS_8LogLevelEbDpOT_
FNDA:0,_ZNK5sipai12SimpleLogger4infoIJRA80_KcEEERKS0_DpOT_
FNDA:0,_ZNK5sipai12SimpleLogger3logIJRNSt7__cxx1112basic_stringIcSt11char_traitsIcESaIcEEEEEERKS0_NS_8LogLevelEbDpOT_
FNDA:0,_ZN5sipai12SimpleLogger8LOG_INFOIJRA80_KcEEERKS0_DpOT_
FNDA:0,_ZN5sipai12SimpleLogger8LOG_INFOIJRA34_KcPS2_EEERKS0_DpOT_
FNDA:0,_ZNK5sipai12SimpleLogger4infoIJRA34_KcRPS2_EEERKS0_DpOT_
FNDA:1,_ZN5sipai12SimpleLoggerC2Ev
FNDA:0,_ZNK5sipai12SimpleLogger3logIJRA28_KcRiRA4_S2_RPS2_EEERKS0_NS_8LogLevelEbDpOT_
FNDA:0,_ZN5sipai12SimpleLogger9LOG_ERRORIJRA28_KcRiRA4_S2_PS2_EEERKS0_DpOT_
FNDA:0,_ZN5sipai12SimpleLogger8LOG_INFOIJRA47_KcEEERKS0_DpOT_
FNDA:0,_ZNK5sipai12SimpleLogger3logIJRA8_KcRiRA15_S2_RfRA20_S2_S8_EEERKS0_NS_8LogLevelEbDpOT_
FNDA:0,_ZN5sipai12SimpleLogger8LOG_INFOIJRA8_KcRiRA15_S2_RfRA20_S2_S8_EEERKS0_DpOT_
FNDA:0,_ZNK5sipai12SimpleLogger4infoIJRA47_KcEEERKS0_DpOT_
FNDA:0,_ZNK5sipai12SimpleLogger5errorIJRA28_KcRiRA4_S2_RPS2_EEERKS0_DpOT_
FNDA:1,_ZN5sipai12SimpleLogger11getInstanceEv
FNDA:0,_ZNK5sipai12SimpleLogger3logIJRA47_KcEEERKS0_NS_8LogLevelEbDpOT_
FNDA:0,_ZNK5sipai12SimpleLogger4warnIJNSt7__cxx1112basic_stringIcSt11char_traitsIcESaIcEEEEEERKS0_DpOT_
FNF:19
FNH:2
DA:32,1
DA:33,1
DA:34,1
DA:55,0
DA:57,0
DA:58,0
DA:59,0
DA:60,0
DA:62,0
DA:63,0
DA:64,0
DA:65,0
DA:66,0
DA:67,0
DA:68,0
DA:69,0
DA:70,0
DA:71,0
DA:72,0
DA:73,0
DA:74,0
DA:75,0
DA:76,0
DA:77,0
DA:80,0
DA:81,0
DA:82,0
DA:83,0
DA:84,0
DA:87,0
DA:88,0
DA:89,0
DA:90,0
DA:94,0
DA:95,0
DA:183,0
DA:184,0
DA:199,0
DA:200,0
DA:215,0
DA:216,0
DA:290,0
DA:291,0
DA:292,0
DA:293,0
DA:294,0
DA:318,0
DA:319,0
DA:320,0
DA:321,0
DA:322,0
DA:339,1
LF:52
LH:4
end_of_record
TN:
SF:/home/runner/work/SIPAI/SIPAI/libs/libsipai/include/exception/FileReaderException.h
FN:13,_ZN5sipai19FileReaderExceptionC2ERKNSt7__cxx1112basic_stringIcSt11char_traitsIcESaIcEEE
FN:15,_ZNK5sipai19FileReaderException4whatEv
FNDA:0,_ZNK5sipai19FileReaderException4whatEv
FNDA:0,_ZN5sipai19FileReaderExceptionC2ERKNSt7__cxx1112basic_stringIcSt11char_traitsIcESaIcEEE
FNF:2
FNH:0
DA:13,0
DA:14,0
DA:15,0
LF:3
LH:0
end_of_record
TN:
SF:/home/runner/work/SIPAI/SIPAI/libs/libsipai/include/exception/ImageHelperException.h
FN:13,_ZN5sipai20ImageHelperExceptionC2ERKNSt7__cxx1112basic_stringIcSt11char_traitsIcESaIcEEE
FN:15,_ZNK5sipai20ImageHelperException4whatEv
FNDA:0,_ZN5sipai20ImageHelperExceptionC2ERKNSt7__cxx1112basic_stringIcSt11char_traitsIcESaIcEEE
FNDA:0,_ZNK5sipai20ImageHelperException4whatEv
FNF:2
FNH:0
DA:13,0
DA:14,0
DA:15,0
LF:3
LH:0
end_of_record
TN:
SF:/home/runner/work/SIPAI/SIPAI/libs/libsipai/include/exception/ImportExportException.h
FN:14,_ZN5sipai21ImportExportExceptionC2Ev
FN:15,_ZN5sipai21ImportExportExceptionC2ERKNSt7__cxx1112basic_stringIcSt11char_traitsIcESaIcEEE
FN:17,_ZNK5sipai21ImportExportException4whatEv
FNDA:0,_ZNK5sipai21ImportExportException4whatEv
FNDA:0,_ZN5sipai21ImportExportExceptionC2ERKNSt7__cxx1112basic_stringIcSt11char_traitsIcESaIcEEE
FNDA:1055,_ZN5sipai21ImportExportExceptionC2Ev
FNF:3
FNH:1
DA:14,1055
DA:15,0
DA:16,0
DA:17,0
LF:4
LH:1
end_of_record
TN:
SF:/home/runner/work/SIPAI/SIPAI/libs/libsipai/include/exception/NetworkException.h
FN:13,_ZN5sipai16NetworkExceptionC2ERKNSt7__cxx1112basic_stringIcSt11char_traitsIcESaIcEEE
FN:14,_ZNK5sipai16NetworkException4whatEv
FNDA:0,_ZN5sipai16NetworkExceptionC2ERKNSt7__cxx1112basic_stringIcSt11char_traitsIcESaIcEEE
FNDA:0,_ZNK5sipai16NetworkException4whatEv
FNF:2
FNH:0
DA:13,0
DA:14,0
LF:2
LH:0
end_of_record
TN:
SF:/home/runner/work/SIPAI/SIPAI/libs/libsipai/src/Manager.cpp
FN:16,_ZN5sipai7Manager9loadImageERKNSt7__cxx1112basic_stringIcSt11char_traitsIcESaIcEEERmS9_mm
FN:33,_ZN5sipai7Manager9saveImageERKNSt7__cxx1112basic_stringIcSt11char_traitsIcESaIcEEERKSt6vectorINS_4RGBAESaISA_EEmm
FN:39,_ZN5sipai7Manager9saveImageERKNSt7__cxx1112basic_stringIcSt11char_traitsIcESaIcEEERKSt6vectorINS_4RGBAESaISA_EEmmmm
FN:48,_ZN5sipai7Manager13createNetworkEv
FN:50,_ZN5sipai7Manager13importNetworkEv
FN:54,_ZN5sipai7Manager13exportNetworkEv
FN:56,_ZN5sipai7Manager3runEv
FN:66,_ZN5sipai7Manager14runWithVisitorERKNS_13RunnerVisitorE
FN:82,_ZN5sipai7Manager16loadTrainingDataB5cxx11Ev
FN:86,_ZN5sipai7Manager9splitDataESt6vectorISt4pairINSt7__cxx1112basic_stringIcSt11char_traitsIcESaIcEEES8_ESaIS9_EEf
FN:103,_ZN5sipai7Manager17initializeNetworkEv
FN:114,_ZN5sipai7Manager14computeMSELossERKSt6vectorINS_4RGBAESaIS2_EES6_
FNDA:1,_ZN5sipai7Manager13importNetworkEv
FNDA:1,_ZN5sipai7Manager14runWithVisitorERKNS_13RunnerVisitorE
FNDA:3,_ZN5sipai7Manager9loadImageERKNSt7__cxx1112basic_stringIcSt11char_traitsIcESaIcEEERmS9_mm
FNDA:1,_ZN5sipai7Manager9saveImageERKNSt7__cxx1112basic_stringIcSt11char_traitsIcESaIcEEERKSt6vectorINS_4RGBAESaISA_EEmmmm
FNDA:0,_ZN5sipai7Manager3runEv
FNDA:3,_ZN5sipai7Manager17initializeNetworkEv
FNDA:2,_ZN5sipai7Manager14computeMSELossERKSt6vectorINS_4RGBAESaIS2_EES6_
FNDA:3,_ZN5sipai7Manager16loadTrainingDataB5cxx11Ev
FNDA:2,_ZN5sipai7Manager9splitDataESt6vectorISt4pairINSt7__cxx1112basic_stringIcSt11char_traitsIcESaIcEEES8_ESaIS9_EEf
FNDA:1,_ZN5sipai7Manager9saveImageERKNSt7__cxx1112basic_stringIcSt11char_traitsIcESaIcEEERKSt6vectorINS_4RGBAESaISA_EEmm
FNDA:2,_ZN5sipai7Manager13createNetworkEv
FNDA:1,_ZN5sipai7Manager13exportNetworkEv
FNF:12
FNH:11
DA:16,3
DA:20,3
DA:23,3
DA:24,3
DA:25,3
DA:28,3
DA:30,6
DA:31,3
DA:33,1
DA:36,1
DA:37,1
DA:39,1
DA:43,1
DA:44,1
DA:45,1
DA:46,1
DA:48,2
DA:50,1
DA:51,1
DA:52,1
DA:54,1
DA:56,0
DA:57,0
DA:58,0
DA:59,0
DA:60,0
DA:61,0
DA:62,0
DA:64,0
DA:66,1
DA:69,1
DA:72,1
DA:73,1
DA:76,1
DA:79,1
DA:80,1
DA:82,3
DA:83,6
DA:86,2
DA:89,2
DA:90,2
DA:91,2
DA:94,2
DA:97,2
DA:98,2
DA:100,4
DA:101,2
DA:103,3
DA:114,2
DA:116,2
DA:117,0
DA:118,0
DA:121,2
DA:122,22
DA:123,100
DA:124,80
DA:125,80
DA:129,2
LF:58
LH:48
end_of_record
TN:
SF:/home/runner/work/SIPAI/SIPAI/libs/libsipai/src/NetworkImportExport.cpp
FN:12,_ZN5sipai25NeuralNetworkImportExport11importModelEv
FN:24,_ZNK5sipai25NeuralNetworkImportExport11exportModelEv
FNDA:1,_ZNK5sipai25NeuralNetworkImportExport11exportModelEv
FNDA:1,_ZN5sipai25NeuralNetworkImportExport11importModelEv
FNF:2
FNH:2
DA:12,1
DA:16,1
DA:17,1
DA:18,2
DA:19,1
DA:20,0
DA:21,0
DA:24,1
DA:28,1
DA:29,1
DA:30,0
DA:31,0
DA:32,0
DA:33,1
LF:14
LH:9
end_of_record
TN:
SF:/home/runner/work/SIPAI/SIPAI/libs/libsipai/src/NetworkImportExportCSV.cpp
FN:17,_ZNK5sipai28NeuralNetworkImportExportCSV20importNeuronsWeightsERSt10unique_ptrINS_13NeuralNetworkESt14default_deleteIS2_EE
FN:20,_ZZNK5sipai28NeuralNetworkImportExportCSV20importNeuronsWeightsERSt10unique_ptrINS_13NeuralNetworkESt14default_deleteIS2_EEENKUlRKSt6vectorIN3Csv13CellReferenceESaIS9_EEE_clESD_
FN:31,_ZZNK5sipai28NeuralNetworkImportExportCSV20importNeuronsWeightsERSt10unique_ptrINS_13NeuralNetworkESt14default_deleteIS2_EEENKUlRKSt6vectorIN3Csv13CellReferenceESaIS9_EEE0_clESD_
FN:45,_ZZNK5sipai28NeuralNetworkImportExportCSV20importNeuronsWeightsERSt10unique_ptrINS_13NeuralNetworkESt14default_deleteIS2_EEENKUlRSt6vectorINS_4RGBAESaIS8_EERKS7_IN3Csv13CellReferenceESaISD_EEE1_clESB_SH_
FN:127,_ZNK5sipai28NeuralNetworkImportExportCSV20exportNeuronsWeightsEv
FNDA:1055,_ZZNK5sipai28NeuralNetworkImportExportCSV20importNeuronsWeightsERSt10unique_ptrINS_13NeuralNetworkESt14default_deleteIS2_EEENKUlRKSt6vectorIN3Csv13CellReferenceESaIS9_EEE0_clESD_
FNDA:1055,_ZZNK5sipai28NeuralNetworkImportExportCSV20importNeuronsWeightsERSt10unique_ptrINS_13NeuralNetworkESt14default_deleteIS2_EEENKUlRSt6vectorINS_4RGBAESaIS8_EERKS7_IN3Csv13CellReferenceESaISD_EEE1_clESB_SH_
FNDA:1,_ZNK5sipai28NeuralNetworkImportExportCSV20exportNeuronsWeightsEv
FNDA:114,_ZZNK5sipai28NeuralNetworkImportExportCSV20importNeuronsWeightsERSt10unique_ptrINS_13NeuralNetworkESt14default_deleteIS2_EEENKUlRKSt6vectorIN3Csv13CellReferenceESaIS9_EEE_clESD_
FNDA:1,_ZNK5sipai28NeuralNetworkImportExportCSV20importNeuronsWeightsERSt10unique_ptrINS_13NeuralNetworkESt14default_deleteIS2_EE
FNF:5
FNH:5
DA:17,1
DA:20,114
DA:22,114
DA:23,114
DA:24,95
DA:26,19
DA:31,1055
DA:32,1055
DA:33,1662
DA:34,1662
DA:35,1662
DA:36,607
DA:38,1055
DA:41,0
DA:45,1055
DA:47,1055
DA:49,1055
DA:50,1055
DA:52,1055
DA:53,1055
DA:54,1
DA:57,1
DA:58,1
DA:59,2
DA:60,3
DA:61,1
DA:62,1
DA:63,0
DA:67,1
DA:68,1
DA:69,1
DA:70,1
DA:71,40
DA:72,39
DA:73,39
DA:74,1
DA:75,1
DA:77,38
DA:80,38
DA:81,38
DA:82,0
DA:83,0
DA:84,0
DA:85,0
DA:86,0
DA:88,38
DA:89,0
DA:90,0
DA:91,0
DA:93,38
DA:94,0
DA:98,38
DA:99,38
DA:100,38
DA:101,38
DA:103,38
DA:104,38
DA:105,38
DA:106,38
DA:108,19
DA:109,19
DA:110,19
DA:111,19
DA:113,0
DA:114,0
DA:115,0
DA:116,0
DA:119,38
DA:120,0
DA:121,0
DA:122,38
DA:124,1
DA:125,1
DA:127,1
DA:129,1
DA:130,1
DA:131,2
DA:132,3
DA:133,1
DA:136,1
DA:137,1
DA:138,4
DA:139,22
DA:140,19
DA:141,2
DA:147,1
DA:148,7
DA:149,6
DA:150,6
DA:152,1
DA:155,4
DA:157,3
DA:158,22
DA:160,19
DA:164,19
DA:166,133
DA:167,114
DA:168,78
DA:172,36
DA:175,19
DA:178,19
DA:179,133
DA:180,114
DA:181,114
DA:182,46
DA:185,68
DA:188,19
DA:192,1
DA:193,1
LF:109
LH:92
end_of_record
TN:
SF:/home/runner/work/SIPAI/SIPAI/libs/libsipai/src/NetworkImportExportJSON.cpp
FN:14,_ZN5sipai29NeuralNetworkImportExportJSON11importModelEv
FN:142,_ZNK5sipai29NeuralNetworkImportExportJSON11exportModelEv
FNDA:1,_ZN5sipai29NeuralNetworkImportExportJSON11importModelEv
FNDA:1,_ZNK5sipai29NeuralNetworkImportExportJSON11exportModelEv
FNF:2
FNH:2
DA:14,1
DA:16,1
DA:17,1
DA:19,1
DA:20,0
DA:23,1
DA:24,1
DA:25,1
DA:26,1
DA:28,1
DA:29,1
DA:31,1
DA:32,0
DA:35,1
DA:36,0
DA:37,0
DA:39,1
DA:42,1
DA:44,1
DA:45,1
DA:46,0
DA:47,0
DA:48,0
DA:49,1
DA:52,1
DA:53,1
DA:54,1
DA:55,1
DA:56,1
DA:57,1
DA:58,1
DA:59,1
DA:60,1
DA:61,1
DA:62,1
DA:63,1
DA:64,1
DA:65,1
DA:66,1
DA:67,1
DA:68,1
DA:69,1
DA:71,4
DA:73,3
DA:74,3
DA:78,3
DA:79,3
DA:80,1
DA:81,1
DA:82,1
DA:83,1
DA:84,1
DA:85,1
DA:86,1
DA:87,1
DA:88,1
DA:89,1
DA:90,1
DA:91,1
DA:92,1
DA:93,1
DA:94,1
DA:95,0
DA:96,0
DA:100,3
DA:101,22
DA:102,19
DA:107,3
DA:108,1
DA:109,1
DA:110,1
DA:111,1
DA:113,1
DA:114,1
DA:115,1
DA:117,1
DA:118,0
DA:119,0
DA:123,3
DA:124,3
DA:126,1
DA:127,0
DA:130,1
DA:131,0
DA:134,1
DA:135,2
DA:137,1
DA:138,0
DA:139,0
DA:140,1
DA:142,1
DA:144,1
DA:145,1
DA:146,1
DA:147,1
DA:150,1
DA:153,4
DA:154,3
DA:155,21
DA:156,3
DA:157,3
DA:160,1
DA:161,1
DA:162,1
DA:163,2
DA:164,1
DA:165,2
DA:166,1
DA:167,2
DA:168,1
DA:169,2
DA:170,1
DA:171,2
DA:172,1
DA:173,2
DA:174,1
DA:175,2
DA:176,1
DA:177,2
DA:178,1
DA:179,2
DA:180,1
DA:181,2
DA:185,1
DA:186,1
DA:187,1
DA:188,22
LF:127
LH:112
end_of_record
TN:
SF:/home/runner/work/SIPAI/SIPAI/libs/libsipai/src/NeuralNetwork.cpp
FN:10,_ZN5sipai13NeuralNetwork10initializeEv
FN:40,_ZN5sipai13NeuralNetwork18forwardPropagationERKSt6vectorINS_4RGBAESaIS2_EE
FN:54,_ZN5sipai13NeuralNetwork19backwardPropagationERKSt6vectorINS_4RGBAESaIS2_EE
FN:65,_ZN5sipai13NeuralNetwork10bindLayersEv
FN:76,_ZNK5sipai13NeuralNetwork17initializeWeightsEv
FN:86,_ZN5sipai13NeuralNetwork19initializeNeighborsEv
FN:109,_ZN5sipai13NeuralNetwork18addNeuronNeighborsERNS_6NeuronEPNS_5LayerEmiib
FN:142,_ZNK5sipai13NeuralNetwork21SetActivationFunctionEPNS_5LayerENS_19EActivationFunctionEf
FN:148,_ZZNK5sipai13NeuralNetwork21SetActivationFunctionEPNS_5LayerENS_19EActivationFunctionEfENKUlT_E_clIfEEDaS4_
FN:149,_ZZNK5sipai13NeuralNetwork21SetActivationFunctionEPNS_5LayerENS_19EActivationFunctionEfENKUlT_E0_clIfEEDaS4_
FN:158,_ZZNK5sipai13NeuralNetwork21SetActivationFunctionEPNS_5LayerENS_19EActivationFunctionEfENKUlT_E1_clIfEEDaS4_
FN:161,_ZZNK5sipai13NeuralNetwork21SetActivationFunctionEPNS_5LayerENS_19EActivationFunctionEfENKUlT_E2_clIfEEDaS4_
FN:179,_ZN5sipai13NeuralNetwork13updateWeightsEf
FNDA:3,_ZNK5sipai13NeuralNetwork17initializeWeightsEv
FNDA:0,_ZN5sipai13NeuralNetwork19backwardPropagationERKSt6vectorINS_4RGBAESaIS2_EE
FNDA:0,_ZZNK5sipai13NeuralNetwork21SetActivationFunctionEPNS_5LayerENS_19EActivationFunctionEfENKUlT_E_clIfEEDaS4_
FNDA:101,_ZN5sipai13NeuralNetwork18addNeuronNeighborsERNS_6NeuronEPNS_5LayerEmiib
FNDA:3,_ZN5sipai13NeuralNetwork10initializeEv
FNDA:0,_ZZNK5sipai13NeuralNetwork21SetActivationFunctionEPNS_5LayerENS_19EActivationFunctionEfENKUlT_E1_clIfEEDaS4_
FNDA:3,_ZN5sipai13NeuralNetwork19initializeNeighborsEv
FNDA:0,_ZN5sipai13NeuralNetwork13updateWeightsEf
FNDA:4,_ZN5sipai13NeuralNetwork10bindLayersEv
FNDA:0,_ZZNK5sipai13NeuralNetwork21SetActivationFunctionEPNS_5LayerENS_19EActivationFunctionEfENKUlT_E2_clIfEEDaS4_
FNDA:0,_ZZNK5sipai13NeuralNetwork21SetActivationFunctionEPNS_5LayerENS_19EActivationFunctionEfENKUlT_E0_clIfEEDaS4_
FNDA:9,_ZNK5sipai13NeuralNetwork21SetActivationFunctionEPNS_5LayerENS_19EActivationFunctionEf
FNDA:0,_ZN5sipai13NeuralNetwork18forwardPropagationERKSt6vectorINS_4RGBAESaIS2_EE
FNF:13
FNH:6
DA:10,3
DA:11,3
DA:12,3
DA:13,3
DA:14,3
DA:15,3
DA:17,7
DA:18,4
DA:19,4
DA:20,4
DA:21,4
DA:22,4
DA:23,4
DA:24,4
DA:27,3
DA:28,3
DA:29,3
DA:30,3
DA:31,3
DA:32,3
DA:34,3
DA:35,3
DA:36,3
DA:37,3
DA:40,0
DA:41,0
DA:42,0
DA:44,0
DA:45,0
DA:47,0
DA:48,0
DA:49,0
DA:51,0
DA:54,0
DA:56,0
DA:57,0
DA:59,0
DA:60,0
DA:61,0
DA:63,0
DA:65,4
DA:66,20
DA:67,16
DA:68,12
DA:70,16
DA:71,12
DA:74,4
DA:76,3
DA:77,16
DA:78,13
DA:79,80
DA:80,70
DA:84,3
DA:86,3
DA:87,3
DA:88,16
DA:91,13
DA:92,4
DA:93,4
DA:94,9
DA:95,5
DA:96,5
DA:97,4
DA:98,4
DA:99,4
DA:102,95
DA:103,82
DA:107,3
DA:109,101
DA:114,101
DA:115,101
DA:120,101
DA:121,505
DA:122,404
DA:123,404
DA:124,404
DA:125,244
DA:126,244
DA:128,244
DA:129,244
DA:131,198
DA:132,198
DA:133,198
DA:134,198
DA:135,198
DA:137,244
DA:140,101
DA:142,9
DA:145,9
DA:146,0
DA:147,0
DA:148,0
DA:149,0
DA:150,0
DA:152,0
DA:153,0
DA:154,0
DA:155,0
DA:156,0
DA:157,0
DA:158,0
DA:159,0
DA:161,0
DA:162,0
DA:164,0
DA:165,9
DA:166,9
DA:167,9
DA:168,0
DA:169,0
DA:170,0
DA:171,0
DA:172,0
DA:173,0
DA:174,0
DA:175,0
DA:177,9
DA:179,0
DA:180,0
DA:181,0
DA:183,0
LF:121
LH:77
end_of_record
TN:
SF:/home/runner/work/SIPAI/SIPAI/libs/libsipai/src/TrainingDataFileReaderCSV.cpp
FN:12,_ZN5sipai25TrainingDataFileReaderCSV15getTrainingDataB5cxx11Ev
FNDA:3,_ZN5sipai25TrainingDataFileReaderCSV15getTrainingDataB5cxx11Ev
FNF:1
FNH:1
DA:12,3
DA:14,3
DA:15,3
DA:16,0
DA:21,3
DA:22,3
DA:23,0
DA:26,3
DA:27,3
DA:28,3
DA:29,3
DA:30,3
DA:31,36
DA:33,33
DA:34,3
DA:36,30
DA:37,30
DA:38,30
DA:39,0
DA:40,0
DA:42,30
DA:43,30
DA:44,30
DA:45,30
DA:46,30
DA:47,30
DA:48,0
DA:49,0
DA:50,0
DA:56,6
DA:57,3
LF:31
LH:24
end_of_record
TN:
SF:/home/runner/work/SIPAI/SIPAI/libs/libsipai/src/TrainingMonitoredVisitor.cpp
FN:11,_Z13signalHandleri
FN:20,_ZNK5sipai24TrainingMonitoredVisitor5visitERKSt6vectorISt4pairINSt7__cxx1112basic_stringIcSt11char_traitsIcESaIcEEES8_ESaIS9_EESD_
FN:58,_ZNK5sipai24TrainingMonitoredVisitor12trainOnEpochERKSt6vectorISt4pairINSt7__cxx1112basic_stringIcSt11char_traitsIcESaIcEEES8_ESaIS9_EE
FN:86,_ZNK5sipai24TrainingMonitoredVisitor23evaluateOnValidationSetERKSt6vectorISt4pairINSt7__cxx1112basic_stringIcSt11char_traitsIcESaIcEEES8_ESaIS9_EE
FN:110,_ZNK5sipai24TrainingMonitoredVisitor22shouldContinueTrainingEiiRKNS_9AppParamsE
FN:117,_ZNK5sipai24TrainingMonitoredVisitor19logTrainingProgressEiff
FNDA:0,_ZNK5sipai24TrainingMonitoredVisitor23evaluateOnValidationSetERKSt6vectorISt4pairINSt7__cxx1112basic_stringIcSt11char_traitsIcESaIcEEES8_ESaIS9_EE
FNDA:0,_ZNK5sipai24TrainingMonitoredVisitor5visitERKSt6vectorISt4pairINSt7__cxx1112basic_stringIcSt11char_traitsIcESaIcEEES8_ESaIS9_EESD_
FNDA:0,_Z13signalHandleri
FNDA:0,_ZNK5sipai24TrainingMonitoredVisitor19logTrainingProgressEiff
FNDA:0,_ZNK5sipai24TrainingMonitoredVisitor12trainOnEpochERKSt6vectorISt4pairINSt7__cxx1112basic_stringIcSt11char_traitsIcESaIcEEES8_ESaIS9_EE
FNDA:0,_ZNK5sipai24TrainingMonitoredVisitor22shouldContinueTrainingEiiRKNS_9AppParamsE
FNF:6
FNH:0
DA:11,0
DA:12,0
DA:13,0
DA:16,0
DA:18,0
DA:20,0
DA:23,0
DA:26,0
DA:28,0
DA:29,0
DA:30,0
DA:31,0
DA:33,0
DA:34,0
DA:35,0
DA:36,0
DA:38,0
DA:40,0
DA:41,0
DA:42,0
DA:44,0
DA:47,0
DA:50,0
DA:52,0
DA:53,0
DA:54,0
DA:55,0
DA:56,0
DA:58,0
DA:60,0
DA:61,0
DA:62,0
DA:69,0
DA:72,0
DA:75,0
DA:76,0
DA:77,0
DA:79,0
DA:80,0
DA:81,0
DA:82,0
DA:83,0
DA:86,0
DA:88,0
DA:89,0
DA:90,0
DA:97,0
DA:100,0
DA:103,0
DA:104,0
DA:105,0
DA:106,0
DA:107,0
DA:110,0
DA:113,0
DA:114,0
DA:117,0
DA:120,0
DA:122,0
LF:59
LH:0
end_of_record
