TN:
SF:/home/runner/work/SIPAI/SIPAI/libs/libsipai/include/ActivationFunctions.h
FN:42,_ZNK5sipai7sigmoidMUlRKNS_4RGBAEE_clES2_
FN:43,_ZZNK5sipai7sigmoidMUlRKNS_4RGBAEE_clES2_ENKUlfE_clEf
FN:49,_ZNK5sipai17sigmoidDerivativeMUlRKNS_4RGBAEE_clES2_
FN:51,_ZZNK5sipai17sigmoidDerivativeMUlRKNS_4RGBAEE_clES2_ENKUlfE_clEf
FN:59,_ZNK5sipai8tanhFuncMUlRKNS_4RGBAEE_clES2_
FN:60,_ZZNK5sipai8tanhFuncMUlRKNS_4RGBAEE_clES2_ENKUlfE_clEf
FN:65,_ZNK5sipai14tanhDerivativeMUlRKNS_4RGBAEE_clES2_
FN:67,_ZZNK5sipai14tanhDerivativeMUlRKNS_4RGBAEE_clES2_ENKUlfE_clEf
FN:80,_ZNK5sipai4reluMUlRKNS_4RGBAEE_clES2_
FN:81,_ZZNK5sipai4reluMUlRKNS_4RGBAEE_clES2_ENKUlfE_clEf
FN:83,_ZNK5sipai14reluDerivativeMUlRKNS_4RGBAEE_clES2_
FN:84,_ZZNK5sipai14reluDerivativeMUlRKNS_4RGBAEE_clES2_ENKUlfE_clEf
FN:93,_ZNK5sipai9leakyReluMUlRKNS_4RGBAEE_clES2_
FN:95,_ZZNK5sipai9leakyReluMUlRKNS_4RGBAEE_clES2_ENKUlfE_clEf
FN:98,_ZNK5sipai19leakyReluDerivativeMUlRKNS_4RGBAEE_clES2_
FN:99,_ZZNK5sipai19leakyReluDerivativeMUlRKNS_4RGBAEE_clES2_ENKUlfE_clEf
FN:108,_ZNK5sipai14parametricReluMUlRKNS_4RGBAEfE_clES2_f
FN:110,_ZZNK5sipai14parametricReluMUlRKNS_4RGBAEfE_clES2_fENKUlffE_clEff
FN:118,_ZNK5sipai24parametricReluDerivativeMUlRKNS_4RGBAEfE_clES2_f
FN:119,_ZZNK5sipai24parametricReluDerivativeMUlRKNS_4RGBAEfE_clES2_fENKUlffE_clEff
FN:131,_ZNK5sipai3eluMUlRKNS_4RGBAEfE_clES2_f
FN:133,_ZZNK5sipai3eluMUlRKNS_4RGBAEfE_clES2_fENKUlffE_clEff
FN:140,_ZNK5sipai13eluDerivativeMUlRKNS_4RGBAEfE_clES2_f
FN:142,_ZZNK5sipai13eluDerivativeMUlRKNS_4RGBAEfE_clES2_fENKUlffE_clEff
FNDA:100,_ZNK5sipai19leakyReluDerivativeMUlRKNS_4RGBAEE_clES2_
FNDA:16,_ZZNK5sipai14reluDerivativeMUlRKNS_4RGBAEE_clES2_ENKUlfE_clEf
FNDA:24,_ZZNK5sipai3eluMUlRKNS_4RGBAEfE_clES2_fENKUlffE_clEff
FNDA:4,_ZNK5sipai4reluMUlRKNS_4RGBAEE_clES2_
FNDA:16,_ZZNK5sipai14parametricReluMUlRKNS_4RGBAEfE_clES2_fENKUlffE_clEff
FNDA:400,_ZZNK5sipai19leakyReluDerivativeMUlRKNS_4RGBAEE_clES2_ENKUlfE_clEf
FNDA:48,_ZZNK5sipai8tanhFuncMUlRKNS_4RGBAEE_clES2_ENKUlfE_clEf
FNDA:4,_ZNK5sipai13eluDerivativeMUlRKNS_4RGBAEfE_clES2_f
FNDA:1300,_ZZNK5sipai9leakyReluMUlRKNS_4RGBAEE_clES2_ENKUlfE_clEf
FNDA:24,_ZZNK5sipai14tanhDerivativeMUlRKNS_4RGBAEE_clES2_ENKUlfE_clEf
FNDA:325,_ZNK5sipai9leakyReluMUlRKNS_4RGBAEE_clES2_
FNDA:16,_ZZNK5sipai13eluDerivativeMUlRKNS_4RGBAEfE_clES2_fENKUlffE_clEff
FNDA:4,_ZNK5sipai14parametricReluMUlRKNS_4RGBAEfE_clES2_f
FNDA:4,_ZNK5sipai24parametricReluDerivativeMUlRKNS_4RGBAEfE_clES2_f
FNDA:16,_ZZNK5sipai24parametricReluDerivativeMUlRKNS_4RGBAEfE_clES2_fENKUlffE_clEff
FNDA:8,_ZNK5sipai7sigmoidMUlRKNS_4RGBAEE_clES2_
FNDA:4,_ZNK5sipai14reluDerivativeMUlRKNS_4RGBAEE_clES2_
FNDA:16,_ZZNK5sipai17sigmoidDerivativeMUlRKNS_4RGBAEE_clES2_ENKUlfE_clEf
FNDA:6,_ZNK5sipai14tanhDerivativeMUlRKNS_4RGBAEE_clES2_
FNDA:16,_ZZNK5sipai4reluMUlRKNS_4RGBAEE_clES2_ENKUlfE_clEf
FNDA:32,_ZZNK5sipai7sigmoidMUlRKNS_4RGBAEE_clES2_ENKUlfE_clEf
FNDA:12,_ZNK5sipai8tanhFuncMUlRKNS_4RGBAEE_clES2_
FNDA:6,_ZNK5sipai3eluMUlRKNS_4RGBAEfE_clES2_f
FNDA:4,_ZNK5sipai17sigmoidDerivativeMUlRKNS_4RGBAEE_clES2_
FNF:24
FNH:24
DA:42,8
DA:43,16
DA:45,32
DA:46,32
DA:47,16
DA:49,4
DA:50,4
DA:51,20
DA:59,12
DA:60,24
DA:62,48
DA:63,24
DA:65,6
DA:66,6
DA:67,30
DA:80,4
DA:81,20
DA:83,4
DA:84,20
DA:93,325
DA:94,650
DA:95,1950
DA:98,100
DA:99,500
DA:108,4
DA:109,8
DA:110,4
DA:112,16
DA:113,16
DA:115,8
DA:118,4
DA:119,24
DA:120,8
DA:131,6
DA:132,12
DA:133,6
DA:134,24
DA:135,24
DA:137,12
DA:140,4
DA:141,8
DA:142,20
DA:143,8
LF:43
LH:43
end_of_record
TN:
SF:/home/runner/work/SIPAI/SIPAI/libs/libsipai/include/Common.h
FN:46,_ZN5sipai14getFilenameCsvERKNSt7__cxx1112basic_stringIcSt11char_traitsIcESaIcEEE
FNDA:6,_ZN5sipai14getFilenameCsvERKNSt7__cxx1112basic_stringIcSt11char_traitsIcESaIcEEE
FNF:1
FNH:1
DA:46,6
DA:48,12
LF:2
LH:2
end_of_record
TN:
SF:/home/runner/work/SIPAI/SIPAI/libs/libsipai/include/Image.h
FN:23,_ZN5sipai5ImageC2ERKSt6vectorINS_4RGBAESaIS2_EEmm
FN:26,_ZN5sipai5ImageC2ERKSt6vectorINS_4RGBAESaIS2_EEmmmm
FN:31,_ZNK5sipai5Image4sizeEv
FNDA:47,_ZN5sipai5ImageC2ERKSt6vectorINS_4RGBAESaIS2_EEmmmm
FNDA:904,_ZNK5sipai5Image4sizeEv
FNDA:1,_ZN5sipai5ImageC2ERKSt6vectorINS_4RGBAESaIS2_EEmm
FNF:3
FNH:3
DA:23,1
DA:24,1
DA:25,1
DA:26,47
DA:28,47
DA:29,47
DA:31,904
LF:7
LH:7
end_of_record
TN:
SF:/home/runner/work/SIPAI/SIPAI/libs/libsipai/include/Layer.h
FN:34,_ZN5sipai5LayerC2ENS_9LayerTypeEmm
FN:36,_ZN5sipai5LayerD2Ev
FN:36,_ZN5sipai5LayerD0Ev
FN:51,_ZN5sipai5Layer18forwardPropagationEb
FN:69,_ZN5sipai5Layer19backwardPropagationEb
FN:98,_ZN5sipai5Layer13updateWeightsEfb
FN:110,_ZZN5sipai5Layer13updateWeightsEfbENKUlvE_clEv
FN:151,_ZNK5sipai5Layer15getLayerTypeStrB5cxx11Ev
FN:160,_ZN5sipai5Layer21setActivationFunctionERKSt8functionIFNS_4RGBAES2_EES6_
FNDA:43,_ZN5sipai5Layer18forwardPropagationEb
FNDA:6,_ZNK5sipai5Layer15getLayerTypeStrB5cxx11Ev
FNDA:21,_ZN5sipai5Layer21setActivationFunctionERKSt8functionIFNS_4RGBAES2_EES6_
FNDA:22,_ZN5sipai5LayerD2Ev
FNDA:22,_ZN5sipai5LayerC2ENS_9LayerTypeEmm
FNDA:34,_ZN5sipai5Layer13updateWeightsEfb
FNDA:0,_ZN5sipai5LayerD0Ev
FNDA:4,_ZZN5sipai5Layer13updateWeightsEfbENKUlvE_clEv
FNDA:32,_ZN5sipai5Layer19backwardPropagationEb
FNF:9
FNH:8
DA:34,22
DA:35,22
DA:36,22
DA:51,43
DA:52,43
DA:53,0
DA:55,364
DA:56,321
DA:57,1995
DA:58,1674
DA:61,321
DA:69,32
DA:70,32
DA:71,16
DA:73,16
DA:74,16
DA:75,112
DA:76,96
DA:77,96
DA:78,960
DA:79,864
DA:82,320
DA:83,224
DA:86,192
DA:87,96
DA:98,34
DA:99,34
DA:100,0
DA:103,34
DA:104,1
DA:106,1
DA:107,1
DA:109,5
DA:110,8
DA:112,13
DA:113,13
DA:114,4
DA:117,9
DA:118,9
DA:120,63
DA:121,54
DA:122,108
DA:125,33
DA:126,24
DA:128,9
DA:129,4
DA:132,5
DA:133,4
DA:136,1
DA:137,282
DA:138,249
DA:140,1551
DA:141,1302
DA:144,881
DA:145,632
DA:151,6
DA:152,12
DA:153,12
DA:154,6
DA:157,0
DA:160,21
DA:162,141
DA:163,120
DA:164,120
DA:166,21
LF:65
LH:62
end_of_record
TN:
SF:/home/runner/work/SIPAI/SIPAI/libs/libsipai/include/LayerHidden.h
FN:26,_ZN5sipai11LayerHiddenC2Ev
FN:27,_ZN5sipai11LayerHiddenC2Emm
FNDA:8,_ZN5sipai11LayerHiddenC2Emm
FNDA:2,_ZN5sipai11LayerHiddenC2Ev
FNF:2
FNH:2
DA:26,2
DA:27,8
DA:28,8
LF:3
LH:3
end_of_record
TN:
SF:/home/runner/work/SIPAI/SIPAI/libs/libsipai/include/LayerInput.h
FN:23,_ZN5sipai10LayerInputC2Ev
FN:24,_ZN5sipai10LayerInputC2Emm
FN:27,_ZN5sipai10LayerInput18forwardPropagationEb
FN:31,_ZN5sipai10LayerInput19backwardPropagationEb
FN:35,_ZN5sipai10LayerInput13updateWeightsEfb
FN:40,_ZN5sipai10LayerInput14setInputValuesERKSt6vectorINS_4RGBAESaIS2_EE
FNDA:21,_ZN5sipai10LayerInput18forwardPropagationEb
FNDA:16,_ZN5sipai10LayerInput13updateWeightsEfb
FNDA:5,_ZN5sipai10LayerInputC2Emm
FNDA:16,_ZN5sipai10LayerInput19backwardPropagationEb
FNDA:21,_ZN5sipai10LayerInput14setInputValuesERKSt6vectorINS_4RGBAESaIS2_EE
FNDA:1,_ZN5sipai10LayerInputC2Ev
FNF:6
FNH:6
DA:23,1
DA:24,5
DA:25,5
DA:27,21
DA:29,21
DA:31,16
DA:33,16
DA:35,16
DA:38,16
DA:40,21
DA:41,21
DA:42,0
DA:44,105
DA:45,84
DA:47,21
LF:15
LH:14
end_of_record
TN:
SF:/home/runner/work/SIPAI/SIPAI/libs/libsipai/include/LayerOutput.h
FN:29,_ZN5sipai11LayerOutputC2Ev
FN:30,_ZN5sipai11LayerOutputC2Emm
FN:33,_ZN5sipai11LayerOutput13computeErrorsERKSt6vectorINS_4RGBAESaIS2_EE
FN:55,_ZN5sipai11LayerOutput15getOutputValuesEv
FN:57,_ZZN5sipai11LayerOutput15getOutputValuesEvENKUlRKNS_6NeuronEE_clES3_
FNDA:21,_ZN5sipai11LayerOutput15getOutputValuesEv
FNDA:16,_ZN5sipai11LayerOutput13computeErrorsERKSt6vectorINS_4RGBAESaIS2_EE
FNDA:189,_ZZN5sipai11LayerOutput15getOutputValuesEvENKUlRKNS_6NeuronEE_clES3_
FNDA:1,_ZN5sipai11LayerOutputC2Ev
FNDA:5,_ZN5sipai11LayerOutputC2Emm
FNF:5
FNH:5
DA:29,1
DA:30,5
DA:31,5
DA:33,16
DA:34,16
DA:35,0
DA:38,16
DA:39,16
DA:40,16
DA:42,160
DA:44,144
DA:45,528
DA:46,384
DA:48,144
DA:49,144
DA:50,432
DA:51,144
DA:53,16
DA:55,21
DA:57,210
DA:58,21
LF:21
LH:20
end_of_record
TN:
SF:/home/runner/work/SIPAI/SIPAI/libs/libsipai/include/Manager.h
FN:24,_ZN5sipai7Manager11getInstanceEv
FN:107,_ZNK5sipai7Manager16getVersionHeaderB5cxx11Ev
FN:112,_ZN5sipai7ManagerC2Ev
FNDA:64,_ZN5sipai7Manager11getInstanceEv
FNDA:1,_ZN5sipai7ManagerC2Ev
FNDA:1,_ZNK5sipai7Manager16getVersionHeaderB5cxx11Ev
FNF:3
FNH:3
DA:24,64
DA:25,64
DA:26,64
DA:107,1
DA:108,2
DA:112,1
LF:6
LH:6
end_of_record
TN:
SF:/home/runner/work/SIPAI/SIPAI/libs/libsipai/include/NeuralNetwork.h
FN:28,_ZN5sipai13NeuralNetworkC2Ev
FN:36,_ZN5sipai13NeuralNetworkD2Ev
FNDA:8,_ZN5sipai13NeuralNetworkD2Ev
FNDA:8,_ZN5sipai13NeuralNetworkC2Ev
FNF:2
FNH:2
DA:28,8
DA:36,8
DA:37,30
DA:38,22
DA:39,22
DA:42,8
LF:6
LH:6
end_of_record
TN:
SF:/home/runner/work/SIPAI/SIPAI/libs/libsipai/include/NeuralNetworkBuilder.h
FN:30,_ZN5sipai20NeuralNetworkBuilder4withERSt10unique_ptrINS_13NeuralNetworkESt14default_deleteIS2_EE
FN:41,_ZN5sipai20NeuralNetworkBuilder4withERNS_19NeuralNetworkParamsE
FNDA:8,_ZN5sipai20NeuralNetworkBuilder4withERNS_19NeuralNetworkParamsE
FNDA:1,_ZN5sipai20NeuralNetworkBuilder4withERSt10unique_ptrINS_13NeuralNetworkESt14default_deleteIS2_EE
FNF:2
FNH:2
DA:30,1
DA:31,1
DA:32,1
DA:41,8
DA:42,8
DA:43,8
LF:6
LH:6
end_of_record
TN:
SF:/home/runner/work/SIPAI/SIPAI/libs/libsipai/include/NeuralNetworkImportExportFacade.h
FN:19,_ZN5sipai31NeuralNetworkImportExportFacadeD0Ev
FN:19,_ZN5sipai31NeuralNetworkImportExportFacadeD2Ev
FNDA:4,_ZN5sipai31NeuralNetworkImportExportFacadeD2Ev
FNDA:2,_ZN5sipai31NeuralNetworkImportExportFacadeD0Ev
FNF:2
FNH:2
DA:19,6
LF:1
LH:1
end_of_record
TN:
SF:/home/runner/work/SIPAI/SIPAI/libs/libsipai/include/Neuron.h
FN:31,_ZN5sipai6NeuronC2Ev
FN:57,_ZN5sipai6Neuron11initWeightsEm
FN:67,_ZNK5sipai6Neuron11toStringCsvB5cxx11Em
FN:83,_ZNK5sipai6Neuron20toNeighborsStringCsvB5cxx11Em
FNDA:30,_ZNK5sipai6Neuron20toNeighborsStringCsvB5cxx11Em
FNDA:134,_ZN5sipai6NeuronC2Ev
FNDA:93,_ZN5sipai6Neuron11initWeightsEm
FNDA:30,_ZNK5sipai6Neuron11toStringCsvB5cxx11Em
FNF:4
FNH:4
DA:31,134
DA:57,93
DA:58,93
DA:61,93
DA:62,591
DA:63,498
DA:65,93
DA:67,30
DA:68,30
DA:69,186
DA:70,156
DA:73,54
DA:74,24
DA:76,30
DA:77,30
DA:78,30
DA:80,60
DA:81,30
DA:83,30
DA:84,30
DA:85,106
DA:86,76
DA:89,134
DA:90,104
DA:92,30
DA:93,30
DA:94,30
DA:96,60
DA:97,30
LF:29
LH:29
end_of_record
TN:
SF:/home/runner/work/SIPAI/SIPAI/libs/libsipai/include/NeuronConnection.h
FN:20,_ZN5sipai16NeuronConnectionC2EPNS_6NeuronENS_4RGBAE
FNDA:270,_ZN5sipai16NeuronConnectionC2EPNS_6NeuronENS_4RGBAE
FNF:1
FNH:1
DA:20,270
DA:21,270
LF:2
LH:2
end_of_record
TN:
SF:/home/runner/work/SIPAI/SIPAI/libs/libsipai/include/RGBA.h
FN:28,_ZN5sipai4RGBAC2Ev
FN:31,_ZN5sipai4RGBAC2Effff
FN:34,_ZN5sipai4RGBAC2ERKN2cv3VecIhLi4EEEb
FN:43,_ZNK5sipai4RGBA3sumEv
FN:54,_ZNK5sipai4RGBA5clampERKfS2_
FN:58,_ZZNK5sipai4RGBA5clampERKfS2_ENKUlS2_E_clES2_
FN:68,_ZNK5sipai4RGBA3powEf
FN:70,_ZZNK5sipai4RGBA3powEfENKUlfE_clEf
FN:85,_ZNK5sipai4RGBA6randomERKf
FN:91,_ZZNK5sipai4RGBA6randomERKfENKUlRfE_clES3_
FN:103,_ZNK5sipai4RGBA12isOutOfRangeERKfS2_
FN:105,_ZZNK5sipai4RGBA12isOutOfRangeERKfS2_ENKUlfE_clEf
FN:113,_ZNK5sipai4RGBA11toStringCsvB5cxx11Ev
FN:129,_ZNK5sipai4RGBA7toVec4bEv
FN:135,_ZNK5sipai4RGBA5applyERKSt8functionIFffEE
FN:143,_ZNK5sipai4RGBA5applyERKSt8functionIFfffEEf
FN:147,_ZZNK5sipai4RGBA5applyERKSt8functionIFfffEEfENKUlfE_clEf
FN:152,_ZNK5sipai4RGBA15applyToElementsISt10multipliesIvEEEDaT_RKS0_
FN:152,_ZNK5sipai4RGBA15applyToElementsISt5minusIvEEEDaT_RKS0_
FN:152,_ZNK5sipai4RGBA15applyToElementsISt4plusIvEEEDaT_RKS0_
FN:159,_ZN5sipai4RGBApLERKS0_
FN:165,_ZN5sipai4RGBAmIERKS0_
FN:177,_ZNK5sipai4RGBAeqERKS0_
FN:185,_ZNK5sipai4RGBAmlERKS0_
FN:189,_ZNK5sipai4RGBAplERKS0_
FN:193,_ZNK5sipai4RGBAmiERKS0_
FN:197,_ZN5sipaimlEfRKNS_4RGBAE
FN:200,_ZZN5sipaimlEfRKNS_4RGBAEENKUlfE_clEf
FNDA:2012,_ZN5sipai4RGBAmIERKS0_
FNDA:72,_ZZNK5sipai4RGBA5applyERKSt8functionIFfffEEfENKUlfE_clEf
FNDA:3146,_ZN5sipai4RGBApLERKS0_
FNDA:23409,_ZNK5sipai4RGBA7toVec4bEv
FNDA:200,_ZNK5sipai4RGBA3sumEv
FNDA:3888,_ZZNK5sipai4RGBA5clampERKfS2_ENKUlS2_E_clES2_
FNDA:144,_ZNK5sipai4RGBA15applyToElementsISt4plusIvEEEDaT_RKS0_
FNDA:546,_ZN5sipaimlEfRKNS_4RGBAE
FNDA:1383,_ZN5sipai4RGBAC2Effff
FNDA:70464,_ZN5sipai4RGBAC2ERKN2cv3VecIhLi4EEEb
FNDA:90008,_ZZNK5sipai4RGBA12isOutOfRangeERKfS2_ENKUlfE_clEf
FNDA:144,_ZNK5sipai4RGBAplERKS0_
FNDA:22502,_ZNK5sipai4RGBA12isOutOfRangeERKfS2_
FNDA:3,_ZNK5sipai4RGBAeqERKS0_
FNDA:2928,_ZZNK5sipai4RGBA6randomERKfENKUlRfE_clES3_
FNDA:0,_ZZNK5sipai4RGBA3powEfENKUlfE_clEf
FNDA:2184,_ZZN5sipaimlEfRKNS_4RGBAEENKUlfE_clEf
FNDA:79747,_ZN5sipai4RGBAC2Ev
FNDA:972,_ZNK5sipai4RGBA5clampERKfS2_
FNDA:344,_ZNK5sipai4RGBAmiERKS0_
FNDA:200,_ZNK5sipai4RGBA3powEf
FNDA:18,_ZNK5sipai4RGBA5applyERKSt8functionIFfffEEf
FNDA:5254,_ZNK5sipai4RGBA15applyToElementsISt10multipliesIvEEEDaT_RKS0_
FNDA:732,_ZNK5sipai4RGBA6randomERKf
FNDA:5254,_ZNK5sipai4RGBAmlERKS0_
FNDA:233,_ZNK5sipai4RGBA11toStringCsvB5cxx11Ev
FNDA:344,_ZNK5sipai4RGBA15applyToElementsISt5minusIvEEEDaT_RKS0_
FNDA:463,_ZNK5sipai4RGBA5applyERKSt8functionIFffEE
FNF:28
FNH:27
DA:28,79747
DA:31,1383
DA:34,70464
DA:35,70464
DA:36,70464
DA:43,200
DA:44,200
DA:54,1704
DA:55,972
DA:56,972
DA:58,3888
DA:59,972
DA:68,200
DA:69,200
DA:70,0
DA:71,0
DA:72,0
DA:74,400
DA:75,600
DA:85,732
DA:86,732
DA:87,732
DA:88,732
DA:89,732
DA:91,2928
DA:92,1464
DA:103,45004
DA:104,22502
DA:105,112510
DA:113,233
DA:114,233
DA:115,233
DA:116,1165
DA:117,932
DA:119,233
DA:120,233
DA:121,466
DA:122,233
DA:129,23409
DA:130,93636
DA:131,23409
DA:135,463
DA:136,463
DA:137,463
DA:138,463
DA:143,18
DA:145,18
DA:146,18
DA:147,72
DA:148,18
DA:152,5742
DA:153,5742
DA:154,5742
DA:156,5742
DA:159,3146
DA:160,3146
DA:162,3146
DA:165,2012
DA:166,2012
DA:168,2012
DA:177,3
DA:178,6
DA:179,3
DA:180,3
DA:185,5254
DA:186,5254
DA:189,144
DA:190,144
DA:193,344
DA:194,344
DA:197,546
DA:198,546
DA:199,546
DA:200,2184
DA:201,546
LF:75
LH:72
end_of_record
TN:
SF:/home/runner/work/SIPAI/SIPAI/libs/libsipai/include/RandomFactory.h
FN:16,_ZN5sipai13RandomFactory11getInstanceEv
FN:30,_ZN5sipai13RandomFactory9getRandomEff
FN:43,_ZN5sipai13RandomFactory4RandEff
FN:48,_ZN5sipai13RandomFactoryC2Ev
FNDA:2928,_ZN5sipai13RandomFactory11getInstanceEv
FNDA:2928,_ZN5sipai13RandomFactory4RandEff
FNDA:1,_ZN5sipai13RandomFactoryC2Ev
FNDA:2928,_ZN5sipai13RandomFactory9getRandomEff
FNF:4
FNH:4
DA:16,2928
DA:17,2928
DA:18,2928
DA:30,2928
DA:31,2928
DA:32,5856
DA:43,2928
DA:44,2928
DA:48,1
LF:9
LH:9
end_of_record
TN:
SF:/home/runner/work/SIPAI/SIPAI/libs/libsipai/include/RunnerVisitor.h
FN:19,_ZN5sipai13RunnerVisitorD2Ev
FN:19,_ZN5sipai13RunnerVisitorD0Ev
FNDA:4,_ZN5sipai13RunnerVisitorD2Ev
FNDA:0,_ZN5sipai13RunnerVisitorD0Ev
FNF:2
FNH:1
DA:19,4
LF:1
LH:1
end_of_record
TN:
SF:/home/runner/work/SIPAI/SIPAI/libs/libsipai/include/RunnerVisitorFactory.h
FN:18,_ZN5sipai20RunnerVisitorFactory27getTrainingMonitoredVisitorEv
FN:26,_ZN5sipai20RunnerVisitorFactory18getEnhancerVisitorEv
FNDA:0,_ZN5sipai20RunnerVisitorFactory18getEnhancerVisitorEv
FNDA:1,_ZN5sipai20RunnerVisitorFactory27getTrainingMonitoredVisitorEv
FNF:2
FNH:1
DA:18,1
DA:19,1
DA:21,1
DA:23,1
DA:26,0
DA:27,0
DA:28,0
DA:30,0
LF:8
LH:4
end_of_record
TN:
SF:/home/runner/work/SIPAI/SIPAI/libs/libsipai/include/SimpleLogger.h
FN:32,_ZN5sipai12SimpleLogger11getInstanceEv
FN:55,_ZNK5sipai12SimpleLogger3logIJRA15_KcRdRA2_S2_EEERKS0_NS_8LogLevelEbDpOT_
FN:55,_ZNK5sipai12SimpleLogger3logIJRA40_KcEEERKS0_NS_8LogLevelEbDpOT_
FN:55,_ZNK5sipai12SimpleLogger3logIJRA20_KcEEERKS0_NS_8LogLevelEbDpOT_
FN:55,_ZNK5sipai12SimpleLogger3logIJRA34_KcRPS2_EEERKS0_NS_8LogLevelEbDpOT_
FN:55,_ZNK5sipai12SimpleLogger3logIJRA35_KcRNSt7__cxx1112basic_stringIcSt11char_traitsIcESaIcEEERA4_S2_EEERKS0_NS_8LogLevelEbDpOT_
FN:55,_ZNK5sipai12SimpleLogger3logIJRA47_KcRNSt7__cxx1112basic_stringIcSt11char_traitsIcESaIcEEEEEERKS0_NS_8LogLevelEbDpOT_
FN:55,_ZNK5sipai12SimpleLogger3logIJRA31_KcEEERKS0_NS_8LogLevelEbDpOT_
FN:55,_ZNK5sipai12SimpleLogger3logIJRA80_KcEEERKS0_NS_8LogLevelEbDpOT_
FN:55,_ZNK5sipai12SimpleLogger3logIJRA21_KcEEERKS0_NS_8LogLevelEbDpOT_
FN:55,_ZNK5sipai12SimpleLogger3logIJRA34_KcEEERKS0_NS_8LogLevelEbDpOT_
FN:55,_ZNK5sipai12SimpleLogger3logIJRA8_KcRiRA15_S2_RfRA21_S2_S8_RA2_S2_EEERKS0_NS_8LogLevelEbDpOT_
FN:55,_ZNK5sipai12SimpleLogger3logIJRA17_KcRPS2_EEERKS0_NS_8LogLevelEbDpOT_
FN:55,_ZNK5sipai12SimpleLogger3logIJRA39_KcRNSt7__cxx1112basic_stringIcSt11char_traitsIcESaIcEEERA4_S2_EEERKS0_NS_8LogLevelEbDpOT_
FN:55,_ZNK5sipai12SimpleLogger3logIJRA18_KcEEERKS0_NS_8LogLevelEbDpOT_
FN:55,_ZNK5sipai12SimpleLogger3logIJRA30_KcRNSt7__cxx1112basic_stringIcSt11char_traitsIcESaIcEEERA6_S2_SB_RA4_S2_EEERKS0_NS_8LogLevelEbDpOT_
FN:55,_ZNK5sipai12SimpleLogger3logIJRNSt7__cxx1112basic_stringIcSt11char_traitsIcESaIcEEEEEERKS0_NS_8LogLevelEbDpOT_
FN:55,_ZNK5sipai12SimpleLogger3logIJRA17_KcEEERKS0_NS_8LogLevelEbDpOT_
FN:55,_ZNK5sipai12SimpleLogger3logIJRA39_KcEEERKS0_NS_8LogLevelEbDpOT_
FN:55,_ZNK5sipai12SimpleLogger3logIJRA66_KcEEERKS0_NS_8LogLevelEbDpOT_
FN:55,_ZNK5sipai12SimpleLogger3logIJRA28_KcRiRA4_S2_RPS2_EEERKS0_NS_8LogLevelEbDpOT_
FN:180,_ZNK5sipai12SimpleLogger4infoIJRA66_KcEEERKS0_DpOT_
FN:180,_ZNK5sipai12SimpleLogger4infoIJRA40_KcEEERKS0_DpOT_
FN:180,_ZNK5sipai12SimpleLogger4infoIJRA21_KcEEERKS0_DpOT_
FN:180,_ZNK5sipai12SimpleLogger4infoIJRNSt7__cxx1112basic_stringIcSt11char_traitsIcESaIcEEEEEERKS0_DpOT_
FN:180,_ZNK5sipai12SimpleLogger4infoIJRA18_KcEEERKS0_DpOT_
FN:180,_ZNK5sipai12SimpleLogger4infoIJRA17_KcEEERKS0_DpOT_
FN:180,_ZNK5sipai12SimpleLogger4infoIJRA8_KcRiRA15_S2_RfRA21_S2_S8_RA2_S2_EEERKS0_DpOT_
FN:180,_ZNK5sipai12SimpleLogger4infoIJRA31_KcEEERKS0_DpOT_
FN:180,_ZNK5sipai12SimpleLogger4infoIJRA80_KcEEERKS0_DpOT_
FN:180,_ZNK5sipai12SimpleLogger4infoIJRA39_KcRNSt7__cxx1112basic_stringIcSt11char_traitsIcESaIcEEERA4_S2_EEERKS0_DpOT_
FN:180,_ZNK5sipai12SimpleLogger4infoIJRA30_KcRNSt7__cxx1112basic_stringIcSt11char_traitsIcESaIcEEERA6_S2_SB_RA4_S2_EEERKS0_DpOT_
FN:180,_ZNK5sipai12SimpleLogger4infoIJRA34_KcRPS2_EEERKS0_DpOT_
FN:180,_ZNK5sipai12SimpleLogger4infoIJRA47_KcRNSt7__cxx1112basic_stringIcSt11char_traitsIcESaIcEEEEEERKS0_DpOT_
FN:180,_ZNK5sipai12SimpleLogger4infoIJRA15_KcRdRA2_S2_EEERKS0_DpOT_
FN:180,_ZNK5sipai12SimpleLogger4infoIJRA20_KcEEERKS0_DpOT_
FN:180,_ZNK5sipai12SimpleLogger4infoIJRA35_KcRNSt7__cxx1112basic_stringIcSt11char_traitsIcESaIcEEERA4_S2_EEERKS0_DpOT_
FN:180,_ZNK5sipai12SimpleLogger4infoIJRA39_KcEEERKS0_DpOT_
FN:196,_ZNK5sipai12SimpleLogger4warnIJNSt7__cxx1112basic_stringIcSt11char_traitsIcESaIcEEEEEERKS0_DpOT_
FN:212,_ZNK5sipai12SimpleLogger5errorIJRA17_KcRPS2_EEERKS0_DpOT_
FN:212,_ZNK5sipai12SimpleLogger5errorIJRA28_KcRiRA4_S2_RPS2_EEERKS0_DpOT_
FN:212,_ZNK5sipai12SimpleLogger5errorIJRA34_KcEEERKS0_DpOT_
FN:264,_ZNK5sipai12SimpleLogger12setPrecisionEl
FN:287,_ZN5sipai12SimpleLogger8LOG_INFOIJRA40_KcEEERKS0_DpOT_
FN:287,_ZN5sipai12SimpleLogger8LOG_INFOIJRA80_KcEEERKS0_DpOT_
FN:287,_ZN5sipai12SimpleLogger8LOG_INFOIJRA66_KcEEERKS0_DpOT_
FN:287,_ZN5sipai12SimpleLogger8LOG_INFOIJRA18_KcEEERKS0_DpOT_
FN:287,_ZN5sipai12SimpleLogger8LOG_INFOIJRA39_KcEEERKS0_DpOT_
FN:287,_ZN5sipai12SimpleLogger8LOG_INFOIJRA39_KcRNSt7__cxx1112basic_stringIcSt11char_traitsIcESaIcEEERA4_S2_EEERKS0_DpOT_
FN:287,_ZN5sipai12SimpleLogger8LOG_INFOIJRA20_KcEEERKS0_DpOT_
FN:287,_ZN5sipai12SimpleLogger8LOG_INFOIJRA17_KcEEERKS0_DpOT_
FN:287,_ZN5sipai12SimpleLogger8LOG_INFOIJRA34_KcPS2_EEERKS0_DpOT_
FN:287,_ZN5sipai12SimpleLogger8LOG_INFOIJRA47_KcRNSt7__cxx1112basic_stringIcSt11char_traitsIcESaIcEEEEEERKS0_DpOT_
FN:287,_ZN5sipai12SimpleLogger8LOG_INFOIJRA21_KcEEERKS0_DpOT_
FN:287,_ZN5sipai12SimpleLogger8LOG_INFOIJRA8_KciRA15_S2_fRA21_S2_fRA2_S2_EEERKS0_DpOT_
FN:287,_ZN5sipai12SimpleLogger8LOG_INFOIJRA31_KcEEERKS0_DpOT_
FN:287,_ZN5sipai12SimpleLogger8LOG_INFOIJRA35_KcRNSt7__cxx1112basic_stringIcSt11char_traitsIcESaIcEEERA4_S2_EEERKS0_DpOT_
FN:287,_ZN5sipai12SimpleLogger8LOG_INFOIJNSt7__cxx1112basic_stringIcSt11char_traitsIcESaIcEEEEEERKS0_DpOT_
FN:287,_ZN5sipai12SimpleLogger8LOG_INFOIJRA15_KcdRA2_S2_EEERKS0_DpOT_
FN:287,_ZN5sipai12SimpleLogger8LOG_INFOIJRA30_KcRNSt7__cxx1112basic_stringIcSt11char_traitsIcESaIcEEERA6_S2_SA_RA4_S2_EEERKS0_DpOT_
FN:315,_ZN5sipai12SimpleLogger9LOG_ERRORIJRA28_KcRiRA4_S2_PS2_EEERKS0_DpOT_
FN:315,_ZN5sipai12SimpleLogger9LOG_ERRORIJRA34_KcEEERKS0_DpOT_
FN:315,_ZN5sipai12SimpleLogger9LOG_ERRORIJRA17_KcPS2_EEERKS0_DpOT_
FN:336,_ZN5sipai12SimpleLoggerC2Ev
FN:341,_ZNK5sipai12SimpleLogger13get_timestampB5cxx11Ev
FNDA:1,_ZNK5sipai12SimpleLogger12setPrecisionEl
FNDA:6,_ZN5sipai12SimpleLogger8LOG_INFOIJRA18_KcEEERKS0_DpOT_
FNDA:1,_ZNK5sipai12SimpleLogger4infoIJRNSt7__cxx1112basic_stringIcSt11char_traitsIcESaIcEEEEEERKS0_DpOT_
FNDA:0,_ZN5sipai12SimpleLogger9LOG_ERRORIJRA28_KcRiRA4_S2_PS2_EEERKS0_DpOT_
FNDA:57,_ZN5sipai12SimpleLogger11getInstanceEv
FNDA:1,_ZNK5sipai12SimpleLogger3logIJRA35_KcRNSt7__cxx1112basic_stringIcSt11char_traitsIcESaIcEEERA4_S2_EEERKS0_NS_8LogLevelEbDpOT_
FNDA:0,_ZNK5sipai12SimpleLogger3logIJRA34_KcRPS2_EEERKS0_NS_8LogLevelEbDpOT_
FNDA:0,_ZN5sipai12SimpleLogger8LOG_INFOIJRA80_KcEEERKS0_DpOT_
FNDA:1,_ZN5sipai12SimpleLogger8LOG_INFOIJRA66_KcEEERKS0_DpOT_
FNDA:4,_ZNK5sipai12SimpleLogger4infoIJRA21_KcEEERKS0_DpOT_
FNDA:1,_ZNK5sipai12SimpleLogger3logIJRA20_KcEEERKS0_NS_8LogLevelEbDpOT_
FNDA:19,_ZNK5sipai12SimpleLogger4infoIJRA40_KcEEERKS0_DpOT_
FNDA:19,_ZNK5sipai12SimpleLogger3logIJRA40_KcEEERKS0_NS_8LogLevelEbDpOT_
FNDA:1,_ZNK5sipai12SimpleLogger4infoIJRA66_KcEEERKS0_DpOT_
FNDA:19,_ZN5sipai12SimpleLogger8LOG_INFOIJRA40_KcEEERKS0_DpOT_
FNDA:1,_ZNK5sipai12SimpleLogger3logIJRA15_KcRdRA2_S2_EEERKS0_NS_8LogLevelEbDpOT_
FNDA:1,_ZN5sipai12SimpleLoggerC2Ev
FNDA:0,_ZNK5sipai12SimpleLogger4warnIJNSt7__cxx1112basic_stringIcSt11char_traitsIcESaIcEEEEEERKS0_DpOT_
FNDA:0,_ZNK5sipai12SimpleLogger5errorIJRA17_KcRPS2_EEERKS0_DpOT_
FNDA:5,_ZN5sipai12SimpleLogger8LOG_INFOIJRA17_KcEEERKS0_DpOT_
FNDA:0,_ZNK5sipai12SimpleLogger3logIJRA34_KcEEERKS0_NS_8LogLevelEbDpOT_
FNDA:4,_ZNK5sipai12SimpleLogger3logIJRA21_KcEEERKS0_NS_8LogLevelEbDpOT_
FNDA:5,_ZNK5sipai12SimpleLogger4infoIJRA17_KcEEERKS0_DpOT_
FNDA:2,_ZNK5sipai12SimpleLogger4infoIJRA8_KcRiRA15_S2_RfRA21_S2_S8_RA2_S2_EEERKS0_DpOT_
FNDA:6,_ZNK5sipai12SimpleLogger4infoIJRA18_KcEEERKS0_DpOT_
FNDA:1,_ZN5sipai12SimpleLogger8LOG_INFOIJRA39_KcRNSt7__cxx1112basic_stringIcSt11char_traitsIcESaIcEEERA4_S2_EEERKS0_DpOT_
FNDA:1,_ZN5sipai12SimpleLogger8LOG_INFOIJRA20_KcEEERKS0_DpOT_
FNDA:0,_ZNK5sipai12SimpleLogger3logIJRA80_KcEEERKS0_NS_8LogLevelEbDpOT_
FNDA:5,_ZN5sipai12SimpleLogger8LOG_INFOIJRA39_KcEEERKS0_DpOT_
FNDA:5,_ZNK5sipai12SimpleLogger3logIJRA31_KcEEERKS0_NS_8LogLevelEbDpOT_
FNDA:55,_ZNK5sipai12SimpleLogger13get_timestampB5cxx11Ev
FNDA:0,_ZN5sipai12SimpleLogger9LOG_ERRORIJRA34_KcEEERKS0_DpOT_
FNDA:1,_ZNK5sipai12SimpleLogger3logIJRA47_KcRNSt7__cxx1112basic_stringIcSt11char_traitsIcESaIcEEEEEERKS0_NS_8LogLevelEbDpOT_
FNDA:2,_ZN5sipai12SimpleLogger8LOG_INFOIJRA8_KciRA15_S2_fRA21_S2_fRA2_S2_EEERKS0_DpOT_
FNDA:4,_ZN5sipai12SimpleLogger8LOG_INFOIJRA21_KcEEERKS0_DpOT_
FNDA:2,_ZNK5sipai12SimpleLogger4infoIJRA30_KcRNSt7__cxx1112basic_stringIcSt11char_traitsIcESaIcEEERA6_S2_SB_RA4_S2_EEERKS0_DpOT_
FNDA:0,_ZNK5sipai12SimpleLogger5errorIJRA34_KcEEERKS0_DpOT_
FNDA:1,_ZN5sipai12SimpleLogger8LOG_INFOIJRA47_KcRNSt7__cxx1112basic_stringIcSt11char_traitsIcESaIcEEEEEERKS0_DpOT_
FNDA:0,_ZNK5sipai12SimpleLogger5errorIJRA28_KcRiRA4_S2_RPS2_EEERKS0_DpOT_
FNDA:1,_ZNK5sipai12SimpleLogger3logIJRA39_KcRNSt7__cxx1112basic_stringIcSt11char_traitsIcESaIcEEERA4_S2_EEERKS0_NS_8LogLevelEbDpOT_
FNDA:1,_ZNK5sipai12SimpleLogger4infoIJRA39_KcRNSt7__cxx1112basic_stringIcSt11char_traitsIcESaIcEEERA4_S2_EEERKS0_DpOT_
FNDA:0,_ZNK5sipai12SimpleLogger4infoIJRA80_KcEEERKS0_DpOT_
FNDA:0,_ZN5sipai12SimpleLogger9LOG_ERRORIJRA17_KcPS2_EEERKS0_DpOT_
FNDA:0,_ZN5sipai12SimpleLogger8LOG_INFOIJRA34_KcPS2_EEERKS0_DpOT_
FNDA:0,_ZNK5sipai12SimpleLogger3logIJRA17_KcRPS2_EEERKS0_NS_8LogLevelEbDpOT_
FNDA:5,_ZNK5sipai12SimpleLogger4infoIJRA31_KcEEERKS0_DpOT_
FNDA:2,_ZNK5sipai12SimpleLogger3logIJRA8_KcRiRA15_S2_RfRA21_S2_S8_RA2_S2_EEERKS0_NS_8LogLevelEbDpOT_
FNDA:5,_ZNK5sipai12SimpleLogger4infoIJRA39_KcEEERKS0_DpOT_
FNDA:2,_ZN5sipai12SimpleLogger8LOG_INFOIJRA30_KcRNSt7__cxx1112basic_stringIcSt11char_traitsIcESaIcEEERA6_S2_SA_RA4_S2_EEERKS0_DpOT_
FNDA:1,_ZNK5sipai12SimpleLogger4infoIJRA35_KcRNSt7__cxx1112basic_stringIcSt11char_traitsIcESaIcEEERA4_S2_EEERKS0_DpOT_
FNDA:1,_ZNK5sipai12SimpleLogger3logIJRA66_KcEEERKS0_NS_8LogLevelEbDpOT_
FNDA:0,_ZNK5sipai12SimpleLogger3logIJRA28_KcRiRA4_S2_RPS2_EEERKS0_NS_8LogLevelEbDpOT_
FNDA:1,_ZNK5sipai12SimpleLogger4infoIJRA20_KcEEERKS0_DpOT_
FNDA:5,_ZNK5sipai12SimpleLogger3logIJRA17_KcEEERKS0_NS_8LogLevelEbDpOT_
FNDA:1,_ZNK5sipai12SimpleLogger3logIJRNSt7__cxx1112basic_stringIcSt11char_traitsIcESaIcEEEEEERKS0_NS_8LogLevelEbDpOT_
FNDA:5,_ZNK5sipai12SimpleLogger3logIJRA39_KcEEERKS0_NS_8LogLevelEbDpOT_
FNDA:1,_ZN5sipai12SimpleLogger8LOG_INFOIJRA15_KcdRA2_S2_EEERKS0_DpOT_
FNDA:1,_ZNK5sipai12SimpleLogger4infoIJRA15_KcRdRA2_S2_EEERKS0_DpOT_
FNDA:2,_ZNK5sipai12SimpleLogger3logIJRA30_KcRNSt7__cxx1112basic_stringIcSt11char_traitsIcESaIcEEERA6_S2_SB_RA4_S2_EEERKS0_NS_8LogLevelEbDpOT_
FNDA:1,_ZNK5sipai12SimpleLogger4infoIJRA47_KcRNSt7__cxx1112basic_stringIcSt11char_traitsIcESaIcEEEEEERKS0_DpOT_
FNDA:1,_ZN5sipai12SimpleLogger8LOG_INFOIJRA35_KcRNSt7__cxx1112basic_stringIcSt11char_traitsIcESaIcEEERA4_S2_EEERKS0_DpOT_
FNDA:6,_ZNK5sipai12SimpleLogger3logIJRA18_KcEEERKS0_NS_8LogLevelEbDpOT_
FNDA:0,_ZNK5sipai12SimpleLogger4infoIJRA34_KcRPS2_EEERKS0_DpOT_
FNDA:1,_ZN5sipai12SimpleLogger8LOG_INFOIJNSt7__cxx1112basic_stringIcSt11char_traitsIcESaIcEEEEEERKS0_DpOT_
FNDA:5,_ZN5sipai12SimpleLogger8LOG_INFOIJRA31_KcEEERKS0_DpOT_
FNF:65
FNH:49
DA:32,57
DA:33,57
DA:34,57
DA:55,55
DA:57,55
DA:58,55
DA:59,55
DA:60,55
DA:61,0
DA:62,0
DA:63,0
DA:64,0
DA:65,0
DA:66,0
DA:67,0
DA:68,0
DA:69,0
DA:70,0
DA:71,0
DA:72,0
DA:75,55
DA:76,55
DA:77,55
DA:78,55
DA:79,55
DA:80,55
DA:83,0
DA:84,0
DA:85,0
DA:86,0
DA:87,0
DA:91,55
DA:180,55
DA:181,55
DA:196,0
DA:197,0
DA:212,0
DA:213,0
DA:264,1
DA:265,1
DA:266,1
DA:287,55
DA:288,55
DA:289,55
DA:290,110
DA:291,55
DA:315,0
DA:316,0
DA:317,0
DA:318,0
DA:319,0
DA:336,1
DA:341,55
DA:342,55
DA:343,55
DA:344,55
DA:345,55
DA:350,55
DA:352,55
DA:353,110
DA:354,55
LF:61
LH:35
end_of_record
TN:
SF:/home/runner/work/SIPAI/SIPAI/libs/libsipai/include/exception/FileReaderException.h
FN:13,_ZN5sipai19FileReaderExceptionC2ERKNSt7__cxx1112basic_stringIcSt11char_traitsIcESaIcEEE
FN:15,_ZNK5sipai19FileReaderException4whatEv
FNDA:1,_ZNK5sipai19FileReaderException4whatEv
FNDA:1,_ZN5sipai19FileReaderExceptionC2ERKNSt7__cxx1112basic_stringIcSt11char_traitsIcESaIcEEE
FNF:2
FNH:2
DA:13,1
DA:14,1
DA:15,1
LF:3
LH:3
end_of_record
TN:
SF:/home/runner/work/SIPAI/SIPAI/libs/libsipai/include/exception/ImageHelperException.h
FN:13,_ZN5sipai20ImageHelperExceptionC2ERKNSt7__cxx1112basic_stringIcSt11char_traitsIcESaIcEEE
FN:15,_ZNK5sipai20ImageHelperException4whatEv
FNDA:1,_ZN5sipai20ImageHelperExceptionC2ERKNSt7__cxx1112basic_stringIcSt11char_traitsIcESaIcEEE
FNDA:1,_ZNK5sipai20ImageHelperException4whatEv
FNF:2
FNH:2
DA:13,1
DA:14,1
DA:15,1
LF:3
LH:3
end_of_record
TN:
SF:/home/runner/work/SIPAI/SIPAI/libs/libsipai/include/exception/ImportExportException.h
FN:15,_ZN5sipai21ImportExportExceptionD0Ev
FN:15,_ZN5sipai21ImportExportExceptionD2Ev
FN:16,_ZN5sipai21ImportExportExceptionC2ERKNSt7__cxx1112basic_stringIcSt11char_traitsIcESaIcEEE
FN:18,_ZNK5sipai21ImportExportException4whatEv
FNDA:2,_ZN5sipai21ImportExportExceptionC2ERKNSt7__cxx1112basic_stringIcSt11char_traitsIcESaIcEEE
FNDA:2,_ZNK5sipai21ImportExportException4whatEv
FNDA:2,_ZN5sipai21ImportExportExceptionD2Ev
FNDA:0,_ZN5sipai21ImportExportExceptionD0Ev
FNF:4
FNH:3
DA:15,2
DA:16,2
DA:17,2
DA:18,2
LF:4
LH:4
end_of_record
TN:
SF:/home/runner/work/SIPAI/SIPAI/libs/libsipai/include/exception/ManagerException.h
FN:12,_ZN5sipai16ManagerExceptionC2ERKNSt7__cxx1112basic_stringIcSt11char_traitsIcESaIcEEE
FN:13,_ZNK5sipai16ManagerException4whatEv
FNDA:1,_ZN5sipai16ManagerExceptionC2ERKNSt7__cxx1112basic_stringIcSt11char_traitsIcESaIcEEE
FNDA:1,_ZNK5sipai16ManagerException4whatEv
FNF:2
FNH:2
DA:12,1
DA:13,1
LF:2
LH:2
end_of_record
TN:
SF:/home/runner/work/SIPAI/SIPAI/libs/libsipai/include/exception/NeuralNetworkException.h
FN:13,_ZN5sipai22NeuralNetworkExceptionC2ERKNSt7__cxx1112basic_stringIcSt11char_traitsIcESaIcEEE
FN:15,_ZNK5sipai22NeuralNetworkException4whatEv
FNDA:2,_ZNK5sipai22NeuralNetworkException4whatEv
FNDA:2,_ZN5sipai22NeuralNetworkExceptionC2ERKNSt7__cxx1112basic_stringIcSt11char_traitsIcESaIcEEE
FNF:2
FNH:2
DA:13,2
DA:14,2
DA:15,2
LF:3
LH:3
end_of_record
TN:
SF:/home/runner/work/SIPAI/SIPAI/libs/libsipai/include/exception/RunnerVisitorException.h
FN:12,_ZN5sipai22RunnerVisitorExceptionC2ERKNSt7__cxx1112basic_stringIcSt11char_traitsIcESaIcEEE
FN:14,_ZNK5sipai22RunnerVisitorException4whatEv
FNDA:3,_ZNK5sipai22RunnerVisitorException4whatEv
FNDA:3,_ZN5sipai22RunnerVisitorExceptionC2ERKNSt7__cxx1112basic_stringIcSt11char_traitsIcESaIcEEE
FNF:2
FNH:2
DA:12,3
DA:13,3
DA:14,3
LF:3
LH:3
end_of_record
TN:
SF:/home/runner/work/SIPAI/SIPAI/libs/libsipai/src/ImageHelper.cpp
FN:7,_ZNK5sipai11ImageHelper9loadImageERKNSt7__cxx1112basic_stringIcSt11char_traitsIcESaIcEEEmm
FN:30,_ZNK5sipai11ImageHelper9saveImageERKNSt7__cxx1112basic_stringIcSt11char_traitsIcESaIcEEERKNS_5ImageEmm
FN:43,_ZNK5sipai11ImageHelper19convertToRGBAVectorERKN2cv3MatE
FN:53,_ZZNK5sipai11ImageHelper19convertToRGBAVectorERKN2cv3MatEENKUlRKNS1_3VecIhLi4EEEE_clES8_
FN:60,_ZNK5sipai11ImageHelper12convertToMatERKNS_5ImageE
FN:65,_ZZNK5sipai11ImageHelper12convertToMatERKNS_5ImageEENKUlRKNS_4RGBAEE_clES6_
FN:70,_ZNK5sipai11ImageHelper11computeLossERKSt6vectorINS_4RGBAESaIS2_EES6_
FN:77,_ZZNK5sipai11ImageHelper11computeLossERKSt6vectorINS_4RGBAESaIS2_EES6_ENKUlRKS2_S8_E_clES8_S8_
FNDA:3,_ZNK5sipai11ImageHelper12convertToMatERKNS_5ImageE
FNDA:23409,_ZZNK5sipai11ImageHelper12convertToMatERKNS_5ImageEENKUlRKNS_4RGBAEE_clES6_
FNDA:47,_ZNK5sipai11ImageHelper19convertToRGBAVectorERKN2cv3MatE
FNDA:70464,_ZZNK5sipai11ImageHelper19convertToRGBAVectorERKN2cv3MatEENKUlRKNS1_3VecIhLi4EEEE_clES8_
FNDA:200,_ZZNK5sipai11ImageHelper11computeLossERKSt6vectorINS_4RGBAESaIS2_EES6_ENKUlRKS2_S8_E_clES8_S8_
FNDA:22,_ZNK5sipai11ImageHelper11computeLossERKSt6vectorINS_4RGBAESaIS2_EES6_
FNDA:3,_ZNK5sipai11ImageHelper9saveImageERKNSt7__cxx1112basic_stringIcSt11char_traitsIcESaIcEEERKNS_5ImageEmm
FNDA:47,_ZNK5sipai11ImageHelper9loadImageERKNSt7__cxx1112basic_stringIcSt11char_traitsIcESaIcEEEmm
FNF:8
FNH:8
DA:7,47
DA:9,47
DA:10,47
DA:11,0
DA:12,0
DA:14,47
DA:16,47
DA:17,44
DA:19,3
DA:20,3
DA:23,47
DA:27,94
DA:28,47
DA:30,3
DA:33,3
DA:34,3
DA:35,2
DA:37,3
DA:38,3
DA:39,0
DA:40,0
DA:41,3
DA:43,47
DA:44,47
DA:45,47
DA:46,47
DA:47,47
DA:49,47
DA:50,47
DA:52,47
DA:53,70464
DA:54,70464
DA:57,94
DA:58,0
DA:60,3
DA:61,3
DA:62,3
DA:64,3
DA:65,23409
DA:67,6
DA:68,0
DA:70,22
DA:72,22
DA:73,0
DA:74,0
DA:77,200
DA:78,200
DA:81,22
DA:85,22
LF:49
LH:41
end_of_record
TN:
SF:/home/runner/work/SIPAI/SIPAI/libs/libsipai/src/Manager.cpp
FN:16,_ZN5sipai7Manager21createOrImportNetworkEv
FN:29,_ZN5sipai7Manager13exportNetworkEv
FN:39,_ZN5sipai7Manager3runEv
FN:58,_ZN5sipai7Manager14runWithVisitorERKNS_13RunnerVisitorE
FN:60,_ZN5sipai7Manager16loadTrainingDataB5cxx11Ev
FN:65,_ZN5sipai7Manager9splitDataERSt10unique_ptrISt6vectorISt4pairINSt7__cxx1112basic_stringIcSt11char_traitsIcESaIcEEES9_ESaISA_EESt14default_deleteISC_EEf
FNDA:2,_ZN5sipai7Manager9splitDataERSt10unique_ptrISt6vectorISt4pairINSt7__cxx1112basic_stringIcSt11char_traitsIcESaIcEEES9_ESaISA_EESt14default_deleteISC_EEf
FNDA:6,_ZN5sipai7Manager21createOrImportNetworkEv
FNDA:1,_ZN5sipai7Manager3runEv
FNDA:2,_ZN5sipai7Manager14runWithVisitorERKNS_13RunnerVisitorE
FNDA:2,_ZN5sipai7Manager13exportNetworkEv
FNDA:3,_ZN5sipai7Manager16loadTrainingDataB5cxx11Ev
FNF:6
FNH:6
DA:16,6
DA:17,6
DA:18,6
DA:19,6
DA:20,6
DA:21,6
DA:22,6
DA:23,6
DA:24,6
DA:25,6
DA:26,6
DA:27,6
DA:29,2
DA:30,2
DA:31,2
DA:32,2
DA:33,4
DA:34,2
DA:35,2
DA:36,2
DA:37,2
DA:39,1
DA:40,1
DA:43,1
DA:46,1
DA:47,1
DA:48,1
DA:49,1
DA:50,0
DA:51,0
DA:52,0
DA:53,0
DA:54,0
DA:56,1
DA:58,2
DA:60,3
DA:61,6
DA:65,2
DA:67,2
DA:68,2
DA:69,2
DA:72,2
DA:76,2
DA:78,2
DA:80,4
DA:81,2
LF:46
LH:41
end_of_record
TN:
SF:/home/runner/work/SIPAI/SIPAI/libs/libsipai/src/NetworkImportExportCSV.cpp
FN:17,_ZNK5sipai28NeuralNetworkImportExportCSV20importNeuronsWeightsERSt10unique_ptrINS_13NeuralNetworkESt14default_deleteIS2_EERKNS_9AppParamsE
FN:20,_ZZNK5sipai28NeuralNetworkImportExportCSV20importNeuronsWeightsERSt10unique_ptrINS_13NeuralNetworkESt14default_deleteIS2_EERKNS_9AppParamsEENKUlRKNSt7__cxx1112basic_stringIcSt11char_traitsIcESaIcEEEcE_clESH_c
FN:81,_ZZNK5sipai28NeuralNetworkImportExportCSV20importNeuronsWeightsERSt10unique_ptrINS_13NeuralNetworkESt14default_deleteIS2_EERKNS_9AppParamsEENKUlRNS_16NeuronConnectionERKNS_4RGBAEE0_clESB_SE_
FN:89,_ZNK5sipai28NeuralNetworkImportExportCSV20exportNeuronsWeightsERKSt10unique_ptrINS_13NeuralNetworkESt14default_deleteIS2_EERKNS_9AppParamsE
FNDA:30,_ZZNK5sipai28NeuralNetworkImportExportCSV20importNeuronsWeightsERSt10unique_ptrINS_13NeuralNetworkESt14default_deleteIS2_EERKNS_9AppParamsEENKUlRKNSt7__cxx1112basic_stringIcSt11char_traitsIcESaIcEEEcE_clESH_c
FNDA:2,_ZNK5sipai28NeuralNetworkImportExportCSV20exportNeuronsWeightsERKSt10unique_ptrINS_13NeuralNetworkESt14default_deleteIS2_EERKNS_9AppParamsE
FNDA:1,_ZNK5sipai28NeuralNetworkImportExportCSV20importNeuronsWeightsERSt10unique_ptrINS_13NeuralNetworkESt14default_deleteIS2_EERKNS_9AppParamsE
FNDA:38,_ZZNK5sipai28NeuralNetworkImportExportCSV20importNeuronsWeightsERSt10unique_ptrINS_13NeuralNetworkESt14default_deleteIS2_EERKNS_9AppParamsEENKUlRNS_16NeuronConnectionERKNS_4RGBAEE0_clESB_SE_
FNF:4
FNH:4
DA:17,1
DA:20,30
DA:21,30
DA:22,30
DA:23,30
DA:24,819
DA:25,1328
DA:26,1328
DA:28,60
DA:29,30
DA:32,1
DA:33,1
DA:34,1
DA:35,0
DA:39,1
DA:40,31
DA:42,30
DA:44,30
DA:45,0
DA:46,0
DA:47,0
DA:50,30
DA:51,30
DA:52,30
DA:54,30
DA:55,189
DA:56,159
DA:57,159
DA:58,159
DA:59,159
DA:60,159
DA:61,116
DA:65,30
DA:67,15
DA:68,15
DA:69,15
DA:70,15
DA:73,15
DA:74,15
DA:75,0
DA:76,0
DA:77,0
DA:79,15
DA:81,38
DA:82,38
DA:83,38
DA:86,30
DA:87,1
DA:89,2
DA:93,2
DA:94,2
DA:97,2
DA:98,8
DA:100,6
DA:101,6
DA:103,2
DA:105,34
DA:107,30
DA:109,30
DA:110,30
DA:112,30
DA:113,30
DA:114,30
DA:117,2
LF:64
LH:57
end_of_record
TN:
SF:/home/runner/work/SIPAI/SIPAI/libs/libsipai/src/NetworkImportExportFacade.cpp
FN:9,_ZN5sipai31NeuralNetworkImportExportFacade11importModelERKNS_9AppParamsERNS_19NeuralNetworkParamsE
FN:19,_ZN5sipai31NeuralNetworkImportExportFacade13importWeightsERSt10unique_ptrINS_13NeuralNetworkESt14default_deleteIS2_EERKNS_9AppParamsE
FN:28,_ZNK5sipai31NeuralNetworkImportExportFacade11exportModelERKSt10unique_ptrINS_13NeuralNetworkESt14default_deleteIS2_EERKNS_19NeuralNetworkParamsERKNS_9AppParamsE
FNDA:1,_ZN5sipai31NeuralNetworkImportExportFacade11importModelERKNS_9AppParamsERNS_19NeuralNetworkParamsE
FNDA:2,_ZNK5sipai31NeuralNetworkImportExportFacade11exportModelERKSt10unique_ptrINS_13NeuralNetworkESt14default_deleteIS2_EERKNS_19NeuralNetworkParamsERKNS_9AppParamsE
FNDA:1,_ZN5sipai31NeuralNetworkImportExportFacade13importWeightsERSt10unique_ptrINS_13NeuralNetworkESt14default_deleteIS2_EERKNS_9AppParamsE
FNF:3
FNH:3
DA:9,1
DA:12,1
DA:13,2
DA:14,1
DA:15,0
DA:16,0
DA:19,1
DA:22,1
DA:23,0
DA:24,0
DA:25,0
DA:26,1
DA:28,2
DA:33,2
DA:34,2
DA:35,0
DA:36,0
DA:37,0
DA:38,2
LF:19
LH:11
end_of_record
TN:
SF:/home/runner/work/SIPAI/SIPAI/libs/libsipai/src/NetworkImportExportJSON.cpp
FN:18,_ZN5sipai29NeuralNetworkImportExportJSON11importModelERKNS_9AppParamsERNS_19NeuralNetworkParamsE
FN:119,_ZNK5sipai29NeuralNetworkImportExportJSON11exportModelERKSt10unique_ptrINS_13NeuralNetworkESt14default_deleteIS2_EERKNS_19NeuralNetworkParamsERKNS_9AppParamsE
FNDA:1,_ZN5sipai29NeuralNetworkImportExportJSON11importModelERKNS_9AppParamsERNS_19NeuralNetworkParamsE
FNDA:2,_ZNK5sipai29NeuralNetworkImportExportJSON11exportModelERKSt10unique_ptrINS_13NeuralNetworkESt14default_deleteIS2_EERKNS_19NeuralNetworkParamsERKNS_9AppParamsE
FNF:2
FNH:2
DA:18,1
DA:21,1
DA:23,1
DA:24,0
DA:27,1
DA:28,1
DA:29,1
DA:30,1
DA:32,1
DA:33,1
DA:35,1
DA:36,0
DA:39,1
DA:40,0
DA:41,0
DA:43,1
DA:46,1
DA:47,1
DA:49,1
DA:50,1
DA:51,0
DA:52,0
DA:53,0
DA:54,1
DA:57,1
DA:58,1
DA:59,1
DA:60,1
DA:61,1
DA:62,1
DA:63,1
DA:64,1
DA:65,1
DA:66,1
DA:67,1
DA:68,1
DA:69,1
DA:70,1
DA:71,1
DA:72,1
DA:74,1
DA:76,4
DA:78,3
DA:79,3
DA:82,3
DA:83,3
DA:84,1
DA:85,1
DA:86,1
DA:87,1
DA:88,1
DA:89,1
DA:90,1
DA:91,1
DA:92,1
DA:93,0
DA:94,0
DA:96,3
DA:97,3
DA:100,3
DA:103,3
DA:104,3
DA:106,1
DA:107,0
DA:110,1
DA:111,0
DA:113,2
DA:114,1
DA:115,0
DA:116,0
DA:117,1
DA:119,2
DA:124,2
DA:127,2
DA:130,8
DA:131,6
DA:132,6
DA:133,6
DA:134,78
DA:135,6
DA:136,6
DA:139,2
DA:142,2
DA:143,2
DA:144,2
DA:145,4
DA:146,2
DA:147,4
DA:148,2
DA:149,4
DA:150,2
DA:151,4
DA:152,2
DA:153,4
DA:154,2
DA:155,4
DA:156,2
DA:157,4
DA:158,2
DA:159,4
DA:160,2
DA:161,4
DA:162,2
DA:163,4
DA:167,2
DA:168,2
DA:169,2
DA:170,68
LF:108
LH:95
end_of_record
TN:
SF:/home/runner/work/SIPAI/SIPAI/libs/libsipai/src/NeuralNetwork.cpp
FN:11,_ZN5sipai13NeuralNetwork18forwardPropagationERKSt6vectorINS_4RGBAESaIS2_EEb
FN:26,_ZN5sipai13NeuralNetwork19backwardPropagationERKSt6vectorINS_4RGBAESaIS2_EEb
FN:37,_ZN5sipai13NeuralNetwork13updateWeightsEfb
FNDA:16,_ZN5sipai13NeuralNetwork13updateWeightsEfb
FNDA:21,_ZN5sipai13NeuralNetwork18forwardPropagationERKSt6vectorINS_4RGBAESaIS2_EEb
FNDA:16,_ZN5sipai13NeuralNetwork19backwardPropagationERKSt6vectorINS_4RGBAESaIS2_EEb
FNF:3
FNH:3
DA:11,21
DA:13,21
DA:14,0
DA:16,21
DA:17,0
DA:19,21
DA:20,85
DA:21,64
DA:23,21
DA:26,16
DA:28,16
DA:29,0
DA:31,16
DA:32,64
DA:33,48
DA:35,16
DA:37,16
DA:38,64
DA:39,48
DA:41,16
LF:20
LH:17
end_of_record
TN:
SF:/home/runner/work/SIPAI/SIPAI/libs/libsipai/src/NeuralNetworkBuilder.cpp
FN:17,_ZN5sipai20NeuralNetworkBuilderC2Ev
FN:21,_ZN5sipai20NeuralNetworkBuilderC2ERNS_9AppParamsERNS_19NeuralNetworkParamsE
FN:25,_ZN5sipai20NeuralNetworkBuilder14createOrImportEv
FN:42,_ZN5sipai20NeuralNetworkBuilder9addLayersEv
FN:77,_ZN5sipai20NeuralNetworkBuilder12addNeighborsEv
FN:123,_ZN5sipai20NeuralNetworkBuilder10bindLayersEv
FN:142,_ZN5sipai20NeuralNetworkBuilder17initializeWeightsEv
FN:174,_ZN5sipai20NeuralNetworkBuilder21setActivationFunctionEv
FN:204,_ZZN5sipai20NeuralNetworkBuilder21setActivationFunctionEvENKUlT_E_clINS_4RGBAEEEDaS1_
FN:205,_ZZN5sipai20NeuralNetworkBuilder21setActivationFunctionEvENKUlT_E0_clINS_4RGBAEEEDaS1_
FN:214,_ZZN5sipai20NeuralNetworkBuilder21setActivationFunctionEvENKUlT_E1_clINS_4RGBAEEEDaS1_
FN:217,_ZZN5sipai20NeuralNetworkBuilder21setActivationFunctionEvENKUlT_E2_clINS_4RGBAEEEDaS1_
FN:238,_ZN5sipai20NeuralNetworkBuilder5buildEv
FNDA:6,_ZN5sipai20NeuralNetworkBuilder5buildEv
FNDA:6,_ZN5sipai20NeuralNetworkBuilder17initializeWeightsEv
FNDA:13,_ZN5sipai20NeuralNetworkBuilder21setActivationFunctionEv
FNDA:4,_ZZN5sipai20NeuralNetworkBuilder21setActivationFunctionEvENKUlT_E0_clINS_4RGBAEEEDaS1_
FNDA:4,_ZZN5sipai20NeuralNetworkBuilder21setActivationFunctionEvENKUlT_E2_clINS_4RGBAEEEDaS1_
FNDA:6,_ZZN5sipai20NeuralNetworkBuilder21setActivationFunctionEvENKUlT_E_clINS_4RGBAEEEDaS1_
FNDA:6,_ZN5sipai20NeuralNetworkBuilder14createOrImportEv
FNDA:4,_ZZN5sipai20NeuralNetworkBuilder21setActivationFunctionEvENKUlT_E1_clINS_4RGBAEEEDaS1_
FNDA:6,_ZN5sipai20NeuralNetworkBuilder10bindLayersEv
FNDA:6,_ZN5sipai20NeuralNetworkBuilder12addNeighborsEv
FNDA:0,_ZN5sipai20NeuralNetworkBuilderC2ERNS_9AppParamsERNS_19NeuralNetworkParamsE
FNDA:7,_ZN5sipai20NeuralNetworkBuilderC2Ev
FNDA:6,_ZN5sipai20NeuralNetworkBuilder9addLayersEv
FNF:13
FNH:12
DA:17,7
DA:18,7
DA:19,14
DA:21,0
DA:22,0
DA:23,0
DA:25,6
DA:26,7
DA:27,7
DA:28,1
DA:29,1
DA:30,1
DA:32,1
DA:33,1
DA:34,1
DA:35,5
DA:36,5
DA:37,5
DA:39,6
DA:42,6
DA:43,6
DA:44,1
DA:47,5
DA:48,5
DA:49,0
DA:51,5
DA:52,0
DA:56,5
DA:57,5
DA:58,5
DA:59,5
DA:62,13
DA:63,8
DA:64,8
DA:65,8
DA:66,8
DA:70,5
DA:71,5
DA:72,5
DA:73,5
DA:74,5
DA:77,6
DA:78,6
DA:79,6
DA:80,0
DA:82,6
DA:83,0
DA:89,6
DA:91,27
DA:92,21
DA:93,6
DA:95,123
DA:96,108
DA:98,108
DA:99,108
DA:104,108
DA:105,540
DA:106,432
DA:107,432
DA:108,432
DA:109,315
DA:110,270
DA:111,270
DA:113,270
DA:114,270
DA:120,6
DA:121,6
DA:123,6
DA:124,6
DA:125,6
DA:126,0
DA:128,6
DA:129,0
DA:131,27
DA:132,21
DA:133,15
DA:135,21
DA:136,15
DA:139,6
DA:142,6
DA:143,6
DA:144,1
DA:145,1
DA:146,1
DA:148,1
DA:149,1
DA:150,1
DA:152,5
DA:153,5
DA:154,0
DA:156,5
DA:157,0
DA:159,5
DA:160,23
DA:161,18
DA:162,106
DA:163,93
DA:164,93
DA:165,93
DA:166,10
DA:171,5
DA:174,13
DA:175,13
DA:176,13
DA:177,0
DA:179,13
DA:180,0
DA:183,13
DA:184,40
DA:186,28
DA:187,6
DA:188,6
DA:189,16
DA:190,16
DA:191,16
DA:192,16
DA:193,6
DA:194,6
DA:195,6
DA:196,6
DA:197,0
DA:198,0
DA:201,22
DA:202,1
DA:203,1
DA:204,8
DA:205,1
DA:206,4
DA:208,1
DA:209,16
DA:210,16
DA:211,16
DA:212,1
DA:213,1
DA:214,2
DA:215,4
DA:217,1
DA:218,4
DA:220,1
DA:221,1
DA:222,1
DA:223,1
DA:224,1
DA:225,1
DA:226,1
DA:227,1
DA:228,1
DA:229,1
DA:230,1
DA:231,1
DA:235,12
DA:238,6
DA:239,6
LF:153
LH:138
end_of_record
TN:
SF:/home/runner/work/SIPAI/SIPAI/libs/libsipai/src/RunnerEnhancerVisitor.cpp
FN:10,_ZNK5sipai21RunnerEnhancerVisitor5visitEv
FNDA:4,_ZNK5sipai21RunnerEnhancerVisitor5visitEv
FNF:1
FNH:1
DA:10,4
DA:11,4
DA:12,4
DA:14,4
DA:15,1
DA:18,3
DA:19,1
DA:22,2
DA:23,1
DA:27,1
DA:28,1
DA:30,1
DA:31,1
DA:33,1
DA:34,1
DA:35,1
DA:37,1
DA:38,1
DA:39,1
DA:40,1
DA:41,1
DA:43,1
DA:44,0
DA:45,0
DA:46,1
LF:25
LH:23
end_of_record
TN:
SF:/home/runner/work/SIPAI/SIPAI/libs/libsipai/src/RunnerTrainingMonitoredVisitor.cpp
FN:15,_Z13signalHandleri
FN:24,_ZNK5sipai30RunnerTrainingMonitoredVisitor5visitEv
FN:91,_ZNK5sipai30RunnerTrainingMonitoredVisitor12trainOnEpochERKSt10unique_ptrISt6vectorISt4pairINSt7__cxx1112basic_stringIcSt11char_traitsIcESaIcEEES9_ESaISA_EESt14default_deleteISC_EE
FN:105,_ZNK5sipai30RunnerTrainingMonitoredVisitor23evaluateOnValidationSetERKSt10unique_ptrISt6vectorISt4pairINSt7__cxx1112basic_stringIcSt11char_traitsIcESaIcEEES9_ESaISA_EESt14default_deleteISC_EE
FN:119,_ZNK5sipai30RunnerTrainingMonitoredVisitor22shouldContinueTrainingEiiRKNS_9AppParamsE
FN:129,_ZNK5sipai30RunnerTrainingMonitoredVisitor19logTrainingProgressEiff
FN:136,_ZNK5sipai30RunnerTrainingMonitoredVisitor11saveNetworkERb
FN:148,_ZNK5sipai30RunnerTrainingMonitoredVisitor10loadImagesERKNSt7__cxx1112basic_stringIcSt11char_traitsIcESaIcEEES8_
FN:159,_ZNK5sipai30RunnerTrainingMonitoredVisitor14loadBulkImagesERKSt10unique_ptrISt6vectorISt4pairINSt7__cxx1112basic_stringIcSt11char_traitsIcESaIcEEES9_ESaISA_EESt14default_deleteISC_EES9_
FN:171,_ZZNK5sipai30RunnerTrainingMonitoredVisitor14loadBulkImagesERKSt10unique_ptrISt6vectorISt4pairINSt7__cxx1112basic_stringIcSt11char_traitsIcESaIcEEES9_ESaISA_EESt14default_deleteISC_EES9_ENKUlvE_clEv
FN:203,_ZNK5sipai30RunnerTrainingMonitoredVisitor11computeLossERKSt6vectorISt4pairINS_5ImageES3_ESaIS4_EEb
FN:222,_ZNK5sipai30RunnerTrainingMonitoredVisitor11computeLossERKSt6vectorISt4pairINSt7__cxx1112basic_stringIcSt11char_traitsIcESaIcEEES8_ESaIS9_EEb
FNDA:2,_ZNK5sipai30RunnerTrainingMonitoredVisitor12trainOnEpochERKSt10unique_ptrISt6vectorISt4pairINSt7__cxx1112basic_stringIcSt11char_traitsIcESaIcEEES9_ESaISA_EESt14default_deleteISC_EE
FNDA:2,_ZNK5sipai30RunnerTrainingMonitoredVisitor23evaluateOnValidationSetERKSt10unique_ptrISt6vectorISt4pairINSt7__cxx1112basic_stringIcSt11char_traitsIcESaIcEEES9_ESaISA_EESt14default_deleteISC_EE
FNDA:0,_Z13signalHandleri
FNDA:0,_ZZNK5sipai30RunnerTrainingMonitoredVisitor14loadBulkImagesERKSt10unique_ptrISt6vectorISt4pairINSt7__cxx1112basic_stringIcSt11char_traitsIcESaIcEEES9_ESaISA_EESt14default_deleteISC_EES9_ENKUlvE_clEv
FNDA:0,_ZNK5sipai30RunnerTrainingMonitoredVisitor11computeLossERKSt6vectorISt4pairINS_5ImageES3_ESaIS4_EEb
FNDA:4,_ZNK5sipai30RunnerTrainingMonitoredVisitor11computeLossERKSt6vectorISt4pairINSt7__cxx1112basic_stringIcSt11char_traitsIcESaIcEEES8_ESaIS9_EEb
FNDA:2,_ZNK5sipai30RunnerTrainingMonitoredVisitor19logTrainingProgressEiff
FNDA:20,_ZNK5sipai30RunnerTrainingMonitoredVisitor10loadImagesERKNSt7__cxx1112basic_stringIcSt11char_traitsIcESaIcEEES8_
FNDA:1,_ZNK5sipai30RunnerTrainingMonitoredVisitor5visitEv
FNDA:1,_ZNK5sipai30RunnerTrainingMonitoredVisitor11saveNetworkERb
FNDA:0,_ZNK5sipai30RunnerTrainingMonitoredVisitor14loadBulkImagesERKSt10unique_ptrISt6vectorISt4pairINSt7__cxx1112basic_stringIcSt11char_traitsIcESaIcEEES9_ESaISA_EESt14default_deleteISC_EES9_
FNDA:3,_ZNK5sipai30RunnerTrainingMonitoredVisitor22shouldContinueTrainingEiiRKNS_9AppParamsE
FNF:12
FNH:8
DA:15,0
DA:16,0
DA:17,0
DA:20,0
DA:22,0
DA:24,1
DA:25,1
DA:27,1
DA:28,1
DA:29,1
DA:30,1
DA:33,1
DA:34,1
DA:35,0
DA:36,0
DA:41,1
DA:42,1
DA:45,1
DA:48,1
DA:50,1
DA:51,1
DA:52,1
DA:53,1
DA:54,1
DA:55,6
DA:56,3
DA:57,2
DA:58,2
DA:60,2
DA:62,2
DA:63,2
DA:65,2
DA:67,2
DA:69,0
DA:72,2
DA:73,2
DA:75,2
DA:76,0
DA:80,1
DA:81,1
DA:82,1
DA:83,1
DA:84,1
DA:86,1
DA:87,0
DA:88,0
DA:89,1
DA:91,2
DA:93,2
DA:94,2
DA:95,0
DA:96,0
DA:98,2
DA:99,2
DA:100,2
DA:101,2
DA:102,2
DA:105,2
DA:107,2
DA:108,2
DA:109,0
DA:110,0
DA:112,2
DA:113,2
DA:114,2
DA:115,2
DA:116,2
DA:119,3
DA:121,3
DA:122,3
DA:123,3
DA:124,3
DA:126,3
DA:129,2
DA:131,0
DA:132,0
DA:133,2
DA:134,2
DA:136,1
DA:139,1
DA:140,1
DA:141,1
DA:143,0
DA:144,0
DA:145,0
DA:146,1
DA:148,20
DA:150,20
DA:152,20
DA:154,20
DA:155,40
DA:156,20
DA:159,0
DA:161,0
DA:162,0
DA:164,0
DA:165,0
DA:167,0
DA:169,0
DA:170,0
DA:171,0
DA:172,0
DA:175,0
DA:176,0
DA:177,0
DA:180,0
DA:181,0
DA:182,0
DA:185,0
DA:186,0
DA:187,0
DA:188,0
DA:189,0
DA:190,0
DA:191,0
DA:192,0
DA:193,0
DA:196,0
DA:197,0
DA:200,0
DA:201,0
DA:203,0
DA:206,0
DA:207,0
DA:208,0
DA:210,0
DA:211,0
DA:212,0
DA:213,0
DA:214,0
DA:215,0
DA:216,0
DA:218,0
DA:219,0
DA:222,4
DA:224,4
DA:225,4
DA:226,24
DA:227,20
DA:229,20
DA:230,20
DA:231,20
DA:232,16
DA:233,16
DA:234,16
DA:235,16
DA:237,20
DA:238,4
LF:148
LH:86
end_of_record
TN:
SF:/home/runner/work/SIPAI/SIPAI/libs/libsipai/src/TrainingDataFileReaderCSV.cpp
FN:13,_ZN5sipai25TrainingDataFileReaderCSV15getTrainingDataB5cxx11Ev
FNDA:3,_ZN5sipai25TrainingDataFileReaderCSV15getTrainingDataB5cxx11Ev
FNF:1
FNH:1
DA:13,3
DA:15,3
DA:16,3
DA:17,0
DA:22,3
DA:23,3
DA:24,0
DA:27,3
DA:28,3
DA:29,3
DA:30,3
DA:31,3
DA:32,36
DA:34,33
DA:35,3
DA:37,30
DA:38,30
DA:39,30
DA:40,0
DA:41,0
DA:43,30
DA:44,30
DA:45,30
DA:46,30
DA:47,30
DA:48,30
DA:49,0
DA:50,0
DA:51,0
DA:57,6
DA:58,3
LF:31
LH:24
end_of_record
