TN:
SF:/home/runner/work/SIPAI/SIPAI/libs/libsipai/include/ActivationFunctions.h
FN:42,_ZNK5sipai7sigmoidMUlRKNS_4RGBAEE_clES2_
FN:43,_ZZNK5sipai7sigmoidMUlRKNS_4RGBAEE_clES2_ENKUlfE_clEf
FN:49,_ZNK5sipai17sigmoidDerivativeMUlRKNS_4RGBAEE_clES2_
FN:51,_ZZNK5sipai17sigmoidDerivativeMUlRKNS_4RGBAEE_clES2_ENKUlfE_clEf
FN:59,_ZNK5sipai8tanhFuncMUlRKNS_4RGBAEE_clES2_
FN:60,_ZZNK5sipai8tanhFuncMUlRKNS_4RGBAEE_clES2_ENKUlfE_clEf
FN:65,_ZNK5sipai14tanhDerivativeMUlRKNS_4RGBAEE_clES2_
FN:67,_ZZNK5sipai14tanhDerivativeMUlRKNS_4RGBAEE_clES2_ENKUlfE_clEf
FN:80,_ZNK5sipai4reluMUlRKNS_4RGBAEE_clES2_
FN:81,_ZZNK5sipai4reluMUlRKNS_4RGBAEE_clES2_ENKUlfE_clEf
FN:83,_ZNK5sipai14reluDerivativeMUlRKNS_4RGBAEE_clES2_
FN:84,_ZZNK5sipai14reluDerivativeMUlRKNS_4RGBAEE_clES2_ENKUlfE_clEf
FN:93,_ZNK5sipai9leakyReluMUlRKNS_4RGBAEE_clES2_
FN:95,_ZZNK5sipai9leakyReluMUlRKNS_4RGBAEE_clES2_ENKUlfE_clEf
FN:98,_ZNK5sipai19leakyReluDerivativeMUlRKNS_4RGBAEE_clES2_
FN:99,_ZZNK5sipai19leakyReluDerivativeMUlRKNS_4RGBAEE_clES2_ENKUlfE_clEf
FN:108,_ZNK5sipai14parametricReluMUlRKNS_4RGBAEfE_clES2_f
FN:110,_ZZNK5sipai14parametricReluMUlRKNS_4RGBAEfE_clES2_fENKUlffE_clEff
FN:118,_ZNK5sipai24parametricReluDerivativeMUlRKNS_4RGBAEfE_clES2_f
FN:119,_ZZNK5sipai24parametricReluDerivativeMUlRKNS_4RGBAEfE_clES2_fENKUlffE_clEff
FN:131,_ZNK5sipai3eluMUlRKNS_4RGBAEfE_clES2_f
FN:133,_ZZNK5sipai3eluMUlRKNS_4RGBAEfE_clES2_fENKUlffE_clEff
FN:140,_ZNK5sipai13eluDerivativeMUlRKNS_4RGBAEfE_clES2_f
FN:142,_ZZNK5sipai13eluDerivativeMUlRKNS_4RGBAEfE_clES2_fENKUlffE_clEff
FNDA:304,_ZNK5sipai9leakyReluMUlRKNS_4RGBAEE_clES2_
FNDA:4,_ZNK5sipai14parametricReluMUlRKNS_4RGBAEfE_clES2_f
FNDA:32,_ZZNK5sipai7sigmoidMUlRKNS_4RGBAEE_clES2_ENKUlfE_clEf
FNDA:4,_ZNK5sipai17sigmoidDerivativeMUlRKNS_4RGBAEE_clES2_
FNDA:12,_ZNK5sipai8tanhFuncMUlRKNS_4RGBAEE_clES2_
FNDA:16,_ZZNK5sipai13eluDerivativeMUlRKNS_4RGBAEfE_clES2_fENKUlffE_clEff
FNDA:4,_ZNK5sipai13eluDerivativeMUlRKNS_4RGBAEfE_clES2_f
FNDA:16,_ZZNK5sipai17sigmoidDerivativeMUlRKNS_4RGBAEE_clES2_ENKUlfE_clEf
FNDA:48,_ZZNK5sipai8tanhFuncMUlRKNS_4RGBAEE_clES2_ENKUlfE_clEf
FNDA:6,_ZNK5sipai14tanhDerivativeMUlRKNS_4RGBAEE_clES2_
FNDA:400,_ZZNK5sipai19leakyReluDerivativeMUlRKNS_4RGBAEE_clES2_ENKUlfE_clEf
FNDA:8,_ZNK5sipai7sigmoidMUlRKNS_4RGBAEE_clES2_
FNDA:16,_ZZNK5sipai14reluDerivativeMUlRKNS_4RGBAEE_clES2_ENKUlfE_clEf
FNDA:16,_ZZNK5sipai24parametricReluDerivativeMUlRKNS_4RGBAEfE_clES2_fENKUlffE_clEff
FNDA:1216,_ZZNK5sipai9leakyReluMUlRKNS_4RGBAEE_clES2_ENKUlfE_clEf
FNDA:24,_ZZNK5sipai14tanhDerivativeMUlRKNS_4RGBAEE_clES2_ENKUlfE_clEf
FNDA:4,_ZNK5sipai4reluMUlRKNS_4RGBAEE_clES2_
FNDA:16,_ZZNK5sipai4reluMUlRKNS_4RGBAEE_clES2_ENKUlfE_clEf
FNDA:100,_ZNK5sipai19leakyReluDerivativeMUlRKNS_4RGBAEE_clES2_
FNDA:4,_ZNK5sipai24parametricReluDerivativeMUlRKNS_4RGBAEfE_clES2_f
FNDA:16,_ZZNK5sipai14parametricReluMUlRKNS_4RGBAEfE_clES2_fENKUlffE_clEff
FNDA:24,_ZZNK5sipai3eluMUlRKNS_4RGBAEfE_clES2_fENKUlffE_clEff
FNDA:6,_ZNK5sipai3eluMUlRKNS_4RGBAEfE_clES2_f
FNDA:4,_ZNK5sipai14reluDerivativeMUlRKNS_4RGBAEE_clES2_
FNF:24
FNH:24
DA:42,8
DA:43,16
DA:45,32
DA:46,32
DA:47,16
DA:49,4
DA:50,4
DA:51,20
DA:59,12
DA:60,24
DA:62,48
DA:63,24
DA:65,6
DA:66,6
DA:67,30
DA:80,4
DA:81,20
DA:83,4
DA:84,20
DA:93,304
DA:94,608
DA:95,1824
DA:98,100
DA:99,500
DA:108,4
DA:109,8
DA:110,4
DA:112,16
DA:113,16
DA:115,8
DA:118,4
DA:119,24
DA:120,8
DA:131,6
DA:132,12
DA:133,6
DA:134,24
DA:135,24
DA:137,12
DA:140,4
DA:141,8
DA:142,20
DA:143,8
LF:43
LH:43
end_of_record
TN:
SF:/home/runner/work/SIPAI/SIPAI/libs/libsipai/include/Connexion.h
FN:20,_ZN5sipai10ConnectionC2EPNS_6NeuronENS_4RGBAE
FNDA:244,_ZN5sipai10ConnectionC2EPNS_6NeuronENS_4RGBAE
FNF:1
FNH:1
DA:20,244
LF:1
LH:1
end_of_record
TN:
SF:/home/runner/work/SIPAI/SIPAI/libs/libsipai/include/HiddenLayer.h
FN:23,_ZN5sipai11HiddenLayerC2Ev
FN:25,_ZN5sipai11HiddenLayer18forwardPropagationEv
FN:40,_ZN5sipai11HiddenLayer19backwardPropagationEv
FN:62,_ZN5sipai11HiddenLayer13updateWeightsEf
FNDA:7,_ZN5sipai11HiddenLayerC2Ev
FNDA:16,_ZN5sipai11HiddenLayer19backwardPropagationEv
FNDA:20,_ZN5sipai11HiddenLayer18forwardPropagationEv
FNDA:16,_ZN5sipai11HiddenLayer13updateWeightsEf
FNF:4
FNH:4
DA:23,7
DA:25,20
DA:26,20
DA:27,0
DA:30,140
DA:31,120
DA:32,600
DA:33,480
DA:36,120
DA:40,16
DA:41,16
DA:42,0
DA:46,112
DA:47,96
DA:48,960
DA:49,864
DA:52,320
DA:53,224
DA:57,96
DA:58,192
DA:62,16
DA:63,16
DA:64,0
DA:67,112
DA:68,480
DA:69,384
DA:70,384
DA:71,384
DA:74,320
DA:75,224
DA:76,224
DA:77,224
LF:32
LH:29
end_of_record
TN:
SF:/home/runner/work/SIPAI/SIPAI/libs/libsipai/include/ImageHelper.h
FN:30,_ZN5sipai11ImageHelper9loadImageERKNSt7__cxx1112basic_stringIcSt11char_traitsIcESaIcEEE
FN:45,_ZN5sipai11ImageHelper9saveImageERKNSt7__cxx1112basic_stringIcSt11char_traitsIcESaIcEEERN2cv3MatE
FN:59,_ZN5sipai11ImageHelper19convertToRGBAVectorERKN2cv3MatE
FN:73,_ZZN5sipai11ImageHelper19convertToRGBAVectorERKN2cv3MatEENKUlRKNS1_3VecIhLi4EEEE_clES8_
FN:90,_ZN5sipai11ImageHelper12convertToMatERKSt6vectorINS_4RGBAESaIS2_EEmm
FN:95,_ZZN5sipai11ImageHelper12convertToMatERKSt6vectorINS_4RGBAESaIS2_EEmmENKUlRKS2_E_clES8_
FNDA:43,_ZN5sipai11ImageHelper19convertToRGBAVectorERKN2cv3MatE
FNDA:43,_ZN5sipai11ImageHelper9loadImageERKNSt7__cxx1112basic_stringIcSt11char_traitsIcESaIcEEE
FNDA:900,_ZZN5sipai11ImageHelper12convertToMatERKSt6vectorINS_4RGBAESaIS2_EEmmENKUlRKS2_E_clES8_
FNDA:1,_ZN5sipai11ImageHelper12convertToMatERKSt6vectorINS_4RGBAESaIS2_EEmm
FNDA:1,_ZN5sipai11ImageHelper9saveImageERKNSt7__cxx1112basic_stringIcSt11char_traitsIcESaIcEEERN2cv3MatE
FNDA:2960,_ZZN5sipai11ImageHelper19convertToRGBAVectorERKN2cv3MatEENKUlRKNS1_3VecIhLi4EEEE_clES8_
FNF:6
FNH:6
DA:30,43
DA:31,43
DA:32,43
DA:33,0
DA:34,0
DA:36,43
DA:37,0
DA:45,1
DA:47,1
DA:48,0
DA:49,0
DA:50,0
DA:51,1
DA:59,43
DA:60,43
DA:61,43
DA:62,43
DA:63,43
DA:65,43
DA:70,43
DA:71,86
DA:72,43
DA:73,2960
DA:74,2960
DA:77,86
DA:78,0
DA:90,1
DA:92,1
DA:93,1
DA:94,1
DA:95,900
DA:96,2
DA:97,0
LF:33
LH:25
end_of_record
TN:
SF:/home/runner/work/SIPAI/SIPAI/libs/libsipai/include/InputLayer.h
FN:22,_ZN5sipai10InputLayerC2Ev
FN:24,_ZN5sipai10InputLayer18forwardPropagationEv
FN:28,_ZN5sipai10InputLayer19backwardPropagationEv
FN:32,_ZN5sipai10InputLayer13updateWeightsEf
FN:36,_ZN5sipai10InputLayer14setInputValuesERKSt6vectorINS_4RGBAESaIS2_EE
FNDA:5,_ZN5sipai10InputLayerC2Ev
FNDA:20,_ZN5sipai10InputLayer18forwardPropagationEv
FNDA:16,_ZN5sipai10InputLayer13updateWeightsEf
FNDA:16,_ZN5sipai10InputLayer19backwardPropagationEv
FNDA:20,_ZN5sipai10InputLayer14setInputValuesERKSt6vectorINS_4RGBAESaIS2_EE
FNF:5
FNH:5
DA:22,5
DA:24,20
DA:26,20
DA:28,16
DA:30,16
DA:32,16
DA:34,16
DA:36,20
DA:37,20
DA:38,0
DA:40,100
DA:41,80
DA:43,20
LF:13
LH:12
end_of_record
TN:
SF:/home/runner/work/SIPAI/SIPAI/libs/libsipai/include/Layer.h
FN:29,_ZN5sipai5LayerC2ENS_9LayerTypeE
FN:39,_ZN5sipai5LayerD0Ev
FN:39,_ZN5sipai5LayerD2Ev
FN:61,_ZNK5sipai5Layer15getLayerTypeStrB5cxx11Ev
FN:70,_ZN5sipai5Layer21setActivationFunctionERKSt8functionIFNS_4RGBAES2_EES6_
FNDA:6,_ZNK5sipai5Layer15getLayerTypeStrB5cxx11Ev
FNDA:0,_ZN5sipai5LayerD0Ev
FNDA:17,_ZN5sipai5Layer21setActivationFunctionERKSt8functionIFNS_4RGBAES2_EES6_
FNDA:17,_ZN5sipai5LayerD2Ev
FNDA:17,_ZN5sipai5LayerC2ENS_9LayerTypeE
FNF:5
FNH:4
DA:29,17
DA:39,17
DA:61,6
DA:62,12
DA:63,12
DA:64,6
DA:67,0
DA:70,17
DA:72,110
DA:73,93
DA:74,93
DA:76,17
LF:12
LH:11
end_of_record
TN:
SF:/home/runner/work/SIPAI/SIPAI/libs/libsipai/include/Manager.h
FN:24,_ZN5sipai7Manager11getInstanceEv
FN:165,_ZNK5sipai7Manager16getVersionHeaderB5cxx11Ev
FN:170,_ZN5sipai7ManagerC2Ev
FNDA:47,_ZN5sipai7Manager11getInstanceEv
FNDA:1,_ZNK5sipai7Manager16getVersionHeaderB5cxx11Ev
FNDA:1,_ZN5sipai7ManagerC2Ev
FNF:3
FNH:3
DA:24,47
DA:25,47
DA:26,47
DA:165,1
DA:166,2
DA:170,1
LF:6
LH:6
end_of_record
TN:
SF:/home/runner/work/SIPAI/SIPAI/libs/libsipai/include/NeuralNetwork.h
FN:25,_ZN5sipai13NeuralNetworkC2Ev
FN:33,_ZN5sipai13NeuralNetworkD2Ev
FNDA:6,_ZN5sipai13NeuralNetworkD2Ev
FNDA:6,_ZN5sipai13NeuralNetworkC2Ev
FNF:2
FNH:2
DA:25,6
DA:33,6
DA:34,22
DA:35,16
DA:37,6
LF:5
LH:5
end_of_record
TN:
SF:/home/runner/work/SIPAI/SIPAI/libs/libsipai/include/NeuralNetworkImportExportFacade.h
FN:19,_ZN5sipai31NeuralNetworkImportExportFacadeD0Ev
FN:19,_ZN5sipai31NeuralNetworkImportExportFacadeD2Ev
FNDA:0,_ZN5sipai31NeuralNetworkImportExportFacadeD0Ev
FNDA:3,_ZN5sipai31NeuralNetworkImportExportFacadeD2Ev
FNF:2
FNH:1
DA:19,3
LF:1
LH:1
end_of_record
TN:
SF:/home/runner/work/SIPAI/SIPAI/libs/libsipai/include/Neuron.h
FN:31,_ZN5sipai6NeuronC2Ev
FN:57,_ZN5sipai6Neuron11initWeightsEm
FN:66,_ZZN5sipai6Neuron11initWeightsEmENKUlRfE_clES1_
FNDA:1392,_ZZN5sipai6Neuron11initWeightsEmENKUlRfE_clES1_
FNDA:103,_ZN5sipai6NeuronC2Ev
FNDA:66,_ZN5sipai6Neuron11initWeightsEm
FNF:3
FNH:3
DA:31,103
DA:57,66
DA:58,66
DA:61,66
DA:62,66
DA:63,66
DA:64,66
DA:65,414
DA:66,348
DA:67,1392
DA:68,1392
DA:70,66
LF:12
LH:12
end_of_record
TN:
SF:/home/runner/work/SIPAI/SIPAI/libs/libsipai/include/OutputLayer.h
FN:27,_ZN5sipai11OutputLayerC2Ev
FN:29,_ZN5sipai11OutputLayer18forwardPropagationEv
FN:45,_ZN5sipai11OutputLayer19backwardPropagationEv
FN:49,_ZN5sipai11OutputLayer13updateWeightsEf
FN:69,_ZN5sipai11OutputLayer13computeErrorsERKSt6vectorINS_4RGBAESaIS2_EE
FN:88,_ZN5sipai11OutputLayer15getOutputValuesEv
FN:89,_ZZN5sipai11OutputLayer15getOutputValuesEvENKUlRKNS_6NeuronEE_clES3_
FNDA:20,_ZN5sipai11OutputLayer18forwardPropagationEv
FNDA:180,_ZZN5sipai11OutputLayer15getOutputValuesEvENKUlRKNS_6NeuronEE_clES3_
FNDA:16,_ZN5sipai11OutputLayer19backwardPropagationEv
FNDA:16,_ZN5sipai11OutputLayer13updateWeightsEf
FNDA:20,_ZN5sipai11OutputLayer15getOutputValuesEv
FNDA:5,_ZN5sipai11OutputLayerC2Ev
FNDA:16,_ZN5sipai11OutputLayer13computeErrorsERKSt6vectorINS_4RGBAESaIS2_EE
FNF:7
FNH:7
DA:27,5
DA:29,20
DA:30,20
DA:31,0
DA:34,200
DA:35,180
DA:36,1260
DA:37,1080
DA:41,180
DA:45,16
DA:47,16
DA:49,16
DA:50,16
DA:51,0
DA:53,160
DA:55,1008
DA:56,864
DA:57,864
DA:58,864
DA:61,528
DA:62,384
DA:63,384
DA:64,384
DA:69,16
DA:70,16
DA:71,0
DA:73,16
DA:74,160
DA:76,144
DA:77,528
DA:78,384
DA:81,144
DA:82,144
DA:83,288
DA:84,144
DA:86,16
DA:88,20
DA:89,180
DA:90,20
DA:92,20
DA:93,40
DA:94,20
LF:42
LH:39
end_of_record
TN:
SF:/home/runner/work/SIPAI/SIPAI/libs/libsipai/include/RGBA.h
FN:26,_ZN5sipai4RGBAC2Ev
FN:29,_ZN5sipai4RGBAC2Effff
FN:32,_ZN5sipai4RGBAC2ERKN2cv3VecIhLi4EEEb
FN:36,_ZNK5sipai4RGBA3sumEv
FN:40,_ZN5sipai4RGBA5clampEv
FN:47,_ZN5sipai4RGBA3powEf
FN:49,_ZZN5sipai4RGBA3powEfENKUlfE_clEf
FN:57,_ZNK5sipai4RGBA11toStringCsvB5cxx11Ev
FN:68,_ZNK5sipai4RGBA7toVec4bEv
FN:74,_ZNK5sipai4RGBA5applyERKSt8functionIFffEE
FN:82,_ZNK5sipai4RGBA5applyERKSt8functionIFfffEEf
FN:86,_ZZNK5sipai4RGBA5applyERKSt8functionIFfffEEfENKUlfE_clEf
FN:91,_ZNK5sipai4RGBA15applyToElementsISt4plusIvEEEDaT_RKS0_
FN:91,_ZNK5sipai4RGBA15applyToElementsISt5minusIvEEEDaT_RKS0_
FN:91,_ZNK5sipai4RGBA15applyToElementsISt10multipliesIvEEEDaT_RKS0_
FN:98,_ZN5sipai4RGBApLERKS0_
FN:104,_ZN5sipai4RGBAmIERKS0_
FN:110,_ZN5sipai4RGBAmLERKS0_
FN:116,_ZNK5sipai4RGBAmlERKS0_
FN:120,_ZNK5sipai4RGBAplERKS0_
FN:124,_ZNK5sipai4RGBAmiERKS0_
FN:128,_ZN5sipaimlEfRKNS_4RGBAE
FN:131,_ZZN5sipaimlEfRKNS_4RGBAEENKUlfE_clEf
FNDA:344,_ZNK5sipai4RGBAmiERKS0_
FNDA:2144,_ZN5sipaimlEfRKNS_4RGBAE
FNDA:12627,_ZN5sipai4RGBAC2Ev
FNDA:144,_ZNK5sipai4RGBA15applyToElementsISt4plusIvEEEDaT_RKS0_
FNDA:2960,_ZN5sipai4RGBAC2ERKN2cv3VecIhLi4EEEb
FNDA:200,_ZN5sipai4RGBA3powEf
FNDA:72,_ZZNK5sipai4RGBA5applyERKSt8functionIFfffEEfENKUlfE_clEf
FNDA:1122,_ZN5sipai4RGBAC2Effff
FNDA:8576,_ZZN5sipaimlEfRKNS_4RGBAEENKUlfE_clEf
FNDA:4888,_ZNK5sipai4RGBAmlERKS0_
FNDA:144,_ZNK5sipai4RGBAplERKS0_
FNDA:442,_ZNK5sipai4RGBA5applyERKSt8functionIFffEE
FNDA:18,_ZNK5sipai4RGBA5applyERKSt8functionIFfffEEf
FNDA:344,_ZNK5sipai4RGBA15applyToElementsISt5minusIvEEEDaT_RKS0_
FNDA:0,_ZZN5sipai4RGBA3powEfENKUlfE_clEf
FNDA:4888,_ZNK5sipai4RGBA15applyToElementsISt10multipliesIvEEEDaT_RKS0_
FNDA:96,_ZN5sipai4RGBAmLERKS0_
FNDA:900,_ZNK5sipai4RGBA7toVec4bEv
FNDA:3032,_ZN5sipai4RGBApLERKS0_
FNDA:248,_ZNK5sipai4RGBA11toStringCsvB5cxx11Ev
FNDA:200,_ZNK5sipai4RGBA3sumEv
FNDA:1856,_ZN5sipai4RGBA5clampEv
FNDA:1856,_ZN5sipai4RGBAmIERKS0_
FNF:23
FNH:22
DA:26,12627
DA:29,1122
DA:32,2960
DA:33,2960
DA:34,2960
DA:36,200
DA:37,200
DA:40,1856
DA:41,9280
DA:42,7424
DA:44,1856
DA:47,200
DA:48,200
DA:49,0
DA:50,0
DA:51,0
DA:53,400
DA:54,600
DA:57,248
DA:58,248
DA:59,248
DA:60,1240
DA:61,992
DA:63,248
DA:64,496
DA:65,248
DA:68,900
DA:69,3600
DA:70,900
DA:74,442
DA:75,442
DA:76,442
DA:77,442
DA:82,18
DA:84,18
DA:85,18
DA:86,72
DA:87,18
DA:91,5376
DA:92,5376
DA:93,5376
DA:95,5376
DA:98,3032
DA:99,3032
DA:101,3032
DA:104,1856
DA:105,1856
DA:107,1856
DA:110,96
DA:111,96
DA:113,96
DA:116,4888
DA:117,4888
DA:120,144
DA:121,144
DA:124,344
DA:125,344
DA:128,2144
DA:129,2144
DA:130,2144
DA:131,8576
DA:132,2144
LF:62
LH:59
end_of_record
TN:
SF:/home/runner/work/SIPAI/SIPAI/libs/libsipai/include/RunnerVisitor.h
FN:19,_ZN5sipai13RunnerVisitorD0Ev
FN:19,_ZN5sipai13RunnerVisitorD2Ev
FNDA:0,_ZN5sipai13RunnerVisitorD0Ev
FNDA:2,_ZN5sipai13RunnerVisitorD2Ev
FNF:2
FNH:1
DA:19,2
LF:1
LH:1
end_of_record
TN:
SF:/home/runner/work/SIPAI/SIPAI/libs/libsipai/include/RunnerVisitorFactory.h
FN:17,_ZN5sipai20RunnerVisitorFactory27getTrainingMonitoredVisitorEv
FNDA:1,_ZN5sipai20RunnerVisitorFactory27getTrainingMonitoredVisitorEv
FNF:1
FNH:1
DA:17,1
DA:18,1
DA:19,1
DA:21,1
LF:4
LH:4
end_of_record
TN:
SF:/home/runner/work/SIPAI/SIPAI/libs/libsipai/include/SimpleLogger.h
FN:32,_ZN5sipai12SimpleLogger11getInstanceEv
FN:55,_ZNK5sipai12SimpleLogger3logIJRNSt7__cxx1112basic_stringIcSt11char_traitsIcESaIcEEEEEERKS0_NS_8LogLevelEbDpOT_
FN:55,_ZNK5sipai12SimpleLogger3logIJRA18_KcEEERKS0_NS_8LogLevelEbDpOT_
FN:55,_ZNK5sipai12SimpleLogger3logIJRA41_KcEEERKS0_NS_8LogLevelEbDpOT_
FN:55,_ZNK5sipai12SimpleLogger3logIJRA28_KcRiRA4_S2_RPS2_EEERKS0_NS_8LogLevelEbDpOT_
FN:55,_ZNK5sipai12SimpleLogger3logIJRA80_KcEEERKS0_NS_8LogLevelEbDpOT_
FN:55,_ZNK5sipai12SimpleLogger3logIJRA34_KcRPS2_EEERKS0_NS_8LogLevelEbDpOT_
FN:55,_ZNK5sipai12SimpleLogger3logIJRA39_KcEEERKS0_NS_8LogLevelEbDpOT_
FN:55,_ZNK5sipai12SimpleLogger3logIJRA8_KcRiRA15_S2_RfRA20_S2_S8_EEERKS0_NS_8LogLevelEbDpOT_
FN:55,_ZNK5sipai12SimpleLogger3logIJRA47_KcEEERKS0_NS_8LogLevelEbDpOT_
FN:55,_ZNK5sipai12SimpleLogger3logIJRA66_KcEEERKS0_NS_8LogLevelEbDpOT_
FN:55,_ZNK5sipai12SimpleLogger3logIJRA35_KcEEERKS0_NS_8LogLevelEbDpOT_
FN:55,_ZNK5sipai12SimpleLogger3logIJRA34_KcEEERKS0_NS_8LogLevelEbDpOT_
FN:55,_ZNK5sipai12SimpleLogger3logIJRA17_KcEEERKS0_NS_8LogLevelEbDpOT_
FN:55,_ZNK5sipai12SimpleLogger3logIJRA26_KcEEERKS0_NS_8LogLevelEbDpOT_
FN:180,_ZNK5sipai12SimpleLogger4infoIJRA39_KcEEERKS0_DpOT_
FN:180,_ZNK5sipai12SimpleLogger4infoIJRNSt7__cxx1112basic_stringIcSt11char_traitsIcESaIcEEEEEERKS0_DpOT_
FN:180,_ZNK5sipai12SimpleLogger4infoIJRA26_KcEEERKS0_DpOT_
FN:180,_ZNK5sipai12SimpleLogger4infoIJRA47_KcEEERKS0_DpOT_
FN:180,_ZNK5sipai12SimpleLogger4infoIJRA34_KcRPS2_EEERKS0_DpOT_
FN:180,_ZNK5sipai12SimpleLogger4infoIJRA18_KcEEERKS0_DpOT_
FN:180,_ZNK5sipai12SimpleLogger4infoIJRA66_KcEEERKS0_DpOT_
FN:180,_ZNK5sipai12SimpleLogger4infoIJRA35_KcEEERKS0_DpOT_
FN:180,_ZNK5sipai12SimpleLogger4infoIJRA41_KcEEERKS0_DpOT_
FN:180,_ZNK5sipai12SimpleLogger4infoIJRA17_KcEEERKS0_DpOT_
FN:180,_ZNK5sipai12SimpleLogger4infoIJRA8_KcRiRA15_S2_RfRA20_S2_S8_EEERKS0_DpOT_
FN:180,_ZNK5sipai12SimpleLogger4infoIJRA80_KcEEERKS0_DpOT_
FN:196,_ZNK5sipai12SimpleLogger4warnIJNSt7__cxx1112basic_stringIcSt11char_traitsIcESaIcEEEEEERKS0_DpOT_
FN:212,_ZNK5sipai12SimpleLogger5errorIJRA34_KcEEERKS0_DpOT_
FN:212,_ZNK5sipai12SimpleLogger5errorIJRA28_KcRiRA4_S2_RPS2_EEERKS0_DpOT_
FN:287,_ZN5sipai12SimpleLogger8LOG_INFOIJRA17_KcEEERKS0_DpOT_
FN:287,_ZN5sipai12SimpleLogger8LOG_INFOIJRA80_KcEEERKS0_DpOT_
FN:287,_ZN5sipai12SimpleLogger8LOG_INFOIJRA35_KcEEERKS0_DpOT_
FN:287,_ZN5sipai12SimpleLogger8LOG_INFOIJRA39_KcEEERKS0_DpOT_
FN:287,_ZN5sipai12SimpleLogger8LOG_INFOIJRA47_KcEEERKS0_DpOT_
FN:287,_ZN5sipai12SimpleLogger8LOG_INFOIJNSt7__cxx1112basic_stringIcSt11char_traitsIcESaIcEEEEEERKS0_DpOT_
FN:287,_ZN5sipai12SimpleLogger8LOG_INFOIJRA8_KcRiRA15_S2_RfRA20_S2_S8_EEERKS0_DpOT_
FN:287,_ZN5sipai12SimpleLogger8LOG_INFOIJRA41_KcEEERKS0_DpOT_
FN:287,_ZN5sipai12SimpleLogger8LOG_INFOIJRA26_KcEEERKS0_DpOT_
FN:287,_ZN5sipai12SimpleLogger8LOG_INFOIJRA18_KcEEERKS0_DpOT_
FN:287,_ZN5sipai12SimpleLogger8LOG_INFOIJRA34_KcPS2_EEERKS0_DpOT_
FN:287,_ZN5sipai12SimpleLogger8LOG_INFOIJRA66_KcEEERKS0_DpOT_
FN:315,_ZN5sipai12SimpleLogger9LOG_ERRORIJRA28_KcRiRA4_S2_PS2_EEERKS0_DpOT_
FN:315,_ZN5sipai12SimpleLogger9LOG_ERRORIJRA34_KcEEERKS0_DpOT_
FN:336,_ZN5sipai12SimpleLoggerC2Ev
FN:341,_ZNK5sipai12SimpleLogger13get_timestampB5cxx11Ev
FNDA:1,_ZNK5sipai12SimpleLogger4infoIJRNSt7__cxx1112basic_stringIcSt11char_traitsIcESaIcEEEEEERKS0_DpOT_
FNDA:4,_ZN5sipai12SimpleLogger8LOG_INFOIJRA35_KcEEERKS0_DpOT_
FNDA:0,_ZN5sipai12SimpleLogger9LOG_ERRORIJRA28_KcRiRA4_S2_PS2_EEERKS0_DpOT_
FNDA:1,_ZN5sipai12SimpleLoggerC2Ev
FNDA:0,_ZN5sipai12SimpleLogger8LOG_INFOIJRA80_KcEEERKS0_DpOT_
FNDA:0,_ZNK5sipai12SimpleLogger3logIJRA28_KcRiRA4_S2_RPS2_EEERKS0_NS_8LogLevelEbDpOT_
FNDA:4,_ZNK5sipai12SimpleLogger4infoIJRA39_KcEEERKS0_DpOT_
FNDA:4,_ZNK5sipai12SimpleLogger3logIJRA41_KcEEERKS0_NS_8LogLevelEbDpOT_
FNDA:1,_ZNK5sipai12SimpleLogger3logIJRNSt7__cxx1112basic_stringIcSt11char_traitsIcESaIcEEEEEERKS0_NS_8LogLevelEbDpOT_
FNDA:4,_ZNK5sipai12SimpleLogger3logIJRA18_KcEEERKS0_NS_8LogLevelEbDpOT_
FNDA:4,_ZN5sipai12SimpleLogger8LOG_INFOIJRA17_KcEEERKS0_DpOT_
FNDA:1,_ZNK5sipai12SimpleLogger4infoIJRA47_KcEEERKS0_DpOT_
FNDA:4,_ZNK5sipai12SimpleLogger4infoIJRA26_KcEEERKS0_DpOT_
FNDA:30,_ZN5sipai12SimpleLogger11getInstanceEv
FNDA:2,_ZN5sipai12SimpleLogger8LOG_INFOIJRA8_KcRiRA15_S2_RfRA20_S2_S8_EEERKS0_DpOT_
FNDA:29,_ZNK5sipai12SimpleLogger13get_timestampB5cxx11Ev
FNDA:0,_ZNK5sipai12SimpleLogger3logIJRA34_KcRPS2_EEERKS0_NS_8LogLevelEbDpOT_
FNDA:0,_ZNK5sipai12SimpleLogger5errorIJRA34_KcEEERKS0_DpOT_
FNDA:1,_ZN5sipai12SimpleLogger8LOG_INFOIJNSt7__cxx1112basic_stringIcSt11char_traitsIcESaIcEEEEEERKS0_DpOT_
FNDA:1,_ZN5sipai12SimpleLogger8LOG_INFOIJRA47_KcEEERKS0_DpOT_
FNDA:0,_ZNK5sipai12SimpleLogger3logIJRA80_KcEEERKS0_NS_8LogLevelEbDpOT_
FNDA:4,_ZN5sipai12SimpleLogger8LOG_INFOIJRA39_KcEEERKS0_DpOT_
FNDA:4,_ZNK5sipai12SimpleLogger4infoIJRA17_KcEEERKS0_DpOT_
FNDA:4,_ZNK5sipai12SimpleLogger4infoIJRA41_KcEEERKS0_DpOT_
FNDA:4,_ZNK5sipai12SimpleLogger3logIJRA35_KcEEERKS0_NS_8LogLevelEbDpOT_
FNDA:4,_ZNK5sipai12SimpleLogger4infoIJRA35_KcEEERKS0_DpOT_
FNDA:1,_ZNK5sipai12SimpleLogger4infoIJRA66_KcEEERKS0_DpOT_
FNDA:1,_ZNK5sipai12SimpleLogger3logIJRA66_KcEEERKS0_NS_8LogLevelEbDpOT_
FNDA:4,_ZNK5sipai12SimpleLogger4infoIJRA18_KcEEERKS0_DpOT_
FNDA:0,_ZNK5sipai12SimpleLogger4warnIJNSt7__cxx1112basic_stringIcSt11char_traitsIcESaIcEEEEEERKS0_DpOT_
FNDA:0,_ZNK5sipai12SimpleLogger5errorIJRA28_KcRiRA4_S2_RPS2_EEERKS0_DpOT_
FNDA:0,_ZN5sipai12SimpleLogger9LOG_ERRORIJRA34_KcEEERKS0_DpOT_
FNDA:1,_ZNK5sipai12SimpleLogger3logIJRA47_KcEEERKS0_NS_8LogLevelEbDpOT_
FNDA:0,_ZNK5sipai12SimpleLogger4infoIJRA34_KcRPS2_EEERKS0_DpOT_
FNDA:2,_ZNK5sipai12SimpleLogger3logIJRA8_KcRiRA15_S2_RfRA20_S2_S8_EEERKS0_NS_8LogLevelEbDpOT_
FNDA:4,_ZNK5sipai12SimpleLogger3logIJRA39_KcEEERKS0_NS_8LogLevelEbDpOT_
FNDA:1,_ZN5sipai12SimpleLogger8LOG_INFOIJRA66_KcEEERKS0_DpOT_
FNDA:0,_ZN5sipai12SimpleLogger8LOG_INFOIJRA34_KcPS2_EEERKS0_DpOT_
FNDA:4,_ZN5sipai12SimpleLogger8LOG_INFOIJRA18_KcEEERKS0_DpOT_
FNDA:4,_ZN5sipai12SimpleLogger8LOG_INFOIJRA26_KcEEERKS0_DpOT_
FNDA:4,_ZNK5sipai12SimpleLogger3logIJRA26_KcEEERKS0_NS_8LogLevelEbDpOT_
FNDA:4,_ZNK5sipai12SimpleLogger3logIJRA17_KcEEERKS0_NS_8LogLevelEbDpOT_
FNDA:0,_ZNK5sipai12SimpleLogger3logIJRA34_KcEEERKS0_NS_8LogLevelEbDpOT_
FNDA:0,_ZNK5sipai12SimpleLogger4infoIJRA80_KcEEERKS0_DpOT_
FNDA:4,_ZN5sipai12SimpleLogger8LOG_INFOIJRA41_KcEEERKS0_DpOT_
FNDA:2,_ZNK5sipai12SimpleLogger4infoIJRA8_KcRiRA15_S2_RfRA20_S2_S8_EEERKS0_DpOT_
FNF:46
FNH:33
DA:32,30
DA:33,30
DA:34,30
DA:55,29
DA:57,29
DA:58,29
DA:59,29
DA:60,29
DA:61,0
DA:62,0
DA:63,0
DA:64,0
DA:65,0
DA:66,0
DA:67,0
DA:68,0
DA:69,0
DA:70,0
DA:71,0
DA:72,0
DA:75,29
DA:76,29
DA:77,29
DA:78,29
DA:79,29
DA:80,29
DA:83,0
DA:84,0
DA:85,0
DA:86,0
DA:87,0
DA:91,29
DA:180,29
DA:181,29
DA:196,0
DA:197,0
DA:212,0
DA:213,0
DA:287,29
DA:288,29
DA:289,29
DA:290,58
DA:291,29
DA:315,0
DA:316,0
DA:317,0
DA:318,0
DA:319,0
DA:336,1
DA:341,29
DA:342,29
DA:343,29
DA:344,29
DA:345,29
DA:350,29
DA:352,29
DA:353,58
DA:354,29
LF:58
LH:32
end_of_record
TN:
SF:/home/runner/work/SIPAI/SIPAI/libs/libsipai/include/exception/FileReaderException.h
FN:13,_ZN5sipai19FileReaderExceptionC2ERKNSt7__cxx1112basic_stringIcSt11char_traitsIcESaIcEEE
FN:15,_ZNK5sipai19FileReaderException4whatEv
FNDA:1,_ZNK5sipai19FileReaderException4whatEv
FNDA:1,_ZN5sipai19FileReaderExceptionC2ERKNSt7__cxx1112basic_stringIcSt11char_traitsIcESaIcEEE
FNF:2
FNH:2
DA:13,1
DA:14,1
DA:15,1
LF:3
LH:3
end_of_record
TN:
SF:/home/runner/work/SIPAI/SIPAI/libs/libsipai/include/exception/ImageHelperException.h
FN:13,_ZN5sipai20ImageHelperExceptionC2ERKNSt7__cxx1112basic_stringIcSt11char_traitsIcESaIcEEE
FN:15,_ZNK5sipai20ImageHelperException4whatEv
FNDA:1,_ZN5sipai20ImageHelperExceptionC2ERKNSt7__cxx1112basic_stringIcSt11char_traitsIcESaIcEEE
FNDA:1,_ZNK5sipai20ImageHelperException4whatEv
FNF:2
FNH:2
DA:13,1
DA:14,1
DA:15,1
LF:3
LH:3
end_of_record
TN:
SF:/home/runner/work/SIPAI/SIPAI/libs/libsipai/include/exception/ImportExportException.h
FN:15,_ZN5sipai21ImportExportExceptionD2Ev
FN:15,_ZN5sipai21ImportExportExceptionD0Ev
FN:16,_ZN5sipai21ImportExportExceptionC2ERKNSt7__cxx1112basic_stringIcSt11char_traitsIcESaIcEEE
FN:18,_ZNK5sipai21ImportExportException4whatEv
FNDA:2,_ZNK5sipai21ImportExportException4whatEv
FNDA:2,_ZN5sipai21ImportExportExceptionC2ERKNSt7__cxx1112basic_stringIcSt11char_traitsIcESaIcEEE
FNDA:0,_ZN5sipai21ImportExportExceptionD0Ev
FNDA:2,_ZN5sipai21ImportExportExceptionD2Ev
FNF:4
FNH:3
DA:15,2
DA:16,2
DA:17,2
DA:18,2
LF:4
LH:4
end_of_record
TN:
SF:/home/runner/work/SIPAI/SIPAI/libs/libsipai/include/exception/ManagerException.h
FN:12,_ZN5sipai16ManagerExceptionC2ERKNSt7__cxx1112basic_stringIcSt11char_traitsIcESaIcEEE
FN:13,_ZNK5sipai16ManagerException4whatEv
FNDA:1,_ZNK5sipai16ManagerException4whatEv
FNDA:1,_ZN5sipai16ManagerExceptionC2ERKNSt7__cxx1112basic_stringIcSt11char_traitsIcESaIcEEE
FNF:2
FNH:2
DA:12,1
DA:13,1
LF:2
LH:2
end_of_record
TN:
SF:/home/runner/work/SIPAI/SIPAI/libs/libsipai/include/exception/NetworkException.h
FN:13,_ZN5sipai16NetworkExceptionC2ERKNSt7__cxx1112basic_stringIcSt11char_traitsIcESaIcEEE
FN:14,_ZNK5sipai16NetworkException4whatEv
FNDA:2,_ZNK5sipai16NetworkException4whatEv
FNDA:2,_ZN5sipai16NetworkExceptionC2ERKNSt7__cxx1112basic_stringIcSt11char_traitsIcESaIcEEE
FNF:2
FNH:2
DA:13,2
DA:14,2
LF:2
LH:2
end_of_record
TN:
SF:/home/runner/work/SIPAI/SIPAI/libs/libsipai/src/Manager.cpp
FN:14,_ZN5sipai7Manager9loadImageERKNSt7__cxx1112basic_stringIcSt11char_traitsIcESaIcEEERmS9_mm
FN:31,_ZN5sipai7Manager9saveImageERKNSt7__cxx1112basic_stringIcSt11char_traitsIcESaIcEEERKSt6vectorINS_4RGBAESaISA_EEmm
FN:37,_ZN5sipai7Manager9saveImageERKNSt7__cxx1112basic_stringIcSt11char_traitsIcESaIcEEERKSt6vectorINS_4RGBAESaISA_EEmmmm
FN:46,_ZN5sipai7Manager21createOrImportNetworkEv
FN:52,_ZN5sipai7Manager13exportNetworkEv
FN:56,_ZN5sipai7Manager3runEv
FN:68,_ZN5sipai7Manager14runWithVisitorERKNS_13RunnerVisitorE
FN:76,_ZN5sipai7Manager16loadTrainingDataB5cxx11Ev
FN:80,_ZN5sipai7Manager9splitDataESt6vectorISt4pairINSt7__cxx1112basic_stringIcSt11char_traitsIcESaIcEEES8_ESaIS9_EEf
FN:106,_ZN5sipai7Manager14computeMSELossERKSt6vectorINS_4RGBAESaIS2_EES6_
FNDA:2,_ZN5sipai7Manager13exportNetworkEv
FNDA:2,_ZN5sipai7Manager14runWithVisitorERKNS_13RunnerVisitorE
FNDA:1,_ZN5sipai7Manager9saveImageERKNSt7__cxx1112basic_stringIcSt11char_traitsIcESaIcEEERKSt6vectorINS_4RGBAESaISA_EEmm
FNDA:3,_ZN5sipai7Manager16loadTrainingDataB5cxx11Ev
FNDA:2,_ZN5sipai7Manager9splitDataESt6vectorISt4pairINSt7__cxx1112basic_stringIcSt11char_traitsIcESaIcEEES8_ESaIS9_EEf
FNDA:22,_ZN5sipai7Manager14computeMSELossERKSt6vectorINS_4RGBAESaIS2_EES6_
FNDA:5,_ZN5sipai7Manager21createOrImportNetworkEv
FNDA:1,_ZN5sipai7Manager9saveImageERKNSt7__cxx1112basic_stringIcSt11char_traitsIcESaIcEEERKSt6vectorINS_4RGBAESaISA_EEmmmm
FNDA:43,_ZN5sipai7Manager9loadImageERKNSt7__cxx1112basic_stringIcSt11char_traitsIcESaIcEEERmS9_mm
FNDA:1,_ZN5sipai7Manager3runEv
FNF:10
FNH:10
DA:14,43
DA:18,43
DA:21,43
DA:22,43
DA:23,43
DA:26,43
DA:28,86
DA:29,43
DA:31,1
DA:34,1
DA:35,1
DA:37,1
DA:41,1
DA:42,1
DA:43,1
DA:44,1
DA:46,5
DA:47,5
DA:48,5
DA:50,5
DA:52,2
DA:53,2
DA:54,2
DA:56,1
DA:57,1
DA:59,1
DA:60,1
DA:61,1
DA:62,1
DA:63,0
DA:64,0
DA:66,1
DA:68,2
DA:70,2
DA:73,2
DA:74,2
DA:76,3
DA:77,6
DA:80,2
DA:83,2
DA:84,2
DA:85,2
DA:88,2
DA:91,2
DA:92,2
DA:94,4
DA:95,2
DA:106,22
DA:108,22
DA:109,0
DA:110,0
DA:113,22
DA:114,222
DA:115,200
DA:118,22
LF:55
LH:51
end_of_record
TN:
SF:/home/runner/work/SIPAI/SIPAI/libs/libsipai/src/NetworkImportExportCSV.cpp
FN:18,_ZNK5sipai28NeuralNetworkImportExportCSV20importNeuronsWeightsERSt10unique_ptrINS_13NeuralNetworkESt14default_deleteIS2_EE
FN:21,_ZZNK5sipai28NeuralNetworkImportExportCSV20importNeuronsWeightsERSt10unique_ptrINS_13NeuralNetworkESt14default_deleteIS2_EEENKUlRKSt6vectorIN3Csv13CellReferenceESaIS9_EEE_clESD_
FN:33,_ZZNK5sipai28NeuralNetworkImportExportCSV20importNeuronsWeightsERSt10unique_ptrINS_13NeuralNetworkESt14default_deleteIS2_EEENKUlRKSt6vectorIN3Csv13CellReferenceESaIS9_EEE0_clESD_
FN:48,_ZZNK5sipai28NeuralNetworkImportExportCSV20importNeuronsWeightsERSt10unique_ptrINS_13NeuralNetworkESt14default_deleteIS2_EEENKUlRSt6vectorINS_4RGBAESaIS8_EERKS7_IN3Csv13CellReferenceESaISD_EEE1_clESB_SH_
FN:123,_ZZNK5sipai28NeuralNetworkImportExportCSV20importNeuronsWeightsERSt10unique_ptrINS_13NeuralNetworkESt14default_deleteIS2_EEENKUlRNS_10ConnectionERKNS_4RGBAEE2_clES8_SB_
FN:137,_ZNK5sipai28NeuralNetworkImportExportCSV20exportNeuronsWeightsEv
FNDA:2,_ZNK5sipai28NeuralNetworkImportExportCSV20exportNeuronsWeightsEv
FNDA:1,_ZNK5sipai28NeuralNetworkImportExportCSV20importNeuronsWeightsERSt10unique_ptrINS_13NeuralNetworkESt14default_deleteIS2_EE
FNDA:1055,_ZZNK5sipai28NeuralNetworkImportExportCSV20importNeuronsWeightsERSt10unique_ptrINS_13NeuralNetworkESt14default_deleteIS2_EEENKUlRSt6vectorINS_4RGBAESaIS8_EERKS7_IN3Csv13CellReferenceESaISD_EEE1_clESB_SH_
FNDA:1055,_ZZNK5sipai28NeuralNetworkImportExportCSV20importNeuronsWeightsERSt10unique_ptrINS_13NeuralNetworkESt14default_deleteIS2_EEENKUlRKSt6vectorIN3Csv13CellReferenceESaIS9_EEE0_clESD_
FNDA:0,_ZZNK5sipai28NeuralNetworkImportExportCSV20importNeuronsWeightsERSt10unique_ptrINS_13NeuralNetworkESt14default_deleteIS2_EEENKUlRNS_10ConnectionERKNS_4RGBAEE2_clES8_SB_
FNDA:114,_ZZNK5sipai28NeuralNetworkImportExportCSV20importNeuronsWeightsERSt10unique_ptrINS_13NeuralNetworkESt14default_deleteIS2_EEENKUlRKSt6vectorIN3Csv13CellReferenceESaIS9_EEE_clESD_
FNF:6
FNH:5
DA:18,1
DA:21,114
DA:23,114
DA:24,114
DA:25,95
DA:27,19
DA:33,1055
DA:34,1055
DA:35,1551
DA:36,1551
DA:37,1551
DA:38,496
DA:40,1055
DA:43,0
DA:48,1055
DA:49,1055
DA:50,1055
DA:51,1055
DA:52,0
DA:54,1055
DA:57,1
DA:58,1
DA:59,2
DA:60,3
DA:61,1
DA:62,1
DA:63,0
DA:67,1
DA:68,1
DA:69,1
DA:70,1
DA:71,40
DA:72,39
DA:73,39
DA:74,1
DA:75,1
DA:77,38
DA:80,38
DA:81,38
DA:82,0
DA:83,0
DA:84,0
DA:85,0
DA:86,0
DA:88,38
DA:89,0
DA:90,0
DA:91,0
DA:93,38
DA:94,0
DA:98,38
DA:99,38
DA:100,38
DA:101,38
DA:103,38
DA:104,38
DA:105,38
DA:106,38
DA:108,19
DA:109,19
DA:110,19
DA:111,19
DA:113,0
DA:114,0
DA:115,0
DA:116,0
DA:117,0
DA:118,0
DA:119,0
DA:121,0
DA:123,0
DA:124,0
DA:125,0
DA:129,38
DA:130,0
DA:131,0
DA:132,38
DA:134,1
DA:135,1
DA:137,2
DA:139,2
DA:140,2
DA:141,4
DA:142,6
DA:143,2
DA:146,2
DA:147,2
DA:148,8
DA:149,44
DA:150,38
DA:151,4
DA:157,2
DA:158,14
DA:159,12
DA:160,12
DA:162,2
DA:165,8
DA:167,6
DA:168,44
DA:170,38
DA:174,38
DA:176,266
DA:177,228
DA:178,156
DA:182,72
DA:185,38
DA:189,38
DA:190,38
DA:191,266
DA:192,228
DA:193,92
DA:196,136
DA:199,38
DA:203,2
DA:204,2
LF:115
LH:90
end_of_record
TN:
SF:/home/runner/work/SIPAI/SIPAI/libs/libsipai/src/NetworkImportExportFacade.cpp
FN:10,_ZN5sipai31NeuralNetworkImportExportFacade11importModelEv
FN:20,_ZNK5sipai31NeuralNetworkImportExportFacade11exportModelEv
FNDA:2,_ZNK5sipai31NeuralNetworkImportExportFacade11exportModelEv
FNDA:1,_ZN5sipai31NeuralNetworkImportExportFacade11importModelEv
FNF:2
FNH:2
DA:10,1
DA:12,1
DA:13,1
DA:14,2
DA:15,1
DA:16,0
DA:17,0
DA:20,2
DA:22,2
DA:23,2
DA:24,0
DA:25,0
DA:26,0
DA:27,2
LF:14
LH:9
end_of_record
TN:
SF:/home/runner/work/SIPAI/SIPAI/libs/libsipai/src/NetworkImportExportJSON.cpp
FN:14,_ZN5sipai29NeuralNetworkImportExportJSON11importModelEv
FN:142,_ZNK5sipai29NeuralNetworkImportExportJSON11exportModelEv
FNDA:1,_ZN5sipai29NeuralNetworkImportExportJSON11importModelEv
FNDA:2,_ZNK5sipai29NeuralNetworkImportExportJSON11exportModelEv
FNF:2
FNH:2
DA:14,1
DA:16,1
DA:17,1
DA:19,1
DA:20,0
DA:23,1
DA:24,1
DA:25,1
DA:26,1
DA:28,1
DA:29,1
DA:31,1
DA:32,0
DA:35,1
DA:36,0
DA:37,0
DA:39,1
DA:42,1
DA:44,1
DA:45,1
DA:46,0
DA:47,0
DA:48,0
DA:49,1
DA:52,1
DA:53,1
DA:54,1
DA:55,1
DA:56,1
DA:57,1
DA:58,1
DA:59,1
DA:60,1
DA:61,1
DA:62,1
DA:63,1
DA:64,1
DA:65,1
DA:66,1
DA:67,1
DA:68,1
DA:69,1
DA:71,4
DA:73,3
DA:74,3
DA:78,3
DA:79,3
DA:80,1
DA:81,1
DA:82,1
DA:83,1
DA:84,1
DA:85,1
DA:86,1
DA:87,1
DA:88,1
DA:89,1
DA:90,1
DA:91,1
DA:92,1
DA:93,1
DA:94,1
DA:95,0
DA:96,0
DA:100,3
DA:101,22
DA:102,19
DA:107,3
DA:108,1
DA:109,1
DA:110,1
DA:111,1
DA:113,1
DA:114,1
DA:115,1
DA:117,1
DA:118,0
DA:119,0
DA:123,3
DA:124,3
DA:126,1
DA:127,0
DA:130,1
DA:131,0
DA:134,1
DA:135,2
DA:137,1
DA:138,0
DA:139,0
DA:140,1
DA:142,2
DA:144,2
DA:145,2
DA:146,2
DA:147,2
DA:150,2
DA:153,8
DA:154,6
DA:155,42
DA:156,6
DA:157,6
DA:160,2
DA:161,2
DA:162,2
DA:163,4
DA:164,2
DA:165,4
DA:166,2
DA:167,4
DA:168,2
DA:169,4
DA:170,2
DA:171,4
DA:172,2
DA:173,4
DA:174,2
DA:175,4
DA:176,2
DA:177,4
DA:178,2
DA:179,4
DA:180,2
DA:181,4
DA:185,2
DA:186,2
DA:187,2
DA:188,44
LF:127
LH:112
end_of_record
TN:
SF:/home/runner/work/SIPAI/SIPAI/libs/libsipai/src/NeuralNetwork.cpp
FN:11,_ZN5sipai13NeuralNetwork10initializeEv
FN:33,_ZN5sipai13NeuralNetwork18forwardPropagationERKSt6vectorINS_4RGBAESaIS2_EE
FN:47,_ZN5sipai13NeuralNetwork19backwardPropagationERKSt6vectorINS_4RGBAESaIS2_EE
FN:58,_ZN5sipai13NeuralNetwork9addLayersEv
FN:83,_ZN5sipai13NeuralNetwork10bindLayersEv
FN:94,_ZNK5sipai13NeuralNetwork17initializeWeightsEv
FN:104,_ZN5sipai13NeuralNetwork19initializeNeighborsEv
FN:130,_ZN5sipai13NeuralNetwork18addNeuronNeighborsERNS_6NeuronEPNS_5LayerEmiib
FN:164,_ZZN5sipai13NeuralNetwork18addNeuronNeighborsERNS_6NeuronEPNS_5LayerEmiibENKUlRfE_clES5_
FN:174,_ZNK5sipai13NeuralNetwork21SetActivationFunctionEPNS_5LayerENS_19EActivationFunctionEf
FN:180,_ZZNK5sipai13NeuralNetwork21SetActivationFunctionEPNS_5LayerENS_19EActivationFunctionEfENKUlT_E_clINS_4RGBAEEEDaS4_
FN:181,_ZZNK5sipai13NeuralNetwork21SetActivationFunctionEPNS_5LayerENS_19EActivationFunctionEfENKUlT_E0_clINS_4RGBAEEEDaS4_
FN:190,_ZZNK5sipai13NeuralNetwork21SetActivationFunctionEPNS_5LayerENS_19EActivationFunctionEfENKUlT_E1_clINS_4RGBAEEEDaS4_
FN:193,_ZZNK5sipai13NeuralNetwork21SetActivationFunctionEPNS_5LayerENS_19EActivationFunctionEfENKUlT_E2_clINS_4RGBAEEEDaS4_
FN:211,_ZN5sipai13NeuralNetwork13updateWeightsEf
FNDA:4,_ZNK5sipai13NeuralNetwork17initializeWeightsEv
FNDA:4,_ZZNK5sipai13NeuralNetwork21SetActivationFunctionEPNS_5LayerENS_19EActivationFunctionEfENKUlT_E1_clINS_4RGBAEEEDaS4_
FNDA:4,_ZZNK5sipai13NeuralNetwork21SetActivationFunctionEPNS_5LayerENS_19EActivationFunctionEfENKUlT_E0_clINS_4RGBAEEEDaS4_
FNDA:5,_ZN5sipai13NeuralNetwork10bindLayersEv
FNDA:20,_ZN5sipai13NeuralNetwork18forwardPropagationERKSt6vectorINS_4RGBAESaIS2_EE
FNDA:4,_ZN5sipai13NeuralNetwork10initializeEv
FNDA:16,_ZN5sipai13NeuralNetwork19backwardPropagationERKSt6vectorINS_4RGBAESaIS2_EE
FNDA:4,_ZZNK5sipai13NeuralNetwork21SetActivationFunctionEPNS_5LayerENS_19EActivationFunctionEfENKUlT_E2_clINS_4RGBAEEEDaS4_
FNDA:4,_ZN5sipai13NeuralNetwork9addLayersEv
FNDA:18,_ZNK5sipai13NeuralNetwork21SetActivationFunctionEPNS_5LayerENS_19EActivationFunctionEf
FNDA:792,_ZZN5sipai13NeuralNetwork18addNeuronNeighborsERNS_6NeuronEPNS_5LayerEmiibENKUlRfE_clES5_
FNDA:16,_ZN5sipai13NeuralNetwork13updateWeightsEf
FNDA:101,_ZN5sipai13NeuralNetwork18addNeuronNeighborsERNS_6NeuronEPNS_5LayerEmiib
FNDA:4,_ZN5sipai13NeuralNetwork19initializeNeighborsEv
FNDA:6,_ZZNK5sipai13NeuralNetwork21SetActivationFunctionEPNS_5LayerENS_19EActivationFunctionEfENKUlT_E_clINS_4RGBAEEEDaS4_
FNF:15
FNH:15
DA:11,4
DA:12,4
DA:13,0
DA:15,4
DA:16,4
DA:17,4
DA:19,4
DA:20,4
DA:22,4
DA:23,4
DA:25,4
DA:26,4
DA:28,4
DA:29,4
DA:33,20
DA:34,20
DA:35,0
DA:37,20
DA:38,0
DA:40,20
DA:41,80
DA:42,60
DA:44,20
DA:47,16
DA:49,16
DA:50,0
DA:52,16
DA:53,64
DA:54,48
DA:56,16
DA:58,4
DA:59,4
DA:60,4
DA:61,4
DA:62,4
DA:63,4
DA:65,9
DA:66,5
DA:67,5
DA:68,5
DA:69,5
DA:70,5
DA:71,5
DA:72,5
DA:75,4
DA:76,4
DA:77,4
DA:78,4
DA:79,4
DA:80,4
DA:81,4
DA:83,5
DA:84,21
DA:85,16
DA:86,11
DA:88,16
DA:89,11
DA:92,5
DA:94,4
DA:95,17
DA:96,13
DA:97,75
DA:98,66
DA:102,4
DA:104,4
DA:105,4
DA:106,17
DA:107,13
DA:108,13
DA:110,13
DA:111,4
DA:112,4
DA:113,9
DA:114,5
DA:115,5
DA:116,4
DA:117,4
DA:118,4
DA:120,0
DA:123,95
DA:124,82
DA:128,4
DA:130,101
DA:134,101
DA:135,0
DA:138,101
DA:139,101
DA:144,101
DA:147,101
DA:148,505
DA:149,404
DA:150,404
DA:151,404
DA:152,244
DA:153,244
DA:155,244
DA:156,244
DA:159,198
DA:160,198
DA:162,198
DA:163,198
DA:164,792
DA:165,792
DA:166,792
DA:167,198
DA:169,244
DA:172,101
DA:174,18
DA:177,18
DA:178,1
DA:179,1
DA:180,8
DA:181,1
DA:182,4
DA:184,1
DA:185,12
DA:186,12
DA:187,12
DA:188,1
DA:189,1
DA:190,2
DA:191,4
DA:193,1
DA:194,4
DA:196,1
DA:197,1
DA:198,1
DA:199,1
DA:200,1
DA:201,1
DA:202,1
DA:203,1
DA:204,1
DA:205,1
DA:206,1
DA:207,1
DA:209,17
DA:211,16
DA:212,64
DA:213,48
DA:215,16
LF:141
LH:135
end_of_record
TN:
SF:/home/runner/work/SIPAI/SIPAI/libs/libsipai/src/NeuralNetworkBuilder.cpp
FN:8,_ZN5sipai20NeuralNetworkBuilder5buildEv
FNDA:5,_ZN5sipai20NeuralNetworkBuilder5buildEv
FNF:1
FNH:1
DA:8,5
DA:9,5
DA:10,5
DA:13,7
DA:14,7
DA:15,1
DA:16,1
DA:17,1
DA:18,4
DA:19,4
DA:22,5
LF:11
LH:11
end_of_record
TN:
SF:/home/runner/work/SIPAI/SIPAI/libs/libsipai/src/TrainingDataFileReaderCSV.cpp
FN:12,_ZN5sipai25TrainingDataFileReaderCSV15getTrainingDataB5cxx11Ev
FNDA:3,_ZN5sipai25TrainingDataFileReaderCSV15getTrainingDataB5cxx11Ev
FNF:1
FNH:1
DA:12,3
DA:14,3
DA:15,3
DA:16,0
DA:21,3
DA:22,3
DA:23,0
DA:26,3
DA:27,3
DA:28,3
DA:29,3
DA:30,3
DA:31,36
DA:33,33
DA:34,3
DA:36,30
DA:37,30
DA:38,30
DA:39,0
DA:40,0
DA:42,30
DA:43,30
DA:44,30
DA:45,30
DA:46,30
DA:47,30
DA:48,0
DA:49,0
DA:50,0
DA:56,6
DA:57,3
LF:31
LH:24
end_of_record
TN:
SF:/home/runner/work/SIPAI/SIPAI/libs/libsipai/src/TrainingMonitoredVisitor.cpp
FN:11,_Z13signalHandleri
FN:20,_ZNK5sipai24TrainingMonitoredVisitor5visitEv
FN:72,_ZNK5sipai24TrainingMonitoredVisitor12trainOnEpochERKSt6vectorISt4pairINSt7__cxx1112basic_stringIcSt11char_traitsIcESaIcEEES8_ESaIS9_EE
FN:99,_ZNK5sipai24TrainingMonitoredVisitor23evaluateOnValidationSetERKSt6vectorISt4pairINSt7__cxx1112basic_stringIcSt11char_traitsIcESaIcEEES8_ESaIS9_EE
FN:123,_ZNK5sipai24TrainingMonitoredVisitor22shouldContinueTrainingEiiRKNS_9AppParamsE
FN:133,_ZNK5sipai24TrainingMonitoredVisitor19logTrainingProgressEiff
FNDA:0,_Z13signalHandleri
FNDA:2,_ZNK5sipai24TrainingMonitoredVisitor12trainOnEpochERKSt6vectorISt4pairINSt7__cxx1112basic_stringIcSt11char_traitsIcESaIcEEES8_ESaIS9_EE
FNDA:3,_ZNK5sipai24TrainingMonitoredVisitor22shouldContinueTrainingEiiRKNS_9AppParamsE
FNDA:1,_ZNK5sipai24TrainingMonitoredVisitor5visitEv
FNDA:2,_ZNK5sipai24TrainingMonitoredVisitor19logTrainingProgressEiff
FNDA:2,_ZNK5sipai24TrainingMonitoredVisitor23evaluateOnValidationSetERKSt6vectorISt4pairINSt7__cxx1112basic_stringIcSt11char_traitsIcESaIcEEES8_ESaIS9_EE
FNF:6
FNH:5
DA:11,0
DA:12,0
DA:13,0
DA:16,0
DA:18,0
DA:20,1
DA:21,1
DA:23,1
DA:24,1
DA:27,1
DA:28,1
DA:29,0
DA:30,0
DA:34,1
DA:35,1
DA:38,1
DA:41,1
DA:43,1
DA:44,1
DA:45,1
DA:47,6
DA:48,3
DA:49,2
DA:50,2
DA:52,2
DA:54,2
DA:55,1
DA:56,1
DA:58,1
DA:61,2
DA:64,1
DA:66,1
DA:67,0
DA:68,0
DA:69,0
DA:70,1
DA:72,2
DA:74,2
DA:75,2
DA:76,18
DA:83,16
DA:86,16
DA:89,16
DA:90,16
DA:92,16
DA:93,16
DA:94,16
DA:95,2
DA:96,2
DA:99,2
DA:101,2
DA:102,2
DA:103,6
DA:110,4
DA:113,4
DA:116,4
DA:117,4
DA:118,4
DA:119,2
DA:120,2
DA:123,3
DA:125,3
DA:126,3
DA:127,3
DA:128,3
DA:130,3
DA:133,2
DA:136,2
DA:138,2
LF:69
LH:59
end_of_record
