TN:
SF:/home/runner/work/SIPAI/SIPAI/libs/libsipai/include/ActivationFunctions.h
FN:42,_ZNK5sipai7sigmoidMUlRKNS_4RGBAEE_clES2_
FN:43,_ZZNK5sipai7sigmoidMUlRKNS_4RGBAEE_clES2_ENKUlfE_clEf
FN:49,_ZNK5sipai17sigmoidDerivativeMUlRKNS_4RGBAEE_clES2_
FN:51,_ZZNK5sipai17sigmoidDerivativeMUlRKNS_4RGBAEE_clES2_ENKUlfE_clEf
FN:59,_ZNK5sipai8tanhFuncMUlRKNS_4RGBAEE_clES2_
FN:60,_ZZNK5sipai8tanhFuncMUlRKNS_4RGBAEE_clES2_ENKUlfE_clEf
FN:65,_ZNK5sipai14tanhDerivativeMUlRKNS_4RGBAEE_clES2_
FN:67,_ZZNK5sipai14tanhDerivativeMUlRKNS_4RGBAEE_clES2_ENKUlfE_clEf
FN:80,_ZNK5sipai4reluMUlRKNS_4RGBAEE_clES2_
FN:81,_ZZNK5sipai4reluMUlRKNS_4RGBAEE_clES2_ENKUlfE_clEf
FN:83,_ZNK5sipai14reluDerivativeMUlRKNS_4RGBAEE_clES2_
FN:84,_ZZNK5sipai14reluDerivativeMUlRKNS_4RGBAEE_clES2_ENKUlfE_clEf
FN:93,_ZNK5sipai9leakyReluMUlRKNS_4RGBAEE_clES2_
FN:95,_ZZNK5sipai9leakyReluMUlRKNS_4RGBAEE_clES2_ENKUlfE_clEf
FN:98,_ZNK5sipai19leakyReluDerivativeMUlRKNS_4RGBAEE_clES2_
FN:99,_ZZNK5sipai19leakyReluDerivativeMUlRKNS_4RGBAEE_clES2_ENKUlfE_clEf
FN:108,_ZNK5sipai14parametricReluMUlRKNS_4RGBAEfE_clES2_f
FN:110,_ZZNK5sipai14parametricReluMUlRKNS_4RGBAEfE_clES2_fENKUlffE_clEff
FN:118,_ZNK5sipai24parametricReluDerivativeMUlRKNS_4RGBAEfE_clES2_f
FN:119,_ZZNK5sipai24parametricReluDerivativeMUlRKNS_4RGBAEfE_clES2_fENKUlffE_clEff
FN:131,_ZNK5sipai3eluMUlRKNS_4RGBAEfE_clES2_f
FN:133,_ZZNK5sipai3eluMUlRKNS_4RGBAEfE_clES2_fENKUlffE_clEff
FN:140,_ZNK5sipai13eluDerivativeMUlRKNS_4RGBAEfE_clES2_f
FN:142,_ZZNK5sipai13eluDerivativeMUlRKNS_4RGBAEfE_clES2_fENKUlffE_clEff
FNDA:1216,_ZZNK5sipai9leakyReluMUlRKNS_4RGBAEE_clES2_ENKUlfE_clEf
FNDA:4,_ZNK5sipai14parametricReluMUlRKNS_4RGBAEfE_clES2_f
FNDA:32,_ZZNK5sipai7sigmoidMUlRKNS_4RGBAEE_clES2_ENKUlfE_clEf
FNDA:16,_ZZNK5sipai13eluDerivativeMUlRKNS_4RGBAEfE_clES2_fENKUlffE_clEff
FNDA:4,_ZNK5sipai17sigmoidDerivativeMUlRKNS_4RGBAEE_clES2_
FNDA:4,_ZNK5sipai14reluDerivativeMUlRKNS_4RGBAEE_clES2_
FNDA:16,_ZZNK5sipai24parametricReluDerivativeMUlRKNS_4RGBAEfE_clES2_fENKUlffE_clEff
FNDA:6,_ZNK5sipai14tanhDerivativeMUlRKNS_4RGBAEE_clES2_
FNDA:12,_ZNK5sipai8tanhFuncMUlRKNS_4RGBAEE_clES2_
FNDA:24,_ZZNK5sipai14tanhDerivativeMUlRKNS_4RGBAEE_clES2_ENKUlfE_clEf
FNDA:4,_ZNK5sipai13eluDerivativeMUlRKNS_4RGBAEfE_clES2_f
FNDA:16,_ZZNK5sipai4reluMUlRKNS_4RGBAEE_clES2_ENKUlfE_clEf
FNDA:4,_ZNK5sipai4reluMUlRKNS_4RGBAEE_clES2_
FNDA:16,_ZZNK5sipai14parametricReluMUlRKNS_4RGBAEfE_clES2_fENKUlffE_clEff
FNDA:16,_ZZNK5sipai17sigmoidDerivativeMUlRKNS_4RGBAEE_clES2_ENKUlfE_clEf
FNDA:8,_ZNK5sipai7sigmoidMUlRKNS_4RGBAEE_clES2_
FNDA:400,_ZZNK5sipai19leakyReluDerivativeMUlRKNS_4RGBAEE_clES2_ENKUlfE_clEf
FNDA:48,_ZZNK5sipai8tanhFuncMUlRKNS_4RGBAEE_clES2_ENKUlfE_clEf
FNDA:4,_ZNK5sipai24parametricReluDerivativeMUlRKNS_4RGBAEfE_clES2_f
FNDA:100,_ZNK5sipai19leakyReluDerivativeMUlRKNS_4RGBAEE_clES2_
FNDA:304,_ZNK5sipai9leakyReluMUlRKNS_4RGBAEE_clES2_
FNDA:24,_ZZNK5sipai3eluMUlRKNS_4RGBAEfE_clES2_fENKUlffE_clEff
FNDA:16,_ZZNK5sipai14reluDerivativeMUlRKNS_4RGBAEE_clES2_ENKUlfE_clEf
FNDA:6,_ZNK5sipai3eluMUlRKNS_4RGBAEfE_clES2_f
FNF:24
FNH:24
DA:42,8
DA:43,16
DA:45,32
DA:46,32
DA:47,16
DA:49,4
DA:50,4
DA:51,20
DA:59,12
DA:60,24
DA:62,48
DA:63,24
DA:65,6
DA:66,6
DA:67,30
DA:80,4
DA:81,20
DA:83,4
DA:84,20
DA:93,304
DA:94,608
DA:95,1824
DA:98,100
DA:99,500
DA:108,4
DA:109,8
DA:110,4
DA:112,16
DA:113,16
DA:115,8
DA:118,4
DA:119,24
DA:120,8
DA:131,6
DA:132,12
DA:133,6
DA:134,24
DA:135,24
DA:137,12
DA:140,4
DA:141,8
DA:142,20
DA:143,8
LF:43
LH:43
end_of_record
TN:
SF:/home/runner/work/SIPAI/SIPAI/libs/libsipai/include/Layer.h
FN:31,_ZN5sipai5LayerC2ENS_9LayerTypeE
FN:32,_ZN5sipai5LayerD2Ev
FN:32,_ZN5sipai5LayerD0Ev
FN:45,_ZN5sipai5Layer18forwardPropagationEb
FN:60,_ZN5sipai5Layer19backwardPropagationEb
FN:77,_ZN5sipai5Layer13updateWeightsEfb
FN:88,_ZNK5sipai5Layer15getLayerTypeStrB5cxx11Ev
FN:97,_ZN5sipai5Layer21setActivationFunctionERKSt8functionIFNS_4RGBAES2_EES6_
FN:115,_ZN5sipai5Layer8_forwardIN6__pstl9execution2v127parallel_unsequenced_policyEEEvT_
FN:115,_ZN5sipai5Layer8_forwardIN6__pstl9execution2v116sequenced_policyEEEvT_
FN:120,_ZZN5sipai5Layer8_forwardIN6__pstl9execution2v127parallel_unsequenced_policyEEEvT_ENKUlRNS_6NeuronEE_clES8_
FN:120,_ZZN5sipai5Layer8_forwardIN6__pstl9execution2v116sequenced_policyEEEvT_ENKUlRNS_6NeuronEE_clES8_
FN:132,_ZN5sipai5Layer9_backwardIN6__pstl9execution2v116sequenced_policyEEEvT_
FN:132,_ZN5sipai5Layer9_backwardIN6__pstl9execution2v127parallel_unsequenced_policyEEEvT_
FN:139,_ZZN5sipai5Layer9_backwardIN6__pstl9execution2v127parallel_unsequenced_policyEEEvT_ENKUlRNS_6NeuronEE_clES8_
FN:139,_ZZN5sipai5Layer9_backwardIN6__pstl9execution2v116sequenced_policyEEEvT_ENKUlRNS_6NeuronEE_clES8_
FN:166,_ZN5sipai5Layer7_updateIN6__pstl9execution2v116sequenced_policyEEEvT_f
FN:166,_ZN5sipai5Layer7_updateIN6__pstl9execution2v127parallel_unsequenced_policyEEEvT_f
FN:173,_ZZN5sipai5Layer7_updateIN6__pstl9execution2v127parallel_unsequenced_policyEEEvT_fENKUlRNS_6NeuronEE_clES8_
FN:173,_ZZN5sipai5Layer7_updateIN6__pstl9execution2v116sequenced_policyEEEvT_fENKUlRNS_6NeuronEE_clES8_
FNDA:96,_ZZN5sipai5Layer9_backwardIN6__pstl9execution2v116sequenced_policyEEEvT_ENKUlRNS_6NeuronEE_clES8_
FNDA:16,_ZN5sipai5Layer9_backwardIN6__pstl9execution2v116sequenced_policyEEEvT_
FNDA:300,_ZZN5sipai5Layer8_forwardIN6__pstl9execution2v116sequenced_policyEEEvT_ENKUlRNS_6NeuronEE_clES8_
FNDA:240,_ZZN5sipai5Layer7_updateIN6__pstl9execution2v116sequenced_policyEEEvT_fENKUlRNS_6NeuronEE_clES8_
FNDA:0,_ZZN5sipai5Layer8_forwardIN6__pstl9execution2v127parallel_unsequenced_policyEEEvT_ENKUlRNS_6NeuronEE_clES8_
FNDA:17,_ZN5sipai5LayerC2ENS_9LayerTypeE
FNDA:0,_ZN5sipai5LayerD0Ev
FNDA:0,_ZN5sipai5Layer9_backwardIN6__pstl9execution2v127parallel_unsequenced_policyEEEvT_
FNDA:0,_ZN5sipai5Layer7_updateIN6__pstl9execution2v127parallel_unsequenced_policyEEEvT_f
FNDA:40,_ZN5sipai5Layer8_forwardIN6__pstl9execution2v116sequenced_policyEEEvT_
FNDA:6,_ZNK5sipai5Layer15getLayerTypeStrB5cxx11Ev
FNDA:0,_ZN5sipai5Layer8_forwardIN6__pstl9execution2v127parallel_unsequenced_policyEEEvT_
FNDA:0,_ZZN5sipai5Layer9_backwardIN6__pstl9execution2v127parallel_unsequenced_policyEEEvT_ENKUlRNS_6NeuronEE_clES8_
FNDA:17,_ZN5sipai5Layer21setActivationFunctionERKSt8functionIFNS_4RGBAES2_EES6_
FNDA:0,_ZZN5sipai5Layer7_updateIN6__pstl9execution2v127parallel_unsequenced_policyEEEvT_fENKUlRNS_6NeuronEE_clES8_
FNDA:40,_ZN5sipai5Layer18forwardPropagationEb
FNDA:17,_ZN5sipai5LayerD2Ev
FNDA:32,_ZN5sipai5Layer7_updateIN6__pstl9execution2v116sequenced_policyEEEvT_f
FNDA:32,_ZN5sipai5Layer19backwardPropagationEb
FNDA:32,_ZN5sipai5Layer13updateWeightsEfb
FNF:20
FNH:13
DA:31,17
DA:32,17
DA:45,40
DA:46,40
DA:47,0
DA:49,40
DA:50,0
DA:52,40
DA:60,32
DA:61,32
DA:62,16
DA:64,16
DA:65,0
DA:67,16
DA:77,32
DA:78,32
DA:79,0
DA:81,32
DA:82,0
DA:84,32
DA:88,6
DA:89,12
DA:90,12
DA:91,6
DA:94,0
DA:97,17
DA:99,110
DA:100,93
DA:101,93
DA:103,17
DA:115,40
DA:116,40
DA:117,0
DA:119,40
DA:120,300
DA:121,300
DA:122,1860
DA:123,1560
DA:127,300
DA:132,16
DA:133,16
DA:134,0
DA:136,16
DA:137,16
DA:138,16
DA:139,384
DA:140,96
DA:141,96
DA:142,960
DA:143,864
DA:147,320
DA:148,224
DA:151,192
DA:152,96
DA:166,32
DA:167,32
DA:168,0
DA:170,32
DA:171,32
DA:172,32
DA:173,240
DA:175,1488
DA:176,1248
DA:177,1248
DA:178,1248
DA:179,1248
DA:183,848
DA:184,608
DA:185,608
DA:186,1216
LF:70
LH:61
end_of_record
TN:
SF:/home/runner/work/SIPAI/SIPAI/libs/libsipai/include/LayerHidden.h
FN:26,_ZN5sipai11LayerHiddenC2Ev
FNDA:7,_ZN5sipai11LayerHiddenC2Ev
FNF:1
FNH:1
DA:26,7
LF:1
LH:1
end_of_record
TN:
SF:/home/runner/work/SIPAI/SIPAI/libs/libsipai/include/LayerInput.h
FN:22,_ZN5sipai10LayerInputC2Ev
FN:24,_ZN5sipai10LayerInput18forwardPropagationEb
FN:28,_ZN5sipai10LayerInput19backwardPropagationEb
FN:32,_ZN5sipai10LayerInput13updateWeightsEfb
FN:36,_ZN5sipai10LayerInput14setInputValuesERKSt6vectorINS_4RGBAESaIS2_EE
FNDA:20,_ZN5sipai10LayerInput14setInputValuesERKSt6vectorINS_4RGBAESaIS2_EE
FNDA:5,_ZN5sipai10LayerInputC2Ev
FNDA:16,_ZN5sipai10LayerInput19backwardPropagationEb
FNDA:16,_ZN5sipai10LayerInput13updateWeightsEfb
FNDA:20,_ZN5sipai10LayerInput18forwardPropagationEb
FNF:5
FNH:5
DA:22,5
DA:24,20
DA:26,20
DA:28,16
DA:30,16
DA:32,16
DA:34,16
DA:36,20
DA:37,20
DA:38,0
DA:40,100
DA:41,80
DA:43,20
LF:13
LH:12
end_of_record
TN:
SF:/home/runner/work/SIPAI/SIPAI/libs/libsipai/include/LayerOutput.h
FN:29,_ZN5sipai11LayerOutputC2Ev
FN:31,_ZN5sipai11LayerOutput13computeErrorsERKSt6vectorINS_4RGBAESaIS2_EE
FN:53,_ZN5sipai11LayerOutput15getOutputValuesEv
FN:55,_ZZN5sipai11LayerOutput15getOutputValuesEvENKUlRKNS_6NeuronEE_clES3_
FNDA:180,_ZZN5sipai11LayerOutput15getOutputValuesEvENKUlRKNS_6NeuronEE_clES3_
FNDA:16,_ZN5sipai11LayerOutput13computeErrorsERKSt6vectorINS_4RGBAESaIS2_EE
FNDA:5,_ZN5sipai11LayerOutputC2Ev
FNDA:20,_ZN5sipai11LayerOutput15getOutputValuesEv
FNF:4
FNH:4
DA:29,5
DA:31,16
DA:32,16
DA:33,0
DA:36,16
DA:37,16
DA:38,16
DA:40,160
DA:42,144
DA:43,528
DA:44,384
DA:46,144
DA:47,144
DA:48,432
DA:49,144
DA:51,16
DA:53,20
DA:55,200
DA:56,20
LF:19
LH:18
end_of_record
TN:
SF:/home/runner/work/SIPAI/SIPAI/libs/libsipai/include/Manager.h
FN:24,_ZN5sipai7Manager11getInstanceEv
FN:165,_ZNK5sipai7Manager16getVersionHeaderB5cxx11Ev
FN:170,_ZN5sipai7ManagerC2Ev
FNDA:1,_ZN5sipai7ManagerC2Ev
FNDA:91,_ZN5sipai7Manager11getInstanceEv
FNDA:1,_ZNK5sipai7Manager16getVersionHeaderB5cxx11Ev
FNF:3
FNH:3
DA:24,91
DA:25,91
DA:26,91
DA:165,1
DA:166,2
DA:170,1
LF:6
LH:6
end_of_record
TN:
SF:/home/runner/work/SIPAI/SIPAI/libs/libsipai/include/NeuralNetwork.h
FN:25,_ZN5sipai13NeuralNetworkC2Ev
FN:33,_ZN5sipai13NeuralNetworkD2Ev
FNDA:6,_ZN5sipai13NeuralNetworkD2Ev
FNDA:6,_ZN5sipai13NeuralNetworkC2Ev
FNF:2
FNH:2
DA:25,6
DA:33,6
DA:34,22
DA:35,16
DA:37,6
LF:5
LH:5
end_of_record
TN:
SF:/home/runner/work/SIPAI/SIPAI/libs/libsipai/include/NeuralNetworkImportExportFacade.h
FN:19,_ZN5sipai31NeuralNetworkImportExportFacadeD2Ev
FN:19,_ZN5sipai31NeuralNetworkImportExportFacadeD0Ev
FNDA:3,_ZN5sipai31NeuralNetworkImportExportFacadeD2Ev
FNDA:0,_ZN5sipai31NeuralNetworkImportExportFacadeD0Ev
FNF:2
FNH:1
DA:19,3
LF:1
LH:1
end_of_record
TN:
SF:/home/runner/work/SIPAI/SIPAI/libs/libsipai/include/Neuron.h
FN:31,_ZN5sipai6NeuronC2Ev
FN:57,_ZN5sipai6Neuron11initWeightsEm
FNDA:103,_ZN5sipai6NeuronC2Ev
FNDA:66,_ZN5sipai6Neuron11initWeightsEm
FNF:2
FNH:2
DA:31,103
DA:57,66
DA:58,66
DA:61,66
DA:62,414
DA:63,348
DA:65,66
LF:7
LH:7
end_of_record
TN:
SF:/home/runner/work/SIPAI/SIPAI/libs/libsipai/include/NeuronConnection.h
FN:20,_ZN5sipai16NeuronConnectionC2EPNS_6NeuronENS_4RGBAE
FNDA:244,_ZN5sipai16NeuronConnectionC2EPNS_6NeuronENS_4RGBAE
FNF:1
FNH:1
DA:20,244
DA:21,244
LF:2
LH:2
end_of_record
TN:
SF:/home/runner/work/SIPAI/SIPAI/libs/libsipai/include/RGBA.h
FN:27,_ZN5sipai4RGBAC2Ev
FN:30,_ZN5sipai4RGBAC2Effff
FN:33,_ZN5sipai4RGBAC2ERKN2cv3VecIhLi4EEEb
FN:42,_ZNK5sipai4RGBA3sumEv
FN:53,_ZNK5sipai4RGBA5clampERKfS2_
FN:56,_ZZNK5sipai4RGBA5clampERKfS2_ENKUlfE_clEf
FN:66,_ZN5sipai4RGBA3powEf
FN:68,_ZZN5sipai4RGBA3powEfENKUlfE_clEf
FN:83,_ZN5sipai4RGBA6randomERKf
FN:88,_ZZN5sipai4RGBA6randomERKfENKUlRfE_clES3_
FN:113,_ZNK5sipai4RGBA11toStringCsvB5cxx11Ev
FN:128,_ZNK5sipai4RGBA7toVec4bEv
FN:134,_ZNK5sipai4RGBA5applyERKSt8functionIFffEE
FN:142,_ZNK5sipai4RGBA5applyERKSt8functionIFfffEEf
FN:146,_ZZNK5sipai4RGBA5applyERKSt8functionIFfffEEfENKUlfE_clEf
FN:151,_ZNK5sipai4RGBA15applyToElementsISt10multipliesIvEEEDaT_RKS0_
FN:151,_ZNK5sipai4RGBA15applyToElementsISt5minusIvEEEDaT_RKS0_
FN:151,_ZNK5sipai4RGBA15applyToElementsISt4plusIvEEEDaT_RKS0_
FN:158,_ZN5sipai4RGBApLERKS0_
FN:164,_ZN5sipai4RGBAmIERKS0_
FN:176,_ZNK5sipai4RGBAmlERKS0_
FN:180,_ZNK5sipai4RGBAplERKS0_
FN:184,_ZNK5sipai4RGBAmiERKS0_
FN:188,_ZN5sipaimlEfRKNS_4RGBAE
FN:191,_ZZN5sipaimlEfRKNS_4RGBAEENKUlfE_clEf
FNDA:200,_ZNK5sipai4RGBA3sumEv
FNDA:3344,_ZNK5sipai4RGBA5clampERKfS2_
FNDA:2960,_ZN5sipai4RGBAC2ERKN2cv3VecIhLi4EEEb
FNDA:2144,_ZN5sipaimlEfRKNS_4RGBAE
FNDA:546,_ZN5sipai4RGBA6randomERKf
FNDA:16613,_ZN5sipai4RGBAC2Ev
FNDA:2184,_ZZN5sipai4RGBA6randomERKfENKUlRfE_clES3_
FNDA:8576,_ZZN5sipaimlEfRKNS_4RGBAEENKUlfE_clEf
FNDA:442,_ZNK5sipai4RGBA5applyERKSt8functionIFffEE
FNDA:1856,_ZN5sipai4RGBAmIERKS0_
FNDA:248,_ZNK5sipai4RGBA11toStringCsvB5cxx11Ev
FNDA:18,_ZNK5sipai4RGBA5applyERKSt8functionIFfffEEf
FNDA:0,_ZZN5sipai4RGBA3powEfENKUlfE_clEf
FNDA:72,_ZZNK5sipai4RGBA5applyERKSt8functionIFfffEEfENKUlfE_clEf
FNDA:4984,_ZNK5sipai4RGBAmlERKS0_
FNDA:200,_ZN5sipai4RGBA3powEf
FNDA:1122,_ZN5sipai4RGBAC2Effff
FNDA:3032,_ZN5sipai4RGBApLERKS0_
FNDA:144,_ZNK5sipai4RGBAplERKS0_
FNDA:344,_ZNK5sipai4RGBA15applyToElementsISt5minusIvEEEDaT_RKS0_
FNDA:4984,_ZNK5sipai4RGBA15applyToElementsISt10multipliesIvEEEDaT_RKS0_
FNDA:13376,_ZZNK5sipai4RGBA5clampERKfS2_ENKUlfE_clEf
FNDA:344,_ZNK5sipai4RGBAmiERKS0_
FNDA:144,_ZNK5sipai4RGBA15applyToElementsISt4plusIvEEEDaT_RKS0_
FNDA:900,_ZNK5sipai4RGBA7toVec4bEv
FNF:25
FNH:24
DA:27,16613
DA:30,1122
DA:33,2960
DA:34,2960
DA:35,2960
DA:42,200
DA:43,200
DA:53,2496
DA:54,3344
DA:55,3344
DA:56,16720
DA:57,3344
DA:66,200
DA:67,200
DA:68,0
DA:69,0
DA:70,0
DA:72,400
DA:73,600
DA:83,546
DA:84,546
DA:85,546
DA:86,546
DA:87,546
DA:88,2184
DA:89,2184
DA:90,2184
DA:92,546
DA:113,248
DA:114,248
DA:115,248
DA:116,1240
DA:117,992
DA:119,248
DA:120,496
DA:121,248
DA:128,900
DA:129,3600
DA:130,900
DA:134,442
DA:135,442
DA:136,442
DA:137,442
DA:142,18
DA:144,18
DA:145,18
DA:146,72
DA:147,18
DA:151,5472
DA:152,5472
DA:153,5472
DA:155,5472
DA:158,3032
DA:159,3032
DA:161,3032
DA:164,1856
DA:165,1856
DA:167,1856
DA:176,4984
DA:177,4984
DA:180,144
DA:181,144
DA:184,344
DA:185,344
DA:188,2144
DA:189,2144
DA:190,2144
DA:191,8576
DA:192,2144
LF:69
LH:66
end_of_record
TN:
SF:/home/runner/work/SIPAI/SIPAI/libs/libsipai/include/RandomFactory.h
FN:16,_ZN5sipai13RandomFactory11getInstanceEv
FN:30,_ZN5sipai13RandomFactory9getRandomEff
FN:43,_ZN5sipai13RandomFactory4RandEff
FN:48,_ZN5sipai13RandomFactoryC2Ev
FNDA:2184,_ZN5sipai13RandomFactory11getInstanceEv
FNDA:2184,_ZN5sipai13RandomFactory9getRandomEff
FNDA:1,_ZN5sipai13RandomFactoryC2Ev
FNDA:2184,_ZN5sipai13RandomFactory4RandEff
FNF:4
FNH:4
DA:16,2184
DA:17,2184
DA:18,2184
DA:30,2184
DA:31,2184
DA:32,4368
DA:43,2184
DA:44,2184
DA:48,1
LF:9
LH:9
end_of_record
TN:
SF:/home/runner/work/SIPAI/SIPAI/libs/libsipai/include/RunnerVisitor.h
FN:19,_ZN5sipai13RunnerVisitorD2Ev
FN:19,_ZN5sipai13RunnerVisitorD0Ev
FNDA:2,_ZN5sipai13RunnerVisitorD2Ev
FNDA:0,_ZN5sipai13RunnerVisitorD0Ev
FNF:2
FNH:1
DA:19,2
LF:1
LH:1
end_of_record
TN:
SF:/home/runner/work/SIPAI/SIPAI/libs/libsipai/include/RunnerVisitorFactory.h
FN:17,_ZN5sipai20RunnerVisitorFactory27getTrainingMonitoredVisitorEv
FNDA:1,_ZN5sipai20RunnerVisitorFactory27getTrainingMonitoredVisitorEv
FNF:1
FNH:1
DA:17,1
DA:18,1
DA:19,1
DA:21,1
LF:4
LH:4
end_of_record
TN:
SF:/home/runner/work/SIPAI/SIPAI/libs/libsipai/include/SimpleLogger.h
FN:32,_ZN5sipai12SimpleLogger11getInstanceEv
FN:55,_ZNK5sipai12SimpleLogger3logIJRA39_KcEEERKS0_NS_8LogLevelEbDpOT_
FN:55,_ZNK5sipai12SimpleLogger3logIJRA31_KcRNSt7__cxx1112basic_stringIcSt11char_traitsIcESaIcEEERA4_S2_EEERKS0_NS_8LogLevelEbDpOT_
FN:55,_ZNK5sipai12SimpleLogger3logIJRA41_KcEEERKS0_NS_8LogLevelEbDpOT_
FN:55,_ZNK5sipai12SimpleLogger3logIJRA17_KcEEERKS0_NS_8LogLevelEbDpOT_
FN:55,_ZNK5sipai12SimpleLogger3logIJRA80_KcEEERKS0_NS_8LogLevelEbDpOT_
FN:55,_ZNK5sipai12SimpleLogger3logIJRA20_KcEEERKS0_NS_8LogLevelEbDpOT_
FN:55,_ZNK5sipai12SimpleLogger3logIJRA26_KcEEERKS0_NS_8LogLevelEbDpOT_
FN:55,_ZNK5sipai12SimpleLogger3logIJRA15_KcRdRA2_S2_EEERKS0_NS_8LogLevelEbDpOT_
FN:55,_ZNK5sipai12SimpleLogger3logIJRA18_KcEEERKS0_NS_8LogLevelEbDpOT_
FN:55,_ZNK5sipai12SimpleLogger3logIJRA66_KcEEERKS0_NS_8LogLevelEbDpOT_
FN:55,_ZNK5sipai12SimpleLogger3logIJRA34_KcRPS2_EEERKS0_NS_8LogLevelEbDpOT_
FN:55,_ZNK5sipai12SimpleLogger3logIJRA34_KcEEERKS0_NS_8LogLevelEbDpOT_
FN:55,_ZNK5sipai12SimpleLogger3logIJRNSt7__cxx1112basic_stringIcSt11char_traitsIcESaIcEEEEEERKS0_NS_8LogLevelEbDpOT_
FN:55,_ZNK5sipai12SimpleLogger3logIJRA35_KcEEERKS0_NS_8LogLevelEbDpOT_
FN:55,_ZNK5sipai12SimpleLogger3logIJRA8_KcRiRA15_S2_RfRA21_S2_S8_RA2_S2_EEERKS0_NS_8LogLevelEbDpOT_
FN:55,_ZNK5sipai12SimpleLogger3logIJRA28_KcRiRA4_S2_RPS2_EEERKS0_NS_8LogLevelEbDpOT_
FN:180,_ZNK5sipai12SimpleLogger4infoIJRA26_KcEEERKS0_DpOT_
FN:180,_ZNK5sipai12SimpleLogger4infoIJRA31_KcRNSt7__cxx1112basic_stringIcSt11char_traitsIcESaIcEEERA4_S2_EEERKS0_DpOT_
FN:180,_ZNK5sipai12SimpleLogger4infoIJRA41_KcEEERKS0_DpOT_
FN:180,_ZNK5sipai12SimpleLogger4infoIJRA17_KcEEERKS0_DpOT_
FN:180,_ZNK5sipai12SimpleLogger4infoIJRA80_KcEEERKS0_DpOT_
FN:180,_ZNK5sipai12SimpleLogger4infoIJRA66_KcEEERKS0_DpOT_
FN:180,_ZNK5sipai12SimpleLogger4infoIJRA34_KcRPS2_EEERKS0_DpOT_
FN:180,_ZNK5sipai12SimpleLogger4infoIJRA8_KcRiRA15_S2_RfRA21_S2_S8_RA2_S2_EEERKS0_DpOT_
FN:180,_ZNK5sipai12SimpleLogger4infoIJRA18_KcEEERKS0_DpOT_
FN:180,_ZNK5sipai12SimpleLogger4infoIJRNSt7__cxx1112basic_stringIcSt11char_traitsIcESaIcEEEEEERKS0_DpOT_
FN:180,_ZNK5sipai12SimpleLogger4infoIJRA35_KcEEERKS0_DpOT_
FN:180,_ZNK5sipai12SimpleLogger4infoIJRA39_KcEEERKS0_DpOT_
FN:180,_ZNK5sipai12SimpleLogger4infoIJRA15_KcRdRA2_S2_EEERKS0_DpOT_
FN:180,_ZNK5sipai12SimpleLogger4infoIJRA20_KcEEERKS0_DpOT_
FN:196,_ZNK5sipai12SimpleLogger4warnIJNSt7__cxx1112basic_stringIcSt11char_traitsIcESaIcEEEEEERKS0_DpOT_
FN:212,_ZNK5sipai12SimpleLogger5errorIJRA28_KcRiRA4_S2_RPS2_EEERKS0_DpOT_
FN:212,_ZNK5sipai12SimpleLogger5errorIJRA34_KcEEERKS0_DpOT_
FN:264,_ZNK5sipai12SimpleLogger12setPrecisionEl
FN:287,_ZN5sipai12SimpleLogger8LOG_INFOIJRA26_KcEEERKS0_DpOT_
FN:287,_ZN5sipai12SimpleLogger8LOG_INFOIJNSt7__cxx1112basic_stringIcSt11char_traitsIcESaIcEEEEEERKS0_DpOT_
FN:287,_ZN5sipai12SimpleLogger8LOG_INFOIJRA8_KcRiRA15_S2_fRA21_S2_fRA2_S2_EEERKS0_DpOT_
FN:287,_ZN5sipai12SimpleLogger8LOG_INFOIJRA34_KcPS2_EEERKS0_DpOT_
FN:287,_ZN5sipai12SimpleLogger8LOG_INFOIJRA15_KcdRA2_S2_EEERKS0_DpOT_
FN:287,_ZN5sipai12SimpleLogger8LOG_INFOIJRA20_KcEEERKS0_DpOT_
FN:287,_ZN5sipai12SimpleLogger8LOG_INFOIJRA31_KcRNSt7__cxx1112basic_stringIcSt11char_traitsIcESaIcEEERA4_S2_EEERKS0_DpOT_
FN:287,_ZN5sipai12SimpleLogger8LOG_INFOIJRA66_KcEEERKS0_DpOT_
FN:287,_ZN5sipai12SimpleLogger8LOG_INFOIJRA18_KcEEERKS0_DpOT_
FN:287,_ZN5sipai12SimpleLogger8LOG_INFOIJRA17_KcEEERKS0_DpOT_
FN:287,_ZN5sipai12SimpleLogger8LOG_INFOIJRA39_KcEEERKS0_DpOT_
FN:287,_ZN5sipai12SimpleLogger8LOG_INFOIJRA35_KcEEERKS0_DpOT_
FN:287,_ZN5sipai12SimpleLogger8LOG_INFOIJRA80_KcEEERKS0_DpOT_
FN:287,_ZN5sipai12SimpleLogger8LOG_INFOIJRA41_KcEEERKS0_DpOT_
FN:315,_ZN5sipai12SimpleLogger9LOG_ERRORIJRA28_KcRiRA4_S2_PS2_EEERKS0_DpOT_
FN:315,_ZN5sipai12SimpleLogger9LOG_ERRORIJRA34_KcEEERKS0_DpOT_
FN:336,_ZN5sipai12SimpleLoggerC2Ev
FN:341,_ZNK5sipai12SimpleLogger13get_timestampB5cxx11Ev
FNDA:4,_ZNK5sipai12SimpleLogger3logIJRA26_KcEEERKS0_NS_8LogLevelEbDpOT_
FNDA:1,_ZNK5sipai12SimpleLogger3logIJRA15_KcRdRA2_S2_EEERKS0_NS_8LogLevelEbDpOT_
FNDA:1,_ZNK5sipai12SimpleLogger4infoIJRNSt7__cxx1112basic_stringIcSt11char_traitsIcESaIcEEEEEERKS0_DpOT_
FNDA:4,_ZNK5sipai12SimpleLogger3logIJRA18_KcEEERKS0_NS_8LogLevelEbDpOT_
FNDA:0,_ZNK5sipai12SimpleLogger3logIJRA80_KcEEERKS0_NS_8LogLevelEbDpOT_
FNDA:4,_ZNK5sipai12SimpleLogger3logIJRA17_KcEEERKS0_NS_8LogLevelEbDpOT_
FNDA:4,_ZNK5sipai12SimpleLogger4infoIJRA18_KcEEERKS0_DpOT_
FNDA:1,_ZNK5sipai12SimpleLogger3logIJRA20_KcEEERKS0_NS_8LogLevelEbDpOT_
FNDA:1,_ZN5sipai12SimpleLogger8LOG_INFOIJNSt7__cxx1112basic_stringIcSt11char_traitsIcESaIcEEEEEERKS0_DpOT_
FNDA:0,_ZN5sipai12SimpleLogger8LOG_INFOIJRA34_KcPS2_EEERKS0_DpOT_
FNDA:2,_ZN5sipai12SimpleLogger8LOG_INFOIJRA8_KcRiRA15_S2_fRA21_S2_fRA2_S2_EEERKS0_DpOT_
FNDA:0,_ZNK5sipai12SimpleLogger4infoIJRA34_KcRPS2_EEERKS0_DpOT_
FNDA:4,_ZN5sipai12SimpleLogger8LOG_INFOIJRA26_KcEEERKS0_DpOT_
FNDA:0,_ZN5sipai12SimpleLogger9LOG_ERRORIJRA34_KcEEERKS0_DpOT_
FNDA:4,_ZNK5sipai12SimpleLogger3logIJRA41_KcEEERKS0_NS_8LogLevelEbDpOT_
FNDA:2,_ZNK5sipai12SimpleLogger4infoIJRA8_KcRiRA15_S2_RfRA21_S2_S8_RA2_S2_EEERKS0_DpOT_
FNDA:2,_ZNK5sipai12SimpleLogger3logIJRA31_KcRNSt7__cxx1112basic_stringIcSt11char_traitsIcESaIcEEERA4_S2_EEERKS0_NS_8LogLevelEbDpOT_
FNDA:4,_ZNK5sipai12SimpleLogger4infoIJRA17_KcEEERKS0_DpOT_
FNDA:0,_ZNK5sipai12SimpleLogger4infoIJRA80_KcEEERKS0_DpOT_
FNDA:1,_ZNK5sipai12SimpleLogger4infoIJRA66_KcEEERKS0_DpOT_
FNDA:0,_ZN5sipai12SimpleLogger9LOG_ERRORIJRA28_KcRiRA4_S2_PS2_EEERKS0_DpOT_
FNDA:4,_ZNK5sipai12SimpleLogger4infoIJRA41_KcEEERKS0_DpOT_
FNDA:2,_ZNK5sipai12SimpleLogger4infoIJRA31_KcRNSt7__cxx1112basic_stringIcSt11char_traitsIcESaIcEEERA4_S2_EEERKS0_DpOT_
FNDA:4,_ZNK5sipai12SimpleLogger3logIJRA39_KcEEERKS0_NS_8LogLevelEbDpOT_
FNDA:4,_ZNK5sipai12SimpleLogger4infoIJRA26_KcEEERKS0_DpOT_
FNDA:1,_ZN5sipai12SimpleLoggerC2Ev
FNDA:0,_ZNK5sipai12SimpleLogger3logIJRA28_KcRiRA4_S2_RPS2_EEERKS0_NS_8LogLevelEbDpOT_
FNDA:2,_ZNK5sipai12SimpleLogger3logIJRA8_KcRiRA15_S2_RfRA21_S2_S8_RA2_S2_EEERKS0_NS_8LogLevelEbDpOT_
FNDA:32,_ZNK5sipai12SimpleLogger13get_timestampB5cxx11Ev
FNDA:0,_ZNK5sipai12SimpleLogger5errorIJRA34_KcEEERKS0_DpOT_
FNDA:0,_ZN5sipai12SimpleLogger8LOG_INFOIJRA80_KcEEERKS0_DpOT_
FNDA:4,_ZN5sipai12SimpleLogger8LOG_INFOIJRA41_KcEEERKS0_DpOT_
FNDA:0,_ZNK5sipai12SimpleLogger4warnIJNSt7__cxx1112basic_stringIcSt11char_traitsIcESaIcEEEEEERKS0_DpOT_
FNDA:1,_ZNK5sipai12SimpleLogger12setPrecisionEl
FNDA:1,_ZNK5sipai12SimpleLogger4infoIJRA20_KcEEERKS0_DpOT_
FNDA:4,_ZN5sipai12SimpleLogger8LOG_INFOIJRA35_KcEEERKS0_DpOT_
FNDA:4,_ZN5sipai12SimpleLogger8LOG_INFOIJRA39_KcEEERKS0_DpOT_
FNDA:1,_ZNK5sipai12SimpleLogger4infoIJRA15_KcRdRA2_S2_EEERKS0_DpOT_
FNDA:4,_ZNK5sipai12SimpleLogger3logIJRA35_KcEEERKS0_NS_8LogLevelEbDpOT_
FNDA:4,_ZN5sipai12SimpleLogger8LOG_INFOIJRA17_KcEEERKS0_DpOT_
FNDA:1,_ZN5sipai12SimpleLogger8LOG_INFOIJRA66_KcEEERKS0_DpOT_
FNDA:4,_ZNK5sipai12SimpleLogger4infoIJRA39_KcEEERKS0_DpOT_
FNDA:4,_ZN5sipai12SimpleLogger8LOG_INFOIJRA18_KcEEERKS0_DpOT_
FNDA:1,_ZN5sipai12SimpleLogger8LOG_INFOIJRA20_KcEEERKS0_DpOT_
FNDA:2,_ZN5sipai12SimpleLogger8LOG_INFOIJRA31_KcRNSt7__cxx1112basic_stringIcSt11char_traitsIcESaIcEEERA4_S2_EEERKS0_DpOT_
FNDA:34,_ZN5sipai12SimpleLogger11getInstanceEv
FNDA:0,_ZNK5sipai12SimpleLogger3logIJRA34_KcEEERKS0_NS_8LogLevelEbDpOT_
FNDA:0,_ZNK5sipai12SimpleLogger5errorIJRA28_KcRiRA4_S2_RPS2_EEERKS0_DpOT_
FNDA:1,_ZNK5sipai12SimpleLogger3logIJRNSt7__cxx1112basic_stringIcSt11char_traitsIcESaIcEEEEEERKS0_NS_8LogLevelEbDpOT_
FNDA:4,_ZNK5sipai12SimpleLogger4infoIJRA35_KcEEERKS0_DpOT_
FNDA:1,_ZNK5sipai12SimpleLogger3logIJRA66_KcEEERKS0_NS_8LogLevelEbDpOT_
FNDA:1,_ZN5sipai12SimpleLogger8LOG_INFOIJRA15_KcdRA2_S2_EEERKS0_DpOT_
FNDA:0,_ZNK5sipai12SimpleLogger3logIJRA34_KcRPS2_EEERKS0_NS_8LogLevelEbDpOT_
FNF:53
FNH:40
DA:32,34
DA:33,34
DA:34,34
DA:55,32
DA:57,32
DA:58,32
DA:59,32
DA:60,32
DA:61,0
DA:62,0
DA:63,0
DA:64,0
DA:65,0
DA:66,0
DA:67,0
DA:68,0
DA:69,0
DA:70,0
DA:71,0
DA:72,0
DA:75,32
DA:76,32
DA:77,32
DA:78,32
DA:79,32
DA:80,32
DA:83,0
DA:84,0
DA:85,0
DA:86,0
DA:87,0
DA:91,32
DA:180,32
DA:181,32
DA:196,0
DA:197,0
DA:212,0
DA:213,0
DA:264,1
DA:265,1
DA:266,1
DA:287,32
DA:288,32
DA:289,32
DA:290,64
DA:291,32
DA:315,0
DA:316,0
DA:317,0
DA:318,0
DA:319,0
DA:336,1
DA:341,32
DA:342,32
DA:343,32
DA:344,32
DA:345,32
DA:350,32
DA:352,32
DA:353,64
DA:354,32
LF:61
LH:35
end_of_record
TN:
SF:/home/runner/work/SIPAI/SIPAI/libs/libsipai/include/exception/FileReaderException.h
FN:13,_ZN5sipai19FileReaderExceptionC2ERKNSt7__cxx1112basic_stringIcSt11char_traitsIcESaIcEEE
FN:15,_ZNK5sipai19FileReaderException4whatEv
FNDA:1,_ZNK5sipai19FileReaderException4whatEv
FNDA:1,_ZN5sipai19FileReaderExceptionC2ERKNSt7__cxx1112basic_stringIcSt11char_traitsIcESaIcEEE
FNF:2
FNH:2
DA:13,1
DA:14,1
DA:15,1
LF:3
LH:3
end_of_record
TN:
SF:/home/runner/work/SIPAI/SIPAI/libs/libsipai/include/exception/ImageHelperException.h
FN:13,_ZN5sipai20ImageHelperExceptionC2ERKNSt7__cxx1112basic_stringIcSt11char_traitsIcESaIcEEE
FN:15,_ZNK5sipai20ImageHelperException4whatEv
FNDA:1,_ZNK5sipai20ImageHelperException4whatEv
FNDA:1,_ZN5sipai20ImageHelperExceptionC2ERKNSt7__cxx1112basic_stringIcSt11char_traitsIcESaIcEEE
FNF:2
FNH:2
DA:13,1
DA:14,1
DA:15,1
LF:3
LH:3
end_of_record
TN:
SF:/home/runner/work/SIPAI/SIPAI/libs/libsipai/include/exception/ImportExportException.h
FN:15,_ZN5sipai21ImportExportExceptionD0Ev
FN:15,_ZN5sipai21ImportExportExceptionD2Ev
FN:16,_ZN5sipai21ImportExportExceptionC2ERKNSt7__cxx1112basic_stringIcSt11char_traitsIcESaIcEEE
FN:18,_ZNK5sipai21ImportExportException4whatEv
FNDA:2,_ZNK5sipai21ImportExportException4whatEv
FNDA:2,_ZN5sipai21ImportExportExceptionC2ERKNSt7__cxx1112basic_stringIcSt11char_traitsIcESaIcEEE
FNDA:0,_ZN5sipai21ImportExportExceptionD0Ev
FNDA:2,_ZN5sipai21ImportExportExceptionD2Ev
FNF:4
FNH:3
DA:15,2
DA:16,2
DA:17,2
DA:18,2
LF:4
LH:4
end_of_record
TN:
SF:/home/runner/work/SIPAI/SIPAI/libs/libsipai/include/exception/ManagerException.h
FN:12,_ZN5sipai16ManagerExceptionC2ERKNSt7__cxx1112basic_stringIcSt11char_traitsIcESaIcEEE
FN:13,_ZNK5sipai16ManagerException4whatEv
FNDA:1,_ZNK5sipai16ManagerException4whatEv
FNDA:1,_ZN5sipai16ManagerExceptionC2ERKNSt7__cxx1112basic_stringIcSt11char_traitsIcESaIcEEE
FNF:2
FNH:2
DA:12,1
DA:13,1
LF:2
LH:2
end_of_record
TN:
SF:/home/runner/work/SIPAI/SIPAI/libs/libsipai/include/exception/NetworkException.h
FN:13,_ZN5sipai16NetworkExceptionC2ERKNSt7__cxx1112basic_stringIcSt11char_traitsIcESaIcEEE
FN:14,_ZNK5sipai16NetworkException4whatEv
FNDA:2,_ZNK5sipai16NetworkException4whatEv
FNDA:2,_ZN5sipai16NetworkExceptionC2ERKNSt7__cxx1112basic_stringIcSt11char_traitsIcESaIcEEE
FNF:2
FNH:2
DA:13,2
DA:14,2
LF:2
LH:2
end_of_record
TN:
SF:/home/runner/work/SIPAI/SIPAI/libs/libsipai/src/ImageHelper.cpp
FN:7,_ZN5sipai11ImageHelper9loadImageERKNSt7__cxx1112basic_stringIcSt11char_traitsIcESaIcEEE
FN:16,_ZN5sipai11ImageHelper9saveImageERKNSt7__cxx1112basic_stringIcSt11char_traitsIcESaIcEEERN2cv3MatE
FN:24,_ZN5sipai11ImageHelper19convertToRGBAVectorERKN2cv3MatE
FN:36,_ZZN5sipai11ImageHelper19convertToRGBAVectorERKN2cv3MatEENKUlT_T0_T1_E_clIN6__pstl9execution2v116sequenced_policyENS1_17MatConstIterator_INS1_3VecIhLi4EEEEESH_EEDaS5_S6_S7_
FN:36,_ZZN5sipai11ImageHelper19convertToRGBAVectorERKN2cv3MatEENKUlT_T0_T1_E_clIN6__pstl9execution2v127parallel_unsequenced_policyENS1_17MatConstIterator_INS1_3VecIhLi4EEEEESH_EEDaS5_S6_S7_
FN:39,_ZZZN5sipai11ImageHelper19convertToRGBAVectorERKN2cv3MatEENKUlT_T0_T1_E_clIN6__pstl9execution2v127parallel_unsequenced_policyENS1_17MatConstIterator_INS1_3VecIhLi4EEEEESH_EEDaS5_S6_S7_ENKUlRKSG_E_clESJ_
FN:39,_ZZZN5sipai11ImageHelper19convertToRGBAVectorERKN2cv3MatEENKUlT_T0_T1_E_clIN6__pstl9execution2v116sequenced_policyENS1_17MatConstIterator_INS1_3VecIhLi4EEEEESH_EEDaS5_S6_S7_ENKUlRKSG_E_clESJ_
FN:56,_ZN5sipai11ImageHelper12convertToMatERKSt6vectorINS_4RGBAESaIS2_EEmm
FN:61,_ZZN5sipai11ImageHelper12convertToMatERKSt6vectorINS_4RGBAESaIS2_EEmmENKUlT_T0_E_clIN6__pstl9execution2v127parallel_unsequenced_policyES4_EEDaS7_S8_
FN:61,_ZZN5sipai11ImageHelper12convertToMatERKSt6vectorINS_4RGBAESaIS2_EEmmENKUlT_T0_E_clIN6__pstl9execution2v116sequenced_policyES4_EEDaS7_S8_
FN:63,_ZZZN5sipai11ImageHelper12convertToMatERKSt6vectorINS_4RGBAESaIS2_EEmmENKUlT_T0_E_clIN6__pstl9execution2v127parallel_unsequenced_policyES4_EEDaS7_S8_ENKUlRKS2_E_clESG_
FN:63,_ZZZN5sipai11ImageHelper12convertToMatERKSt6vectorINS_4RGBAESaIS2_EEmmENKUlT_T0_E_clIN6__pstl9execution2v116sequenced_policyES4_EEDaS7_S8_ENKUlRKS2_E_clESG_
FNDA:43,_ZN5sipai11ImageHelper19convertToRGBAVectorERKN2cv3MatE
FNDA:1,_ZN5sipai11ImageHelper12convertToMatERKSt6vectorINS_4RGBAESaIS2_EEmm
FNDA:43,_ZN5sipai11ImageHelper9loadImageERKNSt7__cxx1112basic_stringIcSt11char_traitsIcESaIcEEE
FNDA:1,_ZZN5sipai11ImageHelper12convertToMatERKSt6vectorINS_4RGBAESaIS2_EEmmENKUlT_T0_E_clIN6__pstl9execution2v116sequenced_policyES4_EEDaS7_S8_
FNDA:1,_ZN5sipai11ImageHelper9saveImageERKNSt7__cxx1112basic_stringIcSt11char_traitsIcESaIcEEERN2cv3MatE
FNDA:900,_ZZZN5sipai11ImageHelper12convertToMatERKSt6vectorINS_4RGBAESaIS2_EEmmENKUlT_T0_E_clIN6__pstl9execution2v116sequenced_policyES4_EEDaS7_S8_ENKUlRKS2_E_clESG_
FNDA:0,_ZZN5sipai11ImageHelper19convertToRGBAVectorERKN2cv3MatEENKUlT_T0_T1_E_clIN6__pstl9execution2v127parallel_unsequenced_policyENS1_17MatConstIterator_INS1_3VecIhLi4EEEEESH_EEDaS5_S6_S7_
FNDA:0,_ZZZN5sipai11ImageHelper12convertToMatERKSt6vectorINS_4RGBAESaIS2_EEmmENKUlT_T0_E_clIN6__pstl9execution2v127parallel_unsequenced_policyES4_EEDaS7_S8_ENKUlRKS2_E_clESG_
FNDA:0,_ZZN5sipai11ImageHelper12convertToMatERKSt6vectorINS_4RGBAESaIS2_EEmmENKUlT_T0_E_clIN6__pstl9execution2v127parallel_unsequenced_policyES4_EEDaS7_S8_
FNDA:43,_ZZN5sipai11ImageHelper19convertToRGBAVectorERKN2cv3MatEENKUlT_T0_T1_E_clIN6__pstl9execution2v116sequenced_policyENS1_17MatConstIterator_INS1_3VecIhLi4EEEEESH_EEDaS5_S6_S7_
FNDA:2960,_ZZZN5sipai11ImageHelper19convertToRGBAVectorERKN2cv3MatEENKUlT_T0_T1_E_clIN6__pstl9execution2v116sequenced_policyENS1_17MatConstIterator_INS1_3VecIhLi4EEEEESH_EEDaS5_S6_S7_ENKUlRKSG_E_clESJ_
FNDA:0,_ZZZN5sipai11ImageHelper19convertToRGBAVectorERKN2cv3MatEENKUlT_T0_T1_E_clIN6__pstl9execution2v127parallel_unsequenced_policyENS1_17MatConstIterator_INS1_3VecIhLi4EEEEESH_EEDaS5_S6_S7_ENKUlRKSG_E_clESJ_
FNF:12
FNH:8
DA:7,43
DA:8,43
DA:9,43
DA:10,0
DA:11,0
DA:13,43
DA:14,0
DA:16,1
DA:18,1
DA:19,0
DA:20,0
DA:21,0
DA:22,1
DA:24,43
DA:25,43
DA:26,43
DA:27,43
DA:28,43
DA:30,43
DA:31,43
DA:36,43
DA:37,43
DA:38,43
DA:39,2960
DA:40,2960
DA:42,86
DA:46,43
DA:47,0
DA:48,0
DA:50,43
DA:51,86
DA:53,86
DA:54,0
DA:56,1
DA:58,1
DA:59,1
DA:61,1
DA:62,1
DA:63,900
DA:64,2
DA:68,1
DA:69,0
DA:71,1
DA:73,2
DA:74,0
LF:45
LH:34
end_of_record
TN:
SF:/home/runner/work/SIPAI/SIPAI/libs/libsipai/src/Manager.cpp
FN:14,_ZN5sipai7Manager9loadImageERKNSt7__cxx1112basic_stringIcSt11char_traitsIcESaIcEEERmS9_mm
FN:31,_ZN5sipai7Manager9saveImageERKNSt7__cxx1112basic_stringIcSt11char_traitsIcESaIcEEERKSt6vectorINS_4RGBAESaISA_EEmm
FN:37,_ZN5sipai7Manager9saveImageERKNSt7__cxx1112basic_stringIcSt11char_traitsIcESaIcEEERKSt6vectorINS_4RGBAESaISA_EEmmmm
FN:46,_ZN5sipai7Manager21createOrImportNetworkEv
FN:52,_ZN5sipai7Manager13exportNetworkEv
FN:60,_ZN5sipai7Manager3runEv
FN:72,_ZN5sipai7Manager14runWithVisitorERKNS_13RunnerVisitorE
FN:80,_ZN5sipai7Manager16loadTrainingDataB5cxx11Ev
FN:84,_ZN5sipai7Manager9splitDataESt6vectorISt4pairINSt7__cxx1112basic_stringIcSt11char_traitsIcESaIcEEES8_ESaIS9_EEf
FN:110,_ZN5sipai7Manager14computeMSELossERKSt6vectorINS_4RGBAESaIS2_EES6_
FNDA:1,_ZN5sipai7Manager9saveImageERKNSt7__cxx1112basic_stringIcSt11char_traitsIcESaIcEEERKSt6vectorINS_4RGBAESaISA_EEmmmm
FNDA:2,_ZN5sipai7Manager13exportNetworkEv
FNDA:1,_ZN5sipai7Manager9saveImageERKNSt7__cxx1112basic_stringIcSt11char_traitsIcESaIcEEERKSt6vectorINS_4RGBAESaISA_EEmm
FNDA:43,_ZN5sipai7Manager9loadImageERKNSt7__cxx1112basic_stringIcSt11char_traitsIcESaIcEEERmS9_mm
FNDA:5,_ZN5sipai7Manager21createOrImportNetworkEv
FNDA:2,_ZN5sipai7Manager9splitDataESt6vectorISt4pairINSt7__cxx1112basic_stringIcSt11char_traitsIcESaIcEEES8_ESaIS9_EEf
FNDA:3,_ZN5sipai7Manager16loadTrainingDataB5cxx11Ev
FNDA:1,_ZN5sipai7Manager3runEv
FNDA:22,_ZN5sipai7Manager14computeMSELossERKSt6vectorINS_4RGBAESaIS2_EES6_
FNDA:2,_ZN5sipai7Manager14runWithVisitorERKNS_13RunnerVisitorE
FNF:10
FNH:10
DA:14,43
DA:18,43
DA:21,43
DA:22,43
DA:23,43
DA:26,43
DA:28,86
DA:29,43
DA:31,1
DA:34,1
DA:35,1
DA:37,1
DA:41,1
DA:42,1
DA:43,1
DA:44,1
DA:46,5
DA:47,5
DA:48,5
DA:50,5
DA:52,2
DA:53,2
DA:54,2
DA:55,2
DA:56,2
DA:58,2
DA:60,1
DA:61,1
DA:63,1
DA:64,1
DA:65,1
DA:66,1
DA:67,0
DA:68,0
DA:70,1
DA:72,2
DA:74,2
DA:77,2
DA:78,2
DA:80,3
DA:81,6
DA:84,2
DA:87,2
DA:88,2
DA:89,2
DA:92,2
DA:95,2
DA:96,2
DA:98,4
DA:99,2
DA:110,22
DA:112,22
DA:113,0
DA:114,0
DA:117,22
DA:118,222
DA:119,200
DA:122,22
LF:58
LH:54
end_of_record
TN:
SF:/home/runner/work/SIPAI/SIPAI/libs/libsipai/src/NetworkImportExportCSV.cpp
FN:18,_ZNK5sipai28NeuralNetworkImportExportCSV20importNeuronsWeightsERSt10unique_ptrINS_13NeuralNetworkESt14default_deleteIS2_EE
FN:21,_ZZNK5sipai28NeuralNetworkImportExportCSV20importNeuronsWeightsERSt10unique_ptrINS_13NeuralNetworkESt14default_deleteIS2_EEENKUlRKSt6vectorIN3Csv13CellReferenceESaIS9_EEE_clESD_
FN:33,_ZZNK5sipai28NeuralNetworkImportExportCSV20importNeuronsWeightsERSt10unique_ptrINS_13NeuralNetworkESt14default_deleteIS2_EEENKUlRKSt6vectorIN3Csv13CellReferenceESaIS9_EEE0_clESD_
FN:48,_ZZNK5sipai28NeuralNetworkImportExportCSV20importNeuronsWeightsERSt10unique_ptrINS_13NeuralNetworkESt14default_deleteIS2_EEENKUlRSt6vectorINS_4RGBAESaIS8_EERKS7_IN3Csv13CellReferenceESaISD_EEE1_clESB_SH_
FN:123,_ZZNK5sipai28NeuralNetworkImportExportCSV20importNeuronsWeightsERSt10unique_ptrINS_13NeuralNetworkESt14default_deleteIS2_EEENKUlRNS_16NeuronConnectionERKNS_4RGBAEE2_clES8_SB_
FN:137,_ZNK5sipai28NeuralNetworkImportExportCSV20exportNeuronsWeightsEv
FNDA:1055,_ZZNK5sipai28NeuralNetworkImportExportCSV20importNeuronsWeightsERSt10unique_ptrINS_13NeuralNetworkESt14default_deleteIS2_EEENKUlRSt6vectorINS_4RGBAESaIS8_EERKS7_IN3Csv13CellReferenceESaISD_EEE1_clESB_SH_
FNDA:0,_ZZNK5sipai28NeuralNetworkImportExportCSV20importNeuronsWeightsERSt10unique_ptrINS_13NeuralNetworkESt14default_deleteIS2_EEENKUlRNS_16NeuronConnectionERKNS_4RGBAEE2_clES8_SB_
FNDA:1,_ZNK5sipai28NeuralNetworkImportExportCSV20importNeuronsWeightsERSt10unique_ptrINS_13NeuralNetworkESt14default_deleteIS2_EE
FNDA:2,_ZNK5sipai28NeuralNetworkImportExportCSV20exportNeuronsWeightsEv
FNDA:1055,_ZZNK5sipai28NeuralNetworkImportExportCSV20importNeuronsWeightsERSt10unique_ptrINS_13NeuralNetworkESt14default_deleteIS2_EEENKUlRKSt6vectorIN3Csv13CellReferenceESaIS9_EEE0_clESD_
FNDA:114,_ZZNK5sipai28NeuralNetworkImportExportCSV20importNeuronsWeightsERSt10unique_ptrINS_13NeuralNetworkESt14default_deleteIS2_EEENKUlRKSt6vectorIN3Csv13CellReferenceESaIS9_EEE_clESD_
FNF:6
FNH:5
DA:18,1
DA:21,114
DA:23,114
DA:24,114
DA:25,95
DA:27,19
DA:33,1055
DA:34,1055
DA:35,1565
DA:36,1565
DA:37,1565
DA:38,510
DA:40,1055
DA:43,0
DA:48,1055
DA:49,1055
DA:50,1055
DA:51,1055
DA:52,0
DA:54,1055
DA:57,1
DA:58,1
DA:59,2
DA:60,3
DA:61,1
DA:62,1
DA:63,0
DA:67,1
DA:68,1
DA:69,1
DA:70,1
DA:71,40
DA:72,39
DA:73,39
DA:74,1
DA:75,1
DA:77,38
DA:80,38
DA:81,38
DA:82,0
DA:83,0
DA:84,0
DA:85,0
DA:86,0
DA:88,38
DA:89,0
DA:90,0
DA:91,0
DA:93,38
DA:94,0
DA:98,38
DA:99,38
DA:100,38
DA:101,38
DA:103,38
DA:104,38
DA:105,38
DA:106,38
DA:108,19
DA:109,19
DA:110,19
DA:111,19
DA:113,0
DA:114,0
DA:115,0
DA:116,0
DA:117,0
DA:118,0
DA:119,0
DA:121,0
DA:123,0
DA:124,0
DA:125,0
DA:129,38
DA:130,0
DA:131,0
DA:132,38
DA:134,1
DA:135,1
DA:137,2
DA:139,2
DA:140,2
DA:141,4
DA:142,6
DA:143,2
DA:146,2
DA:147,2
DA:148,8
DA:149,44
DA:150,38
DA:151,4
DA:157,2
DA:158,14
DA:159,12
DA:160,12
DA:162,2
DA:165,8
DA:167,6
DA:168,44
DA:170,38
DA:174,38
DA:176,266
DA:177,228
DA:178,156
DA:182,72
DA:185,38
DA:189,38
DA:190,38
DA:191,266
DA:192,228
DA:193,92
DA:197,136
DA:200,38
DA:204,2
DA:205,2
LF:115
LH:90
end_of_record
TN:
SF:/home/runner/work/SIPAI/SIPAI/libs/libsipai/src/NetworkImportExportFacade.cpp
FN:10,_ZN5sipai31NeuralNetworkImportExportFacade11importModelEv
FN:20,_ZNK5sipai31NeuralNetworkImportExportFacade11exportModelEv
FNDA:1,_ZN5sipai31NeuralNetworkImportExportFacade11importModelEv
FNDA:2,_ZNK5sipai31NeuralNetworkImportExportFacade11exportModelEv
FNF:2
FNH:2
DA:10,1
DA:12,1
DA:13,1
DA:14,2
DA:15,1
DA:16,0
DA:17,0
DA:20,2
DA:22,2
DA:23,2
DA:24,0
DA:25,0
DA:26,0
DA:27,2
LF:14
LH:9
end_of_record
TN:
SF:/home/runner/work/SIPAI/SIPAI/libs/libsipai/src/NetworkImportExportJSON.cpp
FN:14,_ZN5sipai29NeuralNetworkImportExportJSON11importModelEv
FN:142,_ZNK5sipai29NeuralNetworkImportExportJSON11exportModelEv
FNDA:1,_ZN5sipai29NeuralNetworkImportExportJSON11importModelEv
FNDA:2,_ZNK5sipai29NeuralNetworkImportExportJSON11exportModelEv
FNF:2
FNH:2
DA:14,1
DA:16,1
DA:17,1
DA:19,1
DA:20,0
DA:23,1
DA:24,1
DA:25,1
DA:26,1
DA:28,1
DA:29,1
DA:31,1
DA:32,0
DA:35,1
DA:36,0
DA:37,0
DA:39,1
DA:42,1
DA:44,1
DA:45,1
DA:46,0
DA:47,0
DA:48,0
DA:49,1
DA:52,1
DA:53,1
DA:54,1
DA:55,1
DA:56,1
DA:57,1
DA:58,1
DA:59,1
DA:60,1
DA:61,1
DA:62,1
DA:63,1
DA:64,1
DA:65,1
DA:66,1
DA:67,1
DA:68,1
DA:69,1
DA:71,4
DA:73,3
DA:74,3
DA:78,3
DA:79,3
DA:80,1
DA:81,1
DA:82,1
DA:83,1
DA:84,1
DA:85,1
DA:86,1
DA:87,1
DA:88,1
DA:89,1
DA:90,1
DA:91,1
DA:92,1
DA:93,1
DA:94,1
DA:95,0
DA:96,0
DA:100,3
DA:101,22
DA:102,19
DA:107,3
DA:108,1
DA:109,1
DA:110,1
DA:111,1
DA:113,1
DA:114,1
DA:115,1
DA:117,1
DA:118,0
DA:119,0
DA:123,3
DA:124,3
DA:126,1
DA:127,0
DA:130,1
DA:131,0
DA:134,1
DA:135,2
DA:137,1
DA:138,0
DA:139,0
DA:140,1
DA:142,2
DA:144,2
DA:145,2
DA:146,2
DA:147,2
DA:150,2
DA:153,8
DA:154,6
DA:155,42
DA:156,6
DA:157,6
DA:160,2
DA:161,2
DA:162,2
DA:163,4
DA:164,2
DA:165,4
DA:166,2
DA:167,4
DA:168,2
DA:169,4
DA:170,2
DA:171,4
DA:172,2
DA:173,4
DA:174,2
DA:175,4
DA:176,2
DA:177,4
DA:178,2
DA:179,4
DA:180,2
DA:181,4
DA:185,2
DA:186,2
DA:187,2
DA:188,44
LF:127
LH:112
end_of_record
TN:
SF:/home/runner/work/SIPAI/SIPAI/libs/libsipai/src/NeuralNetwork.cpp
FN:11,_ZN5sipai13NeuralNetwork10initializeEv
FN:33,_ZN5sipai13NeuralNetwork18forwardPropagationERKSt6vectorINS_4RGBAESaIS2_EEb
FN:48,_ZN5sipai13NeuralNetwork19backwardPropagationERKSt6vectorINS_4RGBAESaIS2_EEb
FN:59,_ZN5sipai13NeuralNetwork13updateWeightsEfb
FN:65,_ZN5sipai13NeuralNetwork9addLayersEv
FN:90,_ZN5sipai13NeuralNetwork10bindLayersEv
FN:101,_ZNK5sipai13NeuralNetwork17initializeWeightsEv
FN:111,_ZN5sipai13NeuralNetwork19initializeNeighborsEv
FN:137,_ZN5sipai13NeuralNetwork18addNeuronNeighborsERNS_6NeuronEPNS_5LayerEmiib
FN:172,_ZNK5sipai13NeuralNetwork21SetActivationFunctionEPNS_5LayerENS_19EActivationFunctionEf
FN:178,_ZZNK5sipai13NeuralNetwork21SetActivationFunctionEPNS_5LayerENS_19EActivationFunctionEfENKUlT_E_clINS_4RGBAEEEDaS4_
FN:179,_ZZNK5sipai13NeuralNetwork21SetActivationFunctionEPNS_5LayerENS_19EActivationFunctionEfENKUlT_E0_clINS_4RGBAEEEDaS4_
FN:188,_ZZNK5sipai13NeuralNetwork21SetActivationFunctionEPNS_5LayerENS_19EActivationFunctionEfENKUlT_E1_clINS_4RGBAEEEDaS4_
FN:191,_ZZNK5sipai13NeuralNetwork21SetActivationFunctionEPNS_5LayerENS_19EActivationFunctionEfENKUlT_E2_clINS_4RGBAEEEDaS4_
FNDA:20,_ZN5sipai13NeuralNetwork18forwardPropagationERKSt6vectorINS_4RGBAESaIS2_EEb
FNDA:4,_ZNK5sipai13NeuralNetwork17initializeWeightsEv
FNDA:4,_ZZNK5sipai13NeuralNetwork21SetActivationFunctionEPNS_5LayerENS_19EActivationFunctionEfENKUlT_E2_clINS_4RGBAEEEDaS4_
FNDA:4,_ZZNK5sipai13NeuralNetwork21SetActivationFunctionEPNS_5LayerENS_19EActivationFunctionEfENKUlT_E0_clINS_4RGBAEEEDaS4_
FNDA:4,_ZN5sipai13NeuralNetwork19initializeNeighborsEv
FNDA:18,_ZNK5sipai13NeuralNetwork21SetActivationFunctionEPNS_5LayerENS_19EActivationFunctionEf
FNDA:16,_ZN5sipai13NeuralNetwork13updateWeightsEfb
FNDA:101,_ZN5sipai13NeuralNetwork18addNeuronNeighborsERNS_6NeuronEPNS_5LayerEmiib
FNDA:5,_ZN5sipai13NeuralNetwork10bindLayersEv
FNDA:6,_ZZNK5sipai13NeuralNetwork21SetActivationFunctionEPNS_5LayerENS_19EActivationFunctionEfENKUlT_E_clINS_4RGBAEEEDaS4_
FNDA:16,_ZN5sipai13NeuralNetwork19backwardPropagationERKSt6vectorINS_4RGBAESaIS2_EEb
FNDA:4,_ZZNK5sipai13NeuralNetwork21SetActivationFunctionEPNS_5LayerENS_19EActivationFunctionEfENKUlT_E1_clINS_4RGBAEEEDaS4_
FNDA:4,_ZN5sipai13NeuralNetwork9addLayersEv
FNDA:4,_ZN5sipai13NeuralNetwork10initializeEv
FNF:14
FNH:14
DA:11,4
DA:12,4
DA:13,0
DA:15,4
DA:16,4
DA:17,4
DA:19,4
DA:20,4
DA:22,4
DA:23,4
DA:25,4
DA:26,4
DA:28,4
DA:29,4
DA:33,20
DA:35,20
DA:36,0
DA:38,20
DA:39,0
DA:41,20
DA:42,80
DA:43,60
DA:45,20
DA:48,16
DA:50,16
DA:51,0
DA:53,16
DA:54,64
DA:55,48
DA:57,16
DA:59,16
DA:60,64
DA:61,48
DA:63,16
DA:65,4
DA:66,4
DA:67,4
DA:68,4
DA:69,4
DA:70,4
DA:72,9
DA:73,5
DA:74,5
DA:75,5
DA:76,5
DA:77,5
DA:78,5
DA:79,5
DA:82,4
DA:83,4
DA:84,4
DA:85,4
DA:86,4
DA:87,4
DA:88,4
DA:90,5
DA:91,21
DA:92,16
DA:93,11
DA:95,16
DA:96,11
DA:99,5
DA:101,4
DA:102,17
DA:103,13
DA:104,75
DA:105,66
DA:109,4
DA:111,4
DA:112,4
DA:113,17
DA:114,13
DA:115,13
DA:117,13
DA:118,4
DA:119,4
DA:120,9
DA:121,5
DA:122,5
DA:123,4
DA:124,4
DA:125,4
DA:127,0
DA:130,95
DA:131,82
DA:135,4
DA:137,101
DA:141,101
DA:142,0
DA:145,101
DA:146,101
DA:151,101
DA:154,101
DA:155,505
DA:156,404
DA:157,404
DA:158,404
DA:159,244
DA:160,244
DA:162,244
DA:163,244
DA:164,198
DA:167,244
DA:170,101
DA:172,18
DA:175,18
DA:176,1
DA:177,1
DA:178,8
DA:179,1
DA:180,4
DA:182,1
DA:183,12
DA:184,12
DA:185,12
DA:186,1
DA:187,1
DA:188,2
DA:189,4
DA:191,1
DA:192,4
DA:194,1
DA:195,1
DA:196,1
DA:197,1
DA:198,1
DA:199,1
DA:200,1
DA:201,1
DA:202,1
DA:203,1
DA:204,1
DA:205,1
DA:207,17
LF:134
LH:128
end_of_record
TN:
SF:/home/runner/work/SIPAI/SIPAI/libs/libsipai/src/NeuralNetworkBuilder.cpp
FN:8,_ZN5sipai20NeuralNetworkBuilder5buildEv
FNDA:5,_ZN5sipai20NeuralNetworkBuilder5buildEv
FNF:1
FNH:1
DA:8,5
DA:9,5
DA:10,5
DA:13,7
DA:14,7
DA:15,1
DA:16,1
DA:17,1
DA:18,4
DA:19,4
DA:22,5
LF:11
LH:11
end_of_record
TN:
SF:/home/runner/work/SIPAI/SIPAI/libs/libsipai/src/TrainingDataFileReaderCSV.cpp
FN:12,_ZN5sipai25TrainingDataFileReaderCSV15getTrainingDataB5cxx11Ev
FNDA:3,_ZN5sipai25TrainingDataFileReaderCSV15getTrainingDataB5cxx11Ev
FNF:1
FNH:1
DA:12,3
DA:14,3
DA:15,3
DA:16,0
DA:21,3
DA:22,3
DA:23,0
DA:26,3
DA:27,3
DA:28,3
DA:29,3
DA:30,3
DA:31,36
DA:33,33
DA:34,3
DA:36,30
DA:37,30
DA:38,30
DA:39,0
DA:40,0
DA:42,30
DA:43,30
DA:44,30
DA:45,30
DA:46,30
DA:47,30
DA:48,0
DA:49,0
DA:50,0
DA:56,6
DA:57,3
LF:31
LH:24
end_of_record
TN:
SF:/home/runner/work/SIPAI/SIPAI/libs/libsipai/src/TrainingMonitoredVisitor.cpp
FN:11,_Z13signalHandleri
FN:20,_ZNK5sipai24TrainingMonitoredVisitor5visitEv
FN:77,_ZNK5sipai24TrainingMonitoredVisitor12trainOnEpochERKSt6vectorISt4pairINSt7__cxx1112basic_stringIcSt11char_traitsIcESaIcEEES8_ESaIS9_EE
FN:106,_ZNK5sipai24TrainingMonitoredVisitor23evaluateOnValidationSetERKSt6vectorISt4pairINSt7__cxx1112basic_stringIcSt11char_traitsIcESaIcEEES8_ESaIS9_EE
FN:130,_ZNK5sipai24TrainingMonitoredVisitor22shouldContinueTrainingEiiRKNS_9AppParamsE
FN:140,_ZNK5sipai24TrainingMonitoredVisitor19logTrainingProgressEiff
FN:148,_ZNK5sipai24TrainingMonitoredVisitor11saveNetworkERb
FNDA:2,_ZNK5sipai24TrainingMonitoredVisitor23evaluateOnValidationSetERKSt6vectorISt4pairINSt7__cxx1112basic_stringIcSt11char_traitsIcESaIcEEES8_ESaIS9_EE
FNDA:3,_ZNK5sipai24TrainingMonitoredVisitor22shouldContinueTrainingEiiRKNS_9AppParamsE
FNDA:1,_ZNK5sipai24TrainingMonitoredVisitor11saveNetworkERb
FNDA:2,_ZNK5sipai24TrainingMonitoredVisitor12trainOnEpochERKSt6vectorISt4pairINSt7__cxx1112basic_stringIcSt11char_traitsIcESaIcEEES8_ESaIS9_EE
FNDA:2,_ZNK5sipai24TrainingMonitoredVisitor19logTrainingProgressEiff
FNDA:1,_ZNK5sipai24TrainingMonitoredVisitor5visitEv
FNDA:0,_Z13signalHandleri
FNF:7
FNH:6
DA:11,0
DA:12,0
DA:13,0
DA:16,0
DA:18,0
DA:20,1
DA:21,1
DA:23,1
DA:24,1
DA:25,1
DA:26,1
DA:29,1
DA:30,1
DA:31,0
DA:32,0
DA:36,1
DA:37,1
DA:40,1
DA:43,1
DA:45,1
DA:46,1
DA:47,1
DA:48,1
DA:49,6
DA:50,3
DA:51,2
DA:52,2
DA:54,2
DA:56,2
DA:57,2
DA:58,2
DA:60,0
DA:63,2
DA:64,2
DA:65,2
DA:66,0
DA:70,1
DA:71,1
DA:72,1
DA:73,1
DA:74,1
DA:75,1
DA:77,2
DA:79,2
DA:80,2
DA:81,18
DA:88,16
DA:91,16
DA:94,16
DA:95,16
DA:97,16
DA:98,16
DA:99,16
DA:100,16
DA:101,16
DA:102,2
DA:103,2
DA:106,2
DA:108,2
DA:109,2
DA:110,6
DA:117,4
DA:120,4
DA:123,4
DA:124,4
DA:125,4
DA:126,2
DA:127,2
DA:130,3
DA:132,3
DA:133,3
DA:134,3
DA:135,3
DA:137,3
DA:140,2
DA:143,2
DA:144,0
DA:145,2
DA:146,2
DA:148,1
DA:150,1
DA:151,1
DA:152,1
DA:154,0
DA:155,0
DA:156,0
DA:157,1
LF:87
LH:74
end_of_record
