TN:
SF:/home/runner/work/SIPAI/SIPAI/libs/libsipai/include/ActivationFunctions.h
FN:42,_ZNK5sipai7sigmoidMUlRKNS_4RGBAEE_clES2_
FN:43,_ZZNK5sipai7sigmoidMUlRKNS_4RGBAEE_clES2_ENKUlfE_clEf
FN:49,_ZNK5sipai17sigmoidDerivativeMUlRKNS_4RGBAEE_clES2_
FN:51,_ZZNK5sipai17sigmoidDerivativeMUlRKNS_4RGBAEE_clES2_ENKUlfE_clEf
FN:59,_ZNK5sipai8tanhFuncMUlRKNS_4RGBAEE_clES2_
FN:60,_ZZNK5sipai8tanhFuncMUlRKNS_4RGBAEE_clES2_ENKUlfE_clEf
FN:65,_ZNK5sipai14tanhDerivativeMUlRKNS_4RGBAEE_clES2_
FN:67,_ZZNK5sipai14tanhDerivativeMUlRKNS_4RGBAEE_clES2_ENKUlfE_clEf
FN:80,_ZNK5sipai4reluMUlRKNS_4RGBAEE_clES2_
FN:81,_ZZNK5sipai4reluMUlRKNS_4RGBAEE_clES2_ENKUlfE_clEf
FN:83,_ZNK5sipai14reluDerivativeMUlRKNS_4RGBAEE_clES2_
FN:84,_ZZNK5sipai14reluDerivativeMUlRKNS_4RGBAEE_clES2_ENKUlfE_clEf
FN:93,_ZNK5sipai9leakyReluMUlRKNS_4RGBAEE_clES2_
FN:95,_ZZNK5sipai9leakyReluMUlRKNS_4RGBAEE_clES2_ENKUlfE_clEf
FN:98,_ZNK5sipai19leakyReluDerivativeMUlRKNS_4RGBAEE_clES2_
FN:99,_ZZNK5sipai19leakyReluDerivativeMUlRKNS_4RGBAEE_clES2_ENKUlfE_clEf
FN:108,_ZNK5sipai14parametricReluMUlRKNS_4RGBAEfE_clES2_f
FN:110,_ZZNK5sipai14parametricReluMUlRKNS_4RGBAEfE_clES2_fENKUlffE_clEff
FN:118,_ZNK5sipai24parametricReluDerivativeMUlRKNS_4RGBAEfE_clES2_f
FN:119,_ZZNK5sipai24parametricReluDerivativeMUlRKNS_4RGBAEfE_clES2_fENKUlffE_clEff
FN:131,_ZNK5sipai3eluMUlRKNS_4RGBAEfE_clES2_f
FN:133,_ZZNK5sipai3eluMUlRKNS_4RGBAEfE_clES2_fENKUlffE_clEff
FN:140,_ZNK5sipai13eluDerivativeMUlRKNS_4RGBAEfE_clES2_f
FN:142,_ZZNK5sipai13eluDerivativeMUlRKNS_4RGBAEfE_clES2_fENKUlffE_clEff
FNDA:16,_ZZNK5sipai17sigmoidDerivativeMUlRKNS_4RGBAEE_clES2_ENKUlfE_clEf
FNDA:16,_ZZNK5sipai24parametricReluDerivativeMUlRKNS_4RGBAEfE_clES2_fENKUlffE_clEff
FNDA:4,_ZNK5sipai13eluDerivativeMUlRKNS_4RGBAEfE_clES2_f
FNDA:6,_ZNK5sipai3eluMUlRKNS_4RGBAEfE_clES2_f
FNDA:4,_ZNK5sipai17sigmoidDerivativeMUlRKNS_4RGBAEE_clES2_
FNDA:1216,_ZZNK5sipai9leakyReluMUlRKNS_4RGBAEE_clES2_ENKUlfE_clEf
FNDA:4,_ZNK5sipai24parametricReluDerivativeMUlRKNS_4RGBAEfE_clES2_f
FNDA:32,_ZZNK5sipai7sigmoidMUlRKNS_4RGBAEE_clES2_ENKUlfE_clEf
FNDA:16,_ZZNK5sipai13eluDerivativeMUlRKNS_4RGBAEfE_clES2_fENKUlffE_clEff
FNDA:4,_ZNK5sipai14parametricReluMUlRKNS_4RGBAEfE_clES2_f
FNDA:4,_ZNK5sipai4reluMUlRKNS_4RGBAEE_clES2_
FNDA:24,_ZZNK5sipai3eluMUlRKNS_4RGBAEfE_clES2_fENKUlffE_clEff
FNDA:24,_ZZNK5sipai14tanhDerivativeMUlRKNS_4RGBAEE_clES2_ENKUlfE_clEf
FNDA:8,_ZNK5sipai7sigmoidMUlRKNS_4RGBAEE_clES2_
FNDA:16,_ZZNK5sipai4reluMUlRKNS_4RGBAEE_clES2_ENKUlfE_clEf
FNDA:16,_ZZNK5sipai14reluDerivativeMUlRKNS_4RGBAEE_clES2_ENKUlfE_clEf
FNDA:16,_ZZNK5sipai14parametricReluMUlRKNS_4RGBAEfE_clES2_fENKUlffE_clEff
FNDA:304,_ZNK5sipai9leakyReluMUlRKNS_4RGBAEE_clES2_
FNDA:6,_ZNK5sipai14tanhDerivativeMUlRKNS_4RGBAEE_clES2_
FNDA:48,_ZZNK5sipai8tanhFuncMUlRKNS_4RGBAEE_clES2_ENKUlfE_clEf
FNDA:4,_ZNK5sipai14reluDerivativeMUlRKNS_4RGBAEE_clES2_
FNDA:400,_ZZNK5sipai19leakyReluDerivativeMUlRKNS_4RGBAEE_clES2_ENKUlfE_clEf
FNDA:12,_ZNK5sipai8tanhFuncMUlRKNS_4RGBAEE_clES2_
FNDA:100,_ZNK5sipai19leakyReluDerivativeMUlRKNS_4RGBAEE_clES2_
FNF:24
FNH:24
DA:42,8
DA:43,16
DA:45,32
DA:46,32
DA:47,16
DA:49,4
DA:50,4
DA:51,20
DA:59,12
DA:60,24
DA:62,48
DA:63,24
DA:65,6
DA:66,6
DA:67,30
DA:80,4
DA:81,20
DA:83,4
DA:84,20
DA:93,304
DA:94,608
DA:95,1824
DA:98,100
DA:99,500
DA:108,4
DA:109,8
DA:110,4
DA:112,16
DA:113,16
DA:115,8
DA:118,4
DA:119,24
DA:120,8
DA:131,6
DA:132,12
DA:133,6
DA:134,24
DA:135,24
DA:137,12
DA:140,4
DA:141,8
DA:142,20
DA:143,8
LF:43
LH:43
end_of_record
TN:
SF:/home/runner/work/SIPAI/SIPAI/libs/libsipai/include/Common.h
FN:46,_ZN5sipai14getFilenameCsvERKNSt7__cxx1112basic_stringIcSt11char_traitsIcESaIcEEE
FNDA:6,_ZN5sipai14getFilenameCsvERKNSt7__cxx1112basic_stringIcSt11char_traitsIcESaIcEEE
FNF:1
FNH:1
DA:46,6
DA:48,12
LF:2
LH:2
end_of_record
TN:
SF:/home/runner/work/SIPAI/SIPAI/libs/libsipai/include/Layer.h
FN:32,_ZN5sipai5LayerC2ENS_9LayerTypeEmm
FN:34,_ZN5sipai5LayerD0Ev
FN:34,_ZN5sipai5LayerD2Ev
FN:49,_ZN5sipai5Layer18forwardPropagationEb
FN:64,_ZN5sipai5Layer19backwardPropagationEb
FN:82,_ZN5sipai5Layer13updateWeightsEfb
FN:93,_ZNK5sipai5Layer15getLayerTypeStrB5cxx11Ev
FN:102,_ZN5sipai5Layer21setActivationFunctionERKSt8functionIFNS_4RGBAES2_EES6_
FN:118,_ZN5sipai5Layer8_forwardIN6__pstl9execution2v116sequenced_policyEEEvT_
FN:118,_ZN5sipai5Layer8_forwardIN6__pstl9execution2v127parallel_unsequenced_policyEEEvT_
FN:123,_ZZN5sipai5Layer8_forwardIN6__pstl9execution2v116sequenced_policyEEEvT_ENKUlRNS_6NeuronEE_clES8_
FN:123,_ZZN5sipai5Layer8_forwardIN6__pstl9execution2v127parallel_unsequenced_policyEEEvT_ENKUlRNS_6NeuronEE_clES8_
FN:141,_ZN5sipai5Layer9_backwardIN6__pstl9execution2v127parallel_unsequenced_policyEEEvT_
FN:141,_ZN5sipai5Layer9_backwardIN6__pstl9execution2v116sequenced_policyEEEvT_
FN:148,_ZZN5sipai5Layer9_backwardIN6__pstl9execution2v116sequenced_policyEEEvT_ENKUlRNS_6NeuronEE_clES8_
FN:148,_ZZN5sipai5Layer9_backwardIN6__pstl9execution2v127parallel_unsequenced_policyEEEvT_ENKUlRNS_6NeuronEE_clES8_
FN:173,_ZN5sipai5Layer7_updateIN6__pstl9execution2v127parallel_unsequenced_policyEEEvT_f
FN:173,_ZN5sipai5Layer7_updateIN6__pstl9execution2v116sequenced_policyEEEvT_f
FN:180,_ZZN5sipai5Layer7_updateIN6__pstl9execution2v127parallel_unsequenced_policyEEEvT_fENKUlRNS_6NeuronEE_clES8_
FN:180,_ZZN5sipai5Layer7_updateIN6__pstl9execution2v116sequenced_policyEEEvT_fENKUlRNS_6NeuronEE_clES8_
FNDA:240,_ZZN5sipai5Layer7_updateIN6__pstl9execution2v116sequenced_policyEEEvT_fENKUlRNS_6NeuronEE_clES8_
FNDA:32,_ZN5sipai5Layer19backwardPropagationEb
FNDA:96,_ZZN5sipai5Layer9_backwardIN6__pstl9execution2v116sequenced_policyEEEvT_ENKUlRNS_6NeuronEE_clES8_
FNDA:0,_ZN5sipai5Layer7_updateIN6__pstl9execution2v127parallel_unsequenced_policyEEEvT_f
FNDA:40,_ZN5sipai5Layer8_forwardIN6__pstl9execution2v116sequenced_policyEEEvT_
FNDA:32,_ZN5sipai5Layer7_updateIN6__pstl9execution2v116sequenced_policyEEEvT_f
FNDA:0,_ZZN5sipai5Layer7_updateIN6__pstl9execution2v127parallel_unsequenced_policyEEEvT_fENKUlRNS_6NeuronEE_clES8_
FNDA:0,_ZN5sipai5LayerD0Ev
FNDA:15,_ZN5sipai5Layer21setActivationFunctionERKSt8functionIFNS_4RGBAES2_EES6_
FNDA:0,_ZN5sipai5Layer9_backwardIN6__pstl9execution2v127parallel_unsequenced_policyEEEvT_
FNDA:300,_ZZN5sipai5Layer8_forwardIN6__pstl9execution2v116sequenced_policyEEEvT_ENKUlRNS_6NeuronEE_clES8_
FNDA:14,_ZN5sipai5LayerC2ENS_9LayerTypeEmm
FNDA:0,_ZZN5sipai5Layer8_forwardIN6__pstl9execution2v127parallel_unsequenced_policyEEEvT_ENKUlRNS_6NeuronEE_clES8_
FNDA:6,_ZNK5sipai5Layer15getLayerTypeStrB5cxx11Ev
FNDA:0,_ZN5sipai5Layer8_forwardIN6__pstl9execution2v127parallel_unsequenced_policyEEEvT_
FNDA:0,_ZZN5sipai5Layer9_backwardIN6__pstl9execution2v127parallel_unsequenced_policyEEEvT_ENKUlRNS_6NeuronEE_clES8_
FNDA:40,_ZN5sipai5Layer18forwardPropagationEb
FNDA:32,_ZN5sipai5Layer13updateWeightsEfb
FNDA:16,_ZN5sipai5Layer9_backwardIN6__pstl9execution2v116sequenced_policyEEEvT_
FNDA:14,_ZN5sipai5LayerD2Ev
FNF:20
FNH:13
DA:32,14
DA:33,14
DA:34,14
DA:49,40
DA:50,40
DA:51,0
DA:53,40
DA:54,0
DA:56,40
DA:64,32
DA:65,32
DA:66,16
DA:68,16
DA:69,0
DA:71,16
DA:82,32
DA:83,32
DA:84,0
DA:86,32
DA:87,0
DA:89,32
DA:93,6
DA:94,12
DA:95,12
DA:96,6
DA:99,0
DA:102,15
DA:104,93
DA:105,78
DA:106,78
DA:108,15
DA:118,40
DA:119,40
DA:120,0
DA:122,40
DA:123,300
DA:124,300
DA:125,1860
DA:126,1560
DA:130,300
DA:141,16
DA:142,16
DA:143,0
DA:145,16
DA:146,16
DA:147,16
DA:148,384
DA:149,96
DA:150,96
DA:151,960
DA:152,864
DA:156,320
DA:157,224
DA:160,192
DA:161,96
DA:173,32
DA:174,32
DA:175,0
DA:177,32
DA:178,32
DA:179,32
DA:180,240
DA:182,1488
DA:183,1248
DA:184,1248
DA:185,1248
DA:186,1248
DA:190,848
DA:191,608
DA:192,608
DA:193,1216
LF:71
LH:62
end_of_record
TN:
SF:/home/runner/work/SIPAI/SIPAI/libs/libsipai/include/LayerHidden.h
FN:26,_ZN5sipai11LayerHiddenC2Ev
FN:27,_ZN5sipai11LayerHiddenC2Emm
FNDA:4,_ZN5sipai11LayerHiddenC2Emm
FNDA:2,_ZN5sipai11LayerHiddenC2Ev
FNF:2
FNH:2
DA:26,2
DA:27,4
DA:28,4
LF:3
LH:3
end_of_record
TN:
SF:/home/runner/work/SIPAI/SIPAI/libs/libsipai/include/LayerInput.h
FN:23,_ZN5sipai10LayerInputC2Ev
FN:24,_ZN5sipai10LayerInputC2Emm
FN:27,_ZN5sipai10LayerInput18forwardPropagationEb
FN:31,_ZN5sipai10LayerInput19backwardPropagationEb
FN:35,_ZN5sipai10LayerInput13updateWeightsEfb
FN:40,_ZN5sipai10LayerInput14setInputValuesERKSt6vectorINS_4RGBAESaIS2_EE
FNDA:3,_ZN5sipai10LayerInputC2Emm
FNDA:16,_ZN5sipai10LayerInput13updateWeightsEfb
FNDA:1,_ZN5sipai10LayerInputC2Ev
FNDA:16,_ZN5sipai10LayerInput19backwardPropagationEb
FNDA:20,_ZN5sipai10LayerInput14setInputValuesERKSt6vectorINS_4RGBAESaIS2_EE
FNDA:20,_ZN5sipai10LayerInput18forwardPropagationEb
FNF:6
FNH:6
DA:23,1
DA:24,3
DA:25,3
DA:27,20
DA:29,20
DA:31,16
DA:33,16
DA:35,16
DA:38,16
DA:40,20
DA:41,20
DA:42,0
DA:44,100
DA:45,80
DA:47,20
LF:15
LH:14
end_of_record
TN:
SF:/home/runner/work/SIPAI/SIPAI/libs/libsipai/include/LayerOutput.h
FN:29,_ZN5sipai11LayerOutputC2Ev
FN:30,_ZN5sipai11LayerOutputC2Emm
FN:33,_ZN5sipai11LayerOutput13computeErrorsERKSt6vectorINS_4RGBAESaIS2_EE
FN:55,_ZN5sipai11LayerOutput15getOutputValuesEv
FN:57,_ZZN5sipai11LayerOutput15getOutputValuesEvENKUlRKNS_6NeuronEE_clES3_
FNDA:16,_ZN5sipai11LayerOutput13computeErrorsERKSt6vectorINS_4RGBAESaIS2_EE
FNDA:180,_ZZN5sipai11LayerOutput15getOutputValuesEvENKUlRKNS_6NeuronEE_clES3_
FNDA:1,_ZN5sipai11LayerOutputC2Ev
FNDA:20,_ZN5sipai11LayerOutput15getOutputValuesEv
FNDA:3,_ZN5sipai11LayerOutputC2Emm
FNF:5
FNH:5
DA:29,1
DA:30,3
DA:31,3
DA:33,16
DA:34,16
DA:35,0
DA:38,16
DA:39,16
DA:40,16
DA:42,160
DA:44,144
DA:45,528
DA:46,384
DA:48,144
DA:49,144
DA:50,432
DA:51,144
DA:53,16
DA:55,20
DA:57,200
DA:58,20
LF:21
LH:20
end_of_record
TN:
SF:/home/runner/work/SIPAI/SIPAI/libs/libsipai/include/Manager.h
FN:24,_ZN5sipai7Manager11getInstanceEv
FN:154,_ZNK5sipai7Manager16getVersionHeaderB5cxx11Ev
FN:159,_ZN5sipai7ManagerC2Ev
FNDA:74,_ZN5sipai7Manager11getInstanceEv
FNDA:1,_ZN5sipai7ManagerC2Ev
FNDA:1,_ZNK5sipai7Manager16getVersionHeaderB5cxx11Ev
FNF:3
FNH:3
DA:24,74
DA:25,74
DA:26,74
DA:154,1
DA:155,2
DA:159,1
LF:6
LH:6
end_of_record
TN:
SF:/home/runner/work/SIPAI/SIPAI/libs/libsipai/include/NeuralNetwork.h
FN:25,_ZN5sipai13NeuralNetworkC2Ev
FN:33,_ZN5sipai13NeuralNetworkD2Ev
FNDA:5,_ZN5sipai13NeuralNetworkD2Ev
FNDA:5,_ZN5sipai13NeuralNetworkC2Ev
FNF:2
FNH:2
DA:25,5
DA:33,5
DA:34,19
DA:35,14
DA:36,14
DA:39,5
LF:6
LH:6
end_of_record
TN:
SF:/home/runner/work/SIPAI/SIPAI/libs/libsipai/include/NeuralNetworkBuilder.h
FN:30,_ZN5sipai20NeuralNetworkBuilder4withERSt10unique_ptrINS_13NeuralNetworkESt14default_deleteIS2_EE
FN:41,_ZN5sipai20NeuralNetworkBuilder4withERNS_19NeuralNetworkParamsE
FNDA:8,_ZN5sipai20NeuralNetworkBuilder4withERNS_19NeuralNetworkParamsE
FNDA:1,_ZN5sipai20NeuralNetworkBuilder4withERSt10unique_ptrINS_13NeuralNetworkESt14default_deleteIS2_EE
FNF:2
FNH:2
DA:30,1
DA:31,1
DA:32,1
DA:41,8
DA:42,8
DA:43,8
LF:6
LH:6
end_of_record
TN:
SF:/home/runner/work/SIPAI/SIPAI/libs/libsipai/include/NeuralNetworkImportExportFacade.h
FN:19,_ZN5sipai31NeuralNetworkImportExportFacadeD0Ev
FN:19,_ZN5sipai31NeuralNetworkImportExportFacadeD2Ev
FNDA:4,_ZN5sipai31NeuralNetworkImportExportFacadeD2Ev
FNDA:2,_ZN5sipai31NeuralNetworkImportExportFacadeD0Ev
FNF:2
FNH:2
DA:19,6
LF:1
LH:1
end_of_record
TN:
SF:/home/runner/work/SIPAI/SIPAI/libs/libsipai/include/Neuron.h
FN:31,_ZN5sipai6NeuronC2Ev
FN:57,_ZN5sipai6Neuron11initWeightsEm
FN:67,_ZNK5sipai6Neuron11toStringCsvB5cxx11Em
FN:83,_ZNK5sipai6Neuron20toNeighborsStringCsvB5cxx11Em
FNDA:51,_ZN5sipai6Neuron11initWeightsEm
FNDA:30,_ZNK5sipai6Neuron11toStringCsvB5cxx11Em
FNDA:30,_ZNK5sipai6Neuron20toNeighborsStringCsvB5cxx11Em
FNDA:84,_ZN5sipai6NeuronC2Ev
FNF:4
FNH:4
DA:31,84
DA:57,51
DA:58,51
DA:61,51
DA:62,321
DA:63,270
DA:65,51
DA:67,30
DA:68,30
DA:69,186
DA:70,156
DA:73,54
DA:74,24
DA:76,30
DA:77,30
DA:78,30
DA:80,60
DA:81,30
DA:83,30
DA:84,30
DA:85,106
DA:86,76
DA:89,134
DA:90,104
DA:92,30
DA:93,30
DA:94,30
DA:96,60
DA:97,30
LF:29
LH:29
end_of_record
TN:
SF:/home/runner/work/SIPAI/SIPAI/libs/libsipai/include/NeuronConnection.h
FN:20,_ZN5sipai16NeuronConnectionC2EPNS_6NeuronENS_4RGBAE
FNDA:166,_ZN5sipai16NeuronConnectionC2EPNS_6NeuronENS_4RGBAE
FNF:1
FNH:1
DA:20,166
DA:21,166
LF:2
LH:2
end_of_record
TN:
SF:/home/runner/work/SIPAI/SIPAI/libs/libsipai/include/RGBA.h
FN:28,_ZN5sipai4RGBAC2Ev
FN:31,_ZN5sipai4RGBAC2Effff
FN:34,_ZN5sipai4RGBAC2ERKN2cv3VecIhLi4EEEb
FN:43,_ZNK5sipai4RGBA3sumEv
FN:54,_ZNK5sipai4RGBA5clampERKfS2_
FN:57,_ZZNK5sipai4RGBA5clampERKfS2_ENKUlfE_clEf
FN:67,_ZNK5sipai4RGBA3powEf
FN:69,_ZZNK5sipai4RGBA3powEfENKUlfE_clEf
FN:84,_ZNK5sipai4RGBA6randomERKf
FN:90,_ZZNK5sipai4RGBA6randomERKfENKUlRfE_clES3_
FN:102,_ZNK5sipai4RGBA12isOutOfRangeERKfS2_
FN:104,_ZZNK5sipai4RGBA12isOutOfRangeERKfS2_ENKUlfE_clEf
FN:112,_ZNK5sipai4RGBA11toStringCsvB5cxx11Ev
FN:128,_ZNK5sipai4RGBA7toVec4bEv
FN:134,_ZNK5sipai4RGBA5applyERKSt8functionIFffEE
FN:142,_ZNK5sipai4RGBA5applyERKSt8functionIFfffEEf
FN:146,_ZZNK5sipai4RGBA5applyERKSt8functionIFfffEEfENKUlfE_clEf
FN:151,_ZNK5sipai4RGBA15applyToElementsISt10multipliesIvEEEDaT_RKS0_
FN:151,_ZNK5sipai4RGBA15applyToElementsISt5minusIvEEEDaT_RKS0_
FN:151,_ZNK5sipai4RGBA15applyToElementsISt4plusIvEEEDaT_RKS0_
FN:158,_ZN5sipai4RGBApLERKS0_
FN:164,_ZN5sipai4RGBAmIERKS0_
FN:176,_ZNK5sipai4RGBAmlERKS0_
FN:180,_ZNK5sipai4RGBAplERKS0_
FN:184,_ZNK5sipai4RGBAmiERKS0_
FN:188,_ZN5sipaimlEfRKNS_4RGBAE
FN:191,_ZZN5sipaimlEfRKNS_4RGBAEENKUlfE_clEf
FNDA:25460,_ZN5sipai4RGBAC2ERKN2cv3VecIhLi4EEEb
FNDA:3744,_ZNK5sipai4RGBA5clampERKfS2_
FNDA:72,_ZZNK5sipai4RGBA5applyERKSt8functionIFfffEEfENKUlfE_clEf
FNDA:200,_ZNK5sipai4RGBA3sumEv
FNDA:442,_ZNK5sipai4RGBA5applyERKSt8functionIFffEE
FNDA:14976,_ZZNK5sipai4RGBA5clampERKfS2_ENKUlfE_clEf
FNDA:22502,_ZNK5sipai4RGBA12isOutOfRangeERKfS2_
FNDA:144,_ZNK5sipai4RGBAplERKS0_
FNDA:8576,_ZZN5sipaimlEfRKNS_4RGBAEENKUlfE_clEf
FNDA:38158,_ZN5sipai4RGBAC2Ev
FNDA:90008,_ZZNK5sipai4RGBA12isOutOfRangeERKfS2_ENKUlfE_clEf
FNDA:344,_ZNK5sipai4RGBAmiERKS0_
FNDA:3032,_ZN5sipai4RGBApLERKS0_
FNDA:400,_ZNK5sipai4RGBA6randomERKf
FNDA:4984,_ZNK5sipai4RGBAmlERKS0_
FNDA:1600,_ZZNK5sipai4RGBA6randomERKfENKUlRfE_clES3_
FNDA:0,_ZZNK5sipai4RGBA3powEfENKUlfE_clEf
FNDA:4984,_ZNK5sipai4RGBA15applyToElementsISt10multipliesIvEEEDaT_RKS0_
FNDA:1182,_ZN5sipai4RGBAC2Effff
FNDA:18,_ZNK5sipai4RGBA5applyERKSt8functionIFfffEEf
FNDA:200,_ZNK5sipai4RGBA3powEf
FNDA:900,_ZNK5sipai4RGBA7toVec4bEv
FNDA:233,_ZNK5sipai4RGBA11toStringCsvB5cxx11Ev
FNDA:1856,_ZN5sipai4RGBAmIERKS0_
FNDA:144,_ZNK5sipai4RGBA15applyToElementsISt4plusIvEEEDaT_RKS0_
FNDA:2144,_ZN5sipaimlEfRKNS_4RGBAE
FNDA:344,_ZNK5sipai4RGBA15applyToElementsISt5minusIvEEEDaT_RKS0_
FNF:27
FNH:26
DA:28,38158
DA:31,1182
DA:34,25460
DA:35,25460
DA:36,25460
DA:43,200
DA:44,200
DA:54,2896
DA:55,3744
DA:56,3744
DA:57,18720
DA:58,3744
DA:67,200
DA:68,200
DA:69,0
DA:70,0
DA:71,0
DA:73,400
DA:74,600
DA:84,400
DA:85,400
DA:86,400
DA:87,400
DA:88,400
DA:90,1600
DA:91,800
DA:102,45004
DA:103,22502
DA:104,112510
DA:112,233
DA:113,233
DA:114,233
DA:115,1165
DA:116,932
DA:118,233
DA:119,233
DA:120,466
DA:121,233
DA:128,900
DA:129,3600
DA:130,900
DA:134,442
DA:135,442
DA:136,442
DA:137,442
DA:142,18
DA:144,18
DA:145,18
DA:146,72
DA:147,18
DA:151,5472
DA:152,5472
DA:153,5472
DA:155,5472
DA:158,3032
DA:159,3032
DA:161,3032
DA:164,1856
DA:165,1856
DA:167,1856
DA:176,4984
DA:177,4984
DA:180,144
DA:181,144
DA:184,344
DA:185,344
DA:188,2144
DA:189,2144
DA:190,2144
DA:191,8576
DA:192,2144
LF:71
LH:68
end_of_record
TN:
SF:/home/runner/work/SIPAI/SIPAI/libs/libsipai/include/RandomFactory.h
FN:16,_ZN5sipai13RandomFactory11getInstanceEv
FN:30,_ZN5sipai13RandomFactory9getRandomEff
FN:43,_ZN5sipai13RandomFactory4RandEff
FN:48,_ZN5sipai13RandomFactoryC2Ev
FNDA:1600,_ZN5sipai13RandomFactory9getRandomEff
FNDA:1,_ZN5sipai13RandomFactoryC2Ev
FNDA:1600,_ZN5sipai13RandomFactory11getInstanceEv
FNDA:1600,_ZN5sipai13RandomFactory4RandEff
FNF:4
FNH:4
DA:16,1600
DA:17,1600
DA:18,1600
DA:30,1600
DA:31,1600
DA:32,3200
DA:43,1600
DA:44,1600
DA:48,1
LF:9
LH:9
end_of_record
TN:
SF:/home/runner/work/SIPAI/SIPAI/libs/libsipai/include/RunnerVisitor.h
FN:19,_ZN5sipai13RunnerVisitorD0Ev
FN:19,_ZN5sipai13RunnerVisitorD2Ev
FNDA:2,_ZN5sipai13RunnerVisitorD2Ev
FNDA:0,_ZN5sipai13RunnerVisitorD0Ev
FNF:2
FNH:1
DA:19,2
LF:1
LH:1
end_of_record
TN:
SF:/home/runner/work/SIPAI/SIPAI/libs/libsipai/include/RunnerVisitorFactory.h
FN:18,_ZN5sipai20RunnerVisitorFactory27getTrainingMonitoredVisitorEv
FN:26,_ZN5sipai20RunnerVisitorFactory18getEnhancerVisitorEv
FNDA:0,_ZN5sipai20RunnerVisitorFactory18getEnhancerVisitorEv
FNDA:1,_ZN5sipai20RunnerVisitorFactory27getTrainingMonitoredVisitorEv
FNF:2
FNH:1
DA:18,1
DA:19,1
DA:21,1
DA:23,1
DA:26,0
DA:27,0
DA:28,0
DA:30,0
LF:8
LH:4
end_of_record
TN:
SF:/home/runner/work/SIPAI/SIPAI/libs/libsipai/include/SimpleLogger.h
FN:32,_ZN5sipai12SimpleLogger11getInstanceEv
FN:55,_ZNK5sipai12SimpleLogger3logIJRA28_KcRiRA4_S2_RPS2_EEERKS0_NS_8LogLevelEbDpOT_
FN:55,_ZNK5sipai12SimpleLogger3logIJRA34_KcEEERKS0_NS_8LogLevelEbDpOT_
FN:55,_ZNK5sipai12SimpleLogger3logIJRA18_KcEEERKS0_NS_8LogLevelEbDpOT_
FN:55,_ZNK5sipai12SimpleLogger3logIJRA8_KcRiRA15_S2_RfRA21_S2_S8_RA2_S2_EEERKS0_NS_8LogLevelEbDpOT_
FN:55,_ZNK5sipai12SimpleLogger3logIJRA26_KcEEERKS0_NS_8LogLevelEbDpOT_
FN:55,_ZNK5sipai12SimpleLogger3logIJRA21_KcEEERKS0_NS_8LogLevelEbDpOT_
FN:55,_ZNK5sipai12SimpleLogger3logIJRA31_KcEEERKS0_NS_8LogLevelEbDpOT_
FN:55,_ZNK5sipai12SimpleLogger3logIJRA66_KcEEERKS0_NS_8LogLevelEbDpOT_
FN:55,_ZNK5sipai12SimpleLogger3logIJRA26_KcRPS2_EEERKS0_NS_8LogLevelEbDpOT_
FN:55,_ZNK5sipai12SimpleLogger3logIJRA15_KcRdRA2_S2_EEERKS0_NS_8LogLevelEbDpOT_
FN:55,_ZNK5sipai12SimpleLogger3logIJRA17_KcRPS2_EEERKS0_NS_8LogLevelEbDpOT_
FN:55,_ZNK5sipai12SimpleLogger3logIJRA25_KcEEERKS0_NS_8LogLevelEbDpOT_
FN:55,_ZNK5sipai12SimpleLogger3logIJRA80_KcEEERKS0_NS_8LogLevelEbDpOT_
FN:55,_ZNK5sipai12SimpleLogger3logIJRNSt7__cxx1112basic_stringIcSt11char_traitsIcESaIcEEEEEERKS0_NS_8LogLevelEbDpOT_
FN:55,_ZNK5sipai12SimpleLogger3logIJRA34_KcRPS2_EEERKS0_NS_8LogLevelEbDpOT_
FN:55,_ZNK5sipai12SimpleLogger3logIJRA17_KcEEERKS0_NS_8LogLevelEbDpOT_
FN:55,_ZNK5sipai12SimpleLogger3logIJRA39_KcRNSt7__cxx1112basic_stringIcSt11char_traitsIcESaIcEEERA4_S2_EEERKS0_NS_8LogLevelEbDpOT_
FN:55,_ZNK5sipai12SimpleLogger3logIJRA20_KcEEERKS0_NS_8LogLevelEbDpOT_
FN:55,_ZNK5sipai12SimpleLogger3logIJRA29_KcEEERKS0_NS_8LogLevelEbDpOT_
FN:55,_ZNK5sipai12SimpleLogger3logIJRA40_KcEEERKS0_NS_8LogLevelEbDpOT_
FN:55,_ZNK5sipai12SimpleLogger3logIJRA39_KcEEERKS0_NS_8LogLevelEbDpOT_
FN:55,_ZNK5sipai12SimpleLogger3logIJRA35_KcRNSt7__cxx1112basic_stringIcSt11char_traitsIcESaIcEEERA4_S2_EEERKS0_NS_8LogLevelEbDpOT_
FN:55,_ZNK5sipai12SimpleLogger3logIJRA30_KcRNSt7__cxx1112basic_stringIcSt11char_traitsIcESaIcEEERA6_S2_SB_RA4_S2_EEERKS0_NS_8LogLevelEbDpOT_
FN:55,_ZNK5sipai12SimpleLogger3logIJRA47_KcRNSt7__cxx1112basic_stringIcSt11char_traitsIcESaIcEEEEEERKS0_NS_8LogLevelEbDpOT_
FN:180,_ZNK5sipai12SimpleLogger4infoIJRA66_KcEEERKS0_DpOT_
FN:180,_ZNK5sipai12SimpleLogger4infoIJRA8_KcRiRA15_S2_RfRA21_S2_S8_RA2_S2_EEERKS0_DpOT_
FN:180,_ZNK5sipai12SimpleLogger4infoIJRA17_KcEEERKS0_DpOT_
FN:180,_ZNK5sipai12SimpleLogger4infoIJRA35_KcRNSt7__cxx1112basic_stringIcSt11char_traitsIcESaIcEEERA4_S2_EEERKS0_DpOT_
FN:180,_ZNK5sipai12SimpleLogger4infoIJRA31_KcEEERKS0_DpOT_
FN:180,_ZNK5sipai12SimpleLogger4infoIJRA39_KcEEERKS0_DpOT_
FN:180,_ZNK5sipai12SimpleLogger4infoIJRA15_KcRdRA2_S2_EEERKS0_DpOT_
FN:180,_ZNK5sipai12SimpleLogger4infoIJRA39_KcRNSt7__cxx1112basic_stringIcSt11char_traitsIcESaIcEEERA4_S2_EEERKS0_DpOT_
FN:180,_ZNK5sipai12SimpleLogger4infoIJRA47_KcRNSt7__cxx1112basic_stringIcSt11char_traitsIcESaIcEEEEEERKS0_DpOT_
FN:180,_ZNK5sipai12SimpleLogger4infoIJRA18_KcEEERKS0_DpOT_
FN:180,_ZNK5sipai12SimpleLogger4infoIJRA40_KcEEERKS0_DpOT_
FN:180,_ZNK5sipai12SimpleLogger4infoIJRA30_KcRNSt7__cxx1112basic_stringIcSt11char_traitsIcESaIcEEERA6_S2_SB_RA4_S2_EEERKS0_DpOT_
FN:180,_ZNK5sipai12SimpleLogger4infoIJRA34_KcRPS2_EEERKS0_DpOT_
FN:180,_ZNK5sipai12SimpleLogger4infoIJRA21_KcEEERKS0_DpOT_
FN:180,_ZNK5sipai12SimpleLogger4infoIJRA80_KcEEERKS0_DpOT_
FN:180,_ZNK5sipai12SimpleLogger4infoIJRNSt7__cxx1112basic_stringIcSt11char_traitsIcESaIcEEEEEERKS0_DpOT_
FN:180,_ZNK5sipai12SimpleLogger4infoIJRA20_KcEEERKS0_DpOT_
FN:196,_ZNK5sipai12SimpleLogger4warnIJNSt7__cxx1112basic_stringIcSt11char_traitsIcESaIcEEEEEERKS0_DpOT_
FN:212,_ZNK5sipai12SimpleLogger5errorIJRA17_KcRPS2_EEERKS0_DpOT_
FN:212,_ZNK5sipai12SimpleLogger5errorIJRA26_KcRPS2_EEERKS0_DpOT_
FN:212,_ZNK5sipai12SimpleLogger5errorIJRA29_KcEEERKS0_DpOT_
FN:212,_ZNK5sipai12SimpleLogger5errorIJRA34_KcEEERKS0_DpOT_
FN:212,_ZNK5sipai12SimpleLogger5errorIJRA25_KcEEERKS0_DpOT_
FN:212,_ZNK5sipai12SimpleLogger5errorIJRA26_KcEEERKS0_DpOT_
FN:212,_ZNK5sipai12SimpleLogger5errorIJRA28_KcRiRA4_S2_RPS2_EEERKS0_DpOT_
FN:264,_ZNK5sipai12SimpleLogger12setPrecisionEl
FN:287,_ZN5sipai12SimpleLogger8LOG_INFOIJRA47_KcRNSt7__cxx1112basic_stringIcSt11char_traitsIcESaIcEEEEEERKS0_DpOT_
FN:287,_ZN5sipai12SimpleLogger8LOG_INFOIJRA8_KciRA15_S2_fRA21_S2_fRA2_S2_EEERKS0_DpOT_
FN:287,_ZN5sipai12SimpleLogger8LOG_INFOIJNSt7__cxx1112basic_stringIcSt11char_traitsIcESaIcEEEEEERKS0_DpOT_
FN:287,_ZN5sipai12SimpleLogger8LOG_INFOIJRA66_KcEEERKS0_DpOT_
FN:287,_ZN5sipai12SimpleLogger8LOG_INFOIJRA17_KcEEERKS0_DpOT_
FN:287,_ZN5sipai12SimpleLogger8LOG_INFOIJRA40_KcEEERKS0_DpOT_
FN:287,_ZN5sipai12SimpleLogger8LOG_INFOIJRA39_KcEEERKS0_DpOT_
FN:287,_ZN5sipai12SimpleLogger8LOG_INFOIJRA15_KcdRA2_S2_EEERKS0_DpOT_
FN:287,_ZN5sipai12SimpleLogger8LOG_INFOIJRA20_KcEEERKS0_DpOT_
FN:287,_ZN5sipai12SimpleLogger8LOG_INFOIJRA18_KcEEERKS0_DpOT_
FN:287,_ZN5sipai12SimpleLogger8LOG_INFOIJRA39_KcRNSt7__cxx1112basic_stringIcSt11char_traitsIcESaIcEEERA4_S2_EEERKS0_DpOT_
FN:287,_ZN5sipai12SimpleLogger8LOG_INFOIJRA80_KcEEERKS0_DpOT_
FN:287,_ZN5sipai12SimpleLogger8LOG_INFOIJRA35_KcRNSt7__cxx1112basic_stringIcSt11char_traitsIcESaIcEEERA4_S2_EEERKS0_DpOT_
FN:287,_ZN5sipai12SimpleLogger8LOG_INFOIJRA30_KcRNSt7__cxx1112basic_stringIcSt11char_traitsIcESaIcEEERA6_S2_SA_RA4_S2_EEERKS0_DpOT_
FN:287,_ZN5sipai12SimpleLogger8LOG_INFOIJRA21_KcEEERKS0_DpOT_
FN:287,_ZN5sipai12SimpleLogger8LOG_INFOIJRA34_KcPS2_EEERKS0_DpOT_
FN:287,_ZN5sipai12SimpleLogger8LOG_INFOIJRA31_KcEEERKS0_DpOT_
FN:315,_ZN5sipai12SimpleLogger9LOG_ERRORIJRA28_KcRiRA4_S2_PS2_EEERKS0_DpOT_
FN:315,_ZN5sipai12SimpleLogger9LOG_ERRORIJRA25_KcEEERKS0_DpOT_
FN:315,_ZN5sipai12SimpleLogger9LOG_ERRORIJRA26_KcPS2_EEERKS0_DpOT_
FN:315,_ZN5sipai12SimpleLogger9LOG_ERRORIJRA26_KcEEERKS0_DpOT_
FN:315,_ZN5sipai12SimpleLogger9LOG_ERRORIJRA17_KcPS2_EEERKS0_DpOT_
FN:315,_ZN5sipai12SimpleLogger9LOG_ERRORIJRA34_KcEEERKS0_DpOT_
FN:315,_ZN5sipai12SimpleLogger9LOG_ERRORIJRA29_KcEEERKS0_DpOT_
FN:336,_ZN5sipai12SimpleLoggerC2Ev
FN:341,_ZNK5sipai12SimpleLogger13get_timestampB5cxx11Ev
FNDA:0,_ZNK5sipai12SimpleLogger3logIJRA34_KcEEERKS0_NS_8LogLevelEbDpOT_
FNDA:4,_ZNK5sipai12SimpleLogger3logIJRA18_KcEEERKS0_NS_8LogLevelEbDpOT_
FNDA:2,_ZNK5sipai12SimpleLogger3logIJRA8_KcRiRA15_S2_RfRA21_S2_S8_RA2_S2_EEERKS0_NS_8LogLevelEbDpOT_
FNDA:2,_ZNK5sipai12SimpleLogger4infoIJRA8_KcRiRA15_S2_RfRA21_S2_S8_RA2_S2_EEERKS0_DpOT_
FNDA:0,_ZNK5sipai12SimpleLogger3logIJRA28_KcRiRA4_S2_RPS2_EEERKS0_NS_8LogLevelEbDpOT_
FNDA:1,_ZNK5sipai12SimpleLogger4infoIJRA66_KcEEERKS0_DpOT_
FNDA:0,_ZNK5sipai12SimpleLogger5errorIJRA17_KcRPS2_EEERKS0_DpOT_
FNDA:2,_ZN5sipai12SimpleLogger8LOG_INFOIJRA8_KciRA15_S2_fRA21_S2_fRA2_S2_EEERKS0_DpOT_
FNDA:1,_ZN5sipai12SimpleLogger8LOG_INFOIJNSt7__cxx1112basic_stringIcSt11char_traitsIcESaIcEEEEEERKS0_DpOT_
FNDA:1,_ZNK5sipai12SimpleLogger4infoIJRA35_KcRNSt7__cxx1112basic_stringIcSt11char_traitsIcESaIcEEERA4_S2_EEERKS0_DpOT_
FNDA:0,_ZN5sipai12SimpleLogger8LOG_INFOIJRA47_KcRNSt7__cxx1112basic_stringIcSt11char_traitsIcESaIcEEEEEERKS0_DpOT_
FNDA:3,_ZNK5sipai12SimpleLogger4infoIJRA17_KcEEERKS0_DpOT_
FNDA:15,_ZN5sipai12SimpleLogger8LOG_INFOIJRA40_KcEEERKS0_DpOT_
FNDA:3,_ZNK5sipai12SimpleLogger4infoIJRA39_KcEEERKS0_DpOT_
FNDA:0,_ZNK5sipai12SimpleLogger3logIJRA26_KcEEERKS0_NS_8LogLevelEbDpOT_
FNDA:1,_ZNK5sipai12SimpleLogger4infoIJRA15_KcRdRA2_S2_EEERKS0_DpOT_
FNDA:3,_ZN5sipai12SimpleLogger8LOG_INFOIJRA17_KcEEERKS0_DpOT_
FNDA:40,_ZN5sipai12SimpleLogger11getInstanceEv
FNDA:0,_ZN5sipai12SimpleLogger9LOG_ERRORIJRA25_KcEEERKS0_DpOT_
FNDA:3,_ZNK5sipai12SimpleLogger4infoIJRA31_KcEEERKS0_DpOT_
FNDA:0,_ZN5sipai12SimpleLogger9LOG_ERRORIJRA28_KcRiRA4_S2_PS2_EEERKS0_DpOT_
FNDA:1,_ZN5sipai12SimpleLoggerC2Ev
FNDA:1,_ZN5sipai12SimpleLogger8LOG_INFOIJRA66_KcEEERKS0_DpOT_
FNDA:15,_ZNK5sipai12SimpleLogger4infoIJRA40_KcEEERKS0_DpOT_
FNDA:1,_ZNK5sipai12SimpleLogger3logIJRA15_KcRdRA2_S2_EEERKS0_NS_8LogLevelEbDpOT_
FNDA:4,_ZNK5sipai12SimpleLogger4infoIJRA18_KcEEERKS0_DpOT_
FNDA:1,_ZNK5sipai12SimpleLogger3logIJRA66_KcEEERKS0_NS_8LogLevelEbDpOT_
FNDA:0,_ZNK5sipai12SimpleLogger3logIJRA26_KcRPS2_EEERKS0_NS_8LogLevelEbDpOT_
FNDA:0,_ZN5sipai12SimpleLogger9LOG_ERRORIJRA26_KcPS2_EEERKS0_DpOT_
FNDA:3,_ZNK5sipai12SimpleLogger3logIJRA31_KcEEERKS0_NS_8LogLevelEbDpOT_
FNDA:0,_ZNK5sipai12SimpleLogger4infoIJRA47_KcRNSt7__cxx1112basic_stringIcSt11char_traitsIcESaIcEEEEEERKS0_DpOT_
FNDA:0,_ZNK5sipai12SimpleLogger3logIJRA21_KcEEERKS0_NS_8LogLevelEbDpOT_
FNDA:3,_ZN5sipai12SimpleLogger8LOG_INFOIJRA39_KcEEERKS0_DpOT_
FNDA:1,_ZNK5sipai12SimpleLogger4infoIJRA39_KcRNSt7__cxx1112basic_stringIcSt11char_traitsIcESaIcEEERA4_S2_EEERKS0_DpOT_
FNDA:1,_ZN5sipai12SimpleLogger8LOG_INFOIJRA20_KcEEERKS0_DpOT_
FNDA:1,_ZN5sipai12SimpleLogger8LOG_INFOIJRA15_KcdRA2_S2_EEERKS0_DpOT_
FNDA:38,_ZNK5sipai12SimpleLogger13get_timestampB5cxx11Ev
FNDA:2,_ZNK5sipai12SimpleLogger4infoIJRA30_KcRNSt7__cxx1112basic_stringIcSt11char_traitsIcESaIcEEERA6_S2_SB_RA4_S2_EEERKS0_DpOT_
FNDA:0,_ZNK5sipai12SimpleLogger5errorIJRA29_KcEEERKS0_DpOT_
FNDA:0,_ZNK5sipai12SimpleLogger3logIJRA34_KcRPS2_EEERKS0_NS_8LogLevelEbDpOT_
FNDA:1,_ZNK5sipai12SimpleLogger3logIJRNSt7__cxx1112basic_stringIcSt11char_traitsIcESaIcEEEEEERKS0_NS_8LogLevelEbDpOT_
FNDA:0,_ZN5sipai12SimpleLogger9LOG_ERRORIJRA26_KcEEERKS0_DpOT_
FNDA:1,_ZN5sipai12SimpleLogger8LOG_INFOIJRA39_KcRNSt7__cxx1112basic_stringIcSt11char_traitsIcESaIcEEERA4_S2_EEERKS0_DpOT_
FNDA:0,_ZN5sipai12SimpleLogger8LOG_INFOIJRA80_KcEEERKS0_DpOT_
FNDA:0,_ZNK5sipai12SimpleLogger5errorIJRA26_KcRPS2_EEERKS0_DpOT_
FNDA:0,_ZNK5sipai12SimpleLogger3logIJRA25_KcEEERKS0_NS_8LogLevelEbDpOT_
FNDA:0,_ZNK5sipai12SimpleLogger3logIJRA80_KcEEERKS0_NS_8LogLevelEbDpOT_
FNDA:4,_ZN5sipai12SimpleLogger8LOG_INFOIJRA18_KcEEERKS0_DpOT_
FNDA:0,_ZNK5sipai12SimpleLogger3logIJRA17_KcRPS2_EEERKS0_NS_8LogLevelEbDpOT_
FNDA:0,_ZNK5sipai12SimpleLogger4warnIJNSt7__cxx1112basic_stringIcSt11char_traitsIcESaIcEEEEEERKS0_DpOT_
FNDA:0,_ZN5sipai12SimpleLogger9LOG_ERRORIJRA17_KcPS2_EEERKS0_DpOT_
FNDA:0,_ZNK5sipai12SimpleLogger3logIJRA29_KcEEERKS0_NS_8LogLevelEbDpOT_
FNDA:1,_ZN5sipai12SimpleLogger8LOG_INFOIJRA35_KcRNSt7__cxx1112basic_stringIcSt11char_traitsIcESaIcEEERA4_S2_EEERKS0_DpOT_
FNDA:2,_ZN5sipai12SimpleLogger8LOG_INFOIJRA30_KcRNSt7__cxx1112basic_stringIcSt11char_traitsIcESaIcEEERA6_S2_SA_RA4_S2_EEERKS0_DpOT_
FNDA:0,_ZNK5sipai12SimpleLogger4infoIJRA34_KcRPS2_EEERKS0_DpOT_
FNDA:1,_ZNK5sipai12SimpleLogger3logIJRA20_KcEEERKS0_NS_8LogLevelEbDpOT_
FNDA:3,_ZNK5sipai12SimpleLogger3logIJRA17_KcEEERKS0_NS_8LogLevelEbDpOT_
FNDA:1,_ZNK5sipai12SimpleLogger3logIJRA39_KcRNSt7__cxx1112basic_stringIcSt11char_traitsIcESaIcEEERA4_S2_EEERKS0_NS_8LogLevelEbDpOT_
FNDA:0,_ZNK5sipai12SimpleLogger5errorIJRA34_KcEEERKS0_DpOT_
FNDA:0,_ZN5sipai12SimpleLogger9LOG_ERRORIJRA34_KcEEERKS0_DpOT_
FNDA:3,_ZNK5sipai12SimpleLogger3logIJRA39_KcEEERKS0_NS_8LogLevelEbDpOT_
FNDA:0,_ZN5sipai12SimpleLogger9LOG_ERRORIJRA29_KcEEERKS0_DpOT_
FNDA:1,_ZNK5sipai12SimpleLogger4infoIJRNSt7__cxx1112basic_stringIcSt11char_traitsIcESaIcEEEEEERKS0_DpOT_
FNDA:0,_ZNK5sipai12SimpleLogger4infoIJRA21_KcEEERKS0_DpOT_
FNDA:3,_ZN5sipai12SimpleLogger8LOG_INFOIJRA31_KcEEERKS0_DpOT_
FNDA:0,_ZNK5sipai12SimpleLogger4infoIJRA80_KcEEERKS0_DpOT_
FNDA:0,_ZNK5sipai12SimpleLogger5errorIJRA26_KcEEERKS0_DpOT_
FNDA:0,_ZN5sipai12SimpleLogger8LOG_INFOIJRA34_KcPS2_EEERKS0_DpOT_
FNDA:15,_ZNK5sipai12SimpleLogger3logIJRA40_KcEEERKS0_NS_8LogLevelEbDpOT_
FNDA:0,_ZN5sipai12SimpleLogger8LOG_INFOIJRA21_KcEEERKS0_DpOT_
FNDA:0,_ZNK5sipai12SimpleLogger5errorIJRA25_KcEEERKS0_DpOT_
FNDA:1,_ZNK5sipai12SimpleLogger4infoIJRA20_KcEEERKS0_DpOT_
FNDA:0,_ZNK5sipai12SimpleLogger5errorIJRA28_KcRiRA4_S2_RPS2_EEERKS0_DpOT_
FNDA:2,_ZNK5sipai12SimpleLogger3logIJRA30_KcRNSt7__cxx1112basic_stringIcSt11char_traitsIcESaIcEEERA6_S2_SB_RA4_S2_EEERKS0_NS_8LogLevelEbDpOT_
FNDA:0,_ZNK5sipai12SimpleLogger3logIJRA47_KcRNSt7__cxx1112basic_stringIcSt11char_traitsIcESaIcEEEEEERKS0_NS_8LogLevelEbDpOT_
FNDA:1,_ZNK5sipai12SimpleLogger12setPrecisionEl
FNDA:1,_ZNK5sipai12SimpleLogger3logIJRA35_KcRNSt7__cxx1112basic_stringIcSt11char_traitsIcESaIcEEERA4_S2_EEERKS0_NS_8LogLevelEbDpOT_
FNF:77
FNH:43
DA:32,40
DA:33,40
DA:34,40
DA:55,38
DA:57,38
DA:58,38
DA:59,38
DA:60,38
DA:61,0
DA:62,0
DA:63,0
DA:64,0
DA:65,0
DA:66,0
DA:67,0
DA:68,0
DA:69,0
DA:70,0
DA:71,0
DA:72,0
DA:75,38
DA:76,38
DA:77,38
DA:78,38
DA:79,38
DA:80,38
DA:83,0
DA:84,0
DA:85,0
DA:86,0
DA:87,0
DA:91,38
DA:180,38
DA:181,38
DA:196,0
DA:197,0
DA:212,0
DA:213,0
DA:264,1
DA:265,1
DA:266,1
DA:287,38
DA:288,38
DA:289,38
DA:290,76
DA:291,38
DA:315,0
DA:316,0
DA:317,0
DA:318,0
DA:319,0
DA:336,1
DA:341,38
DA:342,38
DA:343,38
DA:344,38
DA:345,38
DA:350,38
DA:352,38
DA:353,76
DA:354,38
LF:61
LH:35
end_of_record
TN:
SF:/home/runner/work/SIPAI/SIPAI/libs/libsipai/include/exception/FileReaderException.h
FN:13,_ZN5sipai19FileReaderExceptionC2ERKNSt7__cxx1112basic_stringIcSt11char_traitsIcESaIcEEE
FN:15,_ZNK5sipai19FileReaderException4whatEv
FNDA:1,_ZNK5sipai19FileReaderException4whatEv
FNDA:1,_ZN5sipai19FileReaderExceptionC2ERKNSt7__cxx1112basic_stringIcSt11char_traitsIcESaIcEEE
FNF:2
FNH:2
DA:13,1
DA:14,1
DA:15,1
LF:3
LH:3
end_of_record
TN:
SF:/home/runner/work/SIPAI/SIPAI/libs/libsipai/include/exception/ImageHelperException.h
FN:13,_ZN5sipai20ImageHelperExceptionC2ERKNSt7__cxx1112basic_stringIcSt11char_traitsIcESaIcEEE
FN:15,_ZNK5sipai20ImageHelperException4whatEv
FNDA:1,_ZNK5sipai20ImageHelperException4whatEv
FNDA:1,_ZN5sipai20ImageHelperExceptionC2ERKNSt7__cxx1112basic_stringIcSt11char_traitsIcESaIcEEE
FNF:2
FNH:2
DA:13,1
DA:14,1
DA:15,1
LF:3
LH:3
end_of_record
TN:
SF:/home/runner/work/SIPAI/SIPAI/libs/libsipai/include/exception/ImportExportException.h
FN:15,_ZN5sipai21ImportExportExceptionD2Ev
FN:15,_ZN5sipai21ImportExportExceptionD0Ev
FN:16,_ZN5sipai21ImportExportExceptionC2ERKNSt7__cxx1112basic_stringIcSt11char_traitsIcESaIcEEE
FN:18,_ZNK5sipai21ImportExportException4whatEv
FNDA:2,_ZN5sipai21ImportExportExceptionC2ERKNSt7__cxx1112basic_stringIcSt11char_traitsIcESaIcEEE
FNDA:2,_ZNK5sipai21ImportExportException4whatEv
FNDA:2,_ZN5sipai21ImportExportExceptionD2Ev
FNDA:0,_ZN5sipai21ImportExportExceptionD0Ev
FNF:4
FNH:3
DA:15,2
DA:16,2
DA:17,2
DA:18,2
LF:4
LH:4
end_of_record
TN:
SF:/home/runner/work/SIPAI/SIPAI/libs/libsipai/include/exception/ManagerException.h
FN:12,_ZN5sipai16ManagerExceptionC2ERKNSt7__cxx1112basic_stringIcSt11char_traitsIcESaIcEEE
FN:13,_ZNK5sipai16ManagerException4whatEv
FNDA:1,_ZN5sipai16ManagerExceptionC2ERKNSt7__cxx1112basic_stringIcSt11char_traitsIcESaIcEEE
FNDA:1,_ZNK5sipai16ManagerException4whatEv
FNF:2
FNH:2
DA:12,1
DA:13,1
LF:2
LH:2
end_of_record
TN:
SF:/home/runner/work/SIPAI/SIPAI/libs/libsipai/include/exception/NeuralNetworkException.h
FN:13,_ZN5sipai22NeuralNetworkExceptionC2ERKNSt7__cxx1112basic_stringIcSt11char_traitsIcESaIcEEE
FN:15,_ZNK5sipai22NeuralNetworkException4whatEv
FNDA:2,_ZN5sipai22NeuralNetworkExceptionC2ERKNSt7__cxx1112basic_stringIcSt11char_traitsIcESaIcEEE
FNDA:2,_ZNK5sipai22NeuralNetworkException4whatEv
FNF:2
FNH:2
DA:13,2
DA:14,2
DA:15,2
LF:3
LH:3
end_of_record
TN:
SF:/home/runner/work/SIPAI/SIPAI/libs/libsipai/src/ImageHelper.cpp
FN:7,_ZN5sipai11ImageHelper9loadImageERKNSt7__cxx1112basic_stringIcSt11char_traitsIcESaIcEEE
FN:16,_ZN5sipai11ImageHelper9saveImageERKNSt7__cxx1112basic_stringIcSt11char_traitsIcESaIcEEERN2cv3MatE
FN:24,_ZN5sipai11ImageHelper19convertToRGBAVectorERKN2cv3MatE
FN:36,_ZZN5sipai11ImageHelper19convertToRGBAVectorERKN2cv3MatEENKUlT_T0_T1_E_clIN6__pstl9execution2v116sequenced_policyENS1_17MatConstIterator_INS1_3VecIhLi4EEEEESH_EEDaS5_S6_S7_
FN:36,_ZZN5sipai11ImageHelper19convertToRGBAVectorERKN2cv3MatEENKUlT_T0_T1_E_clIN6__pstl9execution2v127parallel_unsequenced_policyENS1_17MatConstIterator_INS1_3VecIhLi4EEEEESH_EEDaS5_S6_S7_
FN:39,_ZZZN5sipai11ImageHelper19convertToRGBAVectorERKN2cv3MatEENKUlT_T0_T1_E_clIN6__pstl9execution2v127parallel_unsequenced_policyENS1_17MatConstIterator_INS1_3VecIhLi4EEEEESH_EEDaS5_S6_S7_ENKUlRKSG_E_clESJ_
FN:39,_ZZZN5sipai11ImageHelper19convertToRGBAVectorERKN2cv3MatEENKUlT_T0_T1_E_clIN6__pstl9execution2v116sequenced_policyENS1_17MatConstIterator_INS1_3VecIhLi4EEEEESH_EEDaS5_S6_S7_ENKUlRKSG_E_clESJ_
FN:56,_ZN5sipai11ImageHelper12convertToMatERKSt6vectorINS_4RGBAESaIS2_EEmm
FN:61,_ZZN5sipai11ImageHelper12convertToMatERKSt6vectorINS_4RGBAESaIS2_EEmmENKUlT_T0_E_clIN6__pstl9execution2v116sequenced_policyES4_EEDaS7_S8_
FN:61,_ZZN5sipai11ImageHelper12convertToMatERKSt6vectorINS_4RGBAESaIS2_EEmmENKUlT_T0_E_clIN6__pstl9execution2v127parallel_unsequenced_policyES4_EEDaS7_S8_
FN:63,_ZZZN5sipai11ImageHelper12convertToMatERKSt6vectorINS_4RGBAESaIS2_EEmmENKUlT_T0_E_clIN6__pstl9execution2v116sequenced_policyES4_EEDaS7_S8_ENKUlRKS2_E_clESG_
FN:63,_ZZZN5sipai11ImageHelper12convertToMatERKSt6vectorINS_4RGBAESaIS2_EEmmENKUlT_T0_E_clIN6__pstl9execution2v127parallel_unsequenced_policyES4_EEDaS7_S8_ENKUlRKS2_E_clESG_
FN:76,_ZN5sipai11ImageHelper11computeLossERKSt6vectorINS_4RGBAESaIS2_EES6_
FN:83,_ZZN5sipai11ImageHelper11computeLossERKSt6vectorINS_4RGBAESaIS2_EES6_ENKUlRKS2_S8_E_clES8_S8_
FNDA:1,_ZN5sipai11ImageHelper12convertToMatERKSt6vectorINS_4RGBAESaIS2_EEmm
FNDA:44,_ZZN5sipai11ImageHelper19convertToRGBAVectorERKN2cv3MatEENKUlT_T0_T1_E_clIN6__pstl9execution2v116sequenced_policyENS1_17MatConstIterator_INS1_3VecIhLi4EEEEESH_EEDaS5_S6_S7_
FNDA:47,_ZN5sipai11ImageHelper9loadImageERKNSt7__cxx1112basic_stringIcSt11char_traitsIcESaIcEEE
FNDA:0,_ZZZN5sipai11ImageHelper19convertToRGBAVectorERKN2cv3MatEENKUlT_T0_T1_E_clIN6__pstl9execution2v127parallel_unsequenced_policyENS1_17MatConstIterator_INS1_3VecIhLi4EEEEESH_EEDaS5_S6_S7_ENKUlRKSG_E_clESJ_
FNDA:900,_ZZZN5sipai11ImageHelper12convertToMatERKSt6vectorINS_4RGBAESaIS2_EEmmENKUlT_T0_E_clIN6__pstl9execution2v116sequenced_policyES4_EEDaS7_S8_ENKUlRKS2_E_clESG_
FNDA:1,_ZZN5sipai11ImageHelper12convertToMatERKSt6vectorINS_4RGBAESaIS2_EEmmENKUlT_T0_E_clIN6__pstl9execution2v116sequenced_policyES4_EEDaS7_S8_
FNDA:22,_ZN5sipai11ImageHelper11computeLossERKSt6vectorINS_4RGBAESaIS2_EES6_
FNDA:0,_ZZZN5sipai11ImageHelper12convertToMatERKSt6vectorINS_4RGBAESaIS2_EEmmENKUlT_T0_E_clIN6__pstl9execution2v127parallel_unsequenced_policyES4_EEDaS7_S8_ENKUlRKS2_E_clESG_
FNDA:0,_ZZN5sipai11ImageHelper12convertToMatERKSt6vectorINS_4RGBAESaIS2_EEmmENKUlT_T0_E_clIN6__pstl9execution2v127parallel_unsequenced_policyES4_EEDaS7_S8_
FNDA:0,_ZZN5sipai11ImageHelper19convertToRGBAVectorERKN2cv3MatEENKUlT_T0_T1_E_clIN6__pstl9execution2v127parallel_unsequenced_policyENS1_17MatConstIterator_INS1_3VecIhLi4EEEEESH_EEDaS5_S6_S7_
FNDA:44,_ZN5sipai11ImageHelper19convertToRGBAVectorERKN2cv3MatE
FNDA:25460,_ZZZN5sipai11ImageHelper19convertToRGBAVectorERKN2cv3MatEENKUlT_T0_T1_E_clIN6__pstl9execution2v116sequenced_policyENS1_17MatConstIterator_INS1_3VecIhLi4EEEEESH_EEDaS5_S6_S7_ENKUlRKSG_E_clESJ_
FNDA:2,_ZN5sipai11ImageHelper9saveImageERKNSt7__cxx1112basic_stringIcSt11char_traitsIcESaIcEEERN2cv3MatE
FNDA:200,_ZZN5sipai11ImageHelper11computeLossERKSt6vectorINS_4RGBAESaIS2_EES6_ENKUlRKS2_S8_E_clES8_S8_
FNF:14
FNH:10
DA:7,47
DA:8,47
DA:9,47
DA:10,0
DA:11,0
DA:13,47
DA:14,0
DA:16,2
DA:18,2
DA:19,0
DA:20,0
DA:21,0
DA:22,2
DA:24,44
DA:25,44
DA:26,44
DA:27,44
DA:28,44
DA:30,44
DA:31,44
DA:36,44
DA:37,44
DA:38,44
DA:39,25460
DA:40,25460
DA:42,88
DA:46,44
DA:47,0
DA:48,0
DA:50,44
DA:51,88
DA:53,88
DA:54,0
DA:56,1
DA:58,1
DA:59,1
DA:61,1
DA:62,1
DA:63,900
DA:64,2
DA:68,1
DA:69,0
DA:71,1
DA:73,2
DA:74,0
DA:76,22
DA:78,22
DA:79,0
DA:80,0
DA:83,200
DA:84,200
DA:87,22
DA:91,22
LF:53
LH:40
end_of_record
TN:
SF:/home/runner/work/SIPAI/SIPAI/libs/libsipai/src/Manager.cpp
FN:17,_ZN5sipai7Manager9loadImageERKNSt7__cxx1112basic_stringIcSt11char_traitsIcESaIcEEERmS9_mm
FN:34,_ZN5sipai7Manager9saveImageERKNSt7__cxx1112basic_stringIcSt11char_traitsIcESaIcEEERKSt6vectorINS_4RGBAESaISA_EEmmf
FN:40,_ZN5sipai7Manager9saveImageERKNSt7__cxx1112basic_stringIcSt11char_traitsIcESaIcEEERKSt6vectorINS_4RGBAESaISA_EEmmmm
FN:49,_ZN5sipai7Manager21createOrImportNetworkEv
FN:62,_ZN5sipai7Manager13exportNetworkEv
FN:72,_ZN5sipai7Manager3runEv
FN:91,_ZN5sipai7Manager14runWithVisitorERKNS_13RunnerVisitorE
FN:93,_ZN5sipai7Manager16loadTrainingDataB5cxx11Ev
FN:98,_ZN5sipai7Manager9splitDataERSt10unique_ptrISt6vectorISt4pairINSt7__cxx1112basic_stringIcSt11char_traitsIcESaIcEEES9_ESaISA_EESt14default_deleteISC_EEf
FNDA:1,_ZN5sipai7Manager9saveImageERKNSt7__cxx1112basic_stringIcSt11char_traitsIcESaIcEEERKSt6vectorINS_4RGBAESaISA_EEmmf
FNDA:4,_ZN5sipai7Manager21createOrImportNetworkEv
FNDA:1,_ZN5sipai7Manager9saveImageERKNSt7__cxx1112basic_stringIcSt11char_traitsIcESaIcEEERKSt6vectorINS_4RGBAESaISA_EEmmmm
FNDA:2,_ZN5sipai7Manager14runWithVisitorERKNS_13RunnerVisitorE
FNDA:3,_ZN5sipai7Manager16loadTrainingDataB5cxx11Ev
FNDA:43,_ZN5sipai7Manager9loadImageERKNSt7__cxx1112basic_stringIcSt11char_traitsIcESaIcEEERmS9_mm
FNDA:2,_ZN5sipai7Manager9splitDataERSt10unique_ptrISt6vectorISt4pairINSt7__cxx1112basic_stringIcSt11char_traitsIcESaIcEEES9_ESaISA_EESt14default_deleteISC_EEf
FNDA:1,_ZN5sipai7Manager3runEv
FNDA:2,_ZN5sipai7Manager13exportNetworkEv
FNF:9
FNH:9
DA:17,43
DA:21,43
DA:24,43
DA:25,43
DA:26,43
DA:29,43
DA:31,86
DA:32,43
DA:34,1
DA:37,1
DA:38,1
DA:40,1
DA:44,1
DA:45,1
DA:46,1
DA:47,1
DA:49,4
DA:50,4
DA:51,4
DA:52,4
DA:53,4
DA:54,4
DA:55,4
DA:56,4
DA:57,4
DA:58,4
DA:59,4
DA:60,4
DA:62,2
DA:63,2
DA:64,2
DA:65,2
DA:66,4
DA:67,2
DA:68,2
DA:69,2
DA:70,2
DA:72,1
DA:73,1
DA:76,1
DA:79,1
DA:80,1
DA:81,1
DA:82,1
DA:83,0
DA:84,0
DA:85,0
DA:86,0
DA:87,0
DA:89,1
DA:91,2
DA:93,3
DA:94,6
DA:98,2
DA:100,2
DA:101,2
DA:102,2
DA:105,2
DA:109,2
DA:111,2
DA:113,4
DA:114,2
LF:62
LH:57
end_of_record
TN:
SF:/home/runner/work/SIPAI/SIPAI/libs/libsipai/src/NetworkImportExportCSV.cpp
FN:17,_ZNK5sipai28NeuralNetworkImportExportCSV20importNeuronsWeightsERSt10unique_ptrINS_13NeuralNetworkESt14default_deleteIS2_EERKNS_9AppParamsE
FN:20,_ZZNK5sipai28NeuralNetworkImportExportCSV20importNeuronsWeightsERSt10unique_ptrINS_13NeuralNetworkESt14default_deleteIS2_EERKNS_9AppParamsEENKUlRKNSt7__cxx1112basic_stringIcSt11char_traitsIcESaIcEEEcE_clESH_c
FN:81,_ZZNK5sipai28NeuralNetworkImportExportCSV20importNeuronsWeightsERSt10unique_ptrINS_13NeuralNetworkESt14default_deleteIS2_EERKNS_9AppParamsEENKUlRNS_16NeuronConnectionERKNS_4RGBAEE0_clESB_SE_
FN:89,_ZNK5sipai28NeuralNetworkImportExportCSV20exportNeuronsWeightsERKSt10unique_ptrINS_13NeuralNetworkESt14default_deleteIS2_EERKNS_9AppParamsE
FN:101,_ZZNK5sipai28NeuralNetworkImportExportCSV20exportNeuronsWeightsERKSt10unique_ptrINS_13NeuralNetworkESt14default_deleteIS2_EERKNS_9AppParamsEENKUlRKT_RKT0_E_clINS_6NeuronESJ_EEDaSD_SG_
FNDA:2,_ZNK5sipai28NeuralNetworkImportExportCSV20exportNeuronsWeightsERKSt10unique_ptrINS_13NeuralNetworkESt14default_deleteIS2_EERKNS_9AppParamsE
FNDA:30,_ZZNK5sipai28NeuralNetworkImportExportCSV20importNeuronsWeightsERSt10unique_ptrINS_13NeuralNetworkESt14default_deleteIS2_EERKNS_9AppParamsEENKUlRKNSt7__cxx1112basic_stringIcSt11char_traitsIcESaIcEEEcE_clESH_c
FNDA:1,_ZNK5sipai28NeuralNetworkImportExportCSV20importNeuronsWeightsERSt10unique_ptrINS_13NeuralNetworkESt14default_deleteIS2_EERKNS_9AppParamsE
FNDA:32,_ZZNK5sipai28NeuralNetworkImportExportCSV20exportNeuronsWeightsERKSt10unique_ptrINS_13NeuralNetworkESt14default_deleteIS2_EERKNS_9AppParamsEENKUlRKT_RKT0_E_clINS_6NeuronESJ_EEDaSD_SG_
FNDA:38,_ZZNK5sipai28NeuralNetworkImportExportCSV20importNeuronsWeightsERSt10unique_ptrINS_13NeuralNetworkESt14default_deleteIS2_EERKNS_9AppParamsEENKUlRNS_16NeuronConnectionERKNS_4RGBAEE0_clESB_SE_
FNF:5
FNH:5
DA:17,1
DA:20,30
DA:21,30
DA:22,30
DA:23,30
DA:24,819
DA:25,1328
DA:26,1328
DA:28,60
DA:29,30
DA:32,1
DA:33,1
DA:34,1
DA:35,0
DA:39,1
DA:40,31
DA:42,30
DA:44,30
DA:45,0
DA:46,0
DA:47,0
DA:50,30
DA:51,30
DA:52,30
DA:54,30
DA:55,189
DA:56,159
DA:57,159
DA:58,159
DA:59,159
DA:60,159
DA:61,116
DA:65,30
DA:67,15
DA:68,15
DA:69,15
DA:70,15
DA:73,15
DA:74,15
DA:75,0
DA:76,0
DA:77,0
DA:79,15
DA:81,38
DA:82,38
DA:83,38
DA:86,30
DA:87,1
DA:89,2
DA:93,2
DA:94,2
DA:97,2
DA:98,8
DA:99,6
DA:100,6
DA:101,32
DA:102,32
DA:104,6
DA:105,4
DA:110,8
DA:112,6
DA:113,6
DA:115,2
DA:117,34
DA:119,30
DA:121,30
DA:122,30
DA:124,30
DA:125,30
DA:126,30
DA:129,2
LF:71
LH:64
end_of_record
TN:
SF:/home/runner/work/SIPAI/SIPAI/libs/libsipai/src/NetworkImportExportFacade.cpp
FN:9,_ZN5sipai31NeuralNetworkImportExportFacade11importModelERKNS_9AppParamsERNS_19NeuralNetworkParamsE
FN:19,_ZN5sipai31NeuralNetworkImportExportFacade13importWeightsERSt10unique_ptrINS_13NeuralNetworkESt14default_deleteIS2_EERKNS_9AppParamsE
FN:28,_ZNK5sipai31NeuralNetworkImportExportFacade11exportModelERKSt10unique_ptrINS_13NeuralNetworkESt14default_deleteIS2_EERKNS_19NeuralNetworkParamsERKNS_9AppParamsE
FNDA:1,_ZN5sipai31NeuralNetworkImportExportFacade11importModelERKNS_9AppParamsERNS_19NeuralNetworkParamsE
FNDA:2,_ZNK5sipai31NeuralNetworkImportExportFacade11exportModelERKSt10unique_ptrINS_13NeuralNetworkESt14default_deleteIS2_EERKNS_19NeuralNetworkParamsERKNS_9AppParamsE
FNDA:1,_ZN5sipai31NeuralNetworkImportExportFacade13importWeightsERSt10unique_ptrINS_13NeuralNetworkESt14default_deleteIS2_EERKNS_9AppParamsE
FNF:3
FNH:3
DA:9,1
DA:12,1
DA:13,2
DA:14,1
DA:15,0
DA:16,0
DA:19,1
DA:22,1
DA:23,0
DA:24,0
DA:25,0
DA:26,1
DA:28,2
DA:33,2
DA:34,2
DA:35,0
DA:36,0
DA:37,0
DA:38,2
LF:19
LH:11
end_of_record
TN:
SF:/home/runner/work/SIPAI/SIPAI/libs/libsipai/src/NetworkImportExportJSON.cpp
FN:18,_ZN5sipai29NeuralNetworkImportExportJSON11importModelERKNS_9AppParamsERNS_19NeuralNetworkParamsE
FN:117,_ZNK5sipai29NeuralNetworkImportExportJSON11exportModelERKSt10unique_ptrINS_13NeuralNetworkESt14default_deleteIS2_EERKNS_19NeuralNetworkParamsERKNS_9AppParamsE
FNDA:2,_ZNK5sipai29NeuralNetworkImportExportJSON11exportModelERKSt10unique_ptrINS_13NeuralNetworkESt14default_deleteIS2_EERKNS_19NeuralNetworkParamsERKNS_9AppParamsE
FNDA:1,_ZN5sipai29NeuralNetworkImportExportJSON11importModelERKNS_9AppParamsERNS_19NeuralNetworkParamsE
FNF:2
FNH:2
DA:18,1
DA:21,1
DA:23,1
DA:24,0
DA:27,1
DA:28,1
DA:29,1
DA:30,1
DA:32,1
DA:33,1
DA:35,1
DA:36,0
DA:39,1
DA:40,0
DA:41,0
DA:43,1
DA:46,1
DA:47,1
DA:49,1
DA:50,1
DA:51,0
DA:52,0
DA:53,0
DA:54,1
DA:57,1
DA:58,1
DA:59,1
DA:60,1
DA:61,1
DA:62,1
DA:63,1
DA:64,1
DA:65,1
DA:66,1
DA:67,1
DA:68,1
DA:69,1
DA:70,1
DA:71,1
DA:72,1
DA:74,4
DA:76,3
DA:77,3
DA:80,3
DA:81,3
DA:82,1
DA:83,1
DA:84,1
DA:85,1
DA:86,1
DA:87,1
DA:88,1
DA:89,1
DA:90,1
DA:91,0
DA:92,0
DA:94,3
DA:95,3
DA:98,3
DA:101,3
DA:102,3
DA:104,1
DA:105,0
DA:108,1
DA:109,0
DA:111,2
DA:112,1
DA:113,0
DA:114,0
DA:115,1
DA:117,2
DA:122,2
DA:125,2
DA:128,8
DA:129,6
DA:130,6
DA:131,6
DA:132,78
DA:133,6
DA:134,6
DA:137,2
DA:138,2
DA:139,2
DA:140,4
DA:141,2
DA:142,4
DA:143,2
DA:144,4
DA:145,2
DA:146,4
DA:147,2
DA:148,4
DA:149,2
DA:150,4
DA:151,2
DA:152,4
DA:153,2
DA:154,4
DA:155,2
DA:156,4
DA:157,2
DA:158,4
DA:162,2
DA:163,2
DA:164,2
DA:165,68
LF:106
LH:93
end_of_record
TN:
SF:/home/runner/work/SIPAI/SIPAI/libs/libsipai/src/NeuralNetwork.cpp
FN:11,_ZN5sipai13NeuralNetwork18forwardPropagationERKSt6vectorINS_4RGBAESaIS2_EEb
FN:26,_ZN5sipai13NeuralNetwork19backwardPropagationERKSt6vectorINS_4RGBAESaIS2_EEb
FN:37,_ZN5sipai13NeuralNetwork13updateWeightsEfb
FNDA:16,_ZN5sipai13NeuralNetwork19backwardPropagationERKSt6vectorINS_4RGBAESaIS2_EEb
FNDA:16,_ZN5sipai13NeuralNetwork13updateWeightsEfb
FNDA:20,_ZN5sipai13NeuralNetwork18forwardPropagationERKSt6vectorINS_4RGBAESaIS2_EEb
FNF:3
FNH:3
DA:11,20
DA:13,20
DA:14,0
DA:16,20
DA:17,0
DA:19,20
DA:20,80
DA:21,60
DA:23,20
DA:26,16
DA:28,16
DA:29,0
DA:31,16
DA:32,64
DA:33,48
DA:35,16
DA:37,16
DA:38,64
DA:39,48
DA:41,16
LF:20
LH:17
end_of_record
TN:
SF:/home/runner/work/SIPAI/SIPAI/libs/libsipai/src/NeuralNetworkBuilder.cpp
FN:17,_ZN5sipai20NeuralNetworkBuilderC2Ev
FN:21,_ZN5sipai20NeuralNetworkBuilderC2ERNS_9AppParamsERNS_19NeuralNetworkParamsE
FN:25,_ZN5sipai20NeuralNetworkBuilder14createOrImportEv
FN:42,_ZN5sipai20NeuralNetworkBuilder9addLayersEv
FN:77,_ZN5sipai20NeuralNetworkBuilder12addNeighborsEv
FN:123,_ZN5sipai20NeuralNetworkBuilder10bindLayersEv
FN:142,_ZN5sipai20NeuralNetworkBuilder17initializeWeightsEv
FN:169,_ZN5sipai20NeuralNetworkBuilder21setActivationFunctionEv
FN:199,_ZZN5sipai20NeuralNetworkBuilder21setActivationFunctionEvENKUlT_E_clINS_4RGBAEEEDaS1_
FN:200,_ZZN5sipai20NeuralNetworkBuilder21setActivationFunctionEvENKUlT_E0_clINS_4RGBAEEEDaS1_
FN:209,_ZZN5sipai20NeuralNetworkBuilder21setActivationFunctionEvENKUlT_E1_clINS_4RGBAEEEDaS1_
FN:212,_ZZN5sipai20NeuralNetworkBuilder21setActivationFunctionEvENKUlT_E2_clINS_4RGBAEEEDaS1_
FN:233,_ZN5sipai20NeuralNetworkBuilder5buildEv
FNDA:5,_ZN5sipai20NeuralNetworkBuilderC2Ev
FNDA:4,_ZN5sipai20NeuralNetworkBuilder5buildEv
FNDA:4,_ZZN5sipai20NeuralNetworkBuilder21setActivationFunctionEvENKUlT_E1_clINS_4RGBAEEEDaS1_
FNDA:4,_ZN5sipai20NeuralNetworkBuilder17initializeWeightsEv
FNDA:11,_ZN5sipai20NeuralNetworkBuilder21setActivationFunctionEv
FNDA:4,_ZN5sipai20NeuralNetworkBuilder9addLayersEv
FNDA:4,_ZZN5sipai20NeuralNetworkBuilder21setActivationFunctionEvENKUlT_E0_clINS_4RGBAEEEDaS1_
FNDA:4,_ZZN5sipai20NeuralNetworkBuilder21setActivationFunctionEvENKUlT_E2_clINS_4RGBAEEEDaS1_
FNDA:4,_ZN5sipai20NeuralNetworkBuilder12addNeighborsEv
FNDA:4,_ZN5sipai20NeuralNetworkBuilder14createOrImportEv
FNDA:0,_ZN5sipai20NeuralNetworkBuilderC2ERNS_9AppParamsERNS_19NeuralNetworkParamsE
FNDA:6,_ZZN5sipai20NeuralNetworkBuilder21setActivationFunctionEvENKUlT_E_clINS_4RGBAEEEDaS1_
FNDA:4,_ZN5sipai20NeuralNetworkBuilder10bindLayersEv
FNF:13
FNH:12
DA:17,5
DA:18,5
DA:19,10
DA:21,0
DA:22,0
DA:23,0
DA:25,4
DA:26,5
DA:27,5
DA:28,1
DA:29,1
DA:30,1
DA:32,1
DA:33,1
DA:34,1
DA:35,3
DA:36,3
DA:37,3
DA:39,4
DA:42,4
DA:43,4
DA:44,1
DA:47,3
DA:48,3
DA:49,0
DA:51,3
DA:52,0
DA:56,3
DA:57,3
DA:58,3
DA:59,3
DA:62,7
DA:63,4
DA:64,4
DA:65,4
DA:66,4
DA:70,3
DA:71,3
DA:72,3
DA:73,3
DA:74,3
DA:77,4
DA:78,4
DA:79,4
DA:80,0
DA:82,4
DA:83,0
DA:89,4
DA:91,17
DA:92,13
DA:93,4
DA:95,75
DA:96,66
DA:98,66
DA:99,66
DA:104,66
DA:105,330
DA:106,264
DA:107,264
DA:108,264
DA:109,193
DA:110,166
DA:111,166
DA:113,166
DA:114,166
DA:120,4
DA:121,4
DA:123,4
DA:124,4
DA:125,4
DA:126,0
DA:128,4
DA:129,0
DA:131,17
DA:132,13
DA:133,9
DA:135,13
DA:136,9
DA:139,4
DA:142,4
DA:143,4
DA:144,1
DA:145,1
DA:146,1
DA:148,1
DA:149,1
DA:150,1
DA:152,3
DA:153,3
DA:154,0
DA:156,3
DA:157,0
DA:159,13
DA:160,10
DA:161,58
DA:162,51
DA:166,3
DA:169,11
DA:170,11
DA:171,11
DA:172,0
DA:174,11
DA:175,0
DA:178,11
DA:179,30
DA:181,20
DA:182,4
DA:183,4
DA:184,12
DA:185,12
DA:186,12
DA:187,12
DA:188,4
DA:189,4
DA:190,4
DA:191,4
DA:192,0
DA:193,0
DA:196,16
DA:197,1
DA:198,1
DA:199,8
DA:200,1
DA:201,4
DA:203,1
DA:204,10
DA:205,10
DA:206,10
DA:207,1
DA:208,1
DA:209,2
DA:210,4
DA:212,1
DA:213,4
DA:215,1
DA:216,1
DA:217,1
DA:218,1
DA:219,1
DA:220,1
DA:221,1
DA:222,1
DA:223,1
DA:224,1
DA:225,1
DA:226,1
DA:230,10
DA:233,4
DA:234,4
LF:149
LH:134
end_of_record
TN:
SF:/home/runner/work/SIPAI/SIPAI/libs/libsipai/src/RunnerEnhancerVisitor.cpp
FN:9,_ZNK5sipai21RunnerEnhancerVisitor5visitEv
FNDA:0,_ZNK5sipai21RunnerEnhancerVisitor5visitEv
FNF:1
FNH:0
DA:9,0
DA:10,0
DA:11,0
DA:13,0
DA:14,0
DA:15,0
DA:18,0
DA:19,0
DA:20,0
DA:23,0
DA:24,0
DA:25,0
DA:31,0
DA:32,0
DA:33,0
DA:34,0
DA:35,0
DA:37,0
DA:39,0
DA:40,0
DA:41,0
DA:42,0
DA:44,0
DA:45,0
DA:46,0
LF:25
LH:0
end_of_record
TN:
SF:/home/runner/work/SIPAI/SIPAI/libs/libsipai/src/RunnerTrainingMonitoredVisitor.cpp
FN:13,_Z13signalHandleri
FN:22,_ZNK5sipai30RunnerTrainingMonitoredVisitor5visitEv
FN:89,_ZNK5sipai30RunnerTrainingMonitoredVisitor12trainOnEpochERKSt10unique_ptrISt6vectorISt4pairINSt7__cxx1112basic_stringIcSt11char_traitsIcESaIcEEES9_ESaISA_EESt14default_deleteISC_EE
FN:119,_ZNK5sipai30RunnerTrainingMonitoredVisitor23evaluateOnValidationSetERKSt10unique_ptrISt6vectorISt4pairINSt7__cxx1112basic_stringIcSt11char_traitsIcESaIcEEES9_ESaISA_EESt14default_deleteISC_EE
FN:144,_ZNK5sipai30RunnerTrainingMonitoredVisitor22shouldContinueTrainingEiiRKNS_9AppParamsE
FN:154,_ZNK5sipai30RunnerTrainingMonitoredVisitor19logTrainingProgressEiff
FN:161,_ZNK5sipai30RunnerTrainingMonitoredVisitor11saveNetworkERb
FNDA:1,_ZNK5sipai30RunnerTrainingMonitoredVisitor11saveNetworkERb
FNDA:1,_ZNK5sipai30RunnerTrainingMonitoredVisitor5visitEv
FNDA:2,_ZNK5sipai30RunnerTrainingMonitoredVisitor19logTrainingProgressEiff
FNDA:3,_ZNK5sipai30RunnerTrainingMonitoredVisitor22shouldContinueTrainingEiiRKNS_9AppParamsE
FNDA:2,_ZNK5sipai30RunnerTrainingMonitoredVisitor12trainOnEpochERKSt10unique_ptrISt6vectorISt4pairINSt7__cxx1112basic_stringIcSt11char_traitsIcESaIcEEES9_ESaISA_EESt14default_deleteISC_EE
FNDA:0,_Z13signalHandleri
FNDA:2,_ZNK5sipai30RunnerTrainingMonitoredVisitor23evaluateOnValidationSetERKSt10unique_ptrISt6vectorISt4pairINSt7__cxx1112basic_stringIcSt11char_traitsIcESaIcEEES9_ESaISA_EESt14default_deleteISC_EE
FNF:7
FNH:6
DA:13,0
DA:14,0
DA:15,0
DA:18,0
DA:20,0
DA:22,1
DA:23,1
DA:25,1
DA:26,1
DA:27,1
DA:28,1
DA:31,1
DA:32,1
DA:33,0
DA:34,0
DA:39,1
DA:40,1
DA:43,1
DA:46,1
DA:48,1
DA:49,1
DA:50,1
DA:51,1
DA:52,1
DA:53,6
DA:54,3
DA:55,2
DA:56,2
DA:58,2
DA:60,2
DA:61,2
DA:63,2
DA:65,2
DA:67,0
DA:70,2
DA:71,2
DA:73,2
DA:74,0
DA:78,1
DA:79,1
DA:80,1
DA:81,1
DA:82,1
DA:84,1
DA:85,0
DA:86,0
DA:87,1
DA:89,2
DA:91,2
DA:93,2
DA:94,18
DA:101,16
DA:104,16
DA:107,16
DA:108,16
DA:110,16
DA:111,16
DA:112,16
DA:113,16
DA:114,16
DA:115,2
DA:116,2
DA:119,2
DA:121,2
DA:123,2
DA:124,6
DA:131,4
DA:134,4
DA:137,4
DA:138,4
DA:139,4
DA:140,2
DA:141,2
DA:144,3
DA:146,3
DA:147,3
DA:148,3
DA:149,3
DA:151,3
DA:154,2
DA:156,0
DA:157,0
DA:158,2
DA:159,2
DA:161,1
DA:164,1
DA:165,1
DA:166,1
DA:168,0
DA:169,0
DA:170,0
DA:171,1
LF:92
LH:76
end_of_record
TN:
SF:/home/runner/work/SIPAI/SIPAI/libs/libsipai/src/TrainingDataFileReaderCSV.cpp
FN:13,_ZN5sipai25TrainingDataFileReaderCSV15getTrainingDataB5cxx11Ev
FNDA:3,_ZN5sipai25TrainingDataFileReaderCSV15getTrainingDataB5cxx11Ev
FNF:1
FNH:1
DA:13,3
DA:15,3
DA:16,3
DA:17,0
DA:22,3
DA:23,3
DA:24,0
DA:27,3
DA:28,3
DA:29,3
DA:30,3
DA:31,3
DA:32,36
DA:34,33
DA:35,3
DA:37,30
DA:38,30
DA:39,30
DA:40,0
DA:41,0
DA:43,30
DA:44,30
DA:45,30
DA:46,30
DA:47,30
DA:48,30
DA:49,0
DA:50,0
DA:51,0
DA:57,6
DA:58,3
LF:31
LH:24
end_of_record
