TN:
SF:/home/runner/work/SIPAI/SIPAI/libs/libsipai/include/ActivationFunctions.h
FN:42,_ZNK5sipai7sigmoidMUlRKNS_4RGBAEE_clES2_
FN:43,_ZZNK5sipai7sigmoidMUlRKNS_4RGBAEE_clES2_ENKUlfE_clEf
FN:49,_ZNK5sipai17sigmoidDerivativeMUlRKNS_4RGBAEE_clES2_
FN:51,_ZZNK5sipai17sigmoidDerivativeMUlRKNS_4RGBAEE_clES2_ENKUlfE_clEf
FN:59,_ZNK5sipai8tanhFuncMUlRKNS_4RGBAEE_clES2_
FN:60,_ZZNK5sipai8tanhFuncMUlRKNS_4RGBAEE_clES2_ENKUlfE_clEf
FN:65,_ZNK5sipai14tanhDerivativeMUlRKNS_4RGBAEE_clES2_
FN:67,_ZZNK5sipai14tanhDerivativeMUlRKNS_4RGBAEE_clES2_ENKUlfE_clEf
FN:80,_ZNK5sipai4reluMUlRKNS_4RGBAEE_clES2_
FN:81,_ZZNK5sipai4reluMUlRKNS_4RGBAEE_clES2_ENKUlfE_clEf
FN:83,_ZNK5sipai14reluDerivativeMUlRKNS_4RGBAEE_clES2_
FN:84,_ZZNK5sipai14reluDerivativeMUlRKNS_4RGBAEE_clES2_ENKUlfE_clEf
FN:93,_ZNK5sipai9leakyReluMUlRKNS_4RGBAEE_clES2_
FN:95,_ZZNK5sipai9leakyReluMUlRKNS_4RGBAEE_clES2_ENKUlfE_clEf
FN:98,_ZNK5sipai19leakyReluDerivativeMUlRKNS_4RGBAEE_clES2_
FN:99,_ZZNK5sipai19leakyReluDerivativeMUlRKNS_4RGBAEE_clES2_ENKUlfE_clEf
FN:108,_ZNK5sipai14parametricReluMUlRKNS_4RGBAEfE_clES2_f
FN:110,_ZZNK5sipai14parametricReluMUlRKNS_4RGBAEfE_clES2_fENKUlffE_clEff
FN:118,_ZNK5sipai24parametricReluDerivativeMUlRKNS_4RGBAEfE_clES2_f
FN:119,_ZZNK5sipai24parametricReluDerivativeMUlRKNS_4RGBAEfE_clES2_fENKUlffE_clEff
FN:131,_ZNK5sipai3eluMUlRKNS_4RGBAEfE_clES2_f
FN:133,_ZZNK5sipai3eluMUlRKNS_4RGBAEfE_clES2_fENKUlffE_clEff
FN:140,_ZNK5sipai13eluDerivativeMUlRKNS_4RGBAEfE_clES2_f
FN:142,_ZZNK5sipai13eluDerivativeMUlRKNS_4RGBAEfE_clES2_fENKUlffE_clEff
FNDA:16,_ZZNK5sipai14parametricReluMUlRKNS_4RGBAEfE_clES2_fENKUlffE_clEff
FNDA:6,_ZNK5sipai14tanhDerivativeMUlRKNS_4RGBAEE_clES2_
FNDA:32,_ZZNK5sipai7sigmoidMUlRKNS_4RGBAEE_clES2_ENKUlfE_clEf
FNDA:8,_ZNK5sipai7sigmoidMUlRKNS_4RGBAEE_clES2_
FNDA:16,_ZZNK5sipai13eluDerivativeMUlRKNS_4RGBAEfE_clES2_fENKUlffE_clEff
FNDA:1216,_ZZNK5sipai9leakyReluMUlRKNS_4RGBAEE_clES2_ENKUlfE_clEf
FNDA:4,_ZNK5sipai13eluDerivativeMUlRKNS_4RGBAEfE_clES2_f
FNDA:16,_ZZNK5sipai14reluDerivativeMUlRKNS_4RGBAEE_clES2_ENKUlfE_clEf
FNDA:16,_ZZNK5sipai4reluMUlRKNS_4RGBAEE_clES2_ENKUlfE_clEf
FNDA:4,_ZNK5sipai14parametricReluMUlRKNS_4RGBAEfE_clES2_f
FNDA:16,_ZZNK5sipai24parametricReluDerivativeMUlRKNS_4RGBAEfE_clES2_fENKUlffE_clEff
FNDA:4,_ZNK5sipai14reluDerivativeMUlRKNS_4RGBAEE_clES2_
FNDA:304,_ZNK5sipai9leakyReluMUlRKNS_4RGBAEE_clES2_
FNDA:100,_ZNK5sipai19leakyReluDerivativeMUlRKNS_4RGBAEE_clES2_
FNDA:24,_ZZNK5sipai14tanhDerivativeMUlRKNS_4RGBAEE_clES2_ENKUlfE_clEf
FNDA:4,_ZNK5sipai17sigmoidDerivativeMUlRKNS_4RGBAEE_clES2_
FNDA:12,_ZNK5sipai8tanhFuncMUlRKNS_4RGBAEE_clES2_
FNDA:4,_ZNK5sipai24parametricReluDerivativeMUlRKNS_4RGBAEfE_clES2_f
FNDA:4,_ZNK5sipai4reluMUlRKNS_4RGBAEE_clES2_
FNDA:24,_ZZNK5sipai3eluMUlRKNS_4RGBAEfE_clES2_fENKUlffE_clEff
FNDA:400,_ZZNK5sipai19leakyReluDerivativeMUlRKNS_4RGBAEE_clES2_ENKUlfE_clEf
FNDA:6,_ZNK5sipai3eluMUlRKNS_4RGBAEfE_clES2_f
FNDA:48,_ZZNK5sipai8tanhFuncMUlRKNS_4RGBAEE_clES2_ENKUlfE_clEf
FNDA:16,_ZZNK5sipai17sigmoidDerivativeMUlRKNS_4RGBAEE_clES2_ENKUlfE_clEf
FNF:24
FNH:24
DA:42,8
DA:43,16
DA:45,32
DA:46,32
DA:47,16
DA:49,4
DA:50,4
DA:51,20
DA:59,12
DA:60,24
DA:62,48
DA:63,24
DA:65,6
DA:66,6
DA:67,30
DA:80,4
DA:81,20
DA:83,4
DA:84,20
DA:93,304
DA:94,608
DA:95,1824
DA:98,100
DA:99,500
DA:108,4
DA:109,8
DA:110,4
DA:112,16
DA:113,16
DA:115,8
DA:118,4
DA:119,24
DA:120,8
DA:131,6
DA:132,12
DA:133,6
DA:134,24
DA:135,24
DA:137,12
DA:140,4
DA:141,8
DA:142,20
DA:143,8
LF:43
LH:43
end_of_record
TN:
SF:/home/runner/work/SIPAI/SIPAI/libs/libsipai/include/Common.h
FN:46,_ZN5sipai14getFilenameCsvERKNSt7__cxx1112basic_stringIcSt11char_traitsIcESaIcEEE
FNDA:4,_ZN5sipai14getFilenameCsvERKNSt7__cxx1112basic_stringIcSt11char_traitsIcESaIcEEE
FNF:1
FNH:1
DA:46,4
DA:48,8
LF:2
LH:2
end_of_record
TN:
SF:/home/runner/work/SIPAI/SIPAI/libs/libsipai/include/Layer.h
FN:32,_ZN5sipai5LayerC2ENS_9LayerTypeEmm
FN:34,_ZN5sipai5LayerD2Ev
FN:34,_ZN5sipai5LayerD0Ev
FN:49,_ZN5sipai5Layer18forwardPropagationEb
FN:64,_ZN5sipai5Layer19backwardPropagationEb
FN:81,_ZN5sipai5Layer13updateWeightsEfb
FN:92,_ZNK5sipai5Layer15getLayerTypeStrB5cxx11Ev
FN:101,_ZN5sipai5Layer21setActivationFunctionERKSt8functionIFNS_4RGBAES2_EES6_
FN:119,_ZN5sipai5Layer8_forwardIN6__pstl9execution2v116sequenced_policyEEEvT_
FN:119,_ZN5sipai5Layer8_forwardIN6__pstl9execution2v127parallel_unsequenced_policyEEEvT_
FN:124,_ZZN5sipai5Layer8_forwardIN6__pstl9execution2v127parallel_unsequenced_policyEEEvT_ENKUlRNS_6NeuronEE_clES8_
FN:124,_ZZN5sipai5Layer8_forwardIN6__pstl9execution2v116sequenced_policyEEEvT_ENKUlRNS_6NeuronEE_clES8_
FN:136,_ZN5sipai5Layer9_backwardIN6__pstl9execution2v116sequenced_policyEEEvT_
FN:136,_ZN5sipai5Layer9_backwardIN6__pstl9execution2v127parallel_unsequenced_policyEEEvT_
FN:143,_ZZN5sipai5Layer9_backwardIN6__pstl9execution2v127parallel_unsequenced_policyEEEvT_ENKUlRNS_6NeuronEE_clES8_
FN:143,_ZZN5sipai5Layer9_backwardIN6__pstl9execution2v116sequenced_policyEEEvT_ENKUlRNS_6NeuronEE_clES8_
FN:170,_ZN5sipai5Layer7_updateIN6__pstl9execution2v116sequenced_policyEEEvT_f
FN:170,_ZN5sipai5Layer7_updateIN6__pstl9execution2v127parallel_unsequenced_policyEEEvT_f
FN:177,_ZZN5sipai5Layer7_updateIN6__pstl9execution2v116sequenced_policyEEEvT_fENKUlRNS_6NeuronEE_clES8_
FN:177,_ZZN5sipai5Layer7_updateIN6__pstl9execution2v127parallel_unsequenced_policyEEEvT_fENKUlRNS_6NeuronEE_clES8_
FNDA:40,_ZN5sipai5Layer18forwardPropagationEb
FNDA:32,_ZN5sipai5Layer19backwardPropagationEb
FNDA:0,_ZZN5sipai5Layer7_updateIN6__pstl9execution2v127parallel_unsequenced_policyEEEvT_fENKUlRNS_6NeuronEE_clES8_
FNDA:0,_ZN5sipai5LayerD0Ev
FNDA:16,_ZN5sipai5Layer9_backwardIN6__pstl9execution2v116sequenced_policyEEEvT_
FNDA:17,_ZN5sipai5LayerC2ENS_9LayerTypeEmm
FNDA:0,_ZN5sipai5Layer9_backwardIN6__pstl9execution2v127parallel_unsequenced_policyEEEvT_
FNDA:17,_ZN5sipai5Layer21setActivationFunctionERKSt8functionIFNS_4RGBAES2_EES6_
FNDA:240,_ZZN5sipai5Layer7_updateIN6__pstl9execution2v116sequenced_policyEEEvT_fENKUlRNS_6NeuronEE_clES8_
FNDA:40,_ZN5sipai5Layer8_forwardIN6__pstl9execution2v116sequenced_policyEEEvT_
FNDA:0,_ZN5sipai5Layer7_updateIN6__pstl9execution2v127parallel_unsequenced_policyEEEvT_f
FNDA:32,_ZN5sipai5Layer7_updateIN6__pstl9execution2v116sequenced_policyEEEvT_f
FNDA:32,_ZN5sipai5Layer13updateWeightsEfb
FNDA:6,_ZNK5sipai5Layer15getLayerTypeStrB5cxx11Ev
FNDA:300,_ZZN5sipai5Layer8_forwardIN6__pstl9execution2v116sequenced_policyEEEvT_ENKUlRNS_6NeuronEE_clES8_
FNDA:17,_ZN5sipai5LayerD2Ev
FNDA:0,_ZZN5sipai5Layer8_forwardIN6__pstl9execution2v127parallel_unsequenced_policyEEEvT_ENKUlRNS_6NeuronEE_clES8_
FNDA:96,_ZZN5sipai5Layer9_backwardIN6__pstl9execution2v116sequenced_policyEEEvT_ENKUlRNS_6NeuronEE_clES8_
FNDA:0,_ZZN5sipai5Layer9_backwardIN6__pstl9execution2v127parallel_unsequenced_policyEEEvT_ENKUlRNS_6NeuronEE_clES8_
FNDA:0,_ZN5sipai5Layer8_forwardIN6__pstl9execution2v127parallel_unsequenced_policyEEEvT_
FNF:20
FNH:13
DA:32,17
DA:33,17
DA:34,17
DA:49,40
DA:50,40
DA:51,0
DA:53,40
DA:54,0
DA:56,40
DA:64,32
DA:65,32
DA:66,16
DA:68,16
DA:69,0
DA:71,16
DA:81,32
DA:82,32
DA:83,0
DA:85,32
DA:86,0
DA:88,32
DA:92,6
DA:93,12
DA:94,12
DA:95,6
DA:98,0
DA:101,17
DA:103,110
DA:104,93
DA:105,93
DA:107,17
DA:119,40
DA:120,40
DA:121,0
DA:123,40
DA:124,300
DA:125,300
DA:126,1860
DA:127,1560
DA:131,300
DA:136,16
DA:137,16
DA:138,0
DA:140,16
DA:141,16
DA:142,16
DA:143,384
DA:144,96
DA:145,96
DA:146,960
DA:147,864
DA:151,320
DA:152,224
DA:155,192
DA:156,96
DA:170,32
DA:171,32
DA:172,0
DA:174,32
DA:175,32
DA:176,32
DA:177,240
DA:179,1488
DA:180,1248
DA:181,1248
DA:182,1248
DA:183,1248
DA:187,848
DA:188,608
DA:189,608
DA:190,1216
LF:71
LH:62
end_of_record
TN:
SF:/home/runner/work/SIPAI/SIPAI/libs/libsipai/include/LayerHidden.h
FN:26,_ZN5sipai11LayerHiddenC2Ev
FN:27,_ZN5sipai11LayerHiddenC2Emm
FNDA:5,_ZN5sipai11LayerHiddenC2Emm
FNDA:2,_ZN5sipai11LayerHiddenC2Ev
FNF:2
FNH:2
DA:26,2
DA:27,5
DA:28,5
LF:3
LH:3
end_of_record
TN:
SF:/home/runner/work/SIPAI/SIPAI/libs/libsipai/include/LayerInput.h
FN:23,_ZN5sipai10LayerInputC2Ev
FN:24,_ZN5sipai10LayerInputC2Emm
FN:27,_ZN5sipai10LayerInput18forwardPropagationEb
FN:31,_ZN5sipai10LayerInput19backwardPropagationEb
FN:35,_ZN5sipai10LayerInput13updateWeightsEfb
FN:40,_ZN5sipai10LayerInput14setInputValuesERKSt6vectorINS_4RGBAESaIS2_EE
FNDA:1,_ZN5sipai10LayerInputC2Ev
FNDA:20,_ZN5sipai10LayerInput18forwardPropagationEb
FNDA:20,_ZN5sipai10LayerInput14setInputValuesERKSt6vectorINS_4RGBAESaIS2_EE
FNDA:16,_ZN5sipai10LayerInput19backwardPropagationEb
FNDA:16,_ZN5sipai10LayerInput13updateWeightsEfb
FNDA:4,_ZN5sipai10LayerInputC2Emm
FNF:6
FNH:6
DA:23,1
DA:24,4
DA:25,4
DA:27,20
DA:29,20
DA:31,16
DA:33,16
DA:35,16
DA:38,16
DA:40,20
DA:41,20
DA:42,0
DA:44,100
DA:45,80
DA:47,20
LF:15
LH:14
end_of_record
TN:
SF:/home/runner/work/SIPAI/SIPAI/libs/libsipai/include/LayerOutput.h
FN:29,_ZN5sipai11LayerOutputC2Ev
FN:30,_ZN5sipai11LayerOutputC2Emm
FN:33,_ZN5sipai11LayerOutput13computeErrorsERKSt6vectorINS_4RGBAESaIS2_EE
FN:55,_ZN5sipai11LayerOutput15getOutputValuesEv
FN:57,_ZZN5sipai11LayerOutput15getOutputValuesEvENKUlRKNS_6NeuronEE_clES3_
FNDA:16,_ZN5sipai11LayerOutput13computeErrorsERKSt6vectorINS_4RGBAESaIS2_EE
FNDA:20,_ZN5sipai11LayerOutput15getOutputValuesEv
FNDA:180,_ZZN5sipai11LayerOutput15getOutputValuesEvENKUlRKNS_6NeuronEE_clES3_
FNDA:4,_ZN5sipai11LayerOutputC2Emm
FNDA:1,_ZN5sipai11LayerOutputC2Ev
FNF:5
FNH:5
DA:29,1
DA:30,4
DA:31,4
DA:33,16
DA:34,16
DA:35,0
DA:38,16
DA:39,16
DA:40,16
DA:42,160
DA:44,144
DA:45,528
DA:46,384
DA:48,144
DA:49,144
DA:50,432
DA:51,144
DA:53,16
DA:55,20
DA:57,200
DA:58,20
LF:21
LH:20
end_of_record
TN:
SF:/home/runner/work/SIPAI/SIPAI/libs/libsipai/include/Manager.h
FN:24,_ZN5sipai7Manager11getInstanceEv
FN:153,_ZNK5sipai7Manager16getVersionHeaderB5cxx11Ev
FN:158,_ZN5sipai7ManagerC2Ev
FNDA:1,_ZN5sipai7ManagerC2Ev
FNDA:1,_ZNK5sipai7Manager16getVersionHeaderB5cxx11Ev
FNDA:87,_ZN5sipai7Manager11getInstanceEv
FNF:3
FNH:3
DA:24,87
DA:25,87
DA:26,87
DA:153,1
DA:154,2
DA:158,1
LF:6
LH:6
end_of_record
TN:
SF:/home/runner/work/SIPAI/SIPAI/libs/libsipai/include/NeuralNetwork.h
FN:25,_ZN5sipai13NeuralNetworkC2Ev
FN:33,_ZN5sipai13NeuralNetworkD2Ev
FNDA:6,_ZN5sipai13NeuralNetworkC2Ev
FNDA:6,_ZN5sipai13NeuralNetworkD2Ev
FNF:2
FNH:2
DA:25,6
DA:33,6
DA:34,23
DA:35,17
DA:36,17
DA:39,6
LF:6
LH:6
end_of_record
TN:
SF:/home/runner/work/SIPAI/SIPAI/libs/libsipai/include/NeuralNetworkBuilder.h
FN:30,_ZN5sipai20NeuralNetworkBuilder4withERSt10unique_ptrINS_13NeuralNetworkESt14default_deleteIS2_EE
FN:41,_ZN5sipai20NeuralNetworkBuilder4withERNS_19NeuralNetworkParamsE
FNDA:1,_ZN5sipai20NeuralNetworkBuilder4withERSt10unique_ptrINS_13NeuralNetworkESt14default_deleteIS2_EE
FNDA:8,_ZN5sipai20NeuralNetworkBuilder4withERNS_19NeuralNetworkParamsE
FNF:2
FNH:2
DA:30,1
DA:31,1
DA:32,1
DA:41,8
DA:42,8
DA:43,8
LF:6
LH:6
end_of_record
TN:
SF:/home/runner/work/SIPAI/SIPAI/libs/libsipai/include/NeuralNetworkImportExportFacade.h
FN:19,_ZN5sipai31NeuralNetworkImportExportFacadeD2Ev
FN:19,_ZN5sipai31NeuralNetworkImportExportFacadeD0Ev
FNDA:0,_ZN5sipai31NeuralNetworkImportExportFacadeD0Ev
FNDA:4,_ZN5sipai31NeuralNetworkImportExportFacadeD2Ev
FNF:2
FNH:1
DA:19,4
LF:1
LH:1
end_of_record
TN:
SF:/home/runner/work/SIPAI/SIPAI/libs/libsipai/include/Neuron.h
FN:31,_ZN5sipai6NeuronC2Ev
FN:57,_ZN5sipai6Neuron11initWeightsEm
FNDA:999,_ZN5sipai6NeuronC2Ev
FNDA:66,_ZN5sipai6Neuron11initWeightsEm
FNF:2
FNH:2
DA:31,999
DA:57,66
DA:58,66
DA:61,66
DA:62,5790
DA:63,5724
DA:65,66
LF:7
LH:7
end_of_record
TN:
SF:/home/runner/work/SIPAI/SIPAI/libs/libsipai/include/NeuronConnection.h
FN:20,_ZN5sipai16NeuronConnectionC2EPNS_6NeuronENS_4RGBAE
FNDA:3716,_ZN5sipai16NeuronConnectionC2EPNS_6NeuronENS_4RGBAE
FNF:1
FNH:1
DA:20,3716
DA:21,3716
LF:2
LH:2
end_of_record
TN:
SF:/home/runner/work/SIPAI/SIPAI/libs/libsipai/include/RGBA.h
FN:27,_ZN5sipai4RGBAC2Ev
FN:30,_ZN5sipai4RGBAC2Effff
FN:33,_ZN5sipai4RGBAC2ERKN2cv3VecIhLi4EEEb
FN:42,_ZNK5sipai4RGBA3sumEv
FN:53,_ZNK5sipai4RGBA5clampERKfS2_
FN:56,_ZZNK5sipai4RGBA5clampERKfS2_ENKUlfE_clEf
FN:66,_ZNK5sipai4RGBA3powEf
FN:68,_ZZNK5sipai4RGBA3powEfENKUlfE_clEf
FN:83,_ZNK5sipai4RGBA6randomERKf
FN:89,_ZZNK5sipai4RGBA6randomERKfENKUlRfE_clES3_
FN:101,_ZNK5sipai4RGBA12isOutOfRangeERKfS2_
FN:103,_ZZNK5sipai4RGBA12isOutOfRangeERKfS2_ENKUlfE_clEf
FN:111,_ZNK5sipai4RGBA11toStringCsvB5cxx11Ev
FN:126,_ZNK5sipai4RGBA7toVec4bEv
FN:132,_ZNK5sipai4RGBA5applyERKSt8functionIFffEE
FN:140,_ZNK5sipai4RGBA5applyERKSt8functionIFfffEEf
FN:144,_ZZNK5sipai4RGBA5applyERKSt8functionIFfffEEfENKUlfE_clEf
FN:149,_ZNK5sipai4RGBA15applyToElementsISt5minusIvEEEDaT_RKS0_
FN:149,_ZNK5sipai4RGBA15applyToElementsISt4plusIvEEEDaT_RKS0_
FN:149,_ZNK5sipai4RGBA15applyToElementsISt10multipliesIvEEEDaT_RKS0_
FN:156,_ZN5sipai4RGBApLERKS0_
FN:162,_ZN5sipai4RGBAmIERKS0_
FN:174,_ZNK5sipai4RGBAmlERKS0_
FN:178,_ZNK5sipai4RGBAplERKS0_
FN:182,_ZNK5sipai4RGBAmiERKS0_
FN:186,_ZN5sipaimlEfRKNS_4RGBAE
FN:189,_ZZN5sipaimlEfRKNS_4RGBAEENKUlfE_clEf
FNDA:72,_ZZNK5sipai4RGBA5applyERKSt8functionIFfffEEfENKUlfE_clEf
FNDA:25460,_ZN5sipai4RGBAC2ERKN2cv3VecIhLi4EEEb
FNDA:200,_ZNK5sipai4RGBA3sumEv
FNDA:4984,_ZNK5sipai4RGBA15applyToElementsISt10multipliesIvEEEDaT_RKS0_
FNDA:4984,_ZNK5sipai4RGBAmlERKS0_
FNDA:1856,_ZN5sipai4RGBAmIERKS0_
FNDA:90008,_ZZNK5sipai4RGBA12isOutOfRangeERKfS2_ENKUlfE_clEf
FNDA:442,_ZNK5sipai4RGBA5applyERKSt8functionIFffEE
FNDA:18,_ZNK5sipai4RGBA5applyERKSt8functionIFfffEEf
FNDA:50960,_ZZNK5sipai4RGBA5clampERKfS2_ENKUlfE_clEf
FNDA:344,_ZNK5sipai4RGBAmiERKS0_
FNDA:37584,_ZZNK5sipai4RGBA6randomERKfENKUlRfE_clES3_
FNDA:900,_ZNK5sipai4RGBA7toVec4bEv
FNDA:144,_ZNK5sipai4RGBAplERKS0_
FNDA:144,_ZNK5sipai4RGBA15applyToElementsISt4plusIvEEEDaT_RKS0_
FNDA:2144,_ZN5sipaimlEfRKNS_4RGBAE
FNDA:8576,_ZZN5sipaimlEfRKNS_4RGBAEENKUlfE_clEf
FNDA:3032,_ZN5sipai4RGBApLERKS0_
FNDA:248,_ZNK5sipai4RGBA11toStringCsvB5cxx11Ev
FNDA:200,_ZNK5sipai4RGBA3powEf
FNDA:22502,_ZNK5sipai4RGBA12isOutOfRangeERKfS2_
FNDA:344,_ZNK5sipai4RGBA15applyToElementsISt5minusIvEEEDaT_RKS0_
FNDA:0,_ZZNK5sipai4RGBA3powEfENKUlfE_clEf
FNDA:66209,_ZN5sipai4RGBAC2Ev
FNDA:12740,_ZNK5sipai4RGBA5clampERKfS2_
FNDA:3810,_ZN5sipai4RGBAC2Effff
FNDA:9396,_ZNK5sipai4RGBA6randomERKf
FNF:27
FNH:26
DA:27,66209
DA:30,3810
DA:33,25460
DA:34,25460
DA:35,25460
DA:42,200
DA:43,200
DA:53,11892
DA:54,12740
DA:55,12740
DA:56,63700
DA:57,12740
DA:66,200
DA:67,200
DA:68,0
DA:69,0
DA:70,0
DA:72,400
DA:73,600
DA:83,9396
DA:84,9396
DA:85,9396
DA:86,9396
DA:87,9396
DA:89,37584
DA:90,18792
DA:101,45004
DA:102,22502
DA:103,112510
DA:111,248
DA:112,248
DA:113,248
DA:114,1240
DA:115,992
DA:117,248
DA:118,496
DA:119,248
DA:126,900
DA:127,3600
DA:128,900
DA:132,442
DA:133,442
DA:134,442
DA:135,442
DA:140,18
DA:142,18
DA:143,18
DA:144,72
DA:145,18
DA:149,5472
DA:150,5472
DA:151,5472
DA:153,5472
DA:156,3032
DA:157,3032
DA:159,3032
DA:162,1856
DA:163,1856
DA:165,1856
DA:174,4984
DA:175,4984
DA:178,144
DA:179,144
DA:182,344
DA:183,344
DA:186,2144
DA:187,2144
DA:188,2144
DA:189,8576
DA:190,2144
LF:70
LH:67
end_of_record
TN:
SF:/home/runner/work/SIPAI/SIPAI/libs/libsipai/include/RandomFactory.h
FN:16,_ZN5sipai13RandomFactory11getInstanceEv
FN:30,_ZN5sipai13RandomFactory9getRandomEff
FN:43,_ZN5sipai13RandomFactory4RandEff
FN:48,_ZN5sipai13RandomFactoryC2Ev
FNDA:37584,_ZN5sipai13RandomFactory9getRandomEff
FNDA:37584,_ZN5sipai13RandomFactory4RandEff
FNDA:37584,_ZN5sipai13RandomFactory11getInstanceEv
FNDA:1,_ZN5sipai13RandomFactoryC2Ev
FNF:4
FNH:4
DA:16,37584
DA:17,37584
DA:18,37584
DA:30,37584
DA:31,37584
DA:32,75168
DA:43,37584
DA:44,37584
DA:48,1
LF:9
LH:9
end_of_record
TN:
SF:/home/runner/work/SIPAI/SIPAI/libs/libsipai/include/RunnerVisitor.h
FN:19,_ZN5sipai13RunnerVisitorD2Ev
FN:19,_ZN5sipai13RunnerVisitorD0Ev
FNDA:2,_ZN5sipai13RunnerVisitorD2Ev
FNDA:0,_ZN5sipai13RunnerVisitorD0Ev
FNF:2
FNH:1
DA:19,2
LF:1
LH:1
end_of_record
TN:
SF:/home/runner/work/SIPAI/SIPAI/libs/libsipai/include/RunnerVisitorFactory.h
FN:17,_ZN5sipai20RunnerVisitorFactory27getTrainingMonitoredVisitorEv
FNDA:1,_ZN5sipai20RunnerVisitorFactory27getTrainingMonitoredVisitorEv
FNF:1
FNH:1
DA:17,1
DA:18,1
DA:19,1
DA:21,1
LF:4
LH:4
end_of_record
TN:
SF:/home/runner/work/SIPAI/SIPAI/libs/libsipai/include/SimpleLogger.h
FN:32,_ZN5sipai12SimpleLogger11getInstanceEv
FN:55,_ZNK5sipai12SimpleLogger3logIJRA39_KcEEERKS0_NS_8LogLevelEbDpOT_
FN:55,_ZNK5sipai12SimpleLogger3logIJRA15_KcRdRA2_S2_EEERKS0_NS_8LogLevelEbDpOT_
FN:55,_ZNK5sipai12SimpleLogger3logIJRA39_KcRNSt7__cxx1112basic_stringIcSt11char_traitsIcESaIcEEERA4_S2_EEERKS0_NS_8LogLevelEbDpOT_
FN:55,_ZNK5sipai12SimpleLogger3logIJRA40_KcEEERKS0_NS_8LogLevelEbDpOT_
FN:55,_ZNK5sipai12SimpleLogger3logIJRA17_KcEEERKS0_NS_8LogLevelEbDpOT_
FN:55,_ZNK5sipai12SimpleLogger3logIJRNSt7__cxx1112basic_stringIcSt11char_traitsIcESaIcEEEEEERKS0_NS_8LogLevelEbDpOT_
FN:55,_ZNK5sipai12SimpleLogger3logIJRA66_KcEEERKS0_NS_8LogLevelEbDpOT_
FN:55,_ZNK5sipai12SimpleLogger3logIJRA80_KcEEERKS0_NS_8LogLevelEbDpOT_
FN:55,_ZNK5sipai12SimpleLogger3logIJRA34_KcEEERKS0_NS_8LogLevelEbDpOT_
FN:55,_ZNK5sipai12SimpleLogger3logIJRA35_KcRNSt7__cxx1112basic_stringIcSt11char_traitsIcESaIcEEERA4_S2_EEERKS0_NS_8LogLevelEbDpOT_
FN:55,_ZNK5sipai12SimpleLogger3logIJRA18_KcEEERKS0_NS_8LogLevelEbDpOT_
FN:55,_ZNK5sipai12SimpleLogger3logIJRA31_KcEEERKS0_NS_8LogLevelEbDpOT_
FN:55,_ZNK5sipai12SimpleLogger3logIJRA8_KcRiRA15_S2_RfRA21_S2_S8_RA2_S2_EEERKS0_NS_8LogLevelEbDpOT_
FN:55,_ZNK5sipai12SimpleLogger3logIJRA28_KcRiRA4_S2_RPS2_EEERKS0_NS_8LogLevelEbDpOT_
FN:55,_ZNK5sipai12SimpleLogger3logIJRA20_KcEEERKS0_NS_8LogLevelEbDpOT_
FN:55,_ZNK5sipai12SimpleLogger3logIJRA34_KcRPS2_EEERKS0_NS_8LogLevelEbDpOT_
FN:55,_ZNK5sipai12SimpleLogger3logIJRA31_KcRNSt7__cxx1112basic_stringIcSt11char_traitsIcESaIcEEERA4_S2_EEERKS0_NS_8LogLevelEbDpOT_
FN:180,_ZNK5sipai12SimpleLogger4infoIJRA31_KcEEERKS0_DpOT_
FN:180,_ZNK5sipai12SimpleLogger4infoIJRA39_KcEEERKS0_DpOT_
FN:180,_ZNK5sipai12SimpleLogger4infoIJRA35_KcRNSt7__cxx1112basic_stringIcSt11char_traitsIcESaIcEEERA4_S2_EEERKS0_DpOT_
FN:180,_ZNK5sipai12SimpleLogger4infoIJRA8_KcRiRA15_S2_RfRA21_S2_S8_RA2_S2_EEERKS0_DpOT_
FN:180,_ZNK5sipai12SimpleLogger4infoIJRA34_KcRPS2_EEERKS0_DpOT_
FN:180,_ZNK5sipai12SimpleLogger4infoIJRNSt7__cxx1112basic_stringIcSt11char_traitsIcESaIcEEEEEERKS0_DpOT_
FN:180,_ZNK5sipai12SimpleLogger4infoIJRA15_KcRdRA2_S2_EEERKS0_DpOT_
FN:180,_ZNK5sipai12SimpleLogger4infoIJRA31_KcRNSt7__cxx1112basic_stringIcSt11char_traitsIcESaIcEEERA4_S2_EEERKS0_DpOT_
FN:180,_ZNK5sipai12SimpleLogger4infoIJRA66_KcEEERKS0_DpOT_
FN:180,_ZNK5sipai12SimpleLogger4infoIJRA40_KcEEERKS0_DpOT_
FN:180,_ZNK5sipai12SimpleLogger4infoIJRA39_KcRNSt7__cxx1112basic_stringIcSt11char_traitsIcESaIcEEERA4_S2_EEERKS0_DpOT_
FN:180,_ZNK5sipai12SimpleLogger4infoIJRA20_KcEEERKS0_DpOT_
FN:180,_ZNK5sipai12SimpleLogger4infoIJRA18_KcEEERKS0_DpOT_
FN:180,_ZNK5sipai12SimpleLogger4infoIJRA17_KcEEERKS0_DpOT_
FN:180,_ZNK5sipai12SimpleLogger4infoIJRA80_KcEEERKS0_DpOT_
FN:196,_ZNK5sipai12SimpleLogger4warnIJNSt7__cxx1112basic_stringIcSt11char_traitsIcESaIcEEEEEERKS0_DpOT_
FN:212,_ZNK5sipai12SimpleLogger5errorIJRA28_KcRiRA4_S2_RPS2_EEERKS0_DpOT_
FN:212,_ZNK5sipai12SimpleLogger5errorIJRA34_KcEEERKS0_DpOT_
FN:264,_ZNK5sipai12SimpleLogger12setPrecisionEl
FN:287,_ZN5sipai12SimpleLogger8LOG_INFOIJNSt7__cxx1112basic_stringIcSt11char_traitsIcESaIcEEEEEERKS0_DpOT_
FN:287,_ZN5sipai12SimpleLogger8LOG_INFOIJRA31_KcRNSt7__cxx1112basic_stringIcSt11char_traitsIcESaIcEEERA4_S2_EEERKS0_DpOT_
FN:287,_ZN5sipai12SimpleLogger8LOG_INFOIJRA15_KcdRA2_S2_EEERKS0_DpOT_
FN:287,_ZN5sipai12SimpleLogger8LOG_INFOIJRA31_KcEEERKS0_DpOT_
FN:287,_ZN5sipai12SimpleLogger8LOG_INFOIJRA17_KcEEERKS0_DpOT_
FN:287,_ZN5sipai12SimpleLogger8LOG_INFOIJRA34_KcPS2_EEERKS0_DpOT_
FN:287,_ZN5sipai12SimpleLogger8LOG_INFOIJRA35_KcRNSt7__cxx1112basic_stringIcSt11char_traitsIcESaIcEEERA4_S2_EEERKS0_DpOT_
FN:287,_ZN5sipai12SimpleLogger8LOG_INFOIJRA39_KcRNSt7__cxx1112basic_stringIcSt11char_traitsIcESaIcEEERA4_S2_EEERKS0_DpOT_
FN:287,_ZN5sipai12SimpleLogger8LOG_INFOIJRA39_KcEEERKS0_DpOT_
FN:287,_ZN5sipai12SimpleLogger8LOG_INFOIJRA80_KcEEERKS0_DpOT_
FN:287,_ZN5sipai12SimpleLogger8LOG_INFOIJRA18_KcEEERKS0_DpOT_
FN:287,_ZN5sipai12SimpleLogger8LOG_INFOIJRA66_KcEEERKS0_DpOT_
FN:287,_ZN5sipai12SimpleLogger8LOG_INFOIJRA20_KcEEERKS0_DpOT_
FN:287,_ZN5sipai12SimpleLogger8LOG_INFOIJRA40_KcEEERKS0_DpOT_
FN:287,_ZN5sipai12SimpleLogger8LOG_INFOIJRA8_KcRiRA15_S2_fRA21_S2_fRA2_S2_EEERKS0_DpOT_
FN:315,_ZN5sipai12SimpleLogger9LOG_ERRORIJRA34_KcEEERKS0_DpOT_
FN:315,_ZN5sipai12SimpleLogger9LOG_ERRORIJRA28_KcRiRA4_S2_PS2_EEERKS0_DpOT_
FN:336,_ZN5sipai12SimpleLoggerC2Ev
FN:341,_ZNK5sipai12SimpleLogger13get_timestampB5cxx11Ev
FNDA:46,_ZN5sipai12SimpleLogger11getInstanceEv
FNDA:4,_ZN5sipai12SimpleLogger8LOG_INFOIJRA17_KcEEERKS0_DpOT_
FNDA:0,_ZN5sipai12SimpleLogger8LOG_INFOIJRA34_KcPS2_EEERKS0_DpOT_
FNDA:1,_ZNK5sipai12SimpleLogger4infoIJRA35_KcRNSt7__cxx1112basic_stringIcSt11char_traitsIcESaIcEEERA4_S2_EEERKS0_DpOT_
FNDA:2,_ZNK5sipai12SimpleLogger4infoIJRA8_KcRiRA15_S2_RfRA21_S2_S8_RA2_S2_EEERKS0_DpOT_
FNDA:4,_ZNK5sipai12SimpleLogger4infoIJRA31_KcEEERKS0_DpOT_
FNDA:0,_ZN5sipai12SimpleLogger9LOG_ERRORIJRA34_KcEEERKS0_DpOT_
FNDA:1,_ZN5sipai12SimpleLogger8LOG_INFOIJNSt7__cxx1112basic_stringIcSt11char_traitsIcESaIcEEEEEERKS0_DpOT_
FNDA:0,_ZNK5sipai12SimpleLogger4warnIJNSt7__cxx1112basic_stringIcSt11char_traitsIcESaIcEEEEEERKS0_DpOT_
FNDA:4,_ZNK5sipai12SimpleLogger4infoIJRA39_KcEEERKS0_DpOT_
FNDA:2,_ZN5sipai12SimpleLogger8LOG_INFOIJRA31_KcRNSt7__cxx1112basic_stringIcSt11char_traitsIcESaIcEEERA4_S2_EEERKS0_DpOT_
FNDA:0,_ZN5sipai12SimpleLogger9LOG_ERRORIJRA28_KcRiRA4_S2_PS2_EEERKS0_DpOT_
FNDA:44,_ZNK5sipai12SimpleLogger13get_timestampB5cxx11Ev
FNDA:1,_ZN5sipai12SimpleLogger8LOG_INFOIJRA15_KcdRA2_S2_EEERKS0_DpOT_
FNDA:4,_ZN5sipai12SimpleLogger8LOG_INFOIJRA31_KcEEERKS0_DpOT_
FNDA:0,_ZNK5sipai12SimpleLogger4infoIJRA34_KcRPS2_EEERKS0_DpOT_
FNDA:1,_ZNK5sipai12SimpleLogger4infoIJRNSt7__cxx1112basic_stringIcSt11char_traitsIcESaIcEEEEEERKS0_DpOT_
FNDA:1,_ZN5sipai12SimpleLogger8LOG_INFOIJRA39_KcRNSt7__cxx1112basic_stringIcSt11char_traitsIcESaIcEEERA4_S2_EEERKS0_DpOT_
FNDA:4,_ZN5sipai12SimpleLogger8LOG_INFOIJRA39_KcEEERKS0_DpOT_
FNDA:2,_ZNK5sipai12SimpleLogger4infoIJRA31_KcRNSt7__cxx1112basic_stringIcSt11char_traitsIcESaIcEEERA4_S2_EEERKS0_DpOT_
FNDA:1,_ZNK5sipai12SimpleLogger4infoIJRA15_KcRdRA2_S2_EEERKS0_DpOT_
FNDA:4,_ZNK5sipai12SimpleLogger3logIJRA39_KcEEERKS0_NS_8LogLevelEbDpOT_
FNDA:1,_ZNK5sipai12SimpleLogger3logIJRA15_KcRdRA2_S2_EEERKS0_NS_8LogLevelEbDpOT_
FNDA:1,_ZN5sipai12SimpleLogger8LOG_INFOIJRA35_KcRNSt7__cxx1112basic_stringIcSt11char_traitsIcESaIcEEERA4_S2_EEERKS0_DpOT_
FNDA:0,_ZNK5sipai12SimpleLogger5errorIJRA28_KcRiRA4_S2_RPS2_EEERKS0_DpOT_
FNDA:1,_ZNK5sipai12SimpleLogger3logIJRA39_KcRNSt7__cxx1112basic_stringIcSt11char_traitsIcESaIcEEERA4_S2_EEERKS0_NS_8LogLevelEbDpOT_
FNDA:17,_ZNK5sipai12SimpleLogger3logIJRA40_KcEEERKS0_NS_8LogLevelEbDpOT_
FNDA:1,_ZNK5sipai12SimpleLogger3logIJRNSt7__cxx1112basic_stringIcSt11char_traitsIcESaIcEEEEEERKS0_NS_8LogLevelEbDpOT_
FNDA:4,_ZNK5sipai12SimpleLogger3logIJRA17_KcEEERKS0_NS_8LogLevelEbDpOT_
FNDA:1,_ZNK5sipai12SimpleLogger4infoIJRA39_KcRNSt7__cxx1112basic_stringIcSt11char_traitsIcESaIcEEERA4_S2_EEERKS0_DpOT_
FNDA:1,_ZNK5sipai12SimpleLogger12setPrecisionEl
FNDA:1,_ZNK5sipai12SimpleLogger3logIJRA66_KcEEERKS0_NS_8LogLevelEbDpOT_
FNDA:0,_ZNK5sipai12SimpleLogger3logIJRA80_KcEEERKS0_NS_8LogLevelEbDpOT_
FNDA:5,_ZN5sipai12SimpleLogger8LOG_INFOIJRA18_KcEEERKS0_DpOT_
FNDA:0,_ZNK5sipai12SimpleLogger3logIJRA34_KcEEERKS0_NS_8LogLevelEbDpOT_
FNDA:1,_ZNK5sipai12SimpleLogger3logIJRA35_KcRNSt7__cxx1112basic_stringIcSt11char_traitsIcESaIcEEERA4_S2_EEERKS0_NS_8LogLevelEbDpOT_
FNDA:1,_ZNK5sipai12SimpleLogger4infoIJRA66_KcEEERKS0_DpOT_
FNDA:0,_ZN5sipai12SimpleLogger8LOG_INFOIJRA80_KcEEERKS0_DpOT_
FNDA:17,_ZNK5sipai12SimpleLogger4infoIJRA40_KcEEERKS0_DpOT_
FNDA:1,_ZN5sipai12SimpleLogger8LOG_INFOIJRA20_KcEEERKS0_DpOT_
FNDA:0,_ZNK5sipai12SimpleLogger4infoIJRA80_KcEEERKS0_DpOT_
FNDA:17,_ZN5sipai12SimpleLogger8LOG_INFOIJRA40_KcEEERKS0_DpOT_
FNDA:1,_ZN5sipai12SimpleLoggerC2Ev
FNDA:0,_ZNK5sipai12SimpleLogger5errorIJRA34_KcEEERKS0_DpOT_
FNDA:2,_ZN5sipai12SimpleLogger8LOG_INFOIJRA8_KcRiRA15_S2_fRA21_S2_fRA2_S2_EEERKS0_DpOT_
FNDA:2,_ZNK5sipai12SimpleLogger3logIJRA8_KcRiRA15_S2_RfRA21_S2_S8_RA2_S2_EEERKS0_NS_8LogLevelEbDpOT_
FNDA:5,_ZNK5sipai12SimpleLogger3logIJRA18_KcEEERKS0_NS_8LogLevelEbDpOT_
FNDA:1,_ZN5sipai12SimpleLogger8LOG_INFOIJRA66_KcEEERKS0_DpOT_
FNDA:4,_ZNK5sipai12SimpleLogger3logIJRA31_KcEEERKS0_NS_8LogLevelEbDpOT_
FNDA:1,_ZNK5sipai12SimpleLogger4infoIJRA20_KcEEERKS0_DpOT_
FNDA:0,_ZNK5sipai12SimpleLogger3logIJRA28_KcRiRA4_S2_RPS2_EEERKS0_NS_8LogLevelEbDpOT_
FNDA:5,_ZNK5sipai12SimpleLogger4infoIJRA18_KcEEERKS0_DpOT_
FNDA:4,_ZNK5sipai12SimpleLogger4infoIJRA17_KcEEERKS0_DpOT_
FNDA:0,_ZNK5sipai12SimpleLogger3logIJRA34_KcRPS2_EEERKS0_NS_8LogLevelEbDpOT_
FNDA:1,_ZNK5sipai12SimpleLogger3logIJRA20_KcEEERKS0_NS_8LogLevelEbDpOT_
FNDA:2,_ZNK5sipai12SimpleLogger3logIJRA31_KcRNSt7__cxx1112basic_stringIcSt11char_traitsIcESaIcEEERA4_S2_EEERKS0_NS_8LogLevelEbDpOT_
FNF:56
FNH:43
DA:32,46
DA:33,46
DA:34,46
DA:55,44
DA:57,44
DA:58,44
DA:59,44
DA:60,44
DA:61,0
DA:62,0
DA:63,0
DA:64,0
DA:65,0
DA:66,0
DA:67,0
DA:68,0
DA:69,0
DA:70,0
DA:71,0
DA:72,0
DA:75,44
DA:76,44
DA:77,44
DA:78,44
DA:79,44
DA:80,44
DA:83,0
DA:84,0
DA:85,0
DA:86,0
DA:87,0
DA:91,44
DA:180,44
DA:181,44
DA:196,0
DA:197,0
DA:212,0
DA:213,0
DA:264,1
DA:265,1
DA:266,1
DA:287,44
DA:288,44
DA:289,44
DA:290,88
DA:291,44
DA:315,0
DA:316,0
DA:317,0
DA:318,0
DA:319,0
DA:336,1
DA:341,44
DA:342,44
DA:343,44
DA:344,44
DA:345,44
DA:350,44
DA:352,44
DA:353,88
DA:354,44
LF:61
LH:35
end_of_record
TN:
SF:/home/runner/work/SIPAI/SIPAI/libs/libsipai/include/exception/FileReaderException.h
FN:13,_ZN5sipai19FileReaderExceptionC2ERKNSt7__cxx1112basic_stringIcSt11char_traitsIcESaIcEEE
FN:15,_ZNK5sipai19FileReaderException4whatEv
FNDA:1,_ZNK5sipai19FileReaderException4whatEv
FNDA:1,_ZN5sipai19FileReaderExceptionC2ERKNSt7__cxx1112basic_stringIcSt11char_traitsIcESaIcEEE
FNF:2
FNH:2
DA:13,1
DA:14,1
DA:15,1
LF:3
LH:3
end_of_record
TN:
SF:/home/runner/work/SIPAI/SIPAI/libs/libsipai/include/exception/ImageHelperException.h
FN:13,_ZN5sipai20ImageHelperExceptionC2ERKNSt7__cxx1112basic_stringIcSt11char_traitsIcESaIcEEE
FN:15,_ZNK5sipai20ImageHelperException4whatEv
FNDA:1,_ZN5sipai20ImageHelperExceptionC2ERKNSt7__cxx1112basic_stringIcSt11char_traitsIcESaIcEEE
FNDA:1,_ZNK5sipai20ImageHelperException4whatEv
FNF:2
FNH:2
DA:13,1
DA:14,1
DA:15,1
LF:3
LH:3
end_of_record
TN:
SF:/home/runner/work/SIPAI/SIPAI/libs/libsipai/include/exception/ImportExportException.h
FN:15,_ZN5sipai21ImportExportExceptionD0Ev
FN:15,_ZN5sipai21ImportExportExceptionD2Ev
FN:16,_ZN5sipai21ImportExportExceptionC2ERKNSt7__cxx1112basic_stringIcSt11char_traitsIcESaIcEEE
FN:18,_ZNK5sipai21ImportExportException4whatEv
FNDA:0,_ZN5sipai21ImportExportExceptionD0Ev
FNDA:2,_ZN5sipai21ImportExportExceptionD2Ev
FNDA:2,_ZNK5sipai21ImportExportException4whatEv
FNDA:2,_ZN5sipai21ImportExportExceptionC2ERKNSt7__cxx1112basic_stringIcSt11char_traitsIcESaIcEEE
FNF:4
FNH:3
DA:15,2
DA:16,2
DA:17,2
DA:18,2
LF:4
LH:4
end_of_record
TN:
SF:/home/runner/work/SIPAI/SIPAI/libs/libsipai/include/exception/ManagerException.h
FN:12,_ZN5sipai16ManagerExceptionC2ERKNSt7__cxx1112basic_stringIcSt11char_traitsIcESaIcEEE
FN:13,_ZNK5sipai16ManagerException4whatEv
FNDA:1,_ZN5sipai16ManagerExceptionC2ERKNSt7__cxx1112basic_stringIcSt11char_traitsIcESaIcEEE
FNDA:1,_ZNK5sipai16ManagerException4whatEv
FNF:2
FNH:2
DA:12,1
DA:13,1
LF:2
LH:2
end_of_record
TN:
SF:/home/runner/work/SIPAI/SIPAI/libs/libsipai/include/exception/NeuralNetworkException.h
FN:13,_ZN5sipai22NeuralNetworkExceptionC2ERKNSt7__cxx1112basic_stringIcSt11char_traitsIcESaIcEEE
FN:15,_ZNK5sipai22NeuralNetworkException4whatEv
FNDA:2,_ZN5sipai22NeuralNetworkExceptionC2ERKNSt7__cxx1112basic_stringIcSt11char_traitsIcESaIcEEE
FNDA:2,_ZNK5sipai22NeuralNetworkException4whatEv
FNF:2
FNH:2
DA:13,2
DA:14,2
DA:15,2
LF:3
LH:3
end_of_record
TN:
SF:/home/runner/work/SIPAI/SIPAI/libs/libsipai/src/ImageHelper.cpp
FN:7,_ZN5sipai11ImageHelper9loadImageERKNSt7__cxx1112basic_stringIcSt11char_traitsIcESaIcEEE
FN:16,_ZN5sipai11ImageHelper9saveImageERKNSt7__cxx1112basic_stringIcSt11char_traitsIcESaIcEEERN2cv3MatE
FN:24,_ZN5sipai11ImageHelper19convertToRGBAVectorERKN2cv3MatE
FN:36,_ZZN5sipai11ImageHelper19convertToRGBAVectorERKN2cv3MatEENKUlT_T0_T1_E_clIN6__pstl9execution2v116sequenced_policyENS1_17MatConstIterator_INS1_3VecIhLi4EEEEESH_EEDaS5_S6_S7_
FN:36,_ZZN5sipai11ImageHelper19convertToRGBAVectorERKN2cv3MatEENKUlT_T0_T1_E_clIN6__pstl9execution2v127parallel_unsequenced_policyENS1_17MatConstIterator_INS1_3VecIhLi4EEEEESH_EEDaS5_S6_S7_
FN:39,_ZZZN5sipai11ImageHelper19convertToRGBAVectorERKN2cv3MatEENKUlT_T0_T1_E_clIN6__pstl9execution2v127parallel_unsequenced_policyENS1_17MatConstIterator_INS1_3VecIhLi4EEEEESH_EEDaS5_S6_S7_ENKUlRKSG_E_clESJ_
FN:39,_ZZZN5sipai11ImageHelper19convertToRGBAVectorERKN2cv3MatEENKUlT_T0_T1_E_clIN6__pstl9execution2v116sequenced_policyENS1_17MatConstIterator_INS1_3VecIhLi4EEEEESH_EEDaS5_S6_S7_ENKUlRKSG_E_clESJ_
FN:56,_ZN5sipai11ImageHelper12convertToMatERKSt6vectorINS_4RGBAESaIS2_EEmm
FN:61,_ZZN5sipai11ImageHelper12convertToMatERKSt6vectorINS_4RGBAESaIS2_EEmmENKUlT_T0_E_clIN6__pstl9execution2v116sequenced_policyES4_EEDaS7_S8_
FN:61,_ZZN5sipai11ImageHelper12convertToMatERKSt6vectorINS_4RGBAESaIS2_EEmmENKUlT_T0_E_clIN6__pstl9execution2v127parallel_unsequenced_policyES4_EEDaS7_S8_
FN:63,_ZZZN5sipai11ImageHelper12convertToMatERKSt6vectorINS_4RGBAESaIS2_EEmmENKUlT_T0_E_clIN6__pstl9execution2v116sequenced_policyES4_EEDaS7_S8_ENKUlRKS2_E_clESG_
FN:63,_ZZZN5sipai11ImageHelper12convertToMatERKSt6vectorINS_4RGBAESaIS2_EEmmENKUlT_T0_E_clIN6__pstl9execution2v127parallel_unsequenced_policyES4_EEDaS7_S8_ENKUlRKS2_E_clESG_
FN:76,_ZN5sipai11ImageHelper11computeLossERKSt6vectorINS_4RGBAESaIS2_EES6_
FN:83,_ZZN5sipai11ImageHelper11computeLossERKSt6vectorINS_4RGBAESaIS2_EES6_ENKUlRKS2_S8_E_clES8_S8_
FNDA:47,_ZN5sipai11ImageHelper9loadImageERKNSt7__cxx1112basic_stringIcSt11char_traitsIcESaIcEEE
FNDA:0,_ZZZN5sipai11ImageHelper19convertToRGBAVectorERKN2cv3MatEENKUlT_T0_T1_E_clIN6__pstl9execution2v127parallel_unsequenced_policyENS1_17MatConstIterator_INS1_3VecIhLi4EEEEESH_EEDaS5_S6_S7_ENKUlRKSG_E_clESJ_
FNDA:1,_ZZN5sipai11ImageHelper12convertToMatERKSt6vectorINS_4RGBAESaIS2_EEmmENKUlT_T0_E_clIN6__pstl9execution2v116sequenced_policyES4_EEDaS7_S8_
FNDA:0,_ZZN5sipai11ImageHelper12convertToMatERKSt6vectorINS_4RGBAESaIS2_EEmmENKUlT_T0_E_clIN6__pstl9execution2v127parallel_unsequenced_policyES4_EEDaS7_S8_
FNDA:22,_ZN5sipai11ImageHelper11computeLossERKSt6vectorINS_4RGBAESaIS2_EES6_
FNDA:900,_ZZZN5sipai11ImageHelper12convertToMatERKSt6vectorINS_4RGBAESaIS2_EEmmENKUlT_T0_E_clIN6__pstl9execution2v116sequenced_policyES4_EEDaS7_S8_ENKUlRKS2_E_clESG_
FNDA:200,_ZZN5sipai11ImageHelper11computeLossERKSt6vectorINS_4RGBAESaIS2_EES6_ENKUlRKS2_S8_E_clES8_S8_
FNDA:25460,_ZZZN5sipai11ImageHelper19convertToRGBAVectorERKN2cv3MatEENKUlT_T0_T1_E_clIN6__pstl9execution2v116sequenced_policyENS1_17MatConstIterator_INS1_3VecIhLi4EEEEESH_EEDaS5_S6_S7_ENKUlRKSG_E_clESJ_
FNDA:44,_ZZN5sipai11ImageHelper19convertToRGBAVectorERKN2cv3MatEENKUlT_T0_T1_E_clIN6__pstl9execution2v116sequenced_policyENS1_17MatConstIterator_INS1_3VecIhLi4EEEEESH_EEDaS5_S6_S7_
FNDA:1,_ZN5sipai11ImageHelper12convertToMatERKSt6vectorINS_4RGBAESaIS2_EEmm
FNDA:44,_ZN5sipai11ImageHelper19convertToRGBAVectorERKN2cv3MatE
FNDA:0,_ZZZN5sipai11ImageHelper12convertToMatERKSt6vectorINS_4RGBAESaIS2_EEmmENKUlT_T0_E_clIN6__pstl9execution2v127parallel_unsequenced_policyES4_EEDaS7_S8_ENKUlRKS2_E_clESG_
FNDA:2,_ZN5sipai11ImageHelper9saveImageERKNSt7__cxx1112basic_stringIcSt11char_traitsIcESaIcEEERN2cv3MatE
FNDA:0,_ZZN5sipai11ImageHelper19convertToRGBAVectorERKN2cv3MatEENKUlT_T0_T1_E_clIN6__pstl9execution2v127parallel_unsequenced_policyENS1_17MatConstIterator_INS1_3VecIhLi4EEEEESH_EEDaS5_S6_S7_
FNF:14
FNH:10
DA:7,47
DA:8,47
DA:9,47
DA:10,0
DA:11,0
DA:13,47
DA:14,0
DA:16,2
DA:18,2
DA:19,0
DA:20,0
DA:21,0
DA:22,2
DA:24,44
DA:25,44
DA:26,44
DA:27,44
DA:28,44
DA:30,44
DA:31,44
DA:36,44
DA:37,44
DA:38,44
DA:39,25460
DA:40,25460
DA:42,88
DA:46,44
DA:47,0
DA:48,0
DA:50,44
DA:51,88
DA:53,88
DA:54,0
DA:56,1
DA:58,1
DA:59,1
DA:61,1
DA:62,1
DA:63,900
DA:64,2
DA:68,1
DA:69,0
DA:71,1
DA:73,2
DA:74,0
DA:76,22
DA:78,22
DA:79,0
DA:80,0
DA:83,200
DA:84,200
DA:87,22
DA:91,22
LF:53
LH:40
end_of_record
TN:
SF:/home/runner/work/SIPAI/SIPAI/libs/libsipai/src/Manager.cpp
FN:17,_ZN5sipai7Manager9loadImageERKNSt7__cxx1112basic_stringIcSt11char_traitsIcESaIcEEERmS9_mm
FN:34,_ZN5sipai7Manager9saveImageERKNSt7__cxx1112basic_stringIcSt11char_traitsIcESaIcEEERKSt6vectorINS_4RGBAESaISA_EEmm
FN:40,_ZN5sipai7Manager9saveImageERKNSt7__cxx1112basic_stringIcSt11char_traitsIcESaIcEEERKSt6vectorINS_4RGBAESaISA_EEmmmm
FN:49,_ZN5sipai7Manager21createOrImportNetworkEv
FN:62,_ZN5sipai7Manager13exportNetworkEv
FN:70,_ZN5sipai7Manager3runEv
FN:82,_ZN5sipai7Manager14runWithVisitorERKNS_13RunnerVisitorE
FN:90,_ZN5sipai7Manager16loadTrainingDataB5cxx11Ev
FN:94,_ZN5sipai7Manager9splitDataESt6vectorISt4pairINSt7__cxx1112basic_stringIcSt11char_traitsIcESaIcEEES8_ESaIS9_EEf
FNDA:1,_ZN5sipai7Manager9saveImageERKNSt7__cxx1112basic_stringIcSt11char_traitsIcESaIcEEERKSt6vectorINS_4RGBAESaISA_EEmmmm
FNDA:2,_ZN5sipai7Manager14runWithVisitorERKNS_13RunnerVisitorE
FNDA:5,_ZN5sipai7Manager21createOrImportNetworkEv
FNDA:43,_ZN5sipai7Manager9loadImageERKNSt7__cxx1112basic_stringIcSt11char_traitsIcESaIcEEERmS9_mm
FNDA:2,_ZN5sipai7Manager13exportNetworkEv
FNDA:2,_ZN5sipai7Manager9splitDataESt6vectorISt4pairINSt7__cxx1112basic_stringIcSt11char_traitsIcESaIcEEES8_ESaIS9_EEf
FNDA:1,_ZN5sipai7Manager9saveImageERKNSt7__cxx1112basic_stringIcSt11char_traitsIcESaIcEEERKSt6vectorINS_4RGBAESaISA_EEmm
FNDA:1,_ZN5sipai7Manager3runEv
FNDA:3,_ZN5sipai7Manager16loadTrainingDataB5cxx11Ev
FNF:9
FNH:9
DA:17,43
DA:21,43
DA:24,43
DA:25,43
DA:26,43
DA:29,43
DA:31,86
DA:32,43
DA:34,1
DA:37,1
DA:38,1
DA:40,1
DA:44,1
DA:45,1
DA:46,1
DA:47,1
DA:49,5
DA:50,5
DA:51,5
DA:52,5
DA:53,5
DA:54,5
DA:55,5
DA:56,5
DA:57,5
DA:58,5
DA:59,5
DA:60,5
DA:62,2
DA:63,2
DA:64,2
DA:65,2
DA:66,2
DA:68,2
DA:70,1
DA:71,1
DA:73,1
DA:74,1
DA:75,1
DA:76,1
DA:77,0
DA:78,0
DA:80,1
DA:82,2
DA:84,2
DA:87,2
DA:88,2
DA:90,3
DA:91,6
DA:94,2
DA:97,2
DA:98,2
DA:99,2
DA:102,2
DA:105,2
DA:106,2
DA:108,4
DA:109,2
LF:58
LH:56
end_of_record
TN:
SF:/home/runner/work/SIPAI/SIPAI/libs/libsipai/src/NetworkImportExportCSV.cpp
FN:18,_ZNK5sipai28NeuralNetworkImportExportCSV20importNeuronsWeightsERSt10unique_ptrINS_13NeuralNetworkESt14default_deleteIS2_EE
FN:21,_ZZNK5sipai28NeuralNetworkImportExportCSV20importNeuronsWeightsERSt10unique_ptrINS_13NeuralNetworkESt14default_deleteIS2_EEENKUlRKSt6vectorIN3Csv13CellReferenceESaIS9_EEE_clESD_
FN:33,_ZZNK5sipai28NeuralNetworkImportExportCSV20importNeuronsWeightsERSt10unique_ptrINS_13NeuralNetworkESt14default_deleteIS2_EEENKUlRKSt6vectorIN3Csv13CellReferenceESaIS9_EEE0_clESD_
FN:48,_ZZNK5sipai28NeuralNetworkImportExportCSV20importNeuronsWeightsERSt10unique_ptrINS_13NeuralNetworkESt14default_deleteIS2_EEENKUlRSt6vectorINS_4RGBAESaIS8_EERKS7_IN3Csv13CellReferenceESaISD_EEE1_clESB_SH_
FN:121,_ZZNK5sipai28NeuralNetworkImportExportCSV20importNeuronsWeightsERSt10unique_ptrINS_13NeuralNetworkESt14default_deleteIS2_EEENKUlRNS_16NeuronConnectionERKNS_4RGBAEE2_clES8_SB_
FN:135,_ZNK5sipai28NeuralNetworkImportExportCSV20exportNeuronsWeightsEv
FNDA:2,_ZNK5sipai28NeuralNetworkImportExportCSV20exportNeuronsWeightsEv
FNDA:114,_ZZNK5sipai28NeuralNetworkImportExportCSV20importNeuronsWeightsERSt10unique_ptrINS_13NeuralNetworkESt14default_deleteIS2_EEENKUlRKSt6vectorIN3Csv13CellReferenceESaIS9_EEE_clESD_
FNDA:0,_ZZNK5sipai28NeuralNetworkImportExportCSV20importNeuronsWeightsERSt10unique_ptrINS_13NeuralNetworkESt14default_deleteIS2_EEENKUlRNS_16NeuronConnectionERKNS_4RGBAEE2_clES8_SB_
FNDA:1055,_ZZNK5sipai28NeuralNetworkImportExportCSV20importNeuronsWeightsERSt10unique_ptrINS_13NeuralNetworkESt14default_deleteIS2_EEENKUlRSt6vectorINS_4RGBAESaIS8_EERKS7_IN3Csv13CellReferenceESaISD_EEE1_clESB_SH_
FNDA:1055,_ZZNK5sipai28NeuralNetworkImportExportCSV20importNeuronsWeightsERSt10unique_ptrINS_13NeuralNetworkESt14default_deleteIS2_EEENKUlRKSt6vectorIN3Csv13CellReferenceESaIS9_EEE0_clESD_
FNDA:1,_ZNK5sipai28NeuralNetworkImportExportCSV20importNeuronsWeightsERSt10unique_ptrINS_13NeuralNetworkESt14default_deleteIS2_EE
FNF:6
FNH:5
DA:18,1
DA:21,114
DA:23,114
DA:24,114
DA:25,95
DA:27,19
DA:33,1055
DA:34,1055
DA:35,1551
DA:36,1551
DA:37,1551
DA:38,496
DA:40,1055
DA:43,0
DA:48,1055
DA:49,1055
DA:50,1055
DA:51,1055
DA:52,0
DA:54,1055
DA:57,1
DA:58,1
DA:59,1
DA:60,1
DA:61,0
DA:65,1
DA:66,1
DA:67,1
DA:68,1
DA:69,40
DA:70,39
DA:71,39
DA:72,1
DA:73,1
DA:75,38
DA:78,38
DA:79,38
DA:80,0
DA:81,0
DA:82,0
DA:83,0
DA:84,0
DA:86,38
DA:87,0
DA:88,0
DA:89,0
DA:91,38
DA:92,0
DA:96,38
DA:97,38
DA:98,38
DA:99,38
DA:101,38
DA:102,38
DA:103,38
DA:104,38
DA:106,19
DA:107,19
DA:108,19
DA:109,19
DA:111,0
DA:112,0
DA:113,0
DA:114,0
DA:115,0
DA:116,0
DA:117,0
DA:119,0
DA:121,0
DA:122,0
DA:123,0
DA:127,38
DA:128,0
DA:129,0
DA:130,38
DA:132,1
DA:133,1
DA:135,2
DA:137,2
DA:138,2
DA:139,2
DA:142,2
DA:143,2
DA:144,8
DA:145,44
DA:146,38
DA:147,4
DA:153,2
DA:154,14
DA:155,12
DA:156,12
DA:158,2
DA:161,8
DA:163,6
DA:164,44
DA:166,38
DA:170,38
DA:172,266
DA:173,228
DA:174,156
DA:178,72
DA:181,38
DA:185,38
DA:186,38
DA:187,266
DA:188,228
DA:189,92
DA:193,136
DA:196,38
DA:200,2
DA:201,2
LF:111
LH:86
end_of_record
TN:
SF:/home/runner/work/SIPAI/SIPAI/libs/libsipai/src/NetworkImportExportFacade.cpp
FN:10,_ZN5sipai31NeuralNetworkImportExportFacade11importModelERKNS_9AppParamsERNS_19NeuralNetworkParamsE
FN:20,_ZN5sipai31NeuralNetworkImportExportFacade13importWeightsERSt10unique_ptrINS_13NeuralNetworkESt14default_deleteIS2_EE
FN:29,_ZNK5sipai31NeuralNetworkImportExportFacade11exportModelEv
FNDA:2,_ZNK5sipai31NeuralNetworkImportExportFacade11exportModelEv
FNDA:1,_ZN5sipai31NeuralNetworkImportExportFacade11importModelERKNS_9AppParamsERNS_19NeuralNetworkParamsE
FNDA:1,_ZN5sipai31NeuralNetworkImportExportFacade13importWeightsERSt10unique_ptrINS_13NeuralNetworkESt14default_deleteIS2_EE
FNF:3
FNH:3
DA:10,1
DA:13,1
DA:14,2
DA:15,1
DA:16,0
DA:17,0
DA:20,1
DA:23,1
DA:24,0
DA:25,0
DA:26,0
DA:27,1
DA:29,2
DA:31,2
DA:32,2
DA:33,0
DA:34,0
DA:35,0
DA:36,2
LF:19
LH:11
end_of_record
TN:
SF:/home/runner/work/SIPAI/SIPAI/libs/libsipai/src/NetworkImportExportJSON.cpp
FN:17,_ZN5sipai29NeuralNetworkImportExportJSON11importModelERKNS_9AppParamsERNS_19NeuralNetworkParamsE
FN:116,_ZNK5sipai29NeuralNetworkImportExportJSON11exportModelEv
FNDA:1,_ZN5sipai29NeuralNetworkImportExportJSON11importModelERKNS_9AppParamsERNS_19NeuralNetworkParamsE
FNDA:2,_ZNK5sipai29NeuralNetworkImportExportJSON11exportModelEv
FNF:2
FNH:2
DA:17,1
DA:20,1
DA:22,1
DA:23,0
DA:26,1
DA:27,1
DA:28,1
DA:29,1
DA:31,1
DA:32,1
DA:34,1
DA:35,0
DA:38,1
DA:39,0
DA:40,0
DA:42,1
DA:45,1
DA:46,1
DA:48,1
DA:49,1
DA:50,0
DA:51,0
DA:52,0
DA:53,1
DA:56,1
DA:57,1
DA:58,1
DA:59,1
DA:60,1
DA:61,1
DA:62,1
DA:63,1
DA:64,1
DA:65,1
DA:66,1
DA:67,1
DA:68,1
DA:69,1
DA:70,1
DA:71,1
DA:73,4
DA:75,3
DA:76,3
DA:79,3
DA:80,3
DA:81,1
DA:82,1
DA:83,1
DA:84,1
DA:85,1
DA:86,1
DA:87,1
DA:88,1
DA:89,1
DA:90,0
DA:91,0
DA:93,3
DA:94,3
DA:97,3
DA:100,3
DA:101,3
DA:103,1
DA:104,0
DA:107,1
DA:108,0
DA:110,2
DA:111,1
DA:112,0
DA:113,0
DA:114,1
DA:116,2
DA:118,2
DA:119,2
DA:120,2
DA:121,2
DA:124,2
DA:127,8
DA:128,6
DA:129,6
DA:130,6
DA:131,78
DA:132,6
DA:133,6
DA:136,2
DA:137,2
DA:138,2
DA:139,4
DA:140,2
DA:141,4
DA:142,2
DA:143,4
DA:144,2
DA:145,4
DA:146,2
DA:147,4
DA:148,2
DA:149,4
DA:150,2
DA:151,4
DA:152,2
DA:153,4
DA:154,2
DA:155,4
DA:156,2
DA:157,4
DA:161,2
DA:162,2
DA:163,2
DA:164,68
LF:109
LH:96
end_of_record
TN:
SF:/home/runner/work/SIPAI/SIPAI/libs/libsipai/src/NeuralNetwork.cpp
FN:11,_ZN5sipai13NeuralNetwork18forwardPropagationERKSt6vectorINS_4RGBAESaIS2_EEb
FN:26,_ZN5sipai13NeuralNetwork19backwardPropagationERKSt6vectorINS_4RGBAESaIS2_EEb
FN:37,_ZN5sipai13NeuralNetwork13updateWeightsEfb
FNDA:16,_ZN5sipai13NeuralNetwork19backwardPropagationERKSt6vectorINS_4RGBAESaIS2_EEb
FNDA:16,_ZN5sipai13NeuralNetwork13updateWeightsEfb
FNDA:20,_ZN5sipai13NeuralNetwork18forwardPropagationERKSt6vectorINS_4RGBAESaIS2_EEb
FNF:3
FNH:3
DA:11,20
DA:13,20
DA:14,0
DA:16,20
DA:17,0
DA:19,20
DA:20,80
DA:21,60
DA:23,20
DA:26,16
DA:28,16
DA:29,0
DA:31,16
DA:32,64
DA:33,48
DA:35,16
DA:37,16
DA:38,64
DA:39,48
DA:41,16
LF:20
LH:17
end_of_record
TN:
SF:/home/runner/work/SIPAI/SIPAI/libs/libsipai/src/NeuralNetworkBuilder.cpp
FN:17,_ZN5sipai20NeuralNetworkBuilderC2Ev
FN:21,_ZN5sipai20NeuralNetworkBuilderC2ERNS_9AppParamsERNS_19NeuralNetworkParamsE
FN:25,_ZN5sipai20NeuralNetworkBuilder14createOrImportEv
FN:42,_ZN5sipai20NeuralNetworkBuilder9addLayersEv
FN:77,_ZN5sipai20NeuralNetworkBuilder12addNeighborsEv
FN:119,_ZN5sipai20NeuralNetworkBuilder10bindLayersEv
FN:138,_ZN5sipai20NeuralNetworkBuilder17initializeWeightsEv
FN:165,_ZN5sipai20NeuralNetworkBuilder21setActivationFunctionEv
FN:195,_ZZN5sipai20NeuralNetworkBuilder21setActivationFunctionEvENKUlT_E_clINS_4RGBAEEEDaS1_
FN:196,_ZZN5sipai20NeuralNetworkBuilder21setActivationFunctionEvENKUlT_E0_clINS_4RGBAEEEDaS1_
FN:205,_ZZN5sipai20NeuralNetworkBuilder21setActivationFunctionEvENKUlT_E1_clINS_4RGBAEEEDaS1_
FN:208,_ZZN5sipai20NeuralNetworkBuilder21setActivationFunctionEvENKUlT_E2_clINS_4RGBAEEEDaS1_
FN:229,_ZN5sipai20NeuralNetworkBuilder5buildEv
FNDA:6,_ZZN5sipai20NeuralNetworkBuilder21setActivationFunctionEvENKUlT_E_clINS_4RGBAEEEDaS1_
FNDA:6,_ZN5sipai20NeuralNetworkBuilderC2Ev
FNDA:5,_ZN5sipai20NeuralNetworkBuilder17initializeWeightsEv
FNDA:5,_ZN5sipai20NeuralNetworkBuilder10bindLayersEv
FNDA:4,_ZZN5sipai20NeuralNetworkBuilder21setActivationFunctionEvENKUlT_E1_clINS_4RGBAEEEDaS1_
FNDA:5,_ZN5sipai20NeuralNetworkBuilder14createOrImportEv
FNDA:5,_ZN5sipai20NeuralNetworkBuilder5buildEv
FNDA:0,_ZN5sipai20NeuralNetworkBuilderC2ERNS_9AppParamsERNS_19NeuralNetworkParamsE
FNDA:4,_ZZN5sipai20NeuralNetworkBuilder21setActivationFunctionEvENKUlT_E2_clINS_4RGBAEEEDaS1_
FNDA:12,_ZN5sipai20NeuralNetworkBuilder21setActivationFunctionEv
FNDA:5,_ZN5sipai20NeuralNetworkBuilder9addLayersEv
FNDA:5,_ZN5sipai20NeuralNetworkBuilder12addNeighborsEv
FNDA:4,_ZZN5sipai20NeuralNetworkBuilder21setActivationFunctionEvENKUlT_E0_clINS_4RGBAEEEDaS1_
FNF:13
FNH:12
DA:17,6
DA:18,6
DA:19,12
DA:21,0
DA:22,0
DA:23,0
DA:25,5
DA:26,7
DA:27,7
DA:28,1
DA:29,1
DA:30,1
DA:32,1
DA:33,1
DA:34,1
DA:35,4
DA:36,4
DA:37,4
DA:39,5
DA:42,5
DA:43,5
DA:44,1
DA:47,4
DA:48,4
DA:49,0
DA:51,4
DA:52,0
DA:56,4
DA:57,4
DA:58,4
DA:59,4
DA:62,9
DA:63,5
DA:64,5
DA:65,5
DA:66,5
DA:70,4
DA:71,4
DA:72,4
DA:73,4
DA:74,4
DA:77,5
DA:78,5
DA:79,5
DA:80,0
DA:82,5
DA:83,0
DA:89,5
DA:91,21
DA:92,1013
DA:93,997
DA:95,997
DA:96,997
DA:101,997
DA:102,4985
DA:103,3988
DA:104,3988
DA:105,3988
DA:106,3787
DA:107,3716
DA:108,3716
DA:109,3716
DA:110,3716
DA:116,5
DA:117,5
DA:119,5
DA:120,5
DA:121,5
DA:122,0
DA:124,5
DA:125,0
DA:127,21
DA:128,16
DA:129,11
DA:131,16
DA:132,11
DA:135,5
DA:138,5
DA:139,5
DA:140,1
DA:141,1
DA:142,1
DA:144,1
DA:145,1
DA:146,1
DA:148,4
DA:149,4
DA:150,0
DA:152,4
DA:153,0
DA:155,17
DA:156,13
DA:157,75
DA:158,66
DA:162,4
DA:165,12
DA:166,12
DA:167,12
DA:168,0
DA:170,12
DA:171,0
DA:174,12
DA:175,34
DA:177,23
DA:178,5
DA:179,5
DA:180,13
DA:181,13
DA:182,13
DA:183,13
DA:184,5
DA:185,5
DA:186,5
DA:187,5
DA:188,0
DA:189,0
DA:192,18
DA:193,1
DA:194,1
DA:195,8
DA:196,1
DA:197,4
DA:199,1
DA:200,12
DA:201,12
DA:202,12
DA:203,1
DA:204,1
DA:205,2
DA:206,4
DA:208,1
DA:209,4
DA:211,1
DA:212,1
DA:213,1
DA:214,1
DA:215,1
DA:216,1
DA:217,1
DA:218,1
DA:219,1
DA:220,1
DA:221,1
DA:222,1
DA:226,11
DA:229,5
DA:230,5
LF:147
LH:132
end_of_record
TN:
SF:/home/runner/work/SIPAI/SIPAI/libs/libsipai/src/TrainingDataFileReaderCSV.cpp
FN:12,_ZN5sipai25TrainingDataFileReaderCSV15getTrainingDataB5cxx11Ev
FNDA:3,_ZN5sipai25TrainingDataFileReaderCSV15getTrainingDataB5cxx11Ev
FNF:1
FNH:1
DA:12,3
DA:14,3
DA:15,3
DA:16,0
DA:21,3
DA:22,3
DA:23,0
DA:26,3
DA:27,3
DA:28,3
DA:29,3
DA:30,3
DA:31,36
DA:33,33
DA:34,3
DA:36,30
DA:37,30
DA:38,30
DA:39,0
DA:40,0
DA:42,30
DA:43,30
DA:44,30
DA:45,30
DA:46,30
DA:47,30
DA:48,0
DA:49,0
DA:50,0
DA:56,6
DA:57,3
LF:31
LH:24
end_of_record
TN:
SF:/home/runner/work/SIPAI/SIPAI/libs/libsipai/src/TrainingMonitoredVisitor.cpp
FN:12,_Z13signalHandleri
FN:21,_ZNK5sipai24TrainingMonitoredVisitor5visitEv
FN:78,_ZNK5sipai24TrainingMonitoredVisitor12trainOnEpochERKSt6vectorISt4pairINSt7__cxx1112basic_stringIcSt11char_traitsIcESaIcEEES8_ESaIS9_EE
FN:108,_ZNK5sipai24TrainingMonitoredVisitor23evaluateOnValidationSetERKSt6vectorISt4pairINSt7__cxx1112basic_stringIcSt11char_traitsIcESaIcEEES8_ESaIS9_EE
FN:133,_ZNK5sipai24TrainingMonitoredVisitor22shouldContinueTrainingEiiRKNS_9AppParamsE
FN:143,_ZNK5sipai24TrainingMonitoredVisitor19logTrainingProgressEiff
FN:151,_ZNK5sipai24TrainingMonitoredVisitor11saveNetworkERb
FNDA:3,_ZNK5sipai24TrainingMonitoredVisitor22shouldContinueTrainingEiiRKNS_9AppParamsE
FNDA:1,_ZNK5sipai24TrainingMonitoredVisitor5visitEv
FNDA:2,_ZNK5sipai24TrainingMonitoredVisitor19logTrainingProgressEiff
FNDA:2,_ZNK5sipai24TrainingMonitoredVisitor12trainOnEpochERKSt6vectorISt4pairINSt7__cxx1112basic_stringIcSt11char_traitsIcESaIcEEES8_ESaIS9_EE
FNDA:2,_ZNK5sipai24TrainingMonitoredVisitor23evaluateOnValidationSetERKSt6vectorISt4pairINSt7__cxx1112basic_stringIcSt11char_traitsIcESaIcEEES8_ESaIS9_EE
FNDA:1,_ZNK5sipai24TrainingMonitoredVisitor11saveNetworkERb
FNDA:0,_Z13signalHandleri
FNF:7
FNH:6
DA:12,0
DA:13,0
DA:14,0
DA:17,0
DA:19,0
DA:21,1
DA:22,1
DA:24,1
DA:25,1
DA:26,1
DA:27,1
DA:30,1
DA:31,1
DA:32,0
DA:33,0
DA:37,1
DA:38,1
DA:41,1
DA:44,1
DA:46,1
DA:47,1
DA:48,1
DA:49,1
DA:50,6
DA:51,3
DA:52,2
DA:53,2
DA:55,2
DA:57,2
DA:58,2
DA:59,2
DA:61,0
DA:64,2
DA:65,2
DA:66,2
DA:67,0
DA:71,1
DA:72,1
DA:73,1
DA:74,1
DA:75,1
DA:76,1
DA:78,2
DA:80,2
DA:82,2
DA:83,18
DA:90,16
DA:93,16
DA:96,16
DA:97,16
DA:99,16
DA:100,16
DA:101,16
DA:102,16
DA:103,16
DA:104,2
DA:105,2
DA:108,2
DA:110,2
DA:112,2
DA:113,6
DA:120,4
DA:123,4
DA:126,4
DA:127,4
DA:128,4
DA:129,2
DA:130,2
DA:133,3
DA:135,3
DA:136,3
DA:137,3
DA:138,3
DA:140,3
DA:143,2
DA:146,2
DA:147,0
DA:148,2
DA:149,2
DA:151,1
DA:153,1
DA:154,1
DA:155,1
DA:157,0
DA:158,0
DA:159,0
DA:160,1
LF:87
LH:74
end_of_record
