TN:
SF:/home/runner/work/SIPAI/SIPAI/libs/libsipai/include/ActivationFunctions.h
FN:40,_ZNK5sipai7sigmoidMUlT_E_clIfEEDaS0_
FN:41,_ZNK5sipai17sigmoidDerivativeMUlT_E_clIfEEDaS0_
FN:51,_ZNK5sipai8tanhFuncMUlT_E_clIfEEDaS0_
FN:52,_ZNK5sipai14tanhDerivativeMUlT_E_clIfEEDaS0_
FN:65,_ZNK5sipai4reluMUlT_E_clIfEEDaS0_
FN:66,_ZNK5sipai14reluDerivativeMUlT_E_clIfEEDaS0_
FN:73,_ZNK5sipai9leakyReluMUlT_E_clIfEEDaS0_
FN:74,_ZNK5sipai19leakyReluDerivativeMUlT_E_clIfEEDaS0_
FN:82,_ZNK5sipai14parametricReluMUlT_T0_E_clIffEEDaS0_S1_
FN:85,_ZNK5sipai24parametricReluDerivativeMUlT_T0_E_clIffEEDaS0_S1_
FN:97,_ZNK5sipai3eluMUlT_T0_E_clIffEEDaS0_S1_
FN:100,_ZNK5sipai13eluDerivativeMUlT_T0_E_clIffEEDaS0_S1_
FNDA:0,_ZNK5sipai14tanhDerivativeMUlT_E_clIfEEDaS0_
FNDA:0,_ZNK5sipai14reluDerivativeMUlT_E_clIfEEDaS0_
FNDA:0,_ZNK5sipai3eluMUlT_T0_E_clIffEEDaS0_S1_
FNDA:0,_ZNK5sipai7sigmoidMUlT_E_clIfEEDaS0_
FNDA:0,_ZNK5sipai19leakyReluDerivativeMUlT_E_clIfEEDaS0_
FNDA:0,_ZNK5sipai17sigmoidDerivativeMUlT_E_clIfEEDaS0_
FNDA:0,_ZNK5sipai14parametricReluMUlT_T0_E_clIffEEDaS0_S1_
FNDA:0,_ZNK5sipai9leakyReluMUlT_E_clIfEEDaS0_
FNDA:0,_ZNK5sipai24parametricReluDerivativeMUlT_T0_E_clIffEEDaS0_S1_
FNDA:0,_ZNK5sipai13eluDerivativeMUlT_T0_E_clIffEEDaS0_S1_
FNDA:0,_ZNK5sipai4reluMUlT_E_clIfEEDaS0_
FNDA:0,_ZNK5sipai8tanhFuncMUlT_E_clIfEEDaS0_
FNF:12
FNH:0
DA:40,0
DA:41,0
DA:42,0
DA:43,0
DA:51,0
DA:52,0
DA:53,0
DA:54,0
DA:65,0
DA:66,0
DA:73,0
DA:74,0
DA:82,0
DA:83,0
DA:85,0
DA:86,0
DA:97,0
DA:98,0
DA:100,0
DA:101,0
LF:20
LH:0
end_of_record
TN:
SF:/home/runner/work/SIPAI/SIPAI/libs/libsipai/include/Connexion.h
FN:20,_ZN5sipai10ConnectionC2EPNS_6NeuronENS_4RGBAE
FNDA:60,_ZN5sipai10ConnectionC2EPNS_6NeuronENS_4RGBAE
FNF:1
FNH:1
DA:20,60
LF:1
LH:1
end_of_record
TN:
SF:/home/runner/work/SIPAI/SIPAI/libs/libsipai/include/HiddenLayer.h
FN:23,_ZN5sipai11HiddenLayerC2Ev
FN:25,_ZN5sipai11HiddenLayer18forwardPropagationEv
FN:46,_ZN5sipai11HiddenLayer19backwardPropagationEv
FN:70,_ZN5sipai11HiddenLayer13updateWeightsEf
FNDA:2,_ZN5sipai11HiddenLayerC2Ev
FNDA:0,_ZN5sipai11HiddenLayer18forwardPropagationEv
FNDA:0,_ZN5sipai11HiddenLayer19backwardPropagationEv
FNDA:0,_ZN5sipai11HiddenLayer13updateWeightsEf
FNF:4
FNH:1
DA:23,2
DA:25,0
DA:26,0
DA:27,0
DA:30,0
DA:31,0
DA:32,0
DA:33,0
DA:36,0
DA:37,0
DA:40,0
DA:41,0
DA:46,0
DA:47,0
DA:48,0
DA:52,0
DA:53,0
DA:54,0
DA:55,0
DA:58,0
DA:59,0
DA:63,0
DA:64,0
DA:65,0
DA:70,0
DA:71,0
DA:72,0
DA:74,0
DA:75,0
DA:76,0
DA:77,0
DA:80,0
DA:81,0
DA:82,0
LF:34
LH:1
end_of_record
TN:
SF:/home/runner/work/SIPAI/SIPAI/libs/libsipai/include/ImageImport.h
FN:21,_ZN5sipai11ImageImport11importImageERKNSt7__cxx1112basic_stringIcSt11char_traitsIcESaIcEEE
FN:30,_ZN5sipai11ImageImport19convertToRGBAVectorERKN2cv3MatE
FN:39,_ZZN5sipai11ImageImport19convertToRGBAVectorERKN2cv3MatEENKUlRKNS1_3VecIhLi4EEEE_clES8_
FNDA:1,_ZN5sipai11ImageImport11importImageERKNSt7__cxx1112basic_stringIcSt11char_traitsIcESaIcEEE
FNDA:1,_ZN5sipai11ImageImport19convertToRGBAVectorERKN2cv3MatE
FNDA:16384,_ZZN5sipai11ImageImport19convertToRGBAVectorERKN2cv3MatEENKUlRKNS1_3VecIhLi4EEEE_clES8_
FNF:3
FNH:3
DA:21,1
DA:22,1
DA:23,1
DA:24,0
DA:25,0
DA:27,1
DA:28,0
DA:30,1
DA:31,1
DA:32,1
DA:33,1
DA:34,1
DA:36,1
DA:39,32768
DA:40,16384
DA:41,16384
DA:42,1
DA:47,1
DA:48,2
DA:49,1
DA:51,2
DA:52,0
LF:22
LH:18
end_of_record
TN:
SF:/home/runner/work/SIPAI/SIPAI/libs/libsipai/include/InputLayer.h
FN:22,_ZN5sipai10InputLayerC2Ev
FN:24,_ZN5sipai10InputLayer18forwardPropagationEv
FN:28,_ZN5sipai10InputLayer19backwardPropagationEv
FN:32,_ZN5sipai10InputLayer13updateWeightsEf
FN:36,_ZN5sipai10InputLayer14setInputValuesERKSt6vectorINS_4RGBAESaIS2_EE
FNDA:0,_ZN5sipai10InputLayer19backwardPropagationEv
FNDA:0,_ZN5sipai10InputLayer18forwardPropagationEv
FNDA:1,_ZN5sipai10InputLayerC2Ev
FNDA:0,_ZN5sipai10InputLayer13updateWeightsEf
FNDA:0,_ZN5sipai10InputLayer14setInputValuesERKSt6vectorINS_4RGBAESaIS2_EE
FNF:5
FNH:1
DA:22,1
DA:24,0
DA:26,0
DA:28,0
DA:30,0
DA:32,0
DA:34,0
DA:36,0
DA:37,0
DA:38,0
DA:40,0
DA:41,0
DA:43,0
LF:13
LH:1
end_of_record
TN:
SF:/home/runner/work/SIPAI/SIPAI/libs/libsipai/include/Layer.h
FN:29,_ZN5sipai5LayerC2ENS_9LayerTypeE
FN:39,_ZN5sipai5LayerD2Ev
FN:39,_ZN5sipai5LayerD0Ev
FN:61,_ZNK5sipai5Layer15getLayerTypeStrB5cxx11Ev
FN:70,_ZN5sipai5Layer21setActivationFunctionERKSt8functionIFffEES5_
FNDA:4,_ZN5sipai5LayerD2Ev
FNDA:0,_ZNK5sipai5Layer15getLayerTypeStrB5cxx11Ev
FNDA:3,_ZN5sipai5Layer21setActivationFunctionERKSt8functionIFffEES5_
FNDA:4,_ZN5sipai5LayerC2ENS_9LayerTypeE
FNDA:0,_ZN5sipai5LayerD0Ev
FNF:5
FNH:3
DA:29,4
DA:39,4
DA:61,0
DA:62,0
DA:63,0
DA:64,0
DA:67,0
DA:70,3
DA:72,24
DA:73,21
DA:74,21
DA:76,3
LF:12
LH:7
end_of_record
TN:
SF:/home/runner/work/SIPAI/SIPAI/libs/libsipai/include/Manager.h
FN:23,_ZN5sipai7Manager11getInstanceEv
FN:145,_ZN5sipai7ManagerC2Ev
FNDA:1,_ZN5sipai7ManagerC2Ev
FNDA:6,_ZN5sipai7Manager11getInstanceEv
FNF:2
FNH:2
DA:23,6
DA:24,6
DA:25,6
DA:145,1
LF:4
LH:4
end_of_record
TN:
SF:/home/runner/work/SIPAI/SIPAI/libs/libsipai/include/NeuralNetwork.h
FN:24,_ZN5sipai13NeuralNetworkC2Ev
FN:32,_ZN5sipai13NeuralNetworkD2Ev
FNDA:1,_ZN5sipai13NeuralNetworkC2Ev
FNDA:1,_ZN5sipai13NeuralNetworkD2Ev
FNF:2
FNH:2
DA:24,1
DA:32,1
DA:33,5
DA:34,4
DA:36,1
LF:5
LH:5
end_of_record
TN:
SF:/home/runner/work/SIPAI/SIPAI/libs/libsipai/include/NeuralNetworkImportExport.h
FN:17,_ZN5sipai25NeuralNetworkImportExportD2Ev
FN:17,_ZN5sipai25NeuralNetworkImportExportD0Ev
FNDA:0,_ZN5sipai25NeuralNetworkImportExportD0Ev
FNDA:0,_ZN5sipai25NeuralNetworkImportExportD2Ev
FNF:2
FNH:0
DA:17,0
LF:1
LH:0
end_of_record
TN:
SF:/home/runner/work/SIPAI/SIPAI/libs/libsipai/include/Neuron.h
FN:29,_ZN5sipai6NeuronC2Ev
FN:55,_ZN5sipai6Neuron11initWeightsEm
FN:63,_ZZN5sipai6Neuron11initWeightsEmENKUlRfE_clES1_
FNDA:456,_ZZN5sipai6Neuron11initWeightsEmENKUlRfE_clES1_
FNDA:25,_ZN5sipai6NeuronC2Ev
FNDA:21,_ZN5sipai6Neuron11initWeightsEm
FNF:3
FNH:3
DA:29,25
DA:55,21
DA:56,21
DA:59,21
DA:60,135
DA:61,114
DA:62,114
DA:63,114
DA:64,456
DA:65,456
DA:66,456
DA:68,21
LF:12
LH:12
end_of_record
TN:
SF:/home/runner/work/SIPAI/SIPAI/libs/libsipai/include/OutputLayer.h
FN:27,_ZN5sipai11OutputLayerC2Ev
FN:29,_ZN5sipai11OutputLayer18forwardPropagationEv
FN:50,_ZN5sipai11OutputLayer19backwardPropagationEv
FN:54,_ZN5sipai11OutputLayer13updateWeightsEf
FN:72,_ZN5sipai11OutputLayer13computeErrorsERKSt6vectorINS_4RGBAESaIS2_EE
FN:98,_ZN5sipai11OutputLayer15getOutputValuesEv
FN:99,_ZZN5sipai11OutputLayer15getOutputValuesEvENKUlRKNS_6NeuronEE_clES3_
FNDA:0,_ZZN5sipai11OutputLayer15getOutputValuesEvENKUlRKNS_6NeuronEE_clES3_
FNDA:1,_ZN5sipai11OutputLayerC2Ev
FNDA:0,_ZN5sipai11OutputLayer19backwardPropagationEv
FNDA:0,_ZN5sipai11OutputLayer13updateWeightsEf
FNDA:0,_ZN5sipai11OutputLayer15getOutputValuesEv
FNDA:0,_ZN5sipai11OutputLayer18forwardPropagationEv
FNDA:0,_ZN5sipai11OutputLayer13computeErrorsERKSt6vectorINS_4RGBAESaIS2_EE
FNF:7
FNH:1
DA:27,1
DA:29,0
DA:30,0
DA:31,0
DA:34,0
DA:35,0
DA:36,0
DA:37,0
DA:40,0
DA:41,0
DA:44,0
DA:45,0
DA:50,0
DA:52,0
DA:54,0
DA:55,0
DA:56,0
DA:58,0
DA:60,0
DA:61,0
DA:62,0
DA:65,0
DA:66,0
DA:67,0
DA:72,0
DA:73,0
DA:74,0
DA:76,0
DA:77,0
DA:79,0
DA:80,0
DA:81,0
DA:82,0
DA:83,0
DA:85,0
DA:86,0
DA:87,0
DA:93,0
DA:94,0
DA:96,0
DA:98,0
DA:99,0
DA:100,0
DA:101,0
LF:44
LH:1
end_of_record
TN:
SF:/home/runner/work/SIPAI/SIPAI/libs/libsipai/include/RGBA.h
FN:21,_ZNK5sipai4RGBA11toStringCsvB5cxx11Ev
FN:32,_ZNK5sipai4RGBA15applyToElementsISt10multipliesIvEEEDaT_RKS0_
FN:32,_ZNK5sipai4RGBA15applyToElementsISt5minusIvEEEDaT_RKS0_
FN:39,_ZN5sipai4RGBApLERKS0_
FN:45,_ZN5sipai4RGBAmIERKS0_
FN:51,_ZNK5sipai4RGBAmlERKS0_
FN:59,_ZNK5sipai4RGBAmiERKS0_
FN:63,_ZN5sipaimlEfRKNS_4RGBAE
FN:66,_ZZN5sipaimlEfRKNS_4RGBAEENKUlfE_clEf
FNDA:0,_ZZN5sipaimlEfRKNS_4RGBAEENKUlfE_clEf
FNDA:0,_ZNK5sipai4RGBA15applyToElementsISt10multipliesIvEEEDaT_RKS0_
FNDA:0,_ZNK5sipai4RGBAmiERKS0_
FNDA:0,_ZN5sipai4RGBAmIERKS0_
FNDA:0,_ZN5sipaimlEfRKNS_4RGBAE
FNDA:0,_ZNK5sipai4RGBA11toStringCsvB5cxx11Ev
FNDA:0,_ZN5sipai4RGBApLERKS0_
FNDA:0,_ZNK5sipai4RGBAmlERKS0_
FNDA:0,_ZNK5sipai4RGBA15applyToElementsISt5minusIvEEEDaT_RKS0_
FNF:9
FNH:0
DA:21,0
DA:22,0
DA:23,0
DA:24,0
DA:25,0
DA:27,0
DA:28,0
DA:29,0
DA:32,0
DA:33,0
DA:34,0
DA:36,0
DA:39,0
DA:40,0
DA:42,0
DA:45,0
DA:46,0
DA:48,0
DA:51,0
DA:52,0
DA:59,0
DA:60,0
DA:63,0
DA:64,0
DA:65,0
DA:66,0
DA:67,0
LF:27
LH:0
end_of_record
TN:
SF:/home/runner/work/SIPAI/SIPAI/libs/libsipai/include/SimpleLogger.h
FN:32,_ZN5sipai12SimpleLogger11getInstanceEv
FN:55,_ZNK5sipai12SimpleLogger3logIJRA28_KcRiRA4_S2_RPS2_EEERKS0_NS_8LogLevelEbDpOT_
FN:55,_ZNK5sipai12SimpleLogger3logIJRA34_KcRPS2_EEERKS0_NS_8LogLevelEbDpOT_
FN:55,_ZNK5sipai12SimpleLogger3logIJRA47_KcEEERKS0_NS_8LogLevelEbDpOT_
FN:55,_ZNK5sipai12SimpleLogger3logIJRNSt7__cxx1112basic_stringIcSt11char_traitsIcESaIcEEEEEERKS0_NS_8LogLevelEbDpOT_
FN:55,_ZNK5sipai12SimpleLogger3logIJRA8_KcRiRA15_S2_RfRA20_S2_S8_EEERKS0_NS_8LogLevelEbDpOT_
FN:55,_ZNK5sipai12SimpleLogger3logIJRA80_KcEEERKS0_NS_8LogLevelEbDpOT_
FN:183,_ZNK5sipai12SimpleLogger4infoIJRA80_KcEEERKS0_DpOT_
FN:183,_ZNK5sipai12SimpleLogger4infoIJRA8_KcRiRA15_S2_RfRA20_S2_S8_EEERKS0_DpOT_
FN:183,_ZNK5sipai12SimpleLogger4infoIJRA34_KcRPS2_EEERKS0_DpOT_
FN:183,_ZNK5sipai12SimpleLogger4infoIJRA47_KcEEERKS0_DpOT_
FN:199,_ZNK5sipai12SimpleLogger4warnIJNSt7__cxx1112basic_stringIcSt11char_traitsIcESaIcEEEEEERKS0_DpOT_
FN:215,_ZNK5sipai12SimpleLogger5errorIJRA28_KcRiRA4_S2_RPS2_EEERKS0_DpOT_
FN:290,_ZN5sipai12SimpleLogger8LOG_INFOIJRA80_KcEEERKS0_DpOT_
FN:290,_ZN5sipai12SimpleLogger8LOG_INFOIJRA47_KcEEERKS0_DpOT_
FN:290,_ZN5sipai12SimpleLogger8LOG_INFOIJRA34_KcPS2_EEERKS0_DpOT_
FN:290,_ZN5sipai12SimpleLogger8LOG_INFOIJRA8_KcRiRA15_S2_RfRA20_S2_S8_EEERKS0_DpOT_
FN:318,_ZN5sipai12SimpleLogger9LOG_ERRORIJRA28_KcRiRA4_S2_PS2_EEERKS0_DpOT_
FN:339,_ZN5sipai12SimpleLoggerC2Ev
FNDA:0,_ZNK5sipai12SimpleLogger4infoIJRA47_KcEEERKS0_DpOT_
FNDA:0,_ZNK5sipai12SimpleLogger4infoIJRA34_KcRPS2_EEERKS0_DpOT_
FNDA:0,_ZN5sipai12SimpleLogger8LOG_INFOIJRA34_KcPS2_EEERKS0_DpOT_
FNDA:0,_ZNK5sipai12SimpleLogger3logIJRA8_KcRiRA15_S2_RfRA20_S2_S8_EEERKS0_NS_8LogLevelEbDpOT_
FNDA:0,_ZNK5sipai12SimpleLogger3logIJRNSt7__cxx1112basic_stringIcSt11char_traitsIcESaIcEEEEEERKS0_NS_8LogLevelEbDpOT_
FNDA:0,_ZN5sipai12SimpleLogger8LOG_INFOIJRA8_KcRiRA15_S2_RfRA20_S2_S8_EEERKS0_DpOT_
FNDA:0,_ZNK5sipai12SimpleLogger4warnIJNSt7__cxx1112basic_stringIcSt11char_traitsIcESaIcEEEEEERKS0_DpOT_
FNDA:0,_ZNK5sipai12SimpleLogger5errorIJRA28_KcRiRA4_S2_RPS2_EEERKS0_DpOT_
FNDA:0,_ZNK5sipai12SimpleLogger3logIJRA80_KcEEERKS0_NS_8LogLevelEbDpOT_
FNDA:0,_ZN5sipai12SimpleLogger8LOG_INFOIJRA80_KcEEERKS0_DpOT_
FNDA:0,_ZNK5sipai12SimpleLogger4infoIJRA8_KcRiRA15_S2_RfRA20_S2_S8_EEERKS0_DpOT_
FNDA:0,_ZNK5sipai12SimpleLogger3logIJRA34_KcRPS2_EEERKS0_NS_8LogLevelEbDpOT_
FNDA:0,_ZNK5sipai12SimpleLogger3logIJRA28_KcRiRA4_S2_RPS2_EEERKS0_NS_8LogLevelEbDpOT_
FNDA:0,_ZNK5sipai12SimpleLogger4infoIJRA80_KcEEERKS0_DpOT_
FNDA:0,_ZN5sipai12SimpleLogger11getInstanceEv
FNDA:0,_ZNK5sipai12SimpleLogger3logIJRA47_KcEEERKS0_NS_8LogLevelEbDpOT_
FNDA:0,_ZN5sipai12SimpleLogger9LOG_ERRORIJRA28_KcRiRA4_S2_PS2_EEERKS0_DpOT_
FNDA:0,_ZN5sipai12SimpleLoggerC2Ev
FNDA:0,_ZN5sipai12SimpleLogger8LOG_INFOIJRA47_KcEEERKS0_DpOT_
FNF:19
FNH:0
DA:32,0
DA:33,0
DA:34,0
DA:55,0
DA:57,0
DA:58,0
DA:59,0
DA:60,0
DA:62,0
DA:63,0
DA:64,0
DA:65,0
DA:66,0
DA:67,0
DA:68,0
DA:69,0
DA:70,0
DA:71,0
DA:72,0
DA:73,0
DA:74,0
DA:75,0
DA:76,0
DA:77,0
DA:80,0
DA:81,0
DA:82,0
DA:83,0
DA:84,0
DA:87,0
DA:88,0
DA:89,0
DA:90,0
DA:94,0
DA:95,0
DA:183,0
DA:184,0
DA:199,0
DA:200,0
DA:215,0
DA:216,0
DA:290,0
DA:291,0
DA:292,0
DA:293,0
DA:294,0
DA:318,0
DA:319,0
DA:320,0
DA:321,0
DA:322,0
DA:339,0
LF:52
LH:0
end_of_record
TN:
SF:/home/runner/work/SIPAI/SIPAI/libs/libsipai/include/exception/FileReaderException.h
FN:13,_ZN5sipai19FileReaderExceptionC2ERKNSt7__cxx1112basic_stringIcSt11char_traitsIcESaIcEEE
FN:15,_ZNK5sipai19FileReaderException4whatEv
FNDA:0,_ZNK5sipai19FileReaderException4whatEv
FNDA:0,_ZN5sipai19FileReaderExceptionC2ERKNSt7__cxx1112basic_stringIcSt11char_traitsIcESaIcEEE
FNF:2
FNH:0
DA:13,0
DA:14,0
DA:15,0
LF:3
LH:0
end_of_record
TN:
SF:/home/runner/work/SIPAI/SIPAI/libs/libsipai/include/exception/ImageImportException.h
FN:13,_ZN5sipai20ImageImportExceptionC2ERKNSt7__cxx1112basic_stringIcSt11char_traitsIcESaIcEEE
FN:15,_ZNK5sipai20ImageImportException4whatEv
FNDA:0,_ZN5sipai20ImageImportExceptionC2ERKNSt7__cxx1112basic_stringIcSt11char_traitsIcESaIcEEE
FNDA:0,_ZNK5sipai20ImageImportException4whatEv
FNF:2
FNH:0
DA:13,0
DA:14,0
DA:15,0
LF:3
LH:0
end_of_record
TN:
SF:/home/runner/work/SIPAI/SIPAI/libs/libsipai/include/exception/ImportExportException.h
FN:14,_ZN5sipai21ImportExportExceptionC2Ev
FN:15,_ZN5sipai21ImportExportExceptionC2ERKNSt7__cxx1112basic_stringIcSt11char_traitsIcESaIcEEE
FN:17,_ZNK5sipai21ImportExportException4whatEv
FNDA:0,_ZN5sipai21ImportExportExceptionC2Ev
FNDA:0,_ZN5sipai21ImportExportExceptionC2ERKNSt7__cxx1112basic_stringIcSt11char_traitsIcESaIcEEE
FNDA:0,_ZNK5sipai21ImportExportException4whatEv
FNF:3
FNH:0
DA:14,0
DA:15,0
DA:16,0
DA:17,0
LF:4
LH:0
end_of_record
TN:
SF:/home/runner/work/SIPAI/SIPAI/libs/libsipai/include/exception/NetworkException.h
FN:13,_ZN5sipai16NetworkExceptionC2ERKNSt7__cxx1112basic_stringIcSt11char_traitsIcESaIcEEE
FN:14,_ZNK5sipai16NetworkException4whatEv
FNDA:0,_ZN5sipai16NetworkExceptionC2ERKNSt7__cxx1112basic_stringIcSt11char_traitsIcESaIcEEE
FNDA:0,_ZNK5sipai16NetworkException4whatEv
FNF:2
FNH:0
DA:13,0
DA:14,0
LF:2
LH:0
end_of_record
TN:
SF:/home/runner/work/SIPAI/SIPAI/libs/libsipai/src/Manager.cpp
FN:14,_ZN5sipai7Manager9loadImageERKNSt7__cxx1112basic_stringIcSt11char_traitsIcESaIcEEE
FN:27,_ZN5sipai7Manager13createNetworkEv
FN:29,_ZN5sipai7Manager13importNetworkEv
FN:34,_ZN5sipai7Manager13exportNetworkEv
FN:39,_ZN5sipai7Manager3runEv
FN:49,_ZN5sipai7Manager14runWithVisitorERKNS_13RunnerVisitorE
FN:65,_ZN5sipai7Manager16loadTrainingDataB5cxx11Ev
FN:70,_ZN5sipai7Manager9splitDataESt6vectorISt4pairINSt7__cxx1112basic_stringIcSt11char_traitsIcESaIcEEES8_ESaIS9_EEf
FN:87,_ZN5sipai7Manager17initializeNetworkEv
FN:98,_ZN5sipai7Manager14computeMSELossERKSt6vectorINS_4RGBAESaIS2_EES6_
FNDA:0,_ZN5sipai7Manager14computeMSELossERKSt6vectorINS_4RGBAESaIS2_EES6_
FNDA:0,_ZN5sipai7Manager14runWithVisitorERKNS_13RunnerVisitorE
FNDA:0,_ZN5sipai7Manager13exportNetworkEv
FNDA:1,_ZN5sipai7Manager17initializeNetworkEv
FNDA:0,_ZN5sipai7Manager3runEv
FNDA:0,_ZN5sipai7Manager9splitDataESt6vectorISt4pairINSt7__cxx1112basic_stringIcSt11char_traitsIcESaIcEEES8_ESaIS9_EEf
FNDA:0,_ZN5sipai7Manager13importNetworkEv
FNDA:0,_ZN5sipai7Manager16loadTrainingDataB5cxx11Ev
FNDA:1,_ZN5sipai7Manager9loadImageERKNSt7__cxx1112basic_stringIcSt11char_traitsIcESaIcEEE
FNDA:1,_ZN5sipai7Manager13createNetworkEv
FNF:10
FNH:3
DA:14,1
DA:16,1
DA:19,1
DA:20,1
DA:22,1
DA:24,2
DA:25,1
DA:27,1
DA:29,0
DA:30,0
DA:31,0
DA:32,0
DA:34,0
DA:35,0
DA:36,0
DA:37,0
DA:39,0
DA:40,0
DA:41,0
DA:42,0
DA:43,0
DA:44,0
DA:45,0
DA:47,0
DA:49,0
DA:52,0
DA:55,0
DA:56,0
DA:59,0
DA:62,0
DA:63,0
DA:65,0
DA:67,0
DA:70,0
DA:73,0
DA:74,0
DA:75,0
DA:78,0
DA:81,0
DA:82,0
DA:84,0
DA:85,0
DA:87,1
DA:98,0
DA:100,0
DA:101,0
DA:102,0
DA:105,0
DA:106,0
DA:107,0
DA:108,0
DA:109,0
DA:113,0
LF:53
LH:9
end_of_record
TN:
SF:/home/runner/work/SIPAI/SIPAI/libs/libsipai/src/NetworkImportExport.cpp
FN:12,_ZN5sipai25NeuralNetworkImportExport11importModelEv
FN:24,_ZNK5sipai25NeuralNetworkImportExport11exportModelEv
FNDA:0,_ZNK5sipai25NeuralNetworkImportExport11exportModelEv
FNDA:0,_ZN5sipai25NeuralNetworkImportExport11importModelEv
FNF:2
FNH:0
DA:12,0
DA:16,0
DA:17,0
DA:18,0
DA:19,0
DA:20,0
DA:21,0
DA:24,0
DA:28,0
DA:29,0
DA:30,0
DA:31,0
DA:32,0
DA:33,0
LF:14
LH:0
end_of_record
TN:
SF:/home/runner/work/SIPAI/SIPAI/libs/libsipai/src/NetworkImportExportCSV.cpp
FN:17,_ZNK5sipai28NeuralNetworkImportExportCSV20importNeuronsWeightsERSt10unique_ptrINS_13NeuralNetworkESt14default_deleteIS2_EE
FN:20,_ZZNK5sipai28NeuralNetworkImportExportCSV20importNeuronsWeightsERSt10unique_ptrINS_13NeuralNetworkESt14default_deleteIS2_EEENKUlRKSt6vectorIN3Csv13CellReferenceESaIS9_EEE_clESD_
FN:31,_ZZNK5sipai28NeuralNetworkImportExportCSV20importNeuronsWeightsERSt10unique_ptrINS_13NeuralNetworkESt14default_deleteIS2_EEENKUlRKSt6vectorIN3Csv13CellReferenceESaIS9_EEE0_clESD_
FN:45,_ZZNK5sipai28NeuralNetworkImportExportCSV20importNeuronsWeightsERSt10unique_ptrINS_13NeuralNetworkESt14default_deleteIS2_EEENKUlRSt6vectorINS_4RGBAESaIS8_EERKS7_IN3Csv13CellReferenceESaISD_EEE1_clESB_SH_
FN:127,_ZNK5sipai28NeuralNetworkImportExportCSV20exportNeuronsWeightsEv
FNDA:0,_ZZNK5sipai28NeuralNetworkImportExportCSV20importNeuronsWeightsERSt10unique_ptrINS_13NeuralNetworkESt14default_deleteIS2_EEENKUlRSt6vectorINS_4RGBAESaIS8_EERKS7_IN3Csv13CellReferenceESaISD_EEE1_clESB_SH_
FNDA:0,_ZNK5sipai28NeuralNetworkImportExportCSV20exportNeuronsWeightsEv
FNDA:0,_ZZNK5sipai28NeuralNetworkImportExportCSV20importNeuronsWeightsERSt10unique_ptrINS_13NeuralNetworkESt14default_deleteIS2_EEENKUlRKSt6vectorIN3Csv13CellReferenceESaIS9_EEE0_clESD_
FNDA:0,_ZZNK5sipai28NeuralNetworkImportExportCSV20importNeuronsWeightsERSt10unique_ptrINS_13NeuralNetworkESt14default_deleteIS2_EEENKUlRKSt6vectorIN3Csv13CellReferenceESaIS9_EEE_clESD_
FNDA:0,_ZNK5sipai28NeuralNetworkImportExportCSV20importNeuronsWeightsERSt10unique_ptrINS_13NeuralNetworkESt14default_deleteIS2_EE
FNF:5
FNH:0
DA:17,0
DA:20,0
DA:22,0
DA:23,0
DA:24,0
DA:26,0
DA:31,0
DA:32,0
DA:33,0
DA:34,0
DA:35,0
DA:36,0
DA:38,0
DA:41,0
DA:45,0
DA:47,0
DA:49,0
DA:50,0
DA:52,0
DA:53,0
DA:54,0
DA:57,0
DA:58,0
DA:59,0
DA:60,0
DA:61,0
DA:62,0
DA:63,0
DA:67,0
DA:68,0
DA:69,0
DA:70,0
DA:71,0
DA:72,0
DA:73,0
DA:74,0
DA:75,0
DA:77,0
DA:80,0
DA:81,0
DA:82,0
DA:83,0
DA:84,0
DA:85,0
DA:86,0
DA:88,0
DA:89,0
DA:90,0
DA:91,0
DA:93,0
DA:94,0
DA:98,0
DA:99,0
DA:100,0
DA:101,0
DA:103,0
DA:104,0
DA:105,0
DA:106,0
DA:108,0
DA:109,0
DA:110,0
DA:111,0
DA:113,0
DA:114,0
DA:115,0
DA:116,0
DA:119,0
DA:120,0
DA:121,0
DA:122,0
DA:124,0
DA:125,0
DA:127,0
DA:129,0
DA:130,0
DA:131,0
DA:132,0
DA:133,0
DA:136,0
DA:137,0
DA:138,0
DA:139,0
DA:140,0
DA:141,0
DA:147,0
DA:148,0
DA:149,0
DA:150,0
DA:152,0
DA:155,0
DA:157,0
DA:158,0
DA:160,0
DA:164,0
DA:166,0
DA:167,0
DA:168,0
DA:172,0
DA:175,0
DA:178,0
DA:179,0
DA:180,0
DA:181,0
DA:182,0
DA:185,0
DA:188,0
DA:192,0
DA:193,0
LF:109
LH:0
end_of_record
TN:
SF:/home/runner/work/SIPAI/SIPAI/libs/libsipai/src/NetworkImportExportJSON.cpp
FN:14,_ZN5sipai29NeuralNetworkImportExportJSON11importModelEv
FN:142,_ZNK5sipai29NeuralNetworkImportExportJSON11exportModelEv
FNDA:0,_ZNK5sipai29NeuralNetworkImportExportJSON11exportModelEv
FNDA:0,_ZN5sipai29NeuralNetworkImportExportJSON11importModelEv
FNF:2
FNH:0
DA:14,0
DA:16,0
DA:17,0
DA:19,0
DA:20,0
DA:23,0
DA:24,0
DA:25,0
DA:26,0
DA:28,0
DA:29,0
DA:31,0
DA:32,0
DA:35,0
DA:36,0
DA:37,0
DA:39,0
DA:42,0
DA:44,0
DA:45,0
DA:46,0
DA:47,0
DA:48,0
DA:49,0
DA:52,0
DA:53,0
DA:54,0
DA:55,0
DA:56,0
DA:57,0
DA:58,0
DA:59,0
DA:60,0
DA:61,0
DA:62,0
DA:63,0
DA:64,0
DA:65,0
DA:66,0
DA:67,0
DA:68,0
DA:69,0
DA:71,0
DA:73,0
DA:74,0
DA:78,0
DA:79,0
DA:80,0
DA:81,0
DA:82,0
DA:83,0
DA:84,0
DA:85,0
DA:86,0
DA:87,0
DA:88,0
DA:89,0
DA:90,0
DA:91,0
DA:92,0
DA:93,0
DA:94,0
DA:95,0
DA:96,0
DA:100,0
DA:101,0
DA:102,0
DA:107,0
DA:108,0
DA:109,0
DA:110,0
DA:111,0
DA:113,0
DA:114,0
DA:115,0
DA:117,0
DA:118,0
DA:119,0
DA:123,0
DA:124,0
DA:126,0
DA:127,0
DA:130,0
DA:131,0
DA:134,0
DA:135,0
DA:137,0
DA:138,0
DA:139,0
DA:140,0
DA:142,0
DA:144,0
DA:145,0
DA:146,0
DA:147,0
DA:150,0
DA:153,0
DA:154,0
DA:155,0
DA:156,0
DA:157,0
DA:160,0
DA:161,0
DA:162,0
DA:163,0
DA:164,0
DA:165,0
DA:166,0
DA:167,0
DA:168,0
DA:169,0
DA:170,0
DA:171,0
DA:172,0
DA:173,0
DA:174,0
DA:175,0
DA:176,0
DA:177,0
DA:178,0
DA:179,0
DA:180,0
DA:181,0
DA:185,0
DA:186,0
DA:187,0
DA:188,0
LF:127
LH:0
end_of_record
TN:
SF:/home/runner/work/SIPAI/SIPAI/libs/libsipai/src/NeuralNetwork.cpp
FN:10,_ZN5sipai13NeuralNetwork10initializeEv
FN:40,_ZN5sipai13NeuralNetwork18forwardPropagationERKSt6vectorINS_4RGBAESaIS2_EE
FN:54,_ZN5sipai13NeuralNetwork19backwardPropagationERKSt6vectorINS_4RGBAESaIS2_EE
FN:65,_ZN5sipai13NeuralNetwork10bindLayersEv
FN:76,_ZNK5sipai13NeuralNetwork17initializeWeightsEv
FN:86,_ZN5sipai13NeuralNetwork19initializeNeighborsEv
FN:109,_ZN5sipai13NeuralNetwork18addNeuronNeighborsERNS_6NeuronEPNS_5LayerEmiib
FN:142,_ZNK5sipai13NeuralNetwork21SetActivationFunctionEPNS_5LayerENS_19EActivationFunctionEf
FN:148,_ZZNK5sipai13NeuralNetwork21SetActivationFunctionEPNS_5LayerENS_19EActivationFunctionEfENKUlT_E_clIfEEDaS4_
FN:149,_ZZNK5sipai13NeuralNetwork21SetActivationFunctionEPNS_5LayerENS_19EActivationFunctionEfENKUlT_E0_clIfEEDaS4_
FN:158,_ZZNK5sipai13NeuralNetwork21SetActivationFunctionEPNS_5LayerENS_19EActivationFunctionEfENKUlT_E1_clIfEEDaS4_
FN:161,_ZZNK5sipai13NeuralNetwork21SetActivationFunctionEPNS_5LayerENS_19EActivationFunctionEfENKUlT_E2_clIfEEDaS4_
FN:179,_ZN5sipai13NeuralNetwork13updateWeightsEf
FNDA:0,_ZZNK5sipai13NeuralNetwork21SetActivationFunctionEPNS_5LayerENS_19EActivationFunctionEfENKUlT_E1_clIfEEDaS4_
FNDA:0,_ZN5sipai13NeuralNetwork19backwardPropagationERKSt6vectorINS_4RGBAESaIS2_EE
FNDA:3,_ZNK5sipai13NeuralNetwork21SetActivationFunctionEPNS_5LayerENS_19EActivationFunctionEf
FNDA:1,_ZNK5sipai13NeuralNetwork17initializeWeightsEv
FNDA:0,_ZN5sipai13NeuralNetwork18forwardPropagationERKSt6vectorINS_4RGBAESaIS2_EE
FNDA:0,_ZZNK5sipai13NeuralNetwork21SetActivationFunctionEPNS_5LayerENS_19EActivationFunctionEfENKUlT_E_clIfEEDaS4_
FNDA:0,_ZN5sipai13NeuralNetwork13updateWeightsEf
FNDA:1,_ZN5sipai13NeuralNetwork19initializeNeighborsEv
FNDA:25,_ZN5sipai13NeuralNetwork18addNeuronNeighborsERNS_6NeuronEPNS_5LayerEmiib
FNDA:1,_ZN5sipai13NeuralNetwork10bindLayersEv
FNDA:0,_ZZNK5sipai13NeuralNetwork21SetActivationFunctionEPNS_5LayerENS_19EActivationFunctionEfENKUlT_E2_clIfEEDaS4_
FNDA:1,_ZN5sipai13NeuralNetwork10initializeEv
FNDA:0,_ZZNK5sipai13NeuralNetwork21SetActivationFunctionEPNS_5LayerENS_19EActivationFunctionEfENKUlT_E0_clIfEEDaS4_
FNF:13
FNH:6
DA:10,1
DA:11,1
DA:12,1
DA:13,1
DA:14,1
DA:15,1
DA:17,3
DA:18,2
DA:19,2
DA:20,2
DA:21,2
DA:22,2
DA:23,2
DA:24,2
DA:27,1
DA:28,1
DA:29,1
DA:30,1
DA:31,1
DA:32,1
DA:34,1
DA:35,1
DA:36,1
DA:37,1
DA:40,0
DA:41,0
DA:42,0
DA:44,0
DA:45,0
DA:47,0
DA:48,0
DA:49,0
DA:51,0
DA:54,0
DA:56,0
DA:57,0
DA:59,0
DA:60,0
DA:61,0
DA:63,0
DA:65,1
DA:66,5
DA:67,4
DA:68,3
DA:70,4
DA:71,3
DA:74,1
DA:76,1
DA:77,5
DA:78,4
DA:79,24
DA:80,21
DA:84,1
DA:86,1
DA:87,1
DA:88,5
DA:91,4
DA:92,1
DA:93,1
DA:94,3
DA:95,2
DA:96,2
DA:97,1
DA:98,1
DA:99,1
DA:102,29
DA:103,25
DA:107,1
DA:109,25
DA:114,25
DA:115,25
DA:120,25
DA:121,125
DA:122,100
DA:123,100
DA:124,100
DA:125,60
DA:126,60
DA:128,60
DA:129,60
DA:131,60
DA:132,60
DA:133,60
DA:134,60
DA:135,60
DA:137,60
DA:140,25
DA:142,3
DA:145,3
DA:146,0
DA:147,0
DA:148,0
DA:149,0
DA:150,0
DA:152,0
DA:153,0
DA:154,0
DA:155,0
DA:156,0
DA:157,0
DA:158,0
DA:159,0
DA:161,0
DA:162,0
DA:164,0
DA:165,3
DA:166,3
DA:167,3
DA:168,0
DA:169,0
DA:170,0
DA:171,0
DA:172,0
DA:173,0
DA:174,0
DA:175,0
DA:177,3
DA:179,0
DA:180,0
DA:181,0
DA:183,0
LF:121
LH:77
end_of_record
TN:
SF:/home/runner/work/SIPAI/SIPAI/libs/libsipai/src/TrainingDataFileReaderCSV.cpp
FN:11,_ZN5sipai25TrainingDataFileReaderCSV15getTrainingDataB5cxx11Ev
FNDA:0,_ZN5sipai25TrainingDataFileReaderCSV15getTrainingDataB5cxx11Ev
FNF:1
FNH:0
DA:11,0
DA:13,0
DA:14,0
DA:15,0
DA:20,0
DA:21,0
DA:22,0
DA:25,0
DA:26,0
DA:27,0
DA:28,0
DA:29,0
DA:30,0
DA:32,0
DA:33,0
DA:34,0
DA:35,0
DA:37,0
DA:38,0
DA:39,0
DA:40,0
DA:41,0
DA:42,0
DA:43,0
DA:44,0
DA:45,0
DA:51,0
DA:52,0
LF:28
LH:0
end_of_record
TN:
SF:/home/runner/work/SIPAI/SIPAI/libs/libsipai/src/TrainingMonitoredVisitor.cpp
FN:11,_Z13signalHandleri
FN:20,_ZNK5sipai24TrainingMonitoredVisitor5visitERKSt6vectorISt4pairINSt7__cxx1112basic_stringIcSt11char_traitsIcESaIcEEES8_ESaIS9_EESD_
FN:58,_ZNK5sipai24TrainingMonitoredVisitor12trainOnEpochERKSt6vectorISt4pairINSt7__cxx1112basic_stringIcSt11char_traitsIcESaIcEEES8_ESaIS9_EE
FN:78,_ZNK5sipai24TrainingMonitoredVisitor23evaluateOnValidationSetERKSt6vectorISt4pairINSt7__cxx1112basic_stringIcSt11char_traitsIcESaIcEEES8_ESaIS9_EE
FN:94,_ZNK5sipai24TrainingMonitoredVisitor22shouldContinueTrainingEiiRKNS_9AppParamsE
FN:101,_ZNK5sipai24TrainingMonitoredVisitor19logTrainingProgressEiff
FNDA:0,_ZNK5sipai24TrainingMonitoredVisitor22shouldContinueTrainingEiiRKNS_9AppParamsE
FNDA:0,_ZNK5sipai24TrainingMonitoredVisitor12trainOnEpochERKSt6vectorISt4pairINSt7__cxx1112basic_stringIcSt11char_traitsIcESaIcEEES8_ESaIS9_EE
FNDA:0,_ZNK5sipai24TrainingMonitoredVisitor23evaluateOnValidationSetERKSt6vectorISt4pairINSt7__cxx1112basic_stringIcSt11char_traitsIcESaIcEEES8_ESaIS9_EE
FNDA:0,_ZNK5sipai24TrainingMonitoredVisitor19logTrainingProgressEiff
FNDA:0,_ZNK5sipai24TrainingMonitoredVisitor5visitERKSt6vectorISt4pairINSt7__cxx1112basic_stringIcSt11char_traitsIcESaIcEEES8_ESaIS9_EESD_
FNDA:0,_Z13signalHandleri
FNF:6
FNH:0
DA:11,0
DA:12,0
DA:13,0
DA:16,0
DA:18,0
DA:20,0
DA:23,0
DA:26,0
DA:28,0
DA:29,0
DA:30,0
DA:31,0
DA:33,0
DA:34,0
DA:35,0
DA:36,0
DA:38,0
DA:40,0
DA:41,0
DA:42,0
DA:44,0
DA:47,0
DA:50,0
DA:52,0
DA:53,0
DA:54,0
DA:55,0
DA:56,0
DA:58,0
DA:60,0
DA:61,0
DA:62,0
DA:63,0
DA:64,0
DA:67,0
DA:68,0
DA:69,0
DA:71,0
DA:72,0
DA:73,0
DA:74,0
DA:75,0
DA:78,0
DA:80,0
DA:81,0
DA:82,0
DA:83,0
DA:84,0
DA:87,0
DA:88,0
DA:89,0
DA:90,0
DA:91,0
DA:94,0
DA:97,0
DA:98,0
DA:101,0
DA:104,0
DA:106,0
LF:59
LH:0
end_of_record
