TN:
SF:/__w/SIPAI/SIPAI/libs/libsipai/include/ActivationFunctions.h
FN:41,_ZN5sipai16getActivationStrB5cxx11ENS_19EActivationFunctionE
FN:59,_ZNK5sipai7sigmoidMUlRKN2cv3VecIfLi4EEEE_clES4_
FN:66,_ZNK5sipai17sigmoidDerivativeMUlRKN2cv3VecIfLi4EEEE_clES4_
FN:76,_ZNK5sipai8tanhFuncMUlRKN2cv3VecIfLi4EEEE_clES4_
FN:79,_ZZNK5sipai8tanhFuncMUlRKN2cv3VecIfLi4EEEE_clES4_ENKUlfE_clEf
FN:83,_ZNK5sipai14tanhDerivativeMUlRKN2cv3VecIfLi4EEEE_clES4_
FN:98,_ZNK5sipai4reluMUlRKN2cv3VecIfLi4EEEE_clES4_
FN:99,_ZNK5sipai14reluDerivativeMUlRKN2cv3VecIfLi4EEEE_clES4_
FN:102,_ZZNK5sipai14reluDerivativeMUlRKN2cv3VecIfLi4EEEE_clES4_ENKUlfE_clEf
FN:112,_ZNK5sipai9leakyReluMUlRKN2cv3VecIfLi4EEEE_clES4_
FN:116,_ZNK5sipai19leakyReluDerivativeMUlRKN2cv3VecIfLi4EEEE_clES4_
FN:126,_ZNK5sipai14parametricReluMUlRKN2cv3VecIfLi4EEEfE_clES4_f
FN:128,_ZZNK5sipai14parametricReluMUlRKN2cv3VecIfLi4EEEfE_clES4_fENKUlfE_clEf
FN:135,_ZNK5sipai24parametricReluDerivativeMUlRKN2cv3VecIfLi4EEEfE_clES4_f
FN:138,_ZZNK5sipai24parametricReluDerivativeMUlRKN2cv3VecIfLi4EEEfE_clES4_fENKUlfE_clEf
FN:150,_ZNK5sipai3eluMUlRKN2cv3VecIfLi4EEEfE_clES4_f
FN:152,_ZZNK5sipai3eluMUlRKN2cv3VecIfLi4EEEfE_clES4_fENKUlfE_clEf
FN:159,_ZNK5sipai13eluDerivativeMUlRKN2cv3VecIfLi4EEEfE_clES4_f
FN:162,_ZZNK5sipai13eluDerivativeMUlRKN2cv3VecIfLi4EEEfE_clES4_fENKUlfE_clEf
FNDA:8,_ZZNK5sipai14parametricReluMUlRKN2cv3VecIfLi4EEEfE_clES4_fENKUlfE_clEf
FNDA:2,_ZNK5sipai14reluDerivativeMUlRKN2cv3VecIfLi4EEEE_clES4_
FNDA:3,_ZNK5sipai3eluMUlRKN2cv3VecIfLi4EEEfE_clES4_f
FNDA:24,_ZZNK5sipai8tanhFuncMUlRKN2cv3VecIfLi4EEEE_clES4_ENKUlfE_clEf
FNDA:3,_ZNK5sipai14tanhDerivativeMUlRKN2cv3VecIfLi4EEEE_clES4_
FNDA:8,_ZZNK5sipai24parametricReluDerivativeMUlRKN2cv3VecIfLi4EEEfE_clES4_fENKUlfE_clEf
FNDA:12,_ZZNK5sipai3eluMUlRKN2cv3VecIfLi4EEEfE_clES4_fENKUlfE_clEf
FNDA:0,_ZN5sipai16getActivationStrB5cxx11ENS_19EActivationFunctionE
FNDA:2,_ZNK5sipai17sigmoidDerivativeMUlRKN2cv3VecIfLi4EEEE_clES4_
FNDA:254,_ZNK5sipai19leakyReluDerivativeMUlRKN2cv3VecIfLi4EEEE_clES4_
FNDA:2,_ZNK5sipai14parametricReluMUlRKN2cv3VecIfLi4EEEfE_clES4_f
FNDA:8,_ZZNK5sipai14reluDerivativeMUlRKN2cv3VecIfLi4EEEE_clES4_ENKUlfE_clEf
FNDA:6,_ZNK5sipai8tanhFuncMUlRKN2cv3VecIfLi4EEEE_clES4_
FNDA:2,_ZNK5sipai4reluMUlRKN2cv3VecIfLi4EEEE_clES4_
FNDA:2,_ZNK5sipai24parametricReluDerivativeMUlRKN2cv3VecIfLi4EEEfE_clES4_f
FNDA:4,_ZNK5sipai7sigmoidMUlRKN2cv3VecIfLi4EEEE_clES4_
FNDA:923,_ZNK5sipai9leakyReluMUlRKN2cv3VecIfLi4EEEE_clES4_
FNDA:8,_ZZNK5sipai13eluDerivativeMUlRKN2cv3VecIfLi4EEEfE_clES4_fENKUlfE_clEf
FNDA:2,_ZNK5sipai13eluDerivativeMUlRKN2cv3VecIfLi4EEEfE_clES4_f
FNF:19
FNH:18
DA:41,0
DA:42,0
DA:43,0
DA:44,0
DA:47,0
DA:59,4
DA:60,4
DA:61,4
DA:62,4
DA:63,4
DA:66,2
DA:67,2
DA:68,4
DA:76,6
DA:77,6
DA:78,6
DA:79,24
DA:80,6
DA:83,3
DA:84,3
DA:85,6
DA:98,2
DA:99,2
DA:100,2
DA:101,2
DA:102,8
DA:103,2
DA:112,923
DA:113,1846
DA:116,254
DA:117,508
DA:126,2
DA:127,2
DA:128,2
DA:129,8
DA:130,8
DA:132,2
DA:135,2
DA:136,2
DA:137,2
DA:138,8
DA:139,2
DA:150,3
DA:151,3
DA:152,3
DA:153,12
DA:154,12
DA:156,3
DA:159,2
DA:160,2
DA:161,2
DA:162,8
DA:163,2
LF:53
LH:48
end_of_record
TN:
SF:/__w/SIPAI/SIPAI/libs/libsipai/include/Common.h
FN:52,_ZN5sipai6Common19getTrainingPhaseStrB5cxx11ENS_13TrainingPhaseE
FN:63,_ZN5sipai6Common13getRunModeStrB5cxx11ENS_8ERunModeE
FN:79,_ZN5sipai6Common10countLinesERKNSt7__cxx1112basic_stringIcSt11char_traitsIcESaIcEEE
FN:103,_ZN5sipai6Common14getFilenameCsvERKNSt7__cxx1112basic_stringIcSt11char_traitsIcESaIcEEE
FN:108,_ZN5sipai6Common11getHMSfromSEm
FN:124,_ZN5sipai6Common11mat_clamp4fERKN2cv3MatERKNS1_3VecIfLi4EEES8_
FN:139,_ZN5sipai6Common7clamp4fERKN2cv3VecIfLi4EEES5_S5_
FNDA:1816,_ZN5sipai6Common7clamp4fERKN2cv3VecIfLi4EEES5_S5_
FNDA:2,_ZN5sipai6Common11mat_clamp4fERKN2cv3MatERKNS1_3VecIfLi4EEES8_
FNDA:20,_ZN5sipai6Common19getTrainingPhaseStrB5cxx11ENS_13TrainingPhaseE
FNDA:5,_ZN5sipai6Common11getHMSfromSEm
FNDA:2,_ZN5sipai6Common10countLinesERKNSt7__cxx1112basic_stringIcSt11char_traitsIcESaIcEEE
FNDA:0,_ZN5sipai6Common13getRunModeStrB5cxx11ENS_8ERunModeE
FNDA:10,_ZN5sipai6Common14getFilenameCsvERKNSt7__cxx1112basic_stringIcSt11char_traitsIcESaIcEEE
FNF:7
FNH:6
DA:52,20
DA:53,20
DA:54,14
DA:55,14
DA:56,6
DA:57,6
DA:58,0
DA:59,0
DA:63,0
DA:64,0
DA:65,0
DA:66,0
DA:69,0
DA:79,2
DA:80,2
DA:81,2
DA:82,1
DA:85,1
DA:86,1
DA:87,12
DA:88,11
DA:89,10
DA:93,1
DA:94,1
DA:95,2
DA:103,10
DA:105,20
DA:108,5
DA:109,5
DA:110,5
DA:111,5
DA:112,5
DA:113,5
DA:114,5
DA:124,2
DA:127,2
DA:128,2
DA:129,2
DA:130,0
DA:139,1816
DA:142,1816
DA:143,9080
DA:144,7264
DA:146,1816
LF:44
LH:36
end_of_record
TN:
SF:/__w/SIPAI/SIPAI/libs/libsipai/include/Image.h
FN:23,_ZN5sipai5Image6resizeEmm
FNDA:207,_ZN5sipai5Image6resizeEmm
FNF:1
FNH:1
DA:23,207
DA:24,207
DA:25,131
DA:27,207
LF:4
LH:4
end_of_record
TN:
SF:/__w/SIPAI/SIPAI/libs/libsipai/include/Layer.h
FN:41,_ZN5sipai5LayerC2ENS_9LayerTypeEmm
FN:53,_ZN5sipai5LayerD2Ev
FN:53,_ZN5sipai5LayerD0Ev
FN:104,_ZNK5sipai5Layer5totalEv
FN:171,_ZNK5sipai5Layer15getLayerTypeStrB5cxx11Ev
FN:181,_ZN5sipai5Layer21setActivationFunctionERKSt8functionIFN2cv3VecIfLi4EEES4_EES8_
FNDA:12,_ZNK5sipai5Layer15getLayerTypeStrB5cxx11Ev
FNDA:232,_ZNK5sipai5Layer5totalEv
FNDA:0,_ZN5sipai5LayerD0Ev
FNDA:28,_ZN5sipai5LayerD2Ev
FNDA:25,_ZN5sipai5Layer21setActivationFunctionERKSt8functionIFN2cv3VecIfLi4EEES4_EES8_
FNDA:28,_ZN5sipai5LayerC2ENS_9LayerTypeEmm
FNF:6
FNH:5
DA:41,28
DA:42,28
DA:43,28
DA:44,90
DA:45,232
DA:46,170
DA:47,170
DA:50,28
DA:51,28
DA:52,28
DA:53,28
DA:104,232
DA:171,12
DA:172,24
DA:173,24
DA:174,12
DA:177,0
DA:181,25
DA:183,25
DA:184,25
DA:185,25
LF:21
LH:20
end_of_record
TN:
SF:/__w/SIPAI/SIPAI/libs/libsipai/include/LayerHidden.h
FN:26,_ZN5sipai11LayerHiddenC2Ev
FN:27,_ZN5sipai11LayerHiddenC2Emm
FNDA:1,_ZN5sipai11LayerHiddenC2Ev
FNDA:11,_ZN5sipai11LayerHiddenC2Emm
FNF:2
FNH:2
DA:26,1
DA:27,11
DA:28,11
LF:3
LH:3
end_of_record
TN:
SF:/__w/SIPAI/SIPAI/libs/libsipai/include/LayerInput.h
FN:24,_ZN5sipai10LayerInputC2Emm
FN:27,_ZN5sipai10LayerInput18forwardPropagationEv
FN:31,_ZN5sipai10LayerInput19backwardPropagationERKfS2_
FN:36,_ZN5sipai10LayerInput13updateWeightsEf
FN:40,_ZN5sipai10LayerInput14setInputValuesERKN2cv3MatE
FNDA:42,_ZN5sipai10LayerInput13updateWeightsEf
FNDA:42,_ZN5sipai10LayerInput19backwardPropagationERKfS2_
FNDA:61,_ZN5sipai10LayerInput14setInputValuesERKN2cv3MatE
FNDA:61,_ZN5sipai10LayerInput18forwardPropagationEv
FNDA:8,_ZN5sipai10LayerInputC2Emm
FNF:5
FNH:5
DA:24,8
DA:25,8
DA:27,61
DA:29,61
DA:31,42
DA:34,42
DA:36,42
DA:38,42
DA:40,61
DA:41,61
DA:42,0
DA:44,61
DA:45,61
LF:13
LH:12
end_of_record
TN:
SF:/__w/SIPAI/SIPAI/libs/libsipai/include/LayerOutput.h
FN:29,_ZN5sipai11LayerOutputC2Emm
FN:34,_ZNK5sipai11LayerOutput15getOutputValuesEv
FNDA:8,_ZN5sipai11LayerOutputC2Emm
FNDA:61,_ZNK5sipai11LayerOutput15getOutputValuesEv
FNF:2
FNH:2
DA:29,8
DA:30,8
DA:34,61
LF:3
LH:3
end_of_record
TN:
SF:/__w/SIPAI/SIPAI/libs/libsipai/include/Manager.h
FN:25,_ZN5sipai7Manager11getInstanceEv
FN:27,_ZZN5sipai7Manager11getInstanceEvENKUlvE_clEv
FN:30,_ZN5sipai7Manager16getConstInstanceEv
FN:35,_ZN5sipai7ManagerD2Ev
FN:114,_ZN5sipai7ManagerC2Ev
FNDA:1,_ZN5sipai7ManagerD2Ev
FNDA:175,_ZN5sipai7Manager16getConstInstanceEv
FNDA:1,_ZN5sipai7ManagerC2Ev
FNDA:1,_ZZN5sipai7Manager11getInstanceEvENKUlvE_clEv
FNDA:279,_ZN5sipai7Manager11getInstanceEv
FNF:5
FNH:5
DA:25,279
DA:27,280
DA:28,279
DA:30,175
DA:31,175
DA:35,1
DA:114,1
LF:7
LH:7
end_of_record
TN:
SF:/__w/SIPAI/SIPAI/libs/libsipai/include/NeuralNetwork.h
FN:29,_ZN5sipai13NeuralNetworkC2Ev
FN:37,_ZN5sipai13NeuralNetworkD2Ev
FNDA:11,_ZN5sipai13NeuralNetworkC2Ev
FNDA:11,_ZN5sipai13NeuralNetworkD2Ev
FNF:2
FNH:2
DA:29,11
DA:37,11
DA:38,39
DA:39,28
DA:40,28
DA:43,11
LF:6
LH:6
end_of_record
TN:
SF:/__w/SIPAI/SIPAI/libs/libsipai/include/NeuralNetworkBuilder.h
FN:30,_ZN5sipai20NeuralNetworkBuilder4withERSt10unique_ptrINS_13NeuralNetworkESt14default_deleteIS2_EE
FN:41,_ZN5sipai20NeuralNetworkBuilder4withERNS_19NeuralNetworkParamsE
FN:63,_ZN5sipai20NeuralNetworkBuilder4withESt8functionIFviEE
FN:118,_ZN5sipai20NeuralNetworkBuilder18_incrementProgressEi
FNDA:1,_ZN5sipai20NeuralNetworkBuilder4withERSt10unique_ptrINS_13NeuralNetworkESt14default_deleteIS2_EE
FNDA:8,_ZN5sipai20NeuralNetworkBuilder4withESt8functionIFviEE
FNDA:55,_ZN5sipai20NeuralNetworkBuilder18_incrementProgressEi
FNDA:8,_ZN5sipai20NeuralNetworkBuilder4withERNS_19NeuralNetworkParamsE
FNF:4
FNH:4
DA:30,1
DA:31,1
DA:32,1
DA:41,8
DA:42,8
DA:43,8
DA:63,8
DA:64,8
DA:65,8
DA:66,8
DA:118,55
DA:119,55
DA:120,0
DA:121,0
DA:123,0
DA:125,55
LF:16
LH:13
end_of_record
TN:
SF:/__w/SIPAI/SIPAI/libs/libsipai/include/NeuralNetworkImportExportFacade.h
FN:21,_ZN5sipai31NeuralNetworkImportExportFacadeD0Ev
FN:21,_ZN5sipai31NeuralNetworkImportExportFacadeD2Ev
FNDA:6,_ZN5sipai31NeuralNetworkImportExportFacadeD2Ev
FNDA:4,_ZN5sipai31NeuralNetworkImportExportFacadeD0Ev
FNF:2
FNH:2
DA:21,10
LF:1
LH:1
end_of_record
TN:
SF:/__w/SIPAI/SIPAI/libs/libsipai/include/Neuron.h
FN:31,_ZN5sipai6NeuronC2Ev
FN:58,_ZN5sipai6Neuron11initWeightsEmm
FN:65,_ZNK5sipai6Neuron11toStringCsvB5cxx11Em
FN:86,_ZNK5sipai6Neuron20toNeighborsStringCsvB5cxx11Em
FNDA:60,_ZNK5sipai6Neuron11toStringCsvB5cxx11Em
FNDA:60,_ZNK5sipai6Neuron20toNeighborsStringCsvB5cxx11Em
FNDA:123,_ZN5sipai6Neuron11initWeightsEmm
FNDA:73,_ZN5sipai6NeuronC2Ev
FNF:4
FNH:4
DA:31,73
DA:58,123
DA:59,123
DA:62,123
DA:63,123
DA:65,60
DA:66,60
DA:67,180
DA:68,432
DA:69,1560
DA:70,1248
DA:76,108
DA:77,48
DA:79,60
DA:80,60
DA:81,60
DA:83,120
DA:84,60
DA:86,60
DA:87,60
DA:88,212
DA:89,760
DA:90,608
DA:94,268
DA:95,208
DA:97,60
DA:98,60
DA:99,60
DA:101,120
DA:102,60
LF:30
LH:30
end_of_record
TN:
SF:/__w/SIPAI/SIPAI/libs/libsipai/include/NeuronConnection.h
FN:20,_ZN5sipai16NeuronConnectionC2EPNS_6NeuronEN2cv3VecIfLi4EEE
FNDA:346,_ZN5sipai16NeuronConnectionC2EPNS_6NeuronEN2cv3VecIfLi4EEE
FNF:1
FNH:1
DA:20,346
DA:21,346
LF:2
LH:2
end_of_record
TN:
SF:/__w/SIPAI/SIPAI/libs/libsipai/include/RunnerTrainingVisitor.h
FN:25,_ZN5sipai21RunnerTrainingVisitorD2Ev
FN:25,_ZN5sipai21RunnerTrainingVisitorD0Ev
FNDA:3,_ZN5sipai21RunnerTrainingVisitorD2Ev
FNDA:0,_ZN5sipai21RunnerTrainingVisitorD0Ev
FNF:2
FNH:1
DA:25,3
LF:1
LH:1
end_of_record
TN:
SF:/__w/SIPAI/SIPAI/libs/libsipai/include/RunnerVisitor.h
FN:19,_ZN5sipai13RunnerVisitorD2Ev
FN:19,_ZN5sipai13RunnerVisitorD0Ev
FNDA:6,_ZN5sipai13RunnerVisitorD2Ev
FNDA:0,_ZN5sipai13RunnerVisitorD0Ev
FNF:2
FNH:1
DA:19,6
LF:1
LH:1
end_of_record
TN:
SF:/__w/SIPAI/SIPAI/libs/libsipai/include/SimpleLogger.h
FN:35,_ZN5sipai12SimpleLogger11getInstanceEv
FN:61,_ZNK5sipai12SimpleLogger3logIJRA24_KcRPS2_EEERKS0_NS_8LogLevelEbDpOT_
FN:61,_ZNK5sipai12SimpleLogger3logIJRA31_KcEEERKS0_NS_8LogLevelEbDpOT_
FN:61,_ZNK5sipai12SimpleLogger3logIJRA34_KcRPS2_EEERKS0_NS_8LogLevelEbDpOT_
FN:61,_ZNK5sipai12SimpleLogger3logIJRA8_KcRiRA15_S2_RfRA21_S2_S8_RA2_S2_RNSt7__cxx1112basic_stringIcSt11char_traitsIcESaIcEEEEEERKS0_NS_8LogLevelEbDpOT_
FN:61,_ZNK5sipai12SimpleLogger3logIJRA17_KcEEERKS0_NS_8LogLevelEbDpOT_
FN:61,_ZNK5sipai12SimpleLogger3logIJRA53_KcRNSt7__cxx1112basic_stringIcSt11char_traitsIcESaIcEEEEEERKS0_NS_8LogLevelEbDpOT_
FN:61,_ZNK5sipai12SimpleLogger3logIJRA29_KcRKNSt7__cxx1112basic_stringIcSt11char_traitsIcESaIcEEEEEERKS0_NS_8LogLevelEbDpOT_
FN:61,_ZNK5sipai12SimpleLogger3logIJRA28_KcRKNSt7__cxx1112basic_stringIcSt11char_traitsIcESaIcEEEEEERKS0_NS_8LogLevelEbDpOT_
FN:61,_ZNK5sipai12SimpleLogger3logIJRA30_KcEEERKS0_NS_8LogLevelEbDpOT_
FN:61,_ZNK5sipai12SimpleLogger3logIJRA33_KcRPS2_EEERKS0_NS_8LogLevelEbDpOT_
FN:61,_ZNK5sipai12SimpleLogger3logIJRA153_KcEEERKS0_NS_8LogLevelEbDpOT_
FN:61,_ZNK5sipai12SimpleLogger3logIJRA18_KcRA256_cEEERKS0_NS_8LogLevelEbDpOT_
FN:61,_ZNK5sipai12SimpleLogger3logIJRA47_KcRNSt7__cxx1112basic_stringIcSt11char_traitsIcESaIcEEEEEERKS0_NS_8LogLevelEbDpOT_
FN:61,_ZNK5sipai12SimpleLogger3logIJRA21_KcRmRA2_S2_S5_RA4_S2_EEERKS0_NS_8LogLevelEbDpOT_
FN:61,_ZNK5sipai12SimpleLogger3logIJRA66_KcEEERKS0_NS_8LogLevelEbDpOT_
FN:61,_ZNK5sipai12SimpleLogger3logIJRA39_KcEEERKS0_NS_8LogLevelEbDpOT_
FN:61,_ZNK5sipai12SimpleLogger3logIJRA26_KcRmRA2_S2_S5_RA4_S2_EEERKS0_NS_8LogLevelEbDpOT_
FN:61,_ZNK5sipai12SimpleLogger3logIJRA18_KcEEERKS0_NS_8LogLevelEbDpOT_
FN:61,_ZNK5sipai12SimpleLogger3logIJRA111_KcEEERKS0_NS_8LogLevelEbDpOT_
FN:61,_ZNK5sipai12SimpleLogger3logIJRA12_KcRfRA2_S2_EEERKS0_NS_8LogLevelEbDpOT_
FN:61,_ZNK5sipai12SimpleLogger3logIJRA20_KcEEERKS0_NS_8LogLevelEbDpOT_
FN:61,_ZNK5sipai12SimpleLogger3logIJRA75_KcEEERKS0_NS_8LogLevelEbDpOT_
FN:61,_ZNK5sipai12SimpleLogger3logIJRA40_KcEEERKS0_NS_8LogLevelEbDpOT_
FN:61,_ZNK5sipai12SimpleLogger3logIJRA8_KcRmRA3_S2_RNSt7__cxx1112basic_stringIcSt11char_traitsIcESaIcEEES7_RA7_S2_S5_RA2_S2_S5_RA4_S2_EEERKS0_NS_8LogLevelEbDpOT_
FN:61,_ZNK5sipai12SimpleLogger3logIJRA13_KcEEERKS0_NS_8LogLevelEbDpOT_
FN:61,_ZNK5sipai12SimpleLogger3logIJRA54_KcRNSt7__cxx1112basic_stringIcSt11char_traitsIcESaIcEEEEEERKS0_NS_8LogLevelEbDpOT_
FN:61,_ZNK5sipai12SimpleLogger3logIJRA22_KcRmRA23_S2_S5_RA24_S2_EEERKS0_NS_8LogLevelEbDpOT_
FN:61,_ZNK5sipai12SimpleLogger3logIJRA35_KcRNSt7__cxx1112basic_stringIcSt11char_traitsIcESaIcEEERA4_S2_EEERKS0_NS_8LogLevelEbDpOT_
FN:61,_ZNK5sipai12SimpleLogger3logIJRA39_KcRNSt7__cxx1112basic_stringIcSt11char_traitsIcESaIcEEERA4_S2_EEERKS0_NS_8LogLevelEbDpOT_
FN:61,_ZNK5sipai12SimpleLogger3logIJRA19_KcEEERKS0_NS_8LogLevelEbDpOT_
FN:61,_ZNK5sipai12SimpleLogger3logIJRA21_KcEEERKS0_NS_8LogLevelEbDpOT_
FN:61,_ZNK5sipai12SimpleLogger3logIJRA27_KcRmRA2_S2_S5_RA4_S2_EEERKS0_NS_8LogLevelEbDpOT_
FN:61,_ZNK5sipai12SimpleLogger3logIJRA23_KcEEERKS0_NS_8LogLevelEbDpOT_
FN:61,_ZNK5sipai12SimpleLogger3logIJRA15_KcRKfRA14_S2_RfEEERKS0_NS_8LogLevelEbDpOT_
FN:61,_ZNK5sipai12SimpleLogger3logIJRA34_KcEEERKS0_NS_8LogLevelEbDpOT_
FN:61,_ZNK5sipai12SimpleLogger3logIJRA8_KcRPS2_EEERKS0_NS_8LogLevelEbDpOT_
FN:61,_ZNK5sipai12SimpleLogger3logIJRA81_KcRmRA4_S2_RjRA12_S2_EEERKS0_NS_8LogLevelEbDpOT_
FN:61,_ZNK5sipai12SimpleLogger3logIJRA14_KcEEERKS0_NS_8LogLevelEbDpOT_
FN:61,_ZNK5sipai12SimpleLogger3logIJRA125_KcEEERKS0_NS_8LogLevelEbDpOT_
FN:61,_ZNK5sipai12SimpleLogger3logIJRA51_KcRiEEERKS0_NS_8LogLevelEbDpOT_
FN:61,_ZNK5sipai12SimpleLogger3logIJRA39_KcRjEEERKS0_NS_8LogLevelEbDpOT_
FN:61,_ZNK5sipai12SimpleLogger3logIJRA30_KcRNSt7__cxx1112basic_stringIcSt11char_traitsIcESaIcEEERA6_S2_SB_RA4_S2_EEERKS0_NS_8LogLevelEbDpOT_
FN:61,_ZNK5sipai12SimpleLogger3logIJRA25_KcEEERKS0_NS_8LogLevelEbDpOT_
FN:61,_ZNK5sipai12SimpleLogger3logIJRA28_KcEEERKS0_NS_8LogLevelEbDpOT_
FN:61,_ZNK5sipai12SimpleLogger3logIJRA28_KcRiRA4_S2_RPS2_EEERKS0_NS_8LogLevelEbDpOT_
FN:61,_ZNK5sipai12SimpleLogger3logIJRNSt7__cxx1112basic_stringIcSt11char_traitsIcESaIcEEEEEERKS0_NS_8LogLevelEbDpOT_
FN:61,_ZNK5sipai12SimpleLogger3logIJRA15_KcRKmRA3_S2_S6_S8_S6_RA2_S2_EEERKS0_NS_8LogLevelEbDpOT_
FN:61,_ZNK5sipai12SimpleLogger3logIJRA13_KcRA8_S2_RNSt7__cxx1112basic_stringIcSt11char_traitsIcESaIcEEERA18_S2_RmS6_SF_SG_RA28_S2_SD_RA29_S2_RfRA17_S2_SL_RA26_S2_RPS2_RA35_S2_SR_RA33_S2_SL_RA22_S2_SL_SX_SL_RA20_S2_SG_RA2_S2_SG_RA21_S2_SG_S11_SG_S13_SG_S11_SG_SN_SG_RA30_S2_SD_RA27_S2_SL_S15_SD_S17_SL_RA23_S2_SG_RA16_S2_SL_RA15_S2_SG_RA25_S2_SR_S19_SR_SP_SR_S17_SR_SX_SR_RA24_S2_SR_SX_SR_S1H_SR_EEERKS0_NS_8LogLevelEbDpOT_
FN:61,_ZNK5sipai12SimpleLogger3logIJRA24_KcEEERKS0_NS_8LogLevelEbDpOT_
FN:142,_ZNK5sipai12SimpleLogger4infoIJRA34_KcEEERKS0_DpOT_
FN:142,_ZNK5sipai12SimpleLogger4infoIJRA8_KcRmRA3_S2_RNSt7__cxx1112basic_stringIcSt11char_traitsIcESaIcEEES7_RA7_S2_S5_RA2_S2_S5_RA4_S2_EEERKS0_DpOT_
FN:142,_ZNK5sipai12SimpleLogger4infoIJRA17_KcEEERKS0_DpOT_
FN:142,_ZNK5sipai12SimpleLogger4infoIJRA20_KcEEERKS0_DpOT_
FN:142,_ZNK5sipai12SimpleLogger4infoIJRA19_KcEEERKS0_DpOT_
FN:142,_ZNK5sipai12SimpleLogger4infoIJRA35_KcRNSt7__cxx1112basic_stringIcSt11char_traitsIcESaIcEEERA4_S2_EEERKS0_DpOT_
FN:142,_ZNK5sipai12SimpleLogger4infoIJRA8_KcRiRA15_S2_RfRA21_S2_S8_RA2_S2_RNSt7__cxx1112basic_stringIcSt11char_traitsIcESaIcEEEEEERKS0_DpOT_
FN:142,_ZNK5sipai12SimpleLogger4infoIJRA125_KcEEERKS0_DpOT_
FN:142,_ZNK5sipai12SimpleLogger4infoIJRA15_KcRKmRA3_S2_S6_S8_S6_RA2_S2_EEERKS0_DpOT_
FN:142,_ZNK5sipai12SimpleLogger4infoIJRA39_KcRNSt7__cxx1112basic_stringIcSt11char_traitsIcESaIcEEERA4_S2_EEERKS0_DpOT_
FN:142,_ZNK5sipai12SimpleLogger4infoIJRA18_KcEEERKS0_DpOT_
FN:142,_ZNK5sipai12SimpleLogger4infoIJRA14_KcEEERKS0_DpOT_
FN:142,_ZNK5sipai12SimpleLogger4infoIJRA47_KcRNSt7__cxx1112basic_stringIcSt11char_traitsIcESaIcEEEEEERKS0_DpOT_
FN:142,_ZNK5sipai12SimpleLogger4infoIJRA28_KcEEERKS0_DpOT_
FN:142,_ZNK5sipai12SimpleLogger4infoIJRA75_KcEEERKS0_DpOT_
FN:142,_ZNK5sipai12SimpleLogger4infoIJRA39_KcRjEEERKS0_DpOT_
FN:142,_ZNK5sipai12SimpleLogger4infoIJRA40_KcEEERKS0_DpOT_
FN:142,_ZNK5sipai12SimpleLogger4infoIJRA18_KcRA256_cEEERKS0_DpOT_
FN:142,_ZNK5sipai12SimpleLogger4infoIJRA39_KcEEERKS0_DpOT_
FN:142,_ZNK5sipai12SimpleLogger4infoIJRA66_KcEEERKS0_DpOT_
FN:142,_ZNK5sipai12SimpleLogger4infoIJRA22_KcRmRA23_S2_S5_RA24_S2_EEERKS0_DpOT_
FN:142,_ZNK5sipai12SimpleLogger4infoIJRA15_KcRKfRA14_S2_RfEEERKS0_DpOT_
FN:142,_ZNK5sipai12SimpleLogger4infoIJRA13_KcRA8_S2_RNSt7__cxx1112basic_stringIcSt11char_traitsIcESaIcEEERA18_S2_RmS6_SF_SG_RA28_S2_SD_RA29_S2_RfRA17_S2_SL_RA26_S2_RPS2_RA35_S2_SR_RA33_S2_SL_RA22_S2_SL_SX_SL_RA20_S2_SG_RA2_S2_SG_RA21_S2_SG_S11_SG_S13_SG_S11_SG_SN_SG_RA30_S2_SD_RA27_S2_SL_S15_SD_S17_SL_RA23_S2_SG_RA16_S2_SL_RA15_S2_SG_RA25_S2_SR_S19_SR_SP_SR_S17_SR_SX_SR_RA24_S2_SR_SX_SR_S1H_SR_EEERKS0_DpOT_
FN:142,_ZNK5sipai12SimpleLogger4infoIJRA21_KcEEERKS0_DpOT_
FN:142,_ZNK5sipai12SimpleLogger4infoIJRA153_KcEEERKS0_DpOT_
FN:142,_ZNK5sipai12SimpleLogger4infoIJRA30_KcEEERKS0_DpOT_
FN:142,_ZNK5sipai12SimpleLogger4infoIJRA30_KcRNSt7__cxx1112basic_stringIcSt11char_traitsIcESaIcEEERA6_S2_SB_RA4_S2_EEERKS0_DpOT_
FN:142,_ZNK5sipai12SimpleLogger4infoIJRA34_KcRPS2_EEERKS0_DpOT_
FN:142,_ZNK5sipai12SimpleLogger4infoIJRA31_KcEEERKS0_DpOT_
FN:142,_ZNK5sipai12SimpleLogger4infoIJRA24_KcEEERKS0_DpOT_
FN:154,_ZNK5sipai12SimpleLogger4warnIJNSt7__cxx1112basic_stringIcSt11char_traitsIcESaIcEEEEEERKS0_DpOT_
FN:154,_ZNK5sipai12SimpleLogger4warnIJRA51_KcRiEEERKS0_DpOT_
FN:154,_ZNK5sipai12SimpleLogger4warnIJRA14_KcEEERKS0_DpOT_
FN:166,_ZNK5sipai12SimpleLogger5errorIJRA29_KcRKNSt7__cxx1112basic_stringIcSt11char_traitsIcESaIcEEEEEERKS0_DpOT_
FN:166,_ZNK5sipai12SimpleLogger5errorIJRA8_KcRPS2_EEERKS0_DpOT_
FN:166,_ZNK5sipai12SimpleLogger5errorIJRA14_KcEEERKS0_DpOT_
FN:166,_ZNK5sipai12SimpleLogger5errorIJRA24_KcRPS2_EEERKS0_DpOT_
FN:166,_ZNK5sipai12SimpleLogger5errorIJRA33_KcRPS2_EEERKS0_DpOT_
FN:166,_ZNK5sipai12SimpleLogger5errorIJRA111_KcEEERKS0_DpOT_
FN:166,_ZNK5sipai12SimpleLogger5errorIJRA53_KcRNSt7__cxx1112basic_stringIcSt11char_traitsIcESaIcEEEEEERKS0_DpOT_
FN:166,_ZNK5sipai12SimpleLogger5errorIJRA54_KcRNSt7__cxx1112basic_stringIcSt11char_traitsIcESaIcEEEEEERKS0_DpOT_
FN:166,_ZNK5sipai12SimpleLogger5errorIJRA81_KcRmRA4_S2_RjRA12_S2_EEERKS0_DpOT_
FN:166,_ZNK5sipai12SimpleLogger5errorIJRA28_KcRiRA4_S2_RPS2_EEERKS0_DpOT_
FN:166,_ZNK5sipai12SimpleLogger5errorIJRA25_KcEEERKS0_DpOT_
FN:166,_ZNK5sipai12SimpleLogger5errorIJRA30_KcEEERKS0_DpOT_
FN:166,_ZNK5sipai12SimpleLogger5errorIJRA28_KcRKNSt7__cxx1112basic_stringIcSt11char_traitsIcESaIcEEEEEERKS0_DpOT_
FN:178,_ZNK5sipai12SimpleLogger5debugIJRA14_KcEEERKS0_DpOT_
FN:178,_ZNK5sipai12SimpleLogger5debugIJRA12_KcRfRA2_S2_EEERKS0_DpOT_
FN:178,_ZNK5sipai12SimpleLogger5debugIJRA21_KcRmRA2_S2_S5_RA4_S2_EEERKS0_DpOT_
FN:178,_ZNK5sipai12SimpleLogger5debugIJRA26_KcRmRA2_S2_S5_RA4_S2_EEERKS0_DpOT_
FN:178,_ZNK5sipai12SimpleLogger5debugIJRA23_KcEEERKS0_DpOT_
FN:178,_ZNK5sipai12SimpleLogger5debugIJRA27_KcRmRA2_S2_S5_RA4_S2_EEERKS0_DpOT_
FN:178,_ZNK5sipai12SimpleLogger5debugIJRA20_KcEEERKS0_DpOT_
FN:200,_ZNK5sipai12SimpleLogger12setStreamOutERSo
FN:212,_ZNK5sipai12SimpleLogger12setStreamErrERSo
FN:224,_ZNK5sipai12SimpleLogger12setPrecisionEl
FN:235,_ZNK5sipai12SimpleLogger12getPrecisionEv
FN:255,_ZN5sipai12SimpleLogger8LOG_INFOIJRA39_KcRjEEERKS0_DpOT_
FN:255,_ZN5sipai12SimpleLogger8LOG_INFOIJRA19_KcEEERKS0_DpOT_
FN:255,_ZN5sipai12SimpleLogger8LOG_INFOIJRA22_KcmRA23_S2_mRA24_S2_EEERKS0_DpOT_
FN:255,_ZN5sipai12SimpleLogger8LOG_INFOIJRA28_KcEEERKS0_DpOT_
FN:255,_ZN5sipai12SimpleLogger8LOG_INFOIJRA125_KcEEERKS0_DpOT_
FN:255,_ZN5sipai12SimpleLogger8LOG_INFOIJRA40_KcEEERKS0_DpOT_
FN:255,_ZN5sipai12SimpleLogger8LOG_INFOIJRA35_KcRNSt7__cxx1112basic_stringIcSt11char_traitsIcESaIcEEERA4_S2_EEERKS0_DpOT_
FN:255,_ZN5sipai12SimpleLogger8LOG_INFOIJRA24_KcEEERKS0_DpOT_
FN:255,_ZN5sipai12SimpleLogger8LOG_INFOIJRA30_KcRNSt7__cxx1112basic_stringIcSt11char_traitsIcESaIcEEERA6_S2_SA_RA4_S2_EEERKS0_DpOT_
FN:255,_ZN5sipai12SimpleLogger8LOG_INFOIJRA17_KcEEERKS0_DpOT_
FN:255,_ZN5sipai12SimpleLogger8LOG_INFOIJRA30_KcEEERKS0_DpOT_
FN:255,_ZN5sipai12SimpleLogger8LOG_INFOIJRA13_KcRA8_S2_NSt7__cxx1112basic_stringIcSt11char_traitsIcESaIcEEERA18_S2_RmS6_SE_SF_RA28_S2_SC_RA29_S2_RfRA17_S2_SK_RA26_S2_PS2_RA35_S2_SP_RA33_S2_SK_RA22_S2_SK_SV_SK_RA20_S2_SF_RA2_S2_SF_RA21_S2_SF_SZ_SF_S11_SF_SZ_SF_SM_SF_RA30_S2_SC_RA27_S2_SK_S13_SC_S15_SK_RA23_S2_SF_RA16_S2_SK_RA15_S2_SF_RA25_S2_SP_S17_SP_SO_SP_S15_SP_SV_SP_RA24_S2_SP_SV_SP_S1F_SP_EEERKS0_DpOT_
FN:255,_ZN5sipai12SimpleLogger8LOG_INFOIJRA20_KcEEERKS0_DpOT_
FN:255,_ZN5sipai12SimpleLogger8LOG_INFOIJRA39_KcRNSt7__cxx1112basic_stringIcSt11char_traitsIcESaIcEEERA4_S2_EEERKS0_DpOT_
FN:255,_ZN5sipai12SimpleLogger8LOG_INFOIJRA15_KcRKmRA3_S2_S6_S8_S6_RA2_S2_EEERKS0_DpOT_
FN:255,_ZN5sipai12SimpleLogger8LOG_INFOIJRA153_KcEEERKS0_DpOT_
FN:255,_ZN5sipai12SimpleLogger8LOG_INFOIJRA18_KcRA256_cEEERKS0_DpOT_
FN:255,_ZN5sipai12SimpleLogger8LOG_INFOIJRA8_KciRA15_S2_fRA21_S2_fRA2_S2_NSt7__cxx1112basic_stringIcSt11char_traitsIcESaIcEEEEEERKS0_DpOT_
FN:255,_ZN5sipai12SimpleLogger8LOG_INFOIJRA75_KcEEERKS0_DpOT_
FN:255,_ZN5sipai12SimpleLogger8LOG_INFOIJRA39_KcEEERKS0_DpOT_
FN:255,_ZN5sipai12SimpleLogger8LOG_INFOIJRA18_KcEEERKS0_DpOT_
FN:255,_ZN5sipai12SimpleLogger8LOG_INFOIJRA34_KcPS2_EEERKS0_DpOT_
FN:255,_ZN5sipai12SimpleLogger8LOG_INFOIJRA34_KcEEERKS0_DpOT_
FN:255,_ZN5sipai12SimpleLogger8LOG_INFOIJRA31_KcEEERKS0_DpOT_
FN:255,_ZN5sipai12SimpleLogger8LOG_INFOIJRA66_KcEEERKS0_DpOT_
FN:255,_ZN5sipai12SimpleLogger8LOG_INFOIJRA14_KcEEERKS0_DpOT_
FN:255,_ZN5sipai12SimpleLogger8LOG_INFOIJRA21_KcEEERKS0_DpOT_
FN:255,_ZN5sipai12SimpleLogger8LOG_INFOIJRA47_KcRNSt7__cxx1112basic_stringIcSt11char_traitsIcESaIcEEEEEERKS0_DpOT_
FN:255,_ZN5sipai12SimpleLogger8LOG_INFOIJRA8_KcmRA3_S2_NSt7__cxx1112basic_stringIcSt11char_traitsIcESaIcEEES6_RA7_S2_RmRA2_S2_mRA4_S2_EEERKS0_DpOT_
FN:266,_ZN5sipai12SimpleLogger8LOG_WARNIJRA14_KcEEERKS0_DpOT_
FN:266,_ZN5sipai12SimpleLogger8LOG_WARNIJRA51_KciEEERKS0_DpOT_
FN:266,_ZN5sipai12SimpleLogger8LOG_WARNIJRA51_KcRiEEERKS0_DpOT_
FN:277,_ZN5sipai12SimpleLogger9LOG_ERRORIJRA8_KcPS2_EEERKS0_DpOT_
FN:277,_ZN5sipai12SimpleLogger9LOG_ERRORIJRA24_KcPS2_EEERKS0_DpOT_
FN:277,_ZN5sipai12SimpleLogger9LOG_ERRORIJRA30_KcEEERKS0_DpOT_
FN:277,_ZN5sipai12SimpleLogger9LOG_ERRORIJRA33_KcPS2_EEERKS0_DpOT_
FN:277,_ZN5sipai12SimpleLogger9LOG_ERRORIJRA25_KcEEERKS0_DpOT_
FN:277,_ZN5sipai12SimpleLogger9LOG_ERRORIJRA29_KcRKNSt7__cxx1112basic_stringIcSt11char_traitsIcESaIcEEEEEERKS0_DpOT_
FN:277,_ZN5sipai12SimpleLogger9LOG_ERRORIJRA54_KcNSt7__cxx1112basic_stringIcSt11char_traitsIcESaIcEEEEEERKS0_DpOT_
FN:277,_ZN5sipai12SimpleLogger9LOG_ERRORIJRA28_KcRKNSt7__cxx1112basic_stringIcSt11char_traitsIcESaIcEEEEEERKS0_DpOT_
FN:277,_ZN5sipai12SimpleLogger9LOG_ERRORIJRA53_KcNSt7__cxx1112basic_stringIcSt11char_traitsIcESaIcEEEEEERKS0_DpOT_
FN:277,_ZN5sipai12SimpleLogger9LOG_ERRORIJRA28_KcRiRA4_S2_PS2_EEERKS0_DpOT_
FN:277,_ZN5sipai12SimpleLogger9LOG_ERRORIJRA81_KcRmRA4_S2_RjRA12_S2_EEERKS0_DpOT_
FN:277,_ZN5sipai12SimpleLogger9LOG_ERRORIJRA14_KcEEERKS0_DpOT_
FN:277,_ZN5sipai12SimpleLogger9LOG_ERRORIJRA111_KcEEERKS0_DpOT_
FN:288,_ZN5sipai12SimpleLogger9LOG_DEBUGIJRA21_KcmRA2_S2_mRA4_S2_EEERKS0_DpOT_
FN:288,_ZN5sipai12SimpleLogger9LOG_DEBUGIJRA20_KcEEERKS0_DpOT_
FN:288,_ZN5sipai12SimpleLogger9LOG_DEBUGIJRA23_KcEEERKS0_DpOT_
FN:288,_ZN5sipai12SimpleLogger9LOG_DEBUGIJRA27_KcmRA2_S2_mRA4_S2_EEERKS0_DpOT_
FN:288,_ZN5sipai12SimpleLogger9LOG_DEBUGIJRA12_KcfRA2_S2_EEERKS0_DpOT_
FN:288,_ZN5sipai12SimpleLogger9LOG_DEBUGIJRA14_KcEEERKS0_DpOT_
FN:288,_ZN5sipai12SimpleLogger9LOG_DEBUGIJRA26_KcmRA2_S2_mRA4_S2_EEERKS0_DpOT_
FN:293,_ZN5sipai12SimpleLoggerC2Ev
FN:305,_ZNK5sipai12SimpleLogger13get_timestampB5cxx11Ev
FN:322,_ZNK5sipai12SimpleLogger8toStringB5cxx11ENS_8LogLevelE
FNDA:0,_ZNK5sipai12SimpleLogger4infoIJRA15_KcRKfRA14_S2_RfEEERKS0_DpOT_
FNDA:0,_ZNK5sipai12SimpleLogger3logIJRA19_KcEEERKS0_NS_8LogLevelEbDpOT_
FNDA:4,_ZNK5sipai12SimpleLogger3logIJRA21_KcEEERKS0_NS_8LogLevelEbDpOT_
FNDA:14,_ZNK5sipai12SimpleLogger3logIJRA27_KcRmRA2_S2_S5_RA4_S2_EEERKS0_NS_8LogLevelEbDpOT_
FNDA:5,_ZNK5sipai12SimpleLogger4infoIJRA66_KcEEERKS0_DpOT_
FNDA:0,_ZNK5sipai12SimpleLogger3logIJRA15_KcRKfRA14_S2_RfEEERKS0_NS_8LogLevelEbDpOT_
FNDA:8,_ZN5sipai12SimpleLogger8LOG_INFOIJRA18_KcEEERKS0_DpOT_
FNDA:1,_ZNK5sipai12SimpleLogger3logIJRA23_KcEEERKS0_NS_8LogLevelEbDpOT_
FNDA:1,_ZNK5sipai12SimpleLogger4infoIJRA22_KcRmRA23_S2_S5_RA24_S2_EEERKS0_DpOT_
FNDA:0,_ZNK5sipai12SimpleLogger4infoIJRA13_KcRA8_S2_RNSt7__cxx1112basic_stringIcSt11char_traitsIcESaIcEEERA18_S2_RmS6_SF_SG_RA28_S2_SD_RA29_S2_RfRA17_S2_SL_RA26_S2_RPS2_RA35_S2_SR_RA33_S2_SL_RA22_S2_SL_SX_SL_RA20_S2_SG_RA2_S2_SG_RA21_S2_SG_S11_SG_S13_SG_S11_SG_SN_SG_RA30_S2_SD_RA27_S2_SL_S15_SD_S17_SL_RA23_S2_SG_RA16_S2_SL_RA15_S2_SG_RA25_S2_SR_S19_SR_SP_SR_S17_SR_SX_SR_RA24_S2_SR_SX_SR_S1H_SR_EEERKS0_DpOT_
FNDA:0,_ZNK5sipai12SimpleLogger3logIJRA81_KcRmRA4_S2_RjRA12_S2_EEERKS0_NS_8LogLevelEbDpOT_
FNDA:14,_ZNK5sipai12SimpleLogger5debugIJRA21_KcRmRA2_S2_S5_RA4_S2_EEERKS0_DpOT_
FNDA:0,_ZN5sipai12SimpleLogger9LOG_ERRORIJRA81_KcRmRA4_S2_RjRA12_S2_EEERKS0_DpOT_
FNDA:0,_ZN5sipai12SimpleLogger9LOG_ERRORIJRA28_KcRiRA4_S2_PS2_EEERKS0_DpOT_
FNDA:20,_ZNK5sipai12SimpleLogger5debugIJRA26_KcRmRA2_S2_S5_RA4_S2_EEERKS0_DpOT_
FNDA:20,_ZN5sipai12SimpleLogger9LOG_DEBUGIJRA26_KcmRA2_S2_mRA4_S2_EEERKS0_DpOT_
FNDA:0,_ZNK5sipai12SimpleLogger3logIJRA8_KcRPS2_EEERKS0_NS_8LogLevelEbDpOT_
FNDA:0,_ZNK5sipai12SimpleLogger5errorIJRA28_KcRiRA4_S2_RPS2_EEERKS0_DpOT_
FNDA:0,_ZNK5sipai12SimpleLogger3logIJRA34_KcEEERKS0_NS_8LogLevelEbDpOT_
FNDA:0,_ZN5sipai12SimpleLogger8LOG_INFOIJRA34_KcPS2_EEERKS0_DpOT_
FNDA:0,_ZN5sipai12SimpleLogger8LOG_INFOIJRA75_KcEEERKS0_DpOT_
FNDA:6,_ZN5sipai12SimpleLogger8LOG_INFOIJRA8_KciRA15_S2_fRA21_S2_fRA2_S2_NSt7__cxx1112basic_stringIcSt11char_traitsIcESaIcEEEEEERKS0_DpOT_
FNDA:1,_ZNK5sipai12SimpleLogger4warnIJRA14_KcEEERKS0_DpOT_
FNDA:1,_ZNK5sipai12SimpleLogger3logIJRA13_KcEEERKS0_NS_8LogLevelEbDpOT_
FNDA:7,_ZN5sipai12SimpleLogger8LOG_INFOIJRA39_KcEEERKS0_DpOT_
FNDA:20,_ZNK5sipai12SimpleLogger3logIJRA8_KcRmRA3_S2_RNSt7__cxx1112basic_stringIcSt11char_traitsIcESaIcEEES7_RA7_S2_S5_RA2_S2_S5_RA4_S2_EEERKS0_NS_8LogLevelEbDpOT_
FNDA:0,_ZNK5sipai12SimpleLogger3logIJRA75_KcEEERKS0_NS_8LogLevelEbDpOT_
FNDA:0,_ZNK5sipai12SimpleLogger5errorIJRA53_KcRNSt7__cxx1112basic_stringIcSt11char_traitsIcESaIcEEEEEERKS0_DpOT_
FNDA:0,_ZN5sipai12SimpleLogger9LOG_ERRORIJRA28_KcRKNSt7__cxx1112basic_stringIcSt11char_traitsIcESaIcEEEEEERKS0_DpOT_
FNDA:6,_ZNK5sipai12SimpleLogger12setPrecisionEl
FNDA:12,_ZN5sipai12SimpleLogger9LOG_DEBUGIJRA12_KcfRA2_S2_EEERKS0_DpOT_
FNDA:23,_ZNK5sipai12SimpleLogger3logIJRA40_KcEEERKS0_NS_8LogLevelEbDpOT_
FNDA:0,_ZNK5sipai12SimpleLogger5errorIJRA54_KcRNSt7__cxx1112basic_stringIcSt11char_traitsIcESaIcEEEEEERKS0_DpOT_
FNDA:0,_ZN5sipai12SimpleLogger9LOG_ERRORIJRA53_KcNSt7__cxx1112basic_stringIcSt11char_traitsIcESaIcEEEEEERKS0_DpOT_
FNDA:1,_ZNK5sipai12SimpleLogger3logIJRA39_KcRNSt7__cxx1112basic_stringIcSt11char_traitsIcESaIcEEERA4_S2_EEERKS0_NS_8LogLevelEbDpOT_
FNDA:0,_ZNK5sipai12SimpleLogger5errorIJRA81_KcRmRA4_S2_RjRA12_S2_EEERKS0_DpOT_
FNDA:1,_ZNK5sipai12SimpleLogger3logIJRA35_KcRNSt7__cxx1112basic_stringIcSt11char_traitsIcESaIcEEERA4_S2_EEERKS0_NS_8LogLevelEbDpOT_
FNDA:0,_ZNK5sipai12SimpleLogger4infoIJRA18_KcRA256_cEEERKS0_DpOT_
FNDA:0,_ZNK5sipai12SimpleLogger3logIJRA54_KcRNSt7__cxx1112basic_stringIcSt11char_traitsIcESaIcEEEEEERKS0_NS_8LogLevelEbDpOT_
FNDA:1,_ZNK5sipai12SimpleLogger3logIJRA22_KcRmRA23_S2_S5_RA24_S2_EEERKS0_NS_8LogLevelEbDpOT_
FNDA:7,_ZNK5sipai12SimpleLogger4infoIJRA39_KcEEERKS0_DpOT_
FNDA:1,_ZN5sipai12SimpleLogger9LOG_DEBUGIJRA14_KcEEERKS0_DpOT_
FNDA:14,_ZNK5sipai12SimpleLogger5debugIJRA27_KcRmRA2_S2_S5_RA4_S2_EEERKS0_DpOT_
FNDA:2,_ZNK5sipai12SimpleLogger3logIJRA28_KcEEERKS0_NS_8LogLevelEbDpOT_
FNDA:4,_ZN5sipai12SimpleLogger8LOG_INFOIJRA21_KcEEERKS0_DpOT_
FNDA:12,_ZNK5sipai12SimpleLogger5debugIJRA20_KcEEERKS0_DpOT_
FNDA:0,_ZNK5sipai12SimpleLogger3logIJRA28_KcRiRA4_S2_RPS2_EEERKS0_NS_8LogLevelEbDpOT_
FNDA:0,_ZNK5sipai12SimpleLogger4infoIJRA34_KcRPS2_EEERKS0_DpOT_
FNDA:0,_ZN5sipai12SimpleLogger9LOG_ERRORIJRA111_KcEEERKS0_DpOT_
FNDA:4,_ZNK5sipai12SimpleLogger4infoIJRA30_KcRNSt7__cxx1112basic_stringIcSt11char_traitsIcESaIcEEERA6_S2_SB_RA4_S2_EEERKS0_DpOT_
FNDA:0,_ZNK5sipai12SimpleLogger3logIJRA25_KcEEERKS0_NS_8LogLevelEbDpOT_
FNDA:0,_ZNK5sipai12SimpleLogger5errorIJRA25_KcEEERKS0_DpOT_
FNDA:1,_ZN5sipai12SimpleLogger8LOG_INFOIJRA14_KcEEERKS0_DpOT_
FNDA:3,_ZNK5sipai12SimpleLogger3logIJRA15_KcRKmRA3_S2_S6_S8_S6_RA2_S2_EEERKS0_NS_8LogLevelEbDpOT_
FNDA:1,_ZNK5sipai12SimpleLogger4infoIJRA24_KcEEERKS0_DpOT_
FNDA:20,_ZN5sipai12SimpleLogger8LOG_INFOIJRA8_KcmRA3_S2_NSt7__cxx1112basic_stringIcSt11char_traitsIcESaIcEEES6_RA7_S2_RmRA2_S2_mRA4_S2_EEERKS0_DpOT_
FNDA:0,_ZNK5sipai12SimpleLogger3logIJRA13_KcRA8_S2_RNSt7__cxx1112basic_stringIcSt11char_traitsIcESaIcEEERA18_S2_RmS6_SF_SG_RA28_S2_SD_RA29_S2_RfRA17_S2_SL_RA26_S2_RPS2_RA35_S2_SR_RA33_S2_SL_RA22_S2_SL_SX_SL_RA20_S2_SG_RA2_S2_SG_RA21_S2_SG_S11_SG_S13_SG_S11_SG_SN_SG_RA30_S2_SD_RA27_S2_SL_S15_SD_S17_SL_RA23_S2_SG_RA16_S2_SL_RA15_S2_SG_RA25_S2_SR_S19_SR_SP_SR_S17_SR_SX_SR_RA24_S2_SR_SX_SR_S1H_SR_EEERKS0_NS_8LogLevelEbDpOT_
FNDA:1,_ZNK5sipai12SimpleLogger3logIJRA24_KcEEERKS0_NS_8LogLevelEbDpOT_
FNDA:1,_ZN5sipai12SimpleLogger8LOG_INFOIJRA47_KcRNSt7__cxx1112basic_stringIcSt11char_traitsIcESaIcEEEEEERKS0_DpOT_
FNDA:0,_ZNK5sipai12SimpleLogger5errorIJRA30_KcEEERKS0_DpOT_
FNDA:0,_ZNK5sipai12SimpleLogger5errorIJRA28_KcRKNSt7__cxx1112basic_stringIcSt11char_traitsIcESaIcEEEEEERKS0_DpOT_
FNDA:0,_ZNK5sipai12SimpleLogger3logIJRNSt7__cxx1112basic_stringIcSt11char_traitsIcESaIcEEEEEERKS0_NS_8LogLevelEbDpOT_
FNDA:7,_ZNK5sipai12SimpleLogger4infoIJRA31_KcEEERKS0_DpOT_
FNDA:1,_ZNK5sipai12SimpleLogger5debugIJRA23_KcEEERKS0_DpOT_
FNDA:0,_ZNK5sipai12SimpleLogger4infoIJRA153_KcEEERKS0_DpOT_
FNDA:0,_ZNK5sipai12SimpleLogger4infoIJRA30_KcEEERKS0_DpOT_
FNDA:0,_ZN5sipai12SimpleLogger8LOG_INFOIJRA34_KcEEERKS0_DpOT_
FNDA:4,_ZNK5sipai12SimpleLogger4infoIJRA21_KcEEERKS0_DpOT_
FNDA:8,_ZNK5sipai12SimpleLogger3logIJRA14_KcEEERKS0_NS_8LogLevelEbDpOT_
FNDA:0,_ZNK5sipai12SimpleLogger3logIJRA125_KcEEERKS0_NS_8LogLevelEbDpOT_
FNDA:0,_ZNK5sipai12SimpleLogger3logIJRA51_KcRiEEERKS0_NS_8LogLevelEbDpOT_
FNDA:5,_ZN5sipai12SimpleLogger8LOG_INFOIJRA66_KcEEERKS0_DpOT_
FNDA:0,_ZNK5sipai12SimpleLogger3logIJRA39_KcRjEEERKS0_NS_8LogLevelEbDpOT_
FNDA:1,_ZN5sipai12SimpleLogger9LOG_ERRORIJRA14_KcEEERKS0_DpOT_
FNDA:7,_ZN5sipai12SimpleLogger8LOG_INFOIJRA31_KcEEERKS0_DpOT_
FNDA:4,_ZNK5sipai12SimpleLogger3logIJRA30_KcRNSt7__cxx1112basic_stringIcSt11char_traitsIcESaIcEEERA6_S2_SB_RA4_S2_EEERKS0_NS_8LogLevelEbDpOT_
FNDA:1,_ZNK5sipai12SimpleLogger4infoIJRA35_KcRNSt7__cxx1112basic_stringIcSt11char_traitsIcESaIcEEERA4_S2_EEERKS0_DpOT_
FNDA:6,_ZNK5sipai12SimpleLogger4infoIJRA8_KcRiRA15_S2_RfRA21_S2_S8_RA2_S2_RNSt7__cxx1112basic_stringIcSt11char_traitsIcESaIcEEEEEERKS0_DpOT_
FNDA:3,_ZNK5sipai12SimpleLogger4infoIJRA15_KcRKmRA3_S2_S6_S8_S6_RA2_S2_EEERKS0_DpOT_
FNDA:0,_ZN5sipai12SimpleLogger9LOG_ERRORIJRA30_KcEEERKS0_DpOT_
FNDA:0,_ZNK5sipai12SimpleLogger4infoIJRA125_KcEEERKS0_DpOT_
FNDA:14,_ZN5sipai12SimpleLogger9LOG_DEBUGIJRA21_KcmRA2_S2_mRA4_S2_EEERKS0_DpOT_
FNDA:0,_ZN5sipai12SimpleLogger8LOG_WARNIJRA51_KciEEERKS0_DpOT_
FNDA:1,_ZN5sipai12SimpleLogger8LOG_INFOIJRA24_KcEEERKS0_DpOT_
FNDA:0,_ZNK5sipai12SimpleLogger3logIJRA18_KcRA256_cEEERKS0_NS_8LogLevelEbDpOT_
FNDA:0,_ZNK5sipai12SimpleLogger4warnIJNSt7__cxx1112basic_stringIcSt11char_traitsIcESaIcEEEEEERKS0_DpOT_
FNDA:1,_ZNK5sipai12SimpleLogger3logIJRA47_KcRNSt7__cxx1112basic_stringIcSt11char_traitsIcESaIcEEEEEERKS0_NS_8LogLevelEbDpOT_
FNDA:8,_ZNK5sipai12SimpleLogger4infoIJRA18_KcEEERKS0_DpOT_
FNDA:4,_ZN5sipai12SimpleLogger8LOG_INFOIJRA30_KcRNSt7__cxx1112basic_stringIcSt11char_traitsIcESaIcEEERA6_S2_SA_RA4_S2_EEERKS0_DpOT_
FNDA:0,_ZN5sipai12SimpleLogger9LOG_ERRORIJRA33_KcPS2_EEERKS0_DpOT_
FNDA:1,_ZNK5sipai12SimpleLogger4infoIJRA39_KcRNSt7__cxx1112basic_stringIcSt11char_traitsIcESaIcEEERA4_S2_EEERKS0_DpOT_
FNDA:7,_ZN5sipai12SimpleLogger8LOG_INFOIJRA17_KcEEERKS0_DpOT_
FNDA:0,_ZNK5sipai12SimpleLogger3logIJRA34_KcRPS2_EEERKS0_NS_8LogLevelEbDpOT_
FNDA:6,_ZNK5sipai12SimpleLogger3logIJRA8_KcRiRA15_S2_RfRA21_S2_S8_RA2_S2_RNSt7__cxx1112basic_stringIcSt11char_traitsIcESaIcEEEEEERKS0_NS_8LogLevelEbDpOT_
FNDA:1,_ZN5sipai12SimpleLogger8LOG_INFOIJRA22_KcmRA23_S2_mRA24_S2_EEERKS0_DpOT_
FNDA:0,_ZN5sipai12SimpleLogger8LOG_INFOIJRA39_KcRjEEERKS0_DpOT_
FNDA:0,_ZNK5sipai12SimpleLogger3logIJRA24_KcRPS2_EEERKS0_NS_8LogLevelEbDpOT_
FNDA:0,_ZNK5sipai12SimpleLogger5errorIJRA29_KcRKNSt7__cxx1112basic_stringIcSt11char_traitsIcESaIcEEEEEERKS0_DpOT_
FNDA:7,_ZNK5sipai12SimpleLogger3logIJRA31_KcEEERKS0_NS_8LogLevelEbDpOT_
FNDA:0,_ZN5sipai12SimpleLogger8LOG_INFOIJRA19_KcEEERKS0_DpOT_
FNDA:1,_ZNK5sipai12SimpleLogger5debugIJRA14_KcEEERKS0_DpOT_
FNDA:0,_ZNK5sipai12SimpleLogger4infoIJRA34_KcEEERKS0_DpOT_
FNDA:23,_ZN5sipai12SimpleLogger8LOG_INFOIJRA40_KcEEERKS0_DpOT_
FNDA:0,_ZNK5sipai12SimpleLogger5errorIJRA8_KcRPS2_EEERKS0_DpOT_
FNDA:7,_ZNK5sipai12SimpleLogger4infoIJRA17_KcEEERKS0_DpOT_
FNDA:3,_ZNK5sipai12SimpleLogger4infoIJRA20_KcEEERKS0_DpOT_
FNDA:1,_ZN5sipai12SimpleLogger8LOG_INFOIJRA35_KcRNSt7__cxx1112basic_stringIcSt11char_traitsIcESaIcEEERA4_S2_EEERKS0_DpOT_
FNDA:0,_ZNK5sipai12SimpleLogger3logIJRA153_KcEEERKS0_NS_8LogLevelEbDpOT_
FNDA:0,_ZNK5sipai12SimpleLogger4infoIJRA19_KcEEERKS0_DpOT_
FNDA:0,_ZNK5sipai12SimpleLogger3logIJRA30_KcEEERKS0_NS_8LogLevelEbDpOT_
FNDA:0,_ZNK5sipai12SimpleLogger3logIJRA33_KcRPS2_EEERKS0_NS_8LogLevelEbDpOT_
FNDA:2,_ZN5sipai12SimpleLogger8LOG_INFOIJRA28_KcEEERKS0_DpOT_
FNDA:7,_ZNK5sipai12SimpleLogger3logIJRA17_KcEEERKS0_NS_8LogLevelEbDpOT_
FNDA:0,_ZN5sipai12SimpleLogger8LOG_INFOIJRA125_KcEEERKS0_DpOT_
FNDA:0,_ZNK5sipai12SimpleLogger3logIJRA53_KcRNSt7__cxx1112basic_stringIcSt11char_traitsIcESaIcEEEEEERKS0_NS_8LogLevelEbDpOT_
FNDA:0,_ZN5sipai12SimpleLogger9LOG_ERRORIJRA8_KcPS2_EEERKS0_DpOT_
FNDA:0,_ZNK5sipai12SimpleLogger3logIJRA29_KcRKNSt7__cxx1112basic_stringIcSt11char_traitsIcESaIcEEEEEERKS0_NS_8LogLevelEbDpOT_
FNDA:0,_ZNK5sipai12SimpleLogger3logIJRA28_KcRKNSt7__cxx1112basic_stringIcSt11char_traitsIcESaIcEEEEEERKS0_NS_8LogLevelEbDpOT_
FNDA:2,_ZNK5sipai12SimpleLogger12setStreamErrERSo
FNDA:20,_ZNK5sipai12SimpleLogger4infoIJRA8_KcRmRA3_S2_RNSt7__cxx1112basic_stringIcSt11char_traitsIcESaIcEEES7_RA7_S2_S5_RA2_S2_S5_RA4_S2_EEERKS0_DpOT_
FNDA:1,_ZN5sipai12SimpleLogger8LOG_WARNIJRA14_KcEEERKS0_DpOT_
FNDA:0,_ZN5sipai12SimpleLogger9LOG_ERRORIJRA24_KcPS2_EEERKS0_DpOT_
FNDA:0,_ZN5sipai12SimpleLogger8LOG_WARNIJRA51_KcRiEEERKS0_DpOT_
FNDA:0,_ZN5sipai12SimpleLogger8LOG_INFOIJRA18_KcRA256_cEEERKS0_DpOT_
FNDA:23,_ZNK5sipai12SimpleLogger4infoIJRA40_KcEEERKS0_DpOT_
FNDA:0,_ZNK5sipai12SimpleLogger5errorIJRA111_KcEEERKS0_DpOT_
FNDA:3,_ZN5sipai12SimpleLogger8LOG_INFOIJRA20_KcEEERKS0_DpOT_
FNDA:0,_ZNK5sipai12SimpleLogger3logIJRA111_KcEEERKS0_NS_8LogLevelEbDpOT_
FNDA:0,_ZNK5sipai12SimpleLogger4infoIJRA75_KcEEERKS0_DpOT_
FNDA:8,_ZNK5sipai12SimpleLogger3logIJRA18_KcEEERKS0_NS_8LogLevelEbDpOT_
FNDA:3,_ZN5sipai12SimpleLogger8LOG_INFOIJRA15_KcRKmRA3_S2_S6_S8_S6_RA2_S2_EEERKS0_DpOT_
FNDA:1,_ZN5sipai12SimpleLogger8LOG_INFOIJRA39_KcRNSt7__cxx1112basic_stringIcSt11char_traitsIcESaIcEEERA4_S2_EEERKS0_DpOT_
FNDA:0,_ZN5sipai12SimpleLogger8LOG_INFOIJRA153_KcEEERKS0_DpOT_
FNDA:188,_ZN5sipai12SimpleLogger11getInstanceEv
FNDA:1,_ZN5sipai12SimpleLogger9LOG_DEBUGIJRA23_KcEEERKS0_DpOT_
FNDA:0,_ZNK5sipai12SimpleLogger4infoIJRA39_KcRjEEERKS0_DpOT_
FNDA:12,_ZNK5sipai12SimpleLogger3logIJRA12_KcRfRA2_S2_EEERKS0_NS_8LogLevelEbDpOT_
FNDA:0,_ZN5sipai12SimpleLogger9LOG_ERRORIJRA54_KcNSt7__cxx1112basic_stringIcSt11char_traitsIcESaIcEEEEEERKS0_DpOT_
FNDA:0,_ZNK5sipai12SimpleLogger4warnIJRA51_KcRiEEERKS0_DpOT_
FNDA:14,_ZN5sipai12SimpleLogger9LOG_DEBUGIJRA27_KcmRA2_S2_mRA4_S2_EEERKS0_DpOT_
FNDA:15,_ZNK5sipai12SimpleLogger3logIJRA20_KcEEERKS0_NS_8LogLevelEbDpOT_
FNDA:2,_ZNK5sipai12SimpleLogger12setStreamOutERSo
FNDA:2,_ZNK5sipai12SimpleLogger12getPrecisionEv
FNDA:1,_ZNK5sipai12SimpleLogger4infoIJRA47_KcRNSt7__cxx1112basic_stringIcSt11char_traitsIcESaIcEEEEEERKS0_DpOT_
FNDA:0,_ZN5sipai12SimpleLogger9LOG_ERRORIJRA29_KcRKNSt7__cxx1112basic_stringIcSt11char_traitsIcESaIcEEEEEERKS0_DpOT_
FNDA:12,_ZNK5sipai12SimpleLogger5debugIJRA12_KcRfRA2_S2_EEERKS0_DpOT_
FNDA:0,_ZNK5sipai12SimpleLogger5errorIJRA24_KcRPS2_EEERKS0_DpOT_
FNDA:12,_ZN5sipai12SimpleLogger9LOG_DEBUGIJRA20_KcEEERKS0_DpOT_
FNDA:1,_ZNK5sipai12SimpleLogger4infoIJRA14_KcEEERKS0_DpOT_
FNDA:0,_ZN5sipai12SimpleLogger8LOG_INFOIJRA30_KcEEERKS0_DpOT_
FNDA:1,_ZNK5sipai12SimpleLogger5errorIJRA14_KcEEERKS0_DpOT_
FNDA:14,_ZNK5sipai12SimpleLogger3logIJRA21_KcRmRA2_S2_S5_RA4_S2_EEERKS0_NS_8LogLevelEbDpOT_
FNDA:0,_ZN5sipai12SimpleLogger9LOG_ERRORIJRA25_KcEEERKS0_DpOT_
FNDA:20,_ZNK5sipai12SimpleLogger3logIJRA26_KcRmRA2_S2_S5_RA4_S2_EEERKS0_NS_8LogLevelEbDpOT_
FNDA:186,_ZNK5sipai12SimpleLogger13get_timestampB5cxx11Ev
FNDA:2,_ZNK5sipai12SimpleLogger4infoIJRA28_KcEEERKS0_DpOT_
FNDA:1,_ZN5sipai12SimpleLoggerC2Ev
FNDA:0,_ZNK5sipai12SimpleLogger5errorIJRA33_KcRPS2_EEERKS0_DpOT_
FNDA:186,_ZNK5sipai12SimpleLogger8toStringB5cxx11ENS_8LogLevelE
FNDA:0,_ZN5sipai12SimpleLogger8LOG_INFOIJRA13_KcRA8_S2_NSt7__cxx1112basic_stringIcSt11char_traitsIcESaIcEEERA18_S2_RmS6_SE_SF_RA28_S2_SC_RA29_S2_RfRA17_S2_SK_RA26_S2_PS2_RA35_S2_SP_RA33_S2_SK_RA22_S2_SK_SV_SK_RA20_S2_SF_RA2_S2_SF_RA21_S2_SF_SZ_SF_S11_SF_SZ_SF_SM_SF_RA30_S2_SC_RA27_S2_SK_S13_SC_S15_SK_RA23_S2_SF_RA16_S2_SK_RA15_S2_SF_RA25_S2_SP_S17_SP_SO_SP_S15_SP_SV_SP_RA24_S2_SP_SV_SP_S1F_SP_EEERKS0_DpOT_
FNDA:5,_ZNK5sipai12SimpleLogger3logIJRA66_KcEEERKS0_NS_8LogLevelEbDpOT_
FNDA:7,_ZNK5sipai12SimpleLogger3logIJRA39_KcEEERKS0_NS_8LogLevelEbDpOT_
FNF:162
FNH:89
DA:35,188
DA:36,188
DA:37,188
DA:61,186
DA:62,186
DA:63,186
DA:65,186
DA:66,186
DA:68,186
DA:69,186
DA:70,186
DA:71,186
DA:72,186
DA:73,186
DA:74,186
DA:78,186
DA:79,0
DA:81,186
DA:82,186
DA:142,105
DA:143,105
DA:154,1
DA:155,1
DA:166,1
DA:167,1
DA:178,74
DA:179,74
DA:200,2
DA:201,2
DA:202,2
DA:203,2
DA:204,2
DA:212,2
DA:213,2
DA:214,2
DA:215,2
DA:216,2
DA:224,6
DA:225,6
DA:226,6
DA:227,6
DA:228,6
DA:235,2
DA:255,105
DA:256,105
DA:266,1
DA:267,1
DA:277,1
DA:278,1
DA:288,74
DA:289,74
DA:293,1
DA:294,1
DA:295,1
DA:296,1
DA:305,186
DA:306,186
DA:307,186
DA:308,186
DA:309,186
DA:314,186
DA:317,186
DA:319,372
DA:320,186
DA:322,186
DA:323,186
DA:324,106
DA:325,106
DA:326,2
DA:327,2
DA:328,2
DA:329,2
DA:330,75
DA:331,75
DA:332,1
DA:333,1
LF:76
LH:75
end_of_record
TN:
SF:/__w/SIPAI/SIPAI/libs/libsipai/include/TrainingDataFactory.h
FN:25,_ZN5sipai19TrainingDataFactory11getInstanceEv
FN:28,_ZZN5sipai19TrainingDataFactory11getInstanceEvENKUlvE_clEv
FN:36,_ZN5sipai19TrainingDataFactoryD2Ev
FN:56,_ZNK5sipai19TrainingDataFactory7getSizeENS_13TrainingPhaseE
FN:85,_ZNK5sipai19TrainingDataFactory8isLoadedEv
FN:106,_ZN5sipai19TrainingDataFactory7shuffleENS_13TrainingPhaseE
FN:121,_ZN5sipai19TrainingDataFactoryC2Ev
FNDA:6,_ZN5sipai19TrainingDataFactory7shuffleENS_13TrainingPhaseE
FNDA:35,_ZNK5sipai19TrainingDataFactory7getSizeENS_13TrainingPhaseE
FNDA:1,_ZN5sipai19TrainingDataFactoryC2Ev
FNDA:7,_ZNK5sipai19TrainingDataFactory8isLoadedEv
FNDA:1,_ZZN5sipai19TrainingDataFactory11getInstanceEvENKUlvE_clEv
FNDA:1,_ZN5sipai19TrainingDataFactoryD2Ev
FNDA:35,_ZN5sipai19TrainingDataFactory11getInstanceEv
FNF:7
FNH:7
DA:25,35
DA:27,35
DA:28,1
DA:29,35
DA:36,1
DA:56,35
DA:57,35
DA:58,23
DA:59,23
DA:60,12
DA:61,12
DA:62,0
DA:63,0
DA:85,7
DA:106,6
DA:107,6
DA:108,6
DA:109,6
DA:110,6
DA:111,6
DA:112,0
DA:113,0
DA:114,0
DA:115,0
DA:116,0
DA:118,6
DA:121,1
LF:27
LH:20
end_of_record
TN:
SF:/__w/SIPAI/SIPAI/libs/libsipai/include/exception/FileReaderException.h
FN:13,_ZN5sipai19FileReaderExceptionC2ERKNSt7__cxx1112basic_stringIcSt11char_traitsIcESaIcEEE
FN:15,_ZNK5sipai19FileReaderException4whatEv
FNDA:1,_ZN5sipai19FileReaderExceptionC2ERKNSt7__cxx1112basic_stringIcSt11char_traitsIcESaIcEEE
FNDA:1,_ZNK5sipai19FileReaderException4whatEv
FNF:2
FNH:2
DA:13,1
DA:14,1
DA:15,1
LF:3
LH:3
end_of_record
TN:
SF:/__w/SIPAI/SIPAI/libs/libsipai/include/exception/ImageHelperException.h
FN:13,_ZN5sipai20ImageHelperExceptionC2ERKNSt7__cxx1112basic_stringIcSt11char_traitsIcESaIcEEE
FN:15,_ZNK5sipai20ImageHelperException4whatEv
FNDA:1,_ZN5sipai20ImageHelperExceptionC2ERKNSt7__cxx1112basic_stringIcSt11char_traitsIcESaIcEEE
FNDA:1,_ZNK5sipai20ImageHelperException4whatEv
FNF:2
FNH:2
DA:13,1
DA:14,1
DA:15,1
LF:3
LH:3
end_of_record
TN:
SF:/__w/SIPAI/SIPAI/libs/libsipai/include/exception/ImportExportException.h
FN:15,_ZN5sipai21ImportExportExceptionD0Ev
FN:15,_ZN5sipai21ImportExportExceptionD2Ev
FN:16,_ZN5sipai21ImportExportExceptionC2ERKNSt7__cxx1112basic_stringIcSt11char_traitsIcESaIcEEE
FN:18,_ZNK5sipai21ImportExportException4whatEv
FNDA:2,_ZN5sipai21ImportExportExceptionD2Ev
FNDA:2,_ZN5sipai21ImportExportExceptionC2ERKNSt7__cxx1112basic_stringIcSt11char_traitsIcESaIcEEE
FNDA:0,_ZN5sipai21ImportExportExceptionD0Ev
FNDA:2,_ZNK5sipai21ImportExportException4whatEv
FNF:4
FNH:3
DA:15,2
DA:16,2
DA:17,2
DA:18,2
LF:4
LH:4
end_of_record
TN:
SF:/__w/SIPAI/SIPAI/libs/libsipai/include/exception/ManagerException.h
FN:12,_ZN5sipai16ManagerExceptionC2ERKNSt7__cxx1112basic_stringIcSt11char_traitsIcESaIcEEE
FN:13,_ZNK5sipai16ManagerException4whatEv
FNDA:1,_ZNK5sipai16ManagerException4whatEv
FNDA:1,_ZN5sipai16ManagerExceptionC2ERKNSt7__cxx1112basic_stringIcSt11char_traitsIcESaIcEEE
FNF:2
FNH:2
DA:12,1
DA:13,1
LF:2
LH:2
end_of_record
TN:
SF:/__w/SIPAI/SIPAI/libs/libsipai/include/exception/NeuralNetworkException.h
FN:13,_ZN5sipai22NeuralNetworkExceptionC2ERKNSt7__cxx1112basic_stringIcSt11char_traitsIcESaIcEEE
FN:15,_ZNK5sipai22NeuralNetworkException4whatEv
FNDA:2,_ZN5sipai22NeuralNetworkExceptionC2ERKNSt7__cxx1112basic_stringIcSt11char_traitsIcESaIcEEE
FNDA:2,_ZNK5sipai22NeuralNetworkException4whatEv
FNF:2
FNH:2
DA:13,2
DA:14,2
DA:15,2
LF:3
LH:3
end_of_record
TN:
SF:/__w/SIPAI/SIPAI/libs/libsipai/include/exception/RunnerVisitorException.h
FN:12,_ZN5sipai22RunnerVisitorExceptionC2ERKNSt7__cxx1112basic_stringIcSt11char_traitsIcESaIcEEE
FN:14,_ZNK5sipai22RunnerVisitorException4whatEv
FNDA:5,_ZN5sipai22RunnerVisitorExceptionC2ERKNSt7__cxx1112basic_stringIcSt11char_traitsIcESaIcEEE
FNDA:5,_ZNK5sipai22RunnerVisitorException4whatEv
FNF:2
FNH:2
DA:12,5
DA:13,5
DA:14,5
LF:3
LH:3
end_of_record
TN:
SF:/__w/SIPAI/SIPAI/libs/libsipai/include/exception/TrainingDataFactoryException.h
FN:14,_ZN5sipai28TrainingDataFactoryExceptionC2ERKNSt7__cxx1112basic_stringIcSt11char_traitsIcESaIcEEE
FN:16,_ZNK5sipai28TrainingDataFactoryException4whatEv
FNDA:2,_ZN5sipai28TrainingDataFactoryExceptionC2ERKNSt7__cxx1112basic_stringIcSt11char_traitsIcESaIcEEE
FNDA:2,_ZNK5sipai28TrainingDataFactoryException4whatEv
FNF:2
FNH:2
DA:14,2
DA:15,2
DA:16,2
LF:3
LH:3
end_of_record
TN:
SF:/__w/SIPAI/SIPAI/libs/libsipai/src/ImageHelper.cpp
FN:16,_ZNK5sipai11ImageHelper9loadImageERKNSt7__cxx1112basic_stringIcSt11char_traitsIcESaIcEEEmbmm
FN:97,_ZNK5sipai11ImageHelper18generateInputImageERKSt6vectorISt10shared_ptrINS_5ImageEESaIS4_EEmmm
FN:130,_ZNK5sipai11ImageHelper10splitImageERKN2cv3MatEmb
FN:180,_ZNK5sipai11ImageHelper9saveImageERKNSt7__cxx1112basic_stringIcSt11char_traitsIcESaIcEEERKSt6vectorISt10shared_ptrINS_5ImageEESaISC_EEmmm
FN:240,_ZNK5sipai11ImageHelper10joinImagesERKSt6vectorISt10shared_ptrINS_5ImageEESaIS4_EEii
FN:269,_ZNK5sipai11ImageHelper11computeLossERKN2cv3MatES4_
FNDA:41,_ZNK5sipai11ImageHelper18generateInputImageERKSt6vectorISt10shared_ptrINS_5ImageEESaIS4_EEmmm
FNDA:85,_ZNK5sipai11ImageHelper9loadImageERKNSt7__cxx1112basic_stringIcSt11char_traitsIcESaIcEEEmbmm
FNDA:85,_ZNK5sipai11ImageHelper10splitImageERKN2cv3MatEmb
FNDA:2,_ZNK5sipai11ImageHelper9saveImageERKNSt7__cxx1112basic_stringIcSt11char_traitsIcESaIcEEERKSt6vectorISt10shared_ptrINS_5ImageEESaISC_EEmmm
FNDA:1,_ZNK5sipai11ImageHelper10joinImagesERKSt6vectorISt10shared_ptrINS_5ImageEESaIS4_EEii
FNDA:38,_ZNK5sipai11ImageHelper11computeLossERKN2cv3MatES4_
FNF:6
FNH:6
DA:16,85
DA:19,85
DA:20,0
DA:23,85
DA:24,0
DA:30,85
DA:32,85
DA:33,0
DA:35,170
DA:36,170
DA:37,85
DA:38,85
DA:41,85
DA:42,0
DA:43,0
DA:44,0
DA:45,85
DA:46,85
DA:47,85
DA:48,0
DA:49,0
DA:50,0
DA:51,0
DA:52,0
DA:53,0
DA:54,0
DA:58,85
DA:59,0
DA:60,0
DA:61,0
DA:62,0
DA:63,0
DA:64,0
DA:67,85
DA:68,85
DA:69,0
DA:75,85
DA:76,170
DA:77,192
DA:79,107
DA:80,107
DA:81,107
DA:82,107
DA:83,107
DA:84,107
DA:85,107
DA:86,107
DA:90,170
DA:91,85
DA:92,0
DA:93,0
DA:94,0
DA:95,0
DA:97,41
DA:101,41
DA:102,90
DA:104,49
DA:105,98
DA:106,98
DA:107,98
DA:108,49
DA:111,49
DA:113,49
DA:115,49
DA:116,49
DA:120,49
DA:123,49
DA:124,49
DA:125,49
DA:127,41
DA:128,0
DA:130,85
DA:133,85
DA:134,0
DA:137,85
DA:139,85
DA:140,81
DA:141,81
DA:145,4
DA:146,4
DA:149,4
DA:150,4
DA:152,4
DA:153,4
DA:156,2
DA:157,2
DA:161,2
DA:162,4
DA:165,14
DA:166,36
DA:167,26
DA:168,26
DA:169,26
DA:170,26
DA:171,26
DA:172,70
DA:173,44
DA:177,4
DA:178,4
DA:180,2
DA:183,3
DA:184,1
DA:185,0
DA:186,0
DA:190,2
DA:191,2
DA:193,2
DA:194,0
DA:197,2
DA:200,2
DA:203,2
DA:204,2
DA:205,0
DA:206,0
DA:207,0
DA:208,2
DA:209,2
DA:210,2
DA:211,0
DA:212,0
DA:213,0
DA:214,0
DA:215,0
DA:218,0
DA:219,0
DA:227,2
DA:228,0
DA:230,2
DA:231,0
DA:232,0
DA:233,0
DA:234,0
DA:235,0
DA:236,0
DA:237,0
DA:238,2
DA:240,1
DA:242,1
DA:243,0
DA:245,1
DA:246,0
DA:248,1
DA:249,3
DA:250,2
DA:251,6
DA:252,4
DA:254,2
DA:255,2
DA:256,2
DA:257,2
DA:258,1
DA:259,1
DA:262,1
DA:263,1
DA:264,1
DA:265,4
DA:266,2
DA:267,1
DA:269,38
DA:271,76
DA:272,38
DA:273,0
DA:274,0
DA:278,38
DA:279,38
DA:280,38
DA:283,38
DA:286,38
DA:289,38
DA:291,190
DA:292,152
DA:293,152
DA:296,38
DA:299,38
DA:300,38
LF:175
LH:124
end_of_record
TN:
SF:/__w/SIPAI/SIPAI/libs/libsipai/src/Layer.cpp
FN:10,_ZN5sipai5Layer18forwardPropagationEv
FN:29,_ZN5sipai5Layer19backwardPropagationERKfS2_
FN:65,_ZN5sipai5Layer13updateWeightsEf
FNDA:85,_ZN5sipai5Layer13updateWeightsEf
FNDA:123,_ZN5sipai5Layer18forwardPropagationEv
FNDA:84,_ZN5sipai5Layer19backwardPropagationERKfS2_
FNF:3
FNH:3
DA:10,123
DA:11,123
DA:12,0
DA:15,430
DA:16,1228
DA:17,921
DA:20,921
DA:22,921
DA:24,921
DA:25,921
DA:29,84
DA:31,84
DA:32,42
DA:35,126
DA:36,336
DA:37,252
DA:38,252
DA:41,1008
DA:42,3024
DA:43,2268
DA:44,2268
DA:45,2268
DA:46,2268
DA:50,840
DA:51,1176
DA:52,1176
DA:56,252
DA:58,252
DA:60,252
DA:65,85
DA:66,85
DA:67,0
DA:70,298
DA:71,852
DA:72,639
DA:76,639
DA:81,639
DA:84,639
DA:87,2259
DA:88,1620
DA:89,1620
DA:90,1620
DA:91,1620
DA:93,639
LF:44
LH:42
end_of_record
TN:
SF:/__w/SIPAI/SIPAI/libs/libsipai/src/LayerOutput.cpp
FN:8,_ZN5sipai11LayerOutput13computeErrorsERKN2cv3MatE
FNDA:42,_ZN5sipai11LayerOutput13computeErrorsERKN2cv3MatE
FNF:1
FNH:1
DA:8,42
DA:9,42
DA:10,0
DA:13,42
DA:14,42
DA:15,42
DA:18,42
DA:19,0
DA:23,168
DA:24,504
DA:25,378
DA:26,378
DA:29,378
DA:30,1386
DA:31,2016
DA:32,2016
DA:36,378
DA:37,378
DA:38,378
DA:39,756
DA:40,378
DA:43,42
LF:22
LH:20
end_of_record
TN:
SF:/__w/SIPAI/SIPAI/libs/libsipai/src/Manager.cpp
FN:19,_ZN5sipai7Manager21createOrImportNetworkESt8functionIFviEE
FN:35,_ZN5sipai7Manager13exportNetworkEv
FN:45,_ZN5sipai7Manager14showParametersEv
FN:95,_ZN5sipai7Manager3runEv
FN:152,_ZN5sipai7Manager14runWithVisitorERKNS_13RunnerVisitorE
FNDA:3,_ZN5sipai7Manager14runWithVisitorERKNS_13RunnerVisitorE
FNDA:4,_ZN5sipai7Manager13exportNetworkEv
FNDA:2,_ZN5sipai7Manager3runEv
FNDA:0,_ZN5sipai7Manager14showParametersEv
FNDA:8,_ZN5sipai7Manager21createOrImportNetworkESt8functionIFviEE
FNF:5
FNH:4
DA:19,8
DA:20,8
DA:21,0
DA:23,8
DA:24,16
DA:25,8
DA:26,8
DA:27,8
DA:28,8
DA:29,8
DA:30,8
DA:31,8
DA:32,8
DA:33,8
DA:35,4
DA:36,4
DA:37,4
DA:38,4
DA:39,8
DA:40,4
DA:41,4
DA:42,4
DA:43,4
DA:45,0
DA:46,0
DA:47,0
DA:48,0
DA:49,0
DA:51,0
DA:52,0
DA:53,0
DA:54,0
DA:55,0
DA:56,0
DA:58,0
DA:60,0
DA:62,0
DA:63,0
DA:64,0
DA:65,0
DA:66,0
DA:67,0
DA:68,0
DA:69,0
DA:70,0
DA:71,0
DA:73,0
DA:74,0
DA:76,0
DA:77,0
DA:78,0
DA:79,0
DA:80,0
DA:81,0
DA:82,0
DA:84,0
DA:86,0
DA:87,0
DA:88,0
DA:89,0
DA:90,0
DA:92,0
DA:95,2
DA:97,2
DA:98,1
DA:102,2
DA:103,2
DA:104,0
DA:105,0
DA:106,0
DA:109,0
DA:110,0
DA:111,0
DA:112,0
DA:113,0
DA:114,0
DA:115,0
DA:117,0
DA:121,2
DA:122,2
DA:124,2
DA:125,0
DA:126,0
DA:127,0
DA:128,0
DA:129,0
DA:130,0
DA:132,0
DA:137,2
DA:138,2
DA:139,2
DA:140,2
DA:141,0
DA:142,0
DA:143,0
DA:144,0
DA:145,0
DA:147,0
DA:148,0
DA:149,0
DA:150,2
DA:152,3
LF:102
LH:36
end_of_record
TN:
SF:/__w/SIPAI/SIPAI/libs/libsipai/src/NetworkImportExportCSV.cpp
FN:18,_ZNK5sipai28NeuralNetworkImportExportCSV20exportNeuronsWeightsERKSt10unique_ptrINS_13NeuralNetworkESt14default_deleteIS2_EERKNS_9AppParamsESt8functionIFviEEi
FN:52,_ZNK5sipai28NeuralNetworkImportExportCSV20importNeuronsWeightsERSt10unique_ptrINS_13NeuralNetworkESt14default_deleteIS2_EERKNS_9AppParamsESt8functionIFviEEi
FN:56,_ZZNK5sipai28NeuralNetworkImportExportCSV20importNeuronsWeightsERSt10unique_ptrINS_13NeuralNetworkESt14default_deleteIS2_EERKNS_9AppParamsESt8functionIFviEEiENKUlRKNSt7__cxx1112basic_stringIcSt11char_traitsIcESaIcEEEcE_clESK_c
FNDA:30,_ZZNK5sipai28NeuralNetworkImportExportCSV20importNeuronsWeightsERSt10unique_ptrINS_13NeuralNetworkESt14default_deleteIS2_EERKNS_9AppParamsESt8functionIFviEEiENKUlRKNSt7__cxx1112basic_stringIcSt11char_traitsIcESaIcEEEcE_clESK_c
FNDA:1,_ZNK5sipai28NeuralNetworkImportExportCSV20importNeuronsWeightsERSt10unique_ptrINS_13NeuralNetworkESt14default_deleteIS2_EERKNS_9AppParamsESt8functionIFviEEi
FNDA:4,_ZNK5sipai28NeuralNetworkImportExportCSV20exportNeuronsWeightsERKSt10unique_ptrINS_13NeuralNetworkESt14default_deleteIS2_EERKNS_9AppParamsESt8functionIFviEEi
FNF:3
FNH:3
DA:18,4
DA:22,4
DA:23,4
DA:26,4
DA:27,16
DA:29,12
DA:30,12
DA:32,4
DA:35,28
DA:36,80
DA:37,60
DA:39,60
DA:40,60
DA:41,60
DA:43,60
DA:44,60
DA:45,60
DA:46,60
DA:50,4
DA:52,1
DA:56,30
DA:57,30
DA:58,30
DA:59,30
DA:60,909
DA:61,1508
DA:62,1508
DA:64,60
DA:65,30
DA:68,1
DA:71,1
DA:72,1
DA:73,0
DA:76,1
DA:77,1
DA:78,0
DA:82,1
DA:83,1
DA:84,31
DA:86,30
DA:88,30
DA:89,0
DA:90,0
DA:91,0
DA:94,30
DA:95,30
DA:96,30
DA:97,30
DA:98,30
DA:99,30
DA:101,30
DA:103,15
DA:104,15
DA:105,15
DA:106,90
DA:107,75
DA:109,75
DA:110,75
DA:111,75
DA:112,75
DA:113,75
DA:114,69
DA:115,138
DA:117,75
DA:118,75
DA:119,21
DA:120,21
DA:123,15
DA:124,15
DA:125,15
DA:126,15
DA:127,15
DA:130,15
DA:131,90
DA:132,75
DA:134,75
DA:135,75
DA:136,75
DA:137,75
DA:138,75
DA:139,38
DA:142,15
DA:143,15
DA:144,15
DA:145,15
DA:146,0
DA:147,0
DA:148,0
DA:150,53
DA:151,38
DA:153,15
DA:155,30
DA:156,0
DA:157,0
DA:158,0
DA:159,0
DA:160,0
DA:163,30
DA:164,1
LF:99
LH:86
end_of_record
TN:
SF:/__w/SIPAI/SIPAI/libs/libsipai/src/NetworkImportExportFacade.cpp
FN:9,_ZN5sipai31NeuralNetworkImportExportFacade11importModelERKNS_9AppParamsERNS_19NeuralNetworkParamsE
FN:19,_ZN5sipai31NeuralNetworkImportExportFacade13importWeightsERSt10unique_ptrINS_13NeuralNetworkESt14default_deleteIS2_EERKNS_9AppParamsESt8functionIFviEEi
FN:30,_ZNK5sipai31NeuralNetworkImportExportFacade11exportModelERKSt10unique_ptrINS_13NeuralNetworkESt14default_deleteIS2_EERKNS_19NeuralNetworkParamsERKNS_9AppParamsE
FNDA:1,_ZN5sipai31NeuralNetworkImportExportFacade11importModelERKNS_9AppParamsERNS_19NeuralNetworkParamsE
FNDA:1,_ZN5sipai31NeuralNetworkImportExportFacade13importWeightsERSt10unique_ptrINS_13NeuralNetworkESt14default_deleteIS2_EERKNS_9AppParamsESt8functionIFviEEi
FNDA:4,_ZNK5sipai31NeuralNetworkImportExportFacade11exportModelERKSt10unique_ptrINS_13NeuralNetworkESt14default_deleteIS2_EERKNS_19NeuralNetworkParamsERKNS_9AppParamsE
FNF:3
FNH:3
DA:9,1
DA:12,1
DA:13,2
DA:14,1
DA:15,0
DA:16,0
DA:19,1
DA:23,1
DA:25,0
DA:26,0
DA:27,0
DA:28,1
DA:30,4
DA:35,4
DA:36,4
DA:37,0
DA:38,0
DA:39,0
DA:40,4
LF:19
LH:11
end_of_record
TN:
SF:/__w/SIPAI/SIPAI/libs/libsipai/src/NetworkImportExportJSON.cpp
FN:17,_ZNK5sipai29NeuralNetworkImportExportJSON11exportModelERKSt10unique_ptrINS_13NeuralNetworkESt14default_deleteIS2_EERKNS_19NeuralNetworkParamsERKNS_9AppParamsE
FN:79,_ZN5sipai29NeuralNetworkImportExportJSON11importModelERKNS_9AppParamsERNS_19NeuralNetworkParamsE
FNDA:4,_ZNK5sipai29NeuralNetworkImportExportJSON11exportModelERKSt10unique_ptrINS_13NeuralNetworkESt14default_deleteIS2_EERKNS_19NeuralNetworkParamsERKNS_9AppParamsE
FNDA:1,_ZN5sipai29NeuralNetworkImportExportJSON11importModelERKNS_9AppParamsERNS_19NeuralNetworkParamsE
FNF:2
FNH:2
DA:17,4
DA:22,4
DA:25,4
DA:28,16
DA:29,12
DA:30,12
DA:31,12
DA:32,156
DA:33,12
DA:34,12
DA:37,4
DA:40,4
DA:41,4
DA:42,4
DA:43,8
DA:44,4
DA:45,8
DA:46,4
DA:47,8
DA:48,4
DA:49,8
DA:50,4
DA:51,8
DA:52,4
DA:53,8
DA:54,4
DA:55,8
DA:56,4
DA:57,8
DA:58,4
DA:59,8
DA:60,4
DA:61,4
DA:62,4
DA:63,8
DA:64,4
DA:65,8
DA:66,4
DA:67,8
DA:68,4
DA:69,8
DA:73,4
DA:74,4
DA:75,4
DA:76,136
DA:79,1
DA:82,1
DA:84,1
DA:85,0
DA:88,1
DA:89,1
DA:90,1
DA:91,1
DA:93,1
DA:94,1
DA:96,1
DA:97,0
DA:100,1
DA:101,0
DA:102,0
DA:104,1
DA:107,1
DA:108,1
DA:110,1
DA:111,1
DA:112,0
DA:113,0
DA:114,0
DA:115,1
DA:118,1
DA:119,1
DA:120,1
DA:121,1
DA:122,1
DA:123,1
DA:124,1
DA:125,1
DA:126,1
DA:127,1
DA:128,1
DA:129,1
DA:130,1
DA:131,1
DA:132,1
DA:133,1
DA:134,1
DA:135,1
DA:136,1
DA:137,1
DA:138,1
DA:139,1
DA:140,1
DA:141,1
DA:143,1
DA:145,4
DA:147,3
DA:148,3
DA:151,3
DA:152,3
DA:153,1
DA:154,0
DA:155,1
DA:156,1
DA:157,1
DA:158,0
DA:159,1
DA:160,1
DA:161,1
DA:162,1
DA:163,1
DA:164,0
DA:165,1
DA:166,1
DA:167,1
DA:168,1
DA:169,0
DA:170,0
DA:174,3
DA:175,3
DA:177,1
DA:178,0
DA:181,1
DA:182,0
DA:184,2
DA:185,1
DA:186,0
DA:187,0
DA:188,1
LF:128
LH:112
end_of_record
TN:
SF:/__w/SIPAI/SIPAI/libs/libsipai/src/NeuralNetwork.cpp
FN:10,_ZN5sipai13NeuralNetwork18forwardPropagationERKN2cv3MatE
FN:24,_ZN5sipai13NeuralNetwork19backwardPropagationERKN2cv3MatERKfS6_
FN:36,_ZN5sipai13NeuralNetwork13updateWeightsEf
FNDA:42,_ZN5sipai13NeuralNetwork13updateWeightsEf
FNDA:42,_ZN5sipai13NeuralNetwork19backwardPropagationERKN2cv3MatERKfS6_
FNDA:61,_ZN5sipai13NeuralNetwork18forwardPropagationERKN2cv3MatE
FNF:3
FNH:3
DA:10,61
DA:11,61
DA:12,0
DA:14,61
DA:15,0
DA:17,61
DA:18,245
DA:19,184
DA:21,61
DA:24,42
DA:27,42
DA:28,0
DA:30,42
DA:31,168
DA:32,126
DA:34,42
DA:36,42
DA:37,168
DA:38,126
DA:40,42
LF:20
LH:17
end_of_record
TN:
SF:/__w/SIPAI/SIPAI/libs/libsipai/src/NeuralNetworkBuilder.cpp
FN:17,_ZN5sipai20NeuralNetworkBuilderC2Ev
FN:21,_ZN5sipai20NeuralNetworkBuilderC2ERNS_9AppParamsERNS_19NeuralNetworkParamsE
FN:26,_ZN5sipai20NeuralNetworkBuilder14createOrImportEv
FN:44,_ZN5sipai20NeuralNetworkBuilder9addLayersEv
FN:86,_ZN5sipai20NeuralNetworkBuilder10bindLayersEv
FN:105,_ZN5sipai20NeuralNetworkBuilder12addNeighborsEv
FN:150,_ZN5sipai20NeuralNetworkBuilder17initializeWeightsEv
FN:191,_ZN5sipai20NeuralNetworkBuilder21setActivationFunctionEv
FN:222,_ZZN5sipai20NeuralNetworkBuilder21setActivationFunctionEvENKUlT_E_clIN2cv3VecIfLi4EEEEEDaS1_
FN:223,_ZZN5sipai20NeuralNetworkBuilder21setActivationFunctionEvENKUlT_E0_clIN2cv3VecIfLi4EEEEEDaS1_
FN:232,_ZZN5sipai20NeuralNetworkBuilder21setActivationFunctionEvENKUlT_E1_clIN2cv3VecIfLi4EEEEEDaS1_
FN:235,_ZZN5sipai20NeuralNetworkBuilder21setActivationFunctionEvENKUlT_E2_clIN2cv3VecIfLi4EEEEEDaS1_
FN:257,_ZN5sipai20NeuralNetworkBuilder5buildEv
FNDA:2,_ZZN5sipai20NeuralNetworkBuilder21setActivationFunctionEvENKUlT_E0_clIN2cv3VecIfLi4EEEEEDaS1_
FNDA:8,_ZN5sipai20NeuralNetworkBuilder5buildEv
FNDA:8,_ZN5sipai20NeuralNetworkBuilder14createOrImportEv
FNDA:3,_ZZN5sipai20NeuralNetworkBuilder21setActivationFunctionEvENKUlT_E_clIN2cv3VecIfLi4EEEEEDaS1_
FNDA:9,_ZN5sipai20NeuralNetworkBuilderC2Ev
FNDA:8,_ZN5sipai20NeuralNetworkBuilder17initializeWeightsEv
FNDA:8,_ZN5sipai20NeuralNetworkBuilder9addLayersEv
FNDA:15,_ZN5sipai20NeuralNetworkBuilder21setActivationFunctionEv
FNDA:2,_ZZN5sipai20NeuralNetworkBuilder21setActivationFunctionEvENKUlT_E2_clIN2cv3VecIfLi4EEEEEDaS1_
FNDA:2,_ZZN5sipai20NeuralNetworkBuilder21setActivationFunctionEvENKUlT_E1_clIN2cv3VecIfLi4EEEEEDaS1_
FNDA:8,_ZN5sipai20NeuralNetworkBuilder10bindLayersEv
FNDA:8,_ZN5sipai20NeuralNetworkBuilder12addNeighborsEv
FNDA:0,_ZN5sipai20NeuralNetworkBuilderC2ERNS_9AppParamsERNS_19NeuralNetworkParamsE
FNF:13
FNH:12
DA:17,9
DA:18,9
DA:19,18
DA:21,0
DA:22,0
DA:23,0
DA:26,8
DA:27,9
DA:28,9
DA:29,1
DA:30,1
DA:31,1
DA:33,1
DA:34,1
DA:35,1
DA:36,7
DA:37,7
DA:38,7
DA:39,7
DA:41,8
DA:44,8
DA:45,8
DA:46,1
DA:49,7
DA:50,7
DA:51,0
DA:53,7
DA:54,0
DA:58,7
DA:59,7
DA:60,7
DA:61,7
DA:64,17
DA:65,10
DA:66,10
DA:67,10
DA:68,10
DA:69,10
DA:70,10
DA:71,10
DA:72,10
DA:76,7
DA:77,7
DA:78,7
DA:79,7
DA:80,7
DA:81,7
DA:82,7
DA:83,7
DA:86,8
DA:87,8
DA:88,8
DA:89,0
DA:91,8
DA:92,0
DA:94,35
DA:95,27
DA:96,19
DA:98,27
DA:99,19
DA:102,8
DA:105,8
DA:106,8
DA:107,8
DA:108,0
DA:110,8
DA:111,0
DA:117,8
DA:119,8
DA:120,35
DA:121,27
DA:122,8
DA:124,65
DA:125,184
DA:126,138
DA:127,138
DA:128,690
DA:129,552
DA:130,552
DA:132,552
DA:133,403
DA:134,346
DA:137,346
DA:139,346
DA:144,19
DA:147,8
DA:148,8
DA:150,8
DA:151,8
DA:152,1
DA:154,1
DA:155,1
DA:157,1
DA:158,1
DA:159,1
DA:160,1
DA:162,7
DA:163,7
DA:164,0
DA:166,7
DA:167,0
DA:170,7
DA:171,7
DA:172,31
DA:173,24
DA:174,58
DA:175,164
DA:176,123
DA:177,123
DA:178,123
DA:179,123
DA:180,14
DA:185,24
DA:186,24
DA:188,7
DA:191,15
DA:192,15
DA:193,15
DA:194,0
DA:196,15
DA:197,0
DA:200,15
DA:201,15
DA:202,48
DA:204,34
DA:205,8
DA:206,8
DA:207,18
DA:208,18
DA:209,18
DA:210,18
DA:211,8
DA:212,8
DA:213,8
DA:214,8
DA:215,0
DA:216,0
DA:219,26
DA:220,1
DA:221,1
DA:222,5
DA:223,1
DA:224,2
DA:226,1
DA:227,20
DA:228,20
DA:229,20
DA:230,1
DA:231,1
DA:232,2
DA:233,2
DA:235,1
DA:236,2
DA:238,1
DA:239,1
DA:240,1
DA:241,1
DA:242,1
DA:243,1
DA:244,1
DA:245,1
DA:246,1
DA:247,1
DA:248,1
DA:249,1
DA:251,25
DA:254,14
DA:257,8
DA:258,8
LF:169
LH:154
end_of_record
TN:
SF:/__w/SIPAI/SIPAI/libs/libsipai/src/RunnerEnhancerOpenCVVisitor.cpp
FN:11,_ZNK5sipai27RunnerEnhancerOpenCVVisitor5visitEv
FNDA:4,_ZNK5sipai27RunnerEnhancerOpenCVVisitor5visitEv
FNF:1
FNH:1
DA:11,4
DA:12,4
DA:13,4
DA:15,4
DA:16,1
DA:19,3
DA:20,1
DA:23,2
DA:24,1
DA:28,1
DA:29,1
DA:33,1
DA:34,1
DA:35,1
DA:38,1
DA:39,2
DA:41,1
DA:43,2
DA:44,2
DA:45,2
DA:46,1
DA:47,1
DA:48,1
DA:51,1
DA:52,1
DA:53,1
DA:54,1
DA:55,1
DA:56,1
DA:58,1
DA:59,1
DA:61,1
DA:62,0
DA:63,0
DA:64,1
LF:35
LH:33
end_of_record
TN:
SF:/__w/SIPAI/SIPAI/libs/libsipai/src/RunnerTrainingOpenCVVisitor.cpp
FN:18,_ZNK5sipai27RunnerTrainingOpenCVVisitor5visitEv
FN:128,_ZNK5sipai27RunnerTrainingOpenCVVisitor8trainingEmNS_13TrainingPhaseE
FN:181,_ZNK5sipai27RunnerTrainingOpenCVVisitor9_trainingEmSt10shared_ptrINS_4DataEENS_13TrainingPhaseEb
FNDA:5,_ZNK5sipai27RunnerTrainingOpenCVVisitor5visitEv
FNDA:60,_ZNK5sipai27RunnerTrainingOpenCVVisitor9_trainingEmSt10shared_ptrINS_4DataEENS_13TrainingPhaseEb
FNDA:12,_ZNK5sipai27RunnerTrainingOpenCVVisitor8trainingEmNS_13TrainingPhaseE
FNF:3
FNH:3
DA:18,5
DA:19,5
DA:22,5
DA:23,5
DA:24,1
DA:27,4
DA:28,4
DA:29,4
DA:31,4
DA:33,4
DA:35,4
DA:36,4
DA:40,4
DA:41,1
DA:43,4
DA:44,6
DA:45,3
DA:46,0
DA:50,3
DA:51,3
DA:54,3
DA:56,3
DA:57,3
DA:58,3
DA:59,3
DA:60,3
DA:61,3
DA:62,3
DA:64,18
DA:65,9
DA:68,6
DA:69,0
DA:73,6
DA:75,6
DA:76,6
DA:78,6
DA:79,6
DA:80,0
DA:83,6
DA:84,6
DA:85,0
DA:88,6
DA:92,6
DA:93,3
DA:94,1
DA:95,3
DA:97,0
DA:101,6
DA:102,6
DA:104,6
DA:107,0
DA:111,3
DA:112,3
DA:113,3
DA:116,3
DA:118,3
DA:119,3
DA:120,3
DA:123,1
DA:124,1
DA:125,1
DA:126,3
DA:128,12
DA:132,12
DA:133,12
DA:134,12
DA:135,12
DA:136,12
DA:137,12
DA:138,12
DA:141,12
DA:142,12
DA:143,24
DA:146,72
DA:147,60
DA:148,0
DA:150,60
DA:151,60
DA:152,20
DA:153,20
DA:154,40
DA:158,60
DA:161,60
DA:162,60
DA:163,0
DA:168,60
DA:169,36
DA:170,36
DA:172,132
DA:175,12
DA:176,0
DA:178,12
DA:181,60
DA:185,60
DA:186,0
DA:187,0
DA:190,60
DA:191,60
DA:192,60
DA:195,60
DA:199,60
DA:202,120
DA:203,60
DA:204,0
DA:208,60
DA:209,60
DA:212,60
DA:213,0
DA:214,20
DA:217,60
DA:219,60
DA:220,0
DA:225,60
DA:226,36
DA:227,12
DA:229,36
DA:230,36
DA:231,12
DA:233,36
DA:234,36
DA:236,60
DA:237,0
DA:242,60
DA:243,42
DA:244,0
DA:245,14
DA:247,42
DA:249,42
DA:250,0
DA:253,42
DA:254,0
DA:255,14
DA:257,42
DA:258,42
DA:259,0
DA:262,60
DA:264,60
DA:265,24
DA:267,36
LF:139
LH:120
end_of_record
TN:
SF:/__w/SIPAI/SIPAI/libs/libsipai/src/RunnerTrainingVisitor.cpp
FN:10,_Z13signalHandleri
FN:27,_ZNK5sipai21RunnerTrainingVisitor22shouldContinueTrainingEimRKNS_9AppParamsE
FN:38,_ZNK5sipai21RunnerTrainingVisitor17adaptLearningRateERfRKfS3_RKb
FN:76,_ZNK5sipai21RunnerTrainingVisitor19logTrainingProgressERKiRKfS4_S4_S4_
FN:93,_ZNK5sipai21RunnerTrainingVisitor11saveNetworkERb
FNDA:0,_ZNK5sipai21RunnerTrainingVisitor17adaptLearningRateERfRKfS3_RKb
FNDA:6,_ZNK5sipai21RunnerTrainingVisitor19logTrainingProgressERKiRKfS4_S4_S4_
FNDA:3,_ZNK5sipai21RunnerTrainingVisitor11saveNetworkERb
FNDA:9,_ZNK5sipai21RunnerTrainingVisitor22shouldContinueTrainingEimRKNS_9AppParamsE
FNDA:0,_Z13signalHandleri
FNF:5
FNH:3
DA:10,0
DA:11,0
DA:12,0
DA:13,0
DA:17,0
DA:19,0
DA:22,0
DA:25,0
DA:27,9
DA:30,9
DA:31,9
DA:32,9
DA:33,9
DA:35,9
DA:38,0
DA:42,0
DA:44,0
DA:45,0
DA:46,0
DA:47,0
DA:48,0
DA:51,0
DA:52,0
DA:54,0
DA:55,0
DA:57,0
DA:58,0
DA:59,0
DA:60,0
DA:62,0
DA:64,0
DA:66,0
DA:67,0
DA:68,0
DA:69,0
DA:70,0
DA:72,0
DA:74,0
DA:76,6
DA:80,6
DA:81,6
DA:82,3
DA:83,3
DA:84,3
DA:85,3
DA:86,3
DA:88,6
DA:89,0
DA:90,6
DA:91,6
DA:93,3
DA:94,3
DA:96,3
DA:97,3
DA:98,3
DA:100,0
DA:101,0
DA:102,0
DA:103,3
LF:59
LH:23
end_of_record
TN:
SF:/__w/SIPAI/SIPAI/libs/libsipai/src/RunnerVisitorFactory.cpp
FN:10,_ZN5sipai20RunnerVisitorFactory18getTrainingVisitorEv
FN:22,_ZN5sipai20RunnerVisitorFactory18getEnhancerVisitorEv
FNDA:2,_ZN5sipai20RunnerVisitorFactory18getTrainingVisitorEv
FNDA:0,_ZN5sipai20RunnerVisitorFactory18getEnhancerVisitorEv
FNF:2
FNH:1
DA:10,2
DA:11,2
DA:12,1
DA:13,1
DA:14,0
DA:16,1
DA:19,2
DA:22,0
DA:23,0
DA:24,0
DA:25,0
DA:26,0
DA:28,0
DA:31,0
LF:14
LH:6
end_of_record
TN:
SF:/__w/SIPAI/SIPAI/libs/libsipai/src/TrainingDataFactory.cpp
FN:15,_ZNK5sipai19TrainingDataFactory12isDataFolderEv
FN:21,_ZN5sipai19TrainingDataFactory8loadDataEv
FN:66,_ZN5sipai19TrainingDataFactory4nextERKNS_13TrainingPhaseE
FN:136,_ZN5sipai19TrainingDataFactory13resetCountersEv
FN:141,_ZN5sipai19TrainingDataFactory5clearEv
FNDA:7,_ZN5sipai19TrainingDataFactory5clearEv
FNDA:4,_ZN5sipai19TrainingDataFactory8loadDataEv
FNDA:19,_ZN5sipai19TrainingDataFactory13resetCountersEv
FNDA:2,_ZNK5sipai19TrainingDataFactory12isDataFolderEv
FNDA:72,_ZN5sipai19TrainingDataFactory4nextERKNS_13TrainingPhaseE
FNF:5
FNH:5
DA:15,2
DA:16,2
DA:17,3
DA:18,3
DA:21,4
DA:22,4
DA:23,0
DA:26,4
DA:27,4
DA:28,1
DA:31,4
DA:33,4
DA:34,1
DA:35,1
DA:36,3
DA:37,2
DA:38,2
DA:40,1
DA:41,2
DA:43,3
DA:44,3
DA:48,3
DA:49,33
DA:50,30
DA:51,21
DA:53,9
DA:57,3
DA:58,3
DA:59,1
DA:60,1
DA:61,2
DA:64,4
DA:66,72
DA:67,72
DA:68,72
DA:69,72
DA:70,72
DA:71,72
DA:72,72
DA:73,48
DA:74,48
DA:75,48
DA:76,48
DA:77,24
DA:78,24
DA:79,24
DA:80,24
DA:81,0
DA:82,0
DA:85,72
DA:87,12
DA:89,60
DA:91,60
DA:92,0
DA:93,0
DA:98,60
DA:99,120
DA:102,60
DA:103,60
DA:104,40
DA:105,40
DA:106,40
DA:107,40
DA:108,40
DA:109,20
DA:110,20
DA:111,20
DA:112,20
DA:113,20
DA:114,0
DA:115,0
DA:118,60
DA:120,60
DA:121,0
DA:122,0
DA:123,0
DA:125,60
DA:126,60
DA:127,60
DA:128,60
DA:131,60
DA:132,60
DA:134,60
DA:136,19
DA:137,19
DA:138,19
DA:139,19
DA:141,7
DA:142,7
DA:143,7
DA:144,7
DA:145,7
DA:146,7
LF:93
LH:83
end_of_record
TN:
SF:/__w/SIPAI/SIPAI/libs/libsipai/src/TrainingDataReader.cpp
FN:17,_ZN5sipai18TrainingDataReader21loadTrainingDataPathsEv
FN:66,_ZN5sipai18TrainingDataReader22loadTrainingDataFolderEv
FNDA:1,_ZN5sipai18TrainingDataReader21loadTrainingDataPathsEv
FNDA:2,_ZN5sipai18TrainingDataReader22loadTrainingDataFolderEv
FNF:2
FNH:2
DA:17,1
DA:19,1
DA:20,1
DA:21,0
DA:26,1
DA:27,1
DA:28,0
DA:31,1
DA:32,1
DA:33,1
DA:34,1
DA:35,1
DA:36,1
DA:37,12
DA:39,11
DA:40,1
DA:42,10
DA:43,10
DA:44,10
DA:45,0
DA:46,0
DA:48,10
DA:49,10
DA:50,10
DA:51,10
DA:52,10
DA:53,10
DA:54,0
DA:55,0
DA:56,0
DA:57,0
DA:59,0
DA:61,0
DA:63,2
DA:64,1
DA:66,2
DA:68,2
DA:69,2
DA:70,0
DA:73,2
DA:75,2
DA:76,42
DA:77,20
DA:79,20
DA:80,20
DA:83,20
DA:84,20
DA:85,20
DA:86,20
DA:87,20
DA:88,20
DA:89,2
DA:90,2
DA:91,0
LF:54
LH:42
end_of_record
