TN:
SF:/home/runner/work/SIPAI/SIPAI/libs/libsipai/include/ActivationFunctions.h
FN:40,_ZNK5sipai7sigmoidMUlT_E_clIfEEDaS0_
FN:41,_ZNK5sipai17sigmoidDerivativeMUlT_E_clIfEEDaS0_
FN:51,_ZNK5sipai8tanhFuncMUlT_E_clIfEEDaS0_
FN:52,_ZNK5sipai14tanhDerivativeMUlT_E_clIfEEDaS0_
FN:65,_ZNK5sipai4reluMUlT_E_clIfEEDaS0_
FN:66,_ZNK5sipai14reluDerivativeMUlT_E_clIfEEDaS0_
FN:73,_ZNK5sipai9leakyReluMUlT_E_clIfEEDaS0_
FN:74,_ZNK5sipai19leakyReluDerivativeMUlT_E_clIfEEDaS0_
FN:82,_ZNK5sipai14parametricReluMUlT_T0_E_clIffEEDaS0_S1_
FN:85,_ZNK5sipai24parametricReluDerivativeMUlT_T0_E_clIffEEDaS0_S1_
FN:97,_ZNK5sipai3eluMUlT_T0_E_clIffEEDaS0_S1_
FN:100,_ZNK5sipai13eluDerivativeMUlT_T0_E_clIffEEDaS0_S1_
FNDA:0,_ZNK5sipai9leakyReluMUlT_E_clIfEEDaS0_
FNDA:0,_ZNK5sipai24parametricReluDerivativeMUlT_T0_E_clIffEEDaS0_S1_
FNDA:0,_ZNK5sipai13eluDerivativeMUlT_T0_E_clIffEEDaS0_S1_
FNDA:0,_ZNK5sipai14parametricReluMUlT_T0_E_clIffEEDaS0_S1_
FNDA:0,_ZNK5sipai8tanhFuncMUlT_E_clIfEEDaS0_
FNDA:0,_ZNK5sipai14tanhDerivativeMUlT_E_clIfEEDaS0_
FNDA:0,_ZNK5sipai7sigmoidMUlT_E_clIfEEDaS0_
FNDA:0,_ZNK5sipai17sigmoidDerivativeMUlT_E_clIfEEDaS0_
FNDA:3600,_ZNK5sipai4reluMUlT_E_clIfEEDaS0_
FNDA:0,_ZNK5sipai19leakyReluDerivativeMUlT_E_clIfEEDaS0_
FNDA:0,_ZNK5sipai3eluMUlT_T0_E_clIffEEDaS0_S1_
FNDA:1152,_ZNK5sipai14reluDerivativeMUlT_E_clIfEEDaS0_
FNF:12
FNH:2
DA:40,0
DA:41,0
DA:42,0
DA:43,0
DA:51,0
DA:52,0
DA:53,0
DA:54,0
DA:65,3600
DA:66,1152
DA:73,0
DA:74,0
DA:82,0
DA:83,0
DA:85,0
DA:86,0
DA:97,0
DA:98,0
DA:100,0
DA:101,0
LF:20
LH:2
end_of_record
TN:
SF:/home/runner/work/SIPAI/SIPAI/libs/libsipai/include/Connexion.h
FN:20,_ZN5sipai10ConnectionC2EPNS_6NeuronENS_4RGBAE
FNDA:382,_ZN5sipai10ConnectionC2EPNS_6NeuronENS_4RGBAE
FNF:1
FNH:1
DA:20,382
LF:1
LH:1
end_of_record
TN:
SF:/home/runner/work/SIPAI/SIPAI/libs/libsipai/include/HiddenLayer.h
FN:23,_ZN5sipai11HiddenLayerC2Ev
FN:25,_ZN5sipai11HiddenLayer18forwardPropagationEv
FN:46,_ZN5sipai11HiddenLayer19backwardPropagationEv
FN:70,_ZN5sipai11HiddenLayer13updateWeightsEf
FNDA:6,_ZN5sipai11HiddenLayerC2Ev
FNDA:48,_ZN5sipai11HiddenLayer19backwardPropagationEv
FNDA:48,_ZN5sipai11HiddenLayer13updateWeightsEf
FNDA:60,_ZN5sipai11HiddenLayer18forwardPropagationEv
FNF:4
FNH:4
DA:23,6
DA:25,60
DA:26,60
DA:27,0
DA:30,420
DA:31,360
DA:32,1800
DA:33,1440
DA:36,2040
DA:37,1680
DA:40,1800
DA:41,1440
DA:46,48
DA:47,48
DA:48,0
DA:52,336
DA:53,288
DA:54,2880
DA:55,2592
DA:58,1632
DA:59,1344
DA:63,1440
DA:64,1152
DA:65,1152
DA:70,48
DA:71,48
DA:72,0
DA:74,336
DA:75,1440
DA:76,1152
DA:77,1152
DA:80,1632
DA:81,1344
DA:82,1344
LF:34
LH:31
end_of_record
TN:
SF:/home/runner/work/SIPAI/SIPAI/libs/libsipai/include/ImageHelper.h
FN:30,_ZN5sipai11ImageHelper9loadImageERKNSt7__cxx1112basic_stringIcSt11char_traitsIcESaIcEEE
FN:45,_ZN5sipai11ImageHelper9saveImageERKNSt7__cxx1112basic_stringIcSt11char_traitsIcESaIcEEERN2cv3MatE
FN:59,_ZN5sipai11ImageHelper19convertToRGBAVectorERKN2cv3MatE
FN:73,_ZZN5sipai11ImageHelper19convertToRGBAVectorERKN2cv3MatEENKUlRKNS1_3VecIhLi4EEEE_clES8_
FN:90,_ZN5sipai11ImageHelper12convertToMatERKSt6vectorINS_4RGBAESaIS2_EEmm
FN:95,_ZZN5sipai11ImageHelper12convertToMatERKSt6vectorINS_4RGBAESaIS2_EEmmENKUlRKS2_E_clES8_
FNDA:2960,_ZZN5sipai11ImageHelper19convertToRGBAVectorERKN2cv3MatEENKUlRKNS1_3VecIhLi4EEEE_clES8_
FNDA:1,_ZN5sipai11ImageHelper12convertToMatERKSt6vectorINS_4RGBAESaIS2_EEmm
FNDA:43,_ZN5sipai11ImageHelper19convertToRGBAVectorERKN2cv3MatE
FNDA:900,_ZZN5sipai11ImageHelper12convertToMatERKSt6vectorINS_4RGBAESaIS2_EEmmENKUlRKS2_E_clES8_
FNDA:1,_ZN5sipai11ImageHelper9saveImageERKNSt7__cxx1112basic_stringIcSt11char_traitsIcESaIcEEERN2cv3MatE
FNDA:43,_ZN5sipai11ImageHelper9loadImageERKNSt7__cxx1112basic_stringIcSt11char_traitsIcESaIcEEE
FNF:6
FNH:6
DA:30,43
DA:31,43
DA:32,43
DA:33,0
DA:34,0
DA:36,43
DA:37,0
DA:45,1
DA:47,1
DA:48,0
DA:49,0
DA:50,0
DA:51,1
DA:59,43
DA:60,43
DA:61,43
DA:62,43
DA:63,43
DA:65,43
DA:70,43
DA:71,86
DA:72,43
DA:73,2960
DA:74,2960
DA:77,86
DA:78,0
DA:90,1
DA:92,1
DA:93,1
DA:94,1
DA:95,900
DA:96,2
DA:97,0
LF:33
LH:25
end_of_record
TN:
SF:/home/runner/work/SIPAI/SIPAI/libs/libsipai/include/InputLayer.h
FN:22,_ZN5sipai10InputLayerC2Ev
FN:24,_ZN5sipai10InputLayer18forwardPropagationEv
FN:28,_ZN5sipai10InputLayer19backwardPropagationEv
FN:32,_ZN5sipai10InputLayer13updateWeightsEf
FN:36,_ZN5sipai10InputLayer14setInputValuesERKSt6vectorINS_4RGBAESaIS2_EE
FNDA:20,_ZN5sipai10InputLayer14setInputValuesERKSt6vectorINS_4RGBAESaIS2_EE
FNDA:48,_ZN5sipai10InputLayer19backwardPropagationEv
FNDA:60,_ZN5sipai10InputLayer18forwardPropagationEv
FNDA:5,_ZN5sipai10InputLayerC2Ev
FNDA:48,_ZN5sipai10InputLayer13updateWeightsEf
FNF:5
FNH:5
DA:22,5
DA:24,60
DA:26,60
DA:28,48
DA:30,48
DA:32,48
DA:34,48
DA:36,20
DA:37,20
DA:38,0
DA:40,100
DA:41,80
DA:43,20
LF:13
LH:12
end_of_record
TN:
SF:/home/runner/work/SIPAI/SIPAI/libs/libsipai/include/Layer.h
FN:29,_ZN5sipai5LayerC2ENS_9LayerTypeE
FN:39,_ZN5sipai5LayerD0Ev
FN:39,_ZN5sipai5LayerD2Ev
FN:61,_ZNK5sipai5Layer15getLayerTypeStrB5cxx11Ev
FN:70,_ZN5sipai5Layer21setActivationFunctionERKSt8functionIFffEES5_
FNDA:12,_ZNK5sipai5Layer15getLayerTypeStrB5cxx11Ev
FNDA:16,_ZN5sipai5LayerD2Ev
FNDA:0,_ZN5sipai5LayerD0Ev
FNDA:16,_ZN5sipai5LayerC2ENS_9LayerTypeE
FNDA:11,_ZN5sipai5Layer21setActivationFunctionERKSt8functionIFffEES5_
FNF:5
FNH:4
DA:29,16
DA:39,16
DA:61,12
DA:62,24
DA:63,24
DA:64,12
DA:67,0
DA:70,11
DA:72,92
DA:73,81
DA:74,81
DA:76,11
LF:12
LH:11
end_of_record
TN:
SF:/home/runner/work/SIPAI/SIPAI/libs/libsipai/include/Manager.h
FN:24,_ZN5sipai7Manager11getInstanceEv
FN:185,_ZN5sipai7ManagerC2Ev
FNDA:42,_ZN5sipai7Manager11getInstanceEv
FNDA:1,_ZN5sipai7ManagerC2Ev
FNF:2
FNH:2
DA:24,42
DA:25,42
DA:26,42
DA:185,1
LF:4
LH:4
end_of_record
TN:
SF:/home/runner/work/SIPAI/SIPAI/libs/libsipai/include/NeuralNetwork.h
FN:24,_ZN5sipai13NeuralNetworkC2Ev
FN:32,_ZN5sipai13NeuralNetworkD2Ev
FNDA:3,_ZN5sipai13NeuralNetworkD2Ev
FNDA:3,_ZN5sipai13NeuralNetworkC2Ev
FNF:2
FNH:2
DA:24,3
DA:32,3
DA:33,19
DA:34,16
DA:36,3
LF:5
LH:5
end_of_record
TN:
SF:/home/runner/work/SIPAI/SIPAI/libs/libsipai/include/NeuralNetworkImportExport.h
FN:17,_ZN5sipai25NeuralNetworkImportExportD0Ev
FN:17,_ZN5sipai25NeuralNetworkImportExportD2Ev
FNDA:0,_ZN5sipai25NeuralNetworkImportExportD0Ev
FNDA:3,_ZN5sipai25NeuralNetworkImportExportD2Ev
FNF:2
FNH:1
DA:17,3
LF:1
LH:1
end_of_record
TN:
SF:/home/runner/work/SIPAI/SIPAI/libs/libsipai/include/Neuron.h
FN:29,_ZN5sipai6NeuronC2Ev
FN:55,_ZN5sipai6Neuron11initWeightsEm
FN:63,_ZZN5sipai6Neuron11initWeightsEmENKUlRfE_clES1_
FNDA:123,_ZN5sipai6Neuron11initWeightsEm
FNDA:101,_ZN5sipai6NeuronC2Ev
FNDA:2760,_ZZN5sipai6Neuron11initWeightsEmENKUlRfE_clES1_
FNF:3
FNH:3
DA:29,101
DA:55,123
DA:56,123
DA:59,123
DA:60,813
DA:61,690
DA:62,690
DA:63,690
DA:64,2760
DA:65,2760
DA:66,2760
DA:68,123
LF:12
LH:12
end_of_record
TN:
SF:/home/runner/work/SIPAI/SIPAI/libs/libsipai/include/OutputLayer.h
FN:27,_ZN5sipai11OutputLayerC2Ev
FN:29,_ZN5sipai11OutputLayer18forwardPropagationEv
FN:50,_ZN5sipai11OutputLayer19backwardPropagationEv
FN:54,_ZN5sipai11OutputLayer13updateWeightsEf
FN:72,_ZN5sipai11OutputLayer13computeErrorsERKSt6vectorINS_4RGBAESaIS2_EE
FN:98,_ZN5sipai11OutputLayer15getOutputValuesEv
FN:99,_ZZN5sipai11OutputLayer15getOutputValuesEvENKUlRKNS_6NeuronEE_clES3_
FNDA:16,_ZN5sipai11OutputLayer13computeErrorsERKSt6vectorINS_4RGBAESaIS2_EE
FNDA:180,_ZZN5sipai11OutputLayer15getOutputValuesEvENKUlRKNS_6NeuronEE_clES3_
FNDA:60,_ZN5sipai11OutputLayer18forwardPropagationEv
FNDA:5,_ZN5sipai11OutputLayerC2Ev
FNDA:20,_ZN5sipai11OutputLayer15getOutputValuesEv
FNDA:48,_ZN5sipai11OutputLayer13updateWeightsEf
FNDA:48,_ZN5sipai11OutputLayer19backwardPropagationEv
FNF:7
FNH:7
DA:27,5
DA:29,60
DA:30,60
DA:31,0
DA:34,600
DA:35,540
DA:36,3780
DA:37,3240
DA:40,3420
DA:41,2880
DA:44,2700
DA:45,2160
DA:50,48
DA:52,48
DA:54,48
DA:55,48
DA:56,0
DA:58,480
DA:60,3024
DA:61,2592
DA:62,2592
DA:65,2736
DA:66,2304
DA:67,2304
DA:72,16
DA:73,16
DA:74,0
DA:76,16
DA:77,160
DA:79,144
DA:80,144
DA:81,528
DA:82,384
DA:83,384
DA:85,720
DA:86,576
DA:87,576
DA:93,144
DA:94,144
DA:96,16
DA:98,20
DA:99,180
DA:100,20
DA:101,20
LF:44
LH:41
end_of_record
TN:
SF:/home/runner/work/SIPAI/SIPAI/libs/libsipai/include/RGBA.h
FN:23,_ZN5sipai4RGBAC2Ev
FN:26,_ZN5sipai4RGBAC2Effff
FN:29,_ZN5sipai4RGBAC2ERKN2cv3VecIhLi4EEEb
FN:33,_ZNK5sipai4RGBA11toStringCsvB5cxx11Ev
FN:44,_ZNK5sipai4RGBA7toVec4bEv
FN:50,_ZNK5sipai4RGBA15applyToElementsISt5minusIvEEEDaT_RKS0_
FN:50,_ZNK5sipai4RGBA15applyToElementsISt10multipliesIvEEEDaT_RKS0_
FN:57,_ZN5sipai4RGBApLERKS0_
FN:63,_ZN5sipai4RGBAmIERKS0_
FN:69,_ZNK5sipai4RGBAmlERKS0_
FN:77,_ZNK5sipai4RGBAmiERKS0_
FN:81,_ZN5sipaimlEfRKNS_4RGBAE
FN:84,_ZZN5sipaimlEfRKNS_4RGBAEENKUlfE_clEf
FNDA:20952,_ZNK5sipai4RGBAmlERKS0_
FNDA:7392,_ZN5sipaimlEfRKNS_4RGBAE
FNDA:7392,_ZN5sipai4RGBAmIERKS0_
FNDA:2118,_ZN5sipai4RGBAC2Effff
FNDA:900,_ZNK5sipai4RGBA7toVec4bEv
FNDA:33567,_ZN5sipai4RGBAC2Ev
FNDA:288,_ZNK5sipai4RGBAmiERKS0_
FNDA:13944,_ZN5sipai4RGBApLERKS0_
FNDA:29568,_ZZN5sipaimlEfRKNS_4RGBAEENKUlfE_clEf
FNDA:288,_ZNK5sipai4RGBA15applyToElementsISt5minusIvEEEDaT_RKS0_
FNDA:2960,_ZN5sipai4RGBAC2ERKN2cv3VecIhLi4EEEb
FNDA:703,_ZNK5sipai4RGBA11toStringCsvB5cxx11Ev
FNDA:20952,_ZNK5sipai4RGBA15applyToElementsISt10multipliesIvEEEDaT_RKS0_
FNF:13
FNH:13
DA:23,33567
DA:26,2118
DA:29,2960
DA:30,2960
DA:31,2960
DA:33,703
DA:34,703
DA:35,703
DA:36,3515
DA:37,2812
DA:39,703
DA:40,1406
DA:41,703
DA:44,900
DA:45,3600
DA:46,900
DA:50,21240
DA:51,21240
DA:52,21240
DA:54,21240
DA:57,13944
DA:58,13944
DA:60,13944
DA:63,7392
DA:64,7392
DA:66,7392
DA:69,20952
DA:70,20952
DA:77,288
DA:78,288
DA:81,7392
DA:82,7392
DA:83,7392
DA:84,29568
DA:85,7392
LF:35
LH:35
end_of_record
TN:
SF:/home/runner/work/SIPAI/SIPAI/libs/libsipai/include/SimpleLogger.h
FN:32,_ZN5sipai12SimpleLogger11getInstanceEv
FN:55,_ZNK5sipai12SimpleLogger3logIJRA80_KcEEERKS0_NS_8LogLevelEbDpOT_
FN:55,_ZNK5sipai12SimpleLogger3logIJRA34_KcRPS2_EEERKS0_NS_8LogLevelEbDpOT_
FN:55,_ZNK5sipai12SimpleLogger3logIJRA28_KcRiRA4_S2_RPS2_EEERKS0_NS_8LogLevelEbDpOT_
FN:55,_ZNK5sipai12SimpleLogger3logIJRA47_KcEEERKS0_NS_8LogLevelEbDpOT_
FN:55,_ZNK5sipai12SimpleLogger3logIJRA8_KcRiRA15_S2_RfRA20_S2_S8_EEERKS0_NS_8LogLevelEbDpOT_
FN:55,_ZNK5sipai12SimpleLogger3logIJRNSt7__cxx1112basic_stringIcSt11char_traitsIcESaIcEEEEEERKS0_NS_8LogLevelEbDpOT_
FN:183,_ZNK5sipai12SimpleLogger4infoIJRA34_KcRPS2_EEERKS0_DpOT_
FN:183,_ZNK5sipai12SimpleLogger4infoIJRA47_KcEEERKS0_DpOT_
FN:183,_ZNK5sipai12SimpleLogger4infoIJRA8_KcRiRA15_S2_RfRA20_S2_S8_EEERKS0_DpOT_
FN:183,_ZNK5sipai12SimpleLogger4infoIJRA80_KcEEERKS0_DpOT_
FN:199,_ZNK5sipai12SimpleLogger4warnIJNSt7__cxx1112basic_stringIcSt11char_traitsIcESaIcEEEEEERKS0_DpOT_
FN:215,_ZNK5sipai12SimpleLogger5errorIJRA28_KcRiRA4_S2_RPS2_EEERKS0_DpOT_
FN:290,_ZN5sipai12SimpleLogger8LOG_INFOIJRA47_KcEEERKS0_DpOT_
FN:290,_ZN5sipai12SimpleLogger8LOG_INFOIJRA34_KcPS2_EEERKS0_DpOT_
FN:290,_ZN5sipai12SimpleLogger8LOG_INFOIJRA80_KcEEERKS0_DpOT_
FN:290,_ZN5sipai12SimpleLogger8LOG_INFOIJRA8_KcRiRA15_S2_RfRA20_S2_S8_EEERKS0_DpOT_
FN:318,_ZN5sipai12SimpleLogger9LOG_ERRORIJRA28_KcRiRA4_S2_PS2_EEERKS0_DpOT_
FN:339,_ZN5sipai12SimpleLoggerC2Ev
FNDA:0,_ZNK5sipai12SimpleLogger3logIJRA28_KcRiRA4_S2_RPS2_EEERKS0_NS_8LogLevelEbDpOT_
FNDA:0,_ZNK5sipai12SimpleLogger3logIJRA34_KcRPS2_EEERKS0_NS_8LogLevelEbDpOT_
FNDA:0,_ZNK5sipai12SimpleLogger4infoIJRA34_KcRPS2_EEERKS0_DpOT_
FNDA:1,_ZNK5sipai12SimpleLogger4infoIJRA47_KcEEERKS0_DpOT_
FNDA:0,_ZNK5sipai12SimpleLogger5errorIJRA28_KcRiRA4_S2_RPS2_EEERKS0_DpOT_
FNDA:1,_ZN5sipai12SimpleLogger8LOG_INFOIJRA47_KcEEERKS0_DpOT_
FNDA:4,_ZN5sipai12SimpleLogger11getInstanceEv
FNDA:0,_ZNK5sipai12SimpleLogger3logIJRA80_KcEEERKS0_NS_8LogLevelEbDpOT_
FNDA:2,_ZNK5sipai12SimpleLogger4infoIJRA8_KcRiRA15_S2_RfRA20_S2_S8_EEERKS0_DpOT_
FNDA:0,_ZNK5sipai12SimpleLogger4warnIJNSt7__cxx1112basic_stringIcSt11char_traitsIcESaIcEEEEEERKS0_DpOT_
FNDA:0,_ZNK5sipai12SimpleLogger3logIJRNSt7__cxx1112basic_stringIcSt11char_traitsIcESaIcEEEEEERKS0_NS_8LogLevelEbDpOT_
FNDA:0,_ZNK5sipai12SimpleLogger4infoIJRA80_KcEEERKS0_DpOT_
FNDA:0,_ZN5sipai12SimpleLogger9LOG_ERRORIJRA28_KcRiRA4_S2_PS2_EEERKS0_DpOT_
FNDA:1,_ZNK5sipai12SimpleLogger3logIJRA47_KcEEERKS0_NS_8LogLevelEbDpOT_
FNDA:0,_ZN5sipai12SimpleLogger8LOG_INFOIJRA34_KcPS2_EEERKS0_DpOT_
FNDA:1,_ZN5sipai12SimpleLoggerC2Ev
FNDA:0,_ZN5sipai12SimpleLogger8LOG_INFOIJRA80_KcEEERKS0_DpOT_
FNDA:2,_ZNK5sipai12SimpleLogger3logIJRA8_KcRiRA15_S2_RfRA20_S2_S8_EEERKS0_NS_8LogLevelEbDpOT_
FNDA:2,_ZN5sipai12SimpleLogger8LOG_INFOIJRA8_KcRiRA15_S2_RfRA20_S2_S8_EEERKS0_DpOT_
FNF:19
FNH:8
DA:32,4
DA:33,4
DA:34,4
DA:55,3
DA:57,3
DA:58,3
DA:59,3
DA:60,3
DA:62,3
DA:63,3
DA:64,3
DA:65,3
DA:66,0
DA:67,0
DA:68,0
DA:69,0
DA:70,0
DA:71,0
DA:72,0
DA:73,0
DA:74,0
DA:75,0
DA:76,0
DA:77,0
DA:80,3
DA:81,3
DA:82,3
DA:83,3
DA:84,3
DA:87,0
DA:88,0
DA:89,0
DA:90,0
DA:94,3
DA:95,3
DA:183,3
DA:184,3
DA:199,0
DA:200,0
DA:215,0
DA:216,0
DA:290,3
DA:291,3
DA:292,3
DA:293,6
DA:294,3
DA:318,0
DA:319,0
DA:320,0
DA:321,0
DA:322,0
DA:339,1
LF:52
LH:27
end_of_record
TN:
SF:/home/runner/work/SIPAI/SIPAI/libs/libsipai/include/exception/FileReaderException.h
FN:13,_ZN5sipai19FileReaderExceptionC2ERKNSt7__cxx1112basic_stringIcSt11char_traitsIcESaIcEEE
FN:15,_ZNK5sipai19FileReaderException4whatEv
FNDA:0,_ZN5sipai19FileReaderExceptionC2ERKNSt7__cxx1112basic_stringIcSt11char_traitsIcESaIcEEE
FNDA:0,_ZNK5sipai19FileReaderException4whatEv
FNF:2
FNH:0
DA:13,0
DA:14,0
DA:15,0
LF:3
LH:0
end_of_record
TN:
SF:/home/runner/work/SIPAI/SIPAI/libs/libsipai/include/exception/ImageHelperException.h
FN:13,_ZN5sipai20ImageHelperExceptionC2ERKNSt7__cxx1112basic_stringIcSt11char_traitsIcESaIcEEE
FN:15,_ZNK5sipai20ImageHelperException4whatEv
FNDA:0,_ZNK5sipai20ImageHelperException4whatEv
FNDA:0,_ZN5sipai20ImageHelperExceptionC2ERKNSt7__cxx1112basic_stringIcSt11char_traitsIcESaIcEEE
FNF:2
FNH:0
DA:13,0
DA:14,0
DA:15,0
LF:3
LH:0
end_of_record
TN:
SF:/home/runner/work/SIPAI/SIPAI/libs/libsipai/include/exception/ImportExportException.h
FN:14,_ZN5sipai21ImportExportExceptionC2Ev
FN:15,_ZN5sipai21ImportExportExceptionC2ERKNSt7__cxx1112basic_stringIcSt11char_traitsIcESaIcEEE
FN:17,_ZNK5sipai21ImportExportException4whatEv
FNDA:0,_ZN5sipai21ImportExportExceptionC2ERKNSt7__cxx1112basic_stringIcSt11char_traitsIcESaIcEEE
FNDA:0,_ZNK5sipai21ImportExportException4whatEv
FNDA:1055,_ZN5sipai21ImportExportExceptionC2Ev
FNF:3
FNH:1
DA:14,1055
DA:15,0
DA:16,0
DA:17,0
LF:4
LH:1
end_of_record
TN:
SF:/home/runner/work/SIPAI/SIPAI/libs/libsipai/include/exception/NetworkException.h
FN:13,_ZN5sipai16NetworkExceptionC2ERKNSt7__cxx1112basic_stringIcSt11char_traitsIcESaIcEEE
FN:14,_ZNK5sipai16NetworkException4whatEv
FNDA:0,_ZN5sipai16NetworkExceptionC2ERKNSt7__cxx1112basic_stringIcSt11char_traitsIcESaIcEEE
FNDA:0,_ZNK5sipai16NetworkException4whatEv
FNF:2
FNH:0
DA:13,0
DA:14,0
LF:2
LH:0
end_of_record
TN:
SF:/home/runner/work/SIPAI/SIPAI/libs/libsipai/src/Manager.cpp
FN:16,_ZN5sipai7Manager9loadImageERKNSt7__cxx1112basic_stringIcSt11char_traitsIcESaIcEEERmS9_mm
FN:33,_ZN5sipai7Manager9saveImageERKNSt7__cxx1112basic_stringIcSt11char_traitsIcESaIcEEERKSt6vectorINS_4RGBAESaISA_EEmm
FN:39,_ZN5sipai7Manager9saveImageERKNSt7__cxx1112basic_stringIcSt11char_traitsIcESaIcEEERKSt6vectorINS_4RGBAESaISA_EEmmmm
FN:48,_ZN5sipai7Manager13createNetworkEv
FN:50,_ZN5sipai7Manager13importNetworkEv
FN:54,_ZN5sipai7Manager13exportNetworkEv
FN:56,_ZN5sipai7Manager3runEv
FN:66,_ZN5sipai7Manager14runWithVisitorERKNS_13RunnerVisitorE
FN:82,_ZN5sipai7Manager16loadTrainingDataB5cxx11Ev
FN:86,_ZN5sipai7Manager9splitDataESt6vectorISt4pairINSt7__cxx1112basic_stringIcSt11char_traitsIcESaIcEEES8_ESaIS9_EEf
FN:103,_ZN5sipai7Manager17initializeNetworkEv
FN:114,_ZN5sipai7Manager14computeMSELossERKSt6vectorINS_4RGBAESaIS2_EES6_
FNDA:2,_ZN5sipai7Manager13exportNetworkEv
FNDA:1,_ZN5sipai7Manager9saveImageERKNSt7__cxx1112basic_stringIcSt11char_traitsIcESaIcEEERKSt6vectorINS_4RGBAESaISA_EEmm
FNDA:43,_ZN5sipai7Manager9loadImageERKNSt7__cxx1112basic_stringIcSt11char_traitsIcESaIcEEERmS9_mm
FNDA:2,_ZN5sipai7Manager14runWithVisitorERKNS_13RunnerVisitorE
FNDA:22,_ZN5sipai7Manager14computeMSELossERKSt6vectorINS_4RGBAESaIS2_EES6_
FNDA:4,_ZN5sipai7Manager17initializeNetworkEv
FNDA:1,_ZN5sipai7Manager3runEv
FNDA:1,_ZN5sipai7Manager13importNetworkEv
FNDA:2,_ZN5sipai7Manager13createNetworkEv
FNDA:1,_ZN5sipai7Manager9saveImageERKNSt7__cxx1112basic_stringIcSt11char_traitsIcESaIcEEERKSt6vectorINS_4RGBAESaISA_EEmmmm
FNDA:4,_ZN5sipai7Manager16loadTrainingDataB5cxx11Ev
FNDA:3,_ZN5sipai7Manager9splitDataESt6vectorISt4pairINSt7__cxx1112basic_stringIcSt11char_traitsIcESaIcEEES8_ESaIS9_EEf
FNF:12
FNH:12
DA:16,43
DA:20,43
DA:23,43
DA:24,43
DA:25,43
DA:28,43
DA:30,86
DA:31,43
DA:33,1
DA:36,1
DA:37,1
DA:39,1
DA:43,1
DA:44,1
DA:45,1
DA:46,1
DA:48,2
DA:50,1
DA:51,1
DA:52,1
DA:54,2
DA:56,1
DA:57,1
DA:58,1
DA:59,1
DA:60,1
DA:61,0
DA:62,0
DA:64,1
DA:66,2
DA:69,2
DA:72,2
DA:73,2
DA:76,2
DA:79,2
DA:80,2
DA:82,4
DA:83,8
DA:86,3
DA:89,3
DA:90,3
DA:91,3
DA:94,3
DA:97,3
DA:98,3
DA:100,6
DA:101,3
DA:103,4
DA:114,22
DA:116,22
DA:117,0
DA:118,0
DA:121,22
DA:122,222
DA:123,1000
DA:124,800
DA:125,800
DA:129,22
LF:58
LH:54
end_of_record
TN:
SF:/home/runner/work/SIPAI/SIPAI/libs/libsipai/src/NetworkImportExport.cpp
FN:12,_ZN5sipai25NeuralNetworkImportExport11importModelEv
FN:24,_ZNK5sipai25NeuralNetworkImportExport11exportModelEv
FNDA:1,_ZN5sipai25NeuralNetworkImportExport11importModelEv
FNDA:2,_ZNK5sipai25NeuralNetworkImportExport11exportModelEv
FNF:2
FNH:2
DA:12,1
DA:16,1
DA:17,1
DA:18,2
DA:19,1
DA:20,0
DA:21,0
DA:24,2
DA:28,2
DA:29,2
DA:30,0
DA:31,0
DA:32,0
DA:33,2
LF:14
LH:9
end_of_record
TN:
SF:/home/runner/work/SIPAI/SIPAI/libs/libsipai/src/NetworkImportExportCSV.cpp
FN:17,_ZNK5sipai28NeuralNetworkImportExportCSV20importNeuronsWeightsERSt10unique_ptrINS_13NeuralNetworkESt14default_deleteIS2_EE
FN:20,_ZZNK5sipai28NeuralNetworkImportExportCSV20importNeuronsWeightsERSt10unique_ptrINS_13NeuralNetworkESt14default_deleteIS2_EEENKUlRKSt6vectorIN3Csv13CellReferenceESaIS9_EEE_clESD_
FN:31,_ZZNK5sipai28NeuralNetworkImportExportCSV20importNeuronsWeightsERSt10unique_ptrINS_13NeuralNetworkESt14default_deleteIS2_EEENKUlRKSt6vectorIN3Csv13CellReferenceESaIS9_EEE0_clESD_
FN:45,_ZZNK5sipai28NeuralNetworkImportExportCSV20importNeuronsWeightsERSt10unique_ptrINS_13NeuralNetworkESt14default_deleteIS2_EEENKUlRSt6vectorINS_4RGBAESaIS8_EERKS7_IN3Csv13CellReferenceESaISD_EEE1_clESB_SH_
FN:127,_ZNK5sipai28NeuralNetworkImportExportCSV20exportNeuronsWeightsEv
FNDA:1055,_ZZNK5sipai28NeuralNetworkImportExportCSV20importNeuronsWeightsERSt10unique_ptrINS_13NeuralNetworkESt14default_deleteIS2_EEENKUlRSt6vectorINS_4RGBAESaIS8_EERKS7_IN3Csv13CellReferenceESaISD_EEE1_clESB_SH_
FNDA:114,_ZZNK5sipai28NeuralNetworkImportExportCSV20importNeuronsWeightsERSt10unique_ptrINS_13NeuralNetworkESt14default_deleteIS2_EEENKUlRKSt6vectorIN3Csv13CellReferenceESaIS9_EEE_clESD_
FNDA:1055,_ZZNK5sipai28NeuralNetworkImportExportCSV20importNeuronsWeightsERSt10unique_ptrINS_13NeuralNetworkESt14default_deleteIS2_EEENKUlRKSt6vectorIN3Csv13CellReferenceESaIS9_EEE0_clESD_
FNDA:1,_ZNK5sipai28NeuralNetworkImportExportCSV20importNeuronsWeightsERSt10unique_ptrINS_13NeuralNetworkESt14default_deleteIS2_EE
FNDA:2,_ZNK5sipai28NeuralNetworkImportExportCSV20exportNeuronsWeightsEv
FNF:5
FNH:5
DA:17,1
DA:20,114
DA:22,114
DA:23,114
DA:24,95
DA:26,19
DA:31,1055
DA:32,1055
DA:33,1662
DA:34,1662
DA:35,1662
DA:36,607
DA:38,1055
DA:41,0
DA:45,1055
DA:47,1055
DA:49,1055
DA:50,1055
DA:52,1055
DA:53,1055
DA:54,1
DA:57,1
DA:58,1
DA:59,2
DA:60,3
DA:61,1
DA:62,1
DA:63,0
DA:67,1
DA:68,1
DA:69,1
DA:70,1
DA:71,40
DA:72,39
DA:73,39
DA:74,1
DA:75,1
DA:77,38
DA:80,38
DA:81,38
DA:82,0
DA:83,0
DA:84,0
DA:85,0
DA:86,0
DA:88,38
DA:89,0
DA:90,0
DA:91,0
DA:93,38
DA:94,0
DA:98,38
DA:99,38
DA:100,38
DA:101,38
DA:103,38
DA:104,38
DA:105,38
DA:106,38
DA:108,19
DA:109,19
DA:110,19
DA:111,19
DA:113,0
DA:114,0
DA:115,0
DA:116,0
DA:119,38
DA:120,0
DA:121,0
DA:122,38
DA:124,1
DA:125,1
DA:127,2
DA:129,2
DA:130,2
DA:131,4
DA:132,6
DA:133,2
DA:136,2
DA:137,2
DA:138,14
DA:139,88
DA:140,76
DA:141,5
DA:147,2
DA:148,17
DA:149,15
DA:150,15
DA:152,2
DA:155,14
DA:157,12
DA:158,88
DA:160,76
DA:164,76
DA:166,703
DA:167,627
DA:168,384
DA:172,243
DA:175,76
DA:178,76
DA:179,703
DA:180,627
DA:181,627
DA:182,319
DA:185,308
DA:188,76
DA:192,2
DA:193,2
LF:109
LH:92
end_of_record
TN:
SF:/home/runner/work/SIPAI/SIPAI/libs/libsipai/src/NetworkImportExportJSON.cpp
FN:14,_ZN5sipai29NeuralNetworkImportExportJSON11importModelEv
FN:142,_ZNK5sipai29NeuralNetworkImportExportJSON11exportModelEv
FNDA:1,_ZN5sipai29NeuralNetworkImportExportJSON11importModelEv
FNDA:2,_ZNK5sipai29NeuralNetworkImportExportJSON11exportModelEv
FNF:2
FNH:2
DA:14,1
DA:16,1
DA:17,1
DA:19,1
DA:20,0
DA:23,1
DA:24,1
DA:25,1
DA:26,1
DA:28,1
DA:29,1
DA:31,1
DA:32,0
DA:35,1
DA:36,0
DA:37,0
DA:39,1
DA:42,1
DA:44,1
DA:45,1
DA:46,0
DA:47,0
DA:48,0
DA:49,1
DA:52,1
DA:53,1
DA:54,1
DA:55,1
DA:56,1
DA:57,1
DA:58,1
DA:59,1
DA:60,1
DA:61,1
DA:62,1
DA:63,1
DA:64,1
DA:65,1
DA:66,1
DA:67,1
DA:68,1
DA:69,1
DA:71,4
DA:73,3
DA:74,3
DA:78,3
DA:79,3
DA:80,1
DA:81,1
DA:82,1
DA:83,1
DA:84,1
DA:85,1
DA:86,1
DA:87,1
DA:88,1
DA:89,1
DA:90,1
DA:91,1
DA:92,1
DA:93,1
DA:94,1
DA:95,0
DA:96,0
DA:100,3
DA:101,22
DA:102,19
DA:107,3
DA:108,1
DA:109,1
DA:110,1
DA:111,1
DA:113,1
DA:114,1
DA:115,1
DA:117,1
DA:118,0
DA:119,0
DA:123,3
DA:124,3
DA:126,1
DA:127,0
DA:130,1
DA:131,0
DA:134,1
DA:135,2
DA:137,1
DA:138,0
DA:139,0
DA:140,1
DA:142,2
DA:144,2
DA:145,2
DA:146,2
DA:147,2
DA:150,2
DA:153,14
DA:154,12
DA:155,84
DA:156,12
DA:157,12
DA:160,2
DA:161,2
DA:162,2
DA:163,4
DA:164,2
DA:165,4
DA:166,2
DA:167,4
DA:168,2
DA:169,4
DA:170,2
DA:171,4
DA:172,2
DA:173,4
DA:174,2
DA:175,4
DA:176,2
DA:177,4
DA:178,2
DA:179,4
DA:180,2
DA:181,4
DA:185,2
DA:186,2
DA:187,2
DA:188,86
LF:127
LH:112
end_of_record
TN:
SF:/home/runner/work/SIPAI/SIPAI/libs/libsipai/src/NeuralNetwork.cpp
FN:10,_ZN5sipai13NeuralNetwork10initializeEv
FN:40,_ZN5sipai13NeuralNetwork18forwardPropagationERKSt6vectorINS_4RGBAESaIS2_EE
FN:54,_ZN5sipai13NeuralNetwork19backwardPropagationERKSt6vectorINS_4RGBAESaIS2_EE
FN:65,_ZN5sipai13NeuralNetwork10bindLayersEv
FN:76,_ZNK5sipai13NeuralNetwork17initializeWeightsEv
FN:86,_ZN5sipai13NeuralNetwork19initializeNeighborsEv
FN:109,_ZN5sipai13NeuralNetwork18addNeuronNeighborsERNS_6NeuronEPNS_5LayerEmiib
FN:142,_ZNK5sipai13NeuralNetwork21SetActivationFunctionEPNS_5LayerENS_19EActivationFunctionEf
FN:148,_ZZNK5sipai13NeuralNetwork21SetActivationFunctionEPNS_5LayerENS_19EActivationFunctionEfENKUlT_E_clIfEEDaS4_
FN:149,_ZZNK5sipai13NeuralNetwork21SetActivationFunctionEPNS_5LayerENS_19EActivationFunctionEfENKUlT_E0_clIfEEDaS4_
FN:158,_ZZNK5sipai13NeuralNetwork21SetActivationFunctionEPNS_5LayerENS_19EActivationFunctionEfENKUlT_E1_clIfEEDaS4_
FN:161,_ZZNK5sipai13NeuralNetwork21SetActivationFunctionEPNS_5LayerENS_19EActivationFunctionEfENKUlT_E2_clIfEEDaS4_
FN:179,_ZN5sipai13NeuralNetwork13updateWeightsEf
FNDA:16,_ZN5sipai13NeuralNetwork19backwardPropagationERKSt6vectorINS_4RGBAESaIS2_EE
FNDA:0,_ZZNK5sipai13NeuralNetwork21SetActivationFunctionEPNS_5LayerENS_19EActivationFunctionEfENKUlT_E0_clIfEEDaS4_
FNDA:0,_ZZNK5sipai13NeuralNetwork21SetActivationFunctionEPNS_5LayerENS_19EActivationFunctionEfENKUlT_E1_clIfEEDaS4_
FNDA:4,_ZN5sipai13NeuralNetwork19initializeNeighborsEv
FNDA:5,_ZN5sipai13NeuralNetwork10bindLayersEv
FNDA:0,_ZZNK5sipai13NeuralNetwork21SetActivationFunctionEPNS_5LayerENS_19EActivationFunctionEfENKUlT_E_clIfEEDaS4_
FNDA:16,_ZN5sipai13NeuralNetwork13updateWeightsEf
FNDA:11,_ZNK5sipai13NeuralNetwork21SetActivationFunctionEPNS_5LayerENS_19EActivationFunctionEf
FNDA:158,_ZN5sipai13NeuralNetwork18addNeuronNeighborsERNS_6NeuronEPNS_5LayerEmiib
FNDA:0,_ZZNK5sipai13NeuralNetwork21SetActivationFunctionEPNS_5LayerENS_19EActivationFunctionEfENKUlT_E2_clIfEEDaS4_
FNDA:4,_ZNK5sipai13NeuralNetwork17initializeWeightsEv
FNDA:20,_ZN5sipai13NeuralNetwork18forwardPropagationERKSt6vectorINS_4RGBAESaIS2_EE
FNDA:4,_ZN5sipai13NeuralNetwork10initializeEv
FNF:13
FNH:9
DA:10,4
DA:11,4
DA:12,4
DA:13,4
DA:14,4
DA:15,4
DA:17,9
DA:18,5
DA:19,5
DA:20,5
DA:21,5
DA:22,5
DA:23,5
DA:24,5
DA:27,4
DA:28,4
DA:29,4
DA:30,4
DA:31,4
DA:32,4
DA:34,4
DA:35,4
DA:36,4
DA:37,4
DA:40,20
DA:41,20
DA:42,0
DA:44,20
DA:45,0
DA:47,20
DA:48,200
DA:49,180
DA:51,20
DA:54,16
DA:56,16
DA:57,0
DA:59,16
DA:60,160
DA:61,144
DA:63,16
DA:65,5
DA:66,30
DA:67,25
DA:68,20
DA:70,25
DA:71,20
DA:74,5
DA:76,4
DA:77,26
DA:78,22
DA:79,141
DA:80,123
DA:84,4
DA:86,4
DA:87,4
DA:88,26
DA:91,22
DA:92,7
DA:93,7
DA:94,15
DA:95,8
DA:96,8
DA:97,7
DA:98,7
DA:99,7
DA:102,161
DA:103,139
DA:107,4
DA:109,158
DA:114,158
DA:115,158
DA:120,158
DA:121,790
DA:122,632
DA:123,632
DA:124,632
DA:125,382
DA:126,382
DA:128,382
DA:129,382
DA:131,336
DA:132,336
DA:133,336
DA:134,336
DA:135,336
DA:137,382
DA:140,158
DA:142,11
DA:145,11
DA:146,0
DA:147,0
DA:148,0
DA:149,0
DA:150,0
DA:152,0
DA:153,0
DA:154,0
DA:155,0
DA:156,0
DA:157,0
DA:158,0
DA:159,0
DA:161,0
DA:162,0
DA:164,0
DA:165,11
DA:166,11
DA:167,11
DA:168,0
DA:169,0
DA:170,0
DA:171,0
DA:172,0
DA:173,0
DA:174,0
DA:175,0
DA:177,11
DA:179,16
DA:180,160
DA:181,144
DA:183,16
LF:121
LH:94
end_of_record
TN:
SF:/home/runner/work/SIPAI/SIPAI/libs/libsipai/src/TrainingDataFileReaderCSV.cpp
FN:12,_ZN5sipai25TrainingDataFileReaderCSV15getTrainingDataB5cxx11Ev
FNDA:4,_ZN5sipai25TrainingDataFileReaderCSV15getTrainingDataB5cxx11Ev
FNF:1
FNH:1
DA:12,4
DA:14,4
DA:15,4
DA:16,0
DA:21,4
DA:22,4
DA:23,0
DA:26,4
DA:27,4
DA:28,4
DA:29,4
DA:30,4
DA:31,48
DA:33,44
DA:34,4
DA:36,40
DA:37,40
DA:38,40
DA:39,0
DA:40,0
DA:42,40
DA:43,40
DA:44,40
DA:45,40
DA:46,40
DA:47,40
DA:48,0
DA:49,0
DA:50,0
DA:56,8
DA:57,4
LF:31
LH:24
end_of_record
TN:
SF:/home/runner/work/SIPAI/SIPAI/libs/libsipai/src/TrainingMonitoredVisitor.cpp
FN:11,_Z13signalHandleri
FN:20,_ZNK5sipai24TrainingMonitoredVisitor5visitERKSt6vectorISt4pairINSt7__cxx1112basic_stringIcSt11char_traitsIcESaIcEEES8_ESaIS9_EESD_
FN:58,_ZNK5sipai24TrainingMonitoredVisitor12trainOnEpochERKSt6vectorISt4pairINSt7__cxx1112basic_stringIcSt11char_traitsIcESaIcEEES8_ESaIS9_EE
FN:86,_ZNK5sipai24TrainingMonitoredVisitor23evaluateOnValidationSetERKSt6vectorISt4pairINSt7__cxx1112basic_stringIcSt11char_traitsIcESaIcEEES8_ESaIS9_EE
FN:110,_ZNK5sipai24TrainingMonitoredVisitor22shouldContinueTrainingEiiRKNS_9AppParamsE
FN:120,_ZNK5sipai24TrainingMonitoredVisitor19logTrainingProgressEiff
FNDA:0,_Z13signalHandleri
FNDA:3,_ZNK5sipai24TrainingMonitoredVisitor22shouldContinueTrainingEiiRKNS_9AppParamsE
FNDA:1,_ZNK5sipai24TrainingMonitoredVisitor5visitERKSt6vectorISt4pairINSt7__cxx1112basic_stringIcSt11char_traitsIcESaIcEEES8_ESaIS9_EESD_
FNDA:2,_ZNK5sipai24TrainingMonitoredVisitor19logTrainingProgressEiff
FNDA:2,_ZNK5sipai24TrainingMonitoredVisitor12trainOnEpochERKSt6vectorISt4pairINSt7__cxx1112basic_stringIcSt11char_traitsIcESaIcEEES8_ESaIS9_EE
FNDA:2,_ZNK5sipai24TrainingMonitoredVisitor23evaluateOnValidationSetERKSt6vectorISt4pairINSt7__cxx1112basic_stringIcSt11char_traitsIcESaIcEEES8_ESaIS9_EE
FNF:6
FNH:5
DA:11,0
DA:12,0
DA:13,0
DA:16,0
DA:18,0
DA:20,1
DA:23,1
DA:26,1
DA:28,1
DA:29,1
DA:30,1
DA:31,1
DA:33,6
DA:34,3
DA:35,2
DA:36,2
DA:38,2
DA:40,2
DA:41,1
DA:42,1
DA:44,1
DA:47,2
DA:50,1
DA:52,1
DA:53,0
DA:54,0
DA:55,0
DA:56,1
DA:58,2
DA:60,2
DA:61,2
DA:62,18
DA:69,16
DA:72,16
DA:75,16
DA:76,16
DA:77,16
DA:79,16
DA:80,16
DA:81,16
DA:82,2
DA:83,2
DA:86,2
DA:88,2
DA:89,2
DA:90,6
DA:97,4
DA:100,4
DA:103,4
DA:104,4
DA:105,4
DA:106,2
DA:107,2
DA:110,3
DA:112,3
DA:113,3
DA:114,3
DA:115,3
DA:117,3
DA:120,2
DA:123,2
DA:125,2
LF:62
LH:54
end_of_record
